INFO: setting queue size = 100
INFO: setting server port as: 2222
INFO: Waiting for incoming connection...
INFO: Worker thread 0 (TID = 0) started!
[#WORKER#] 2995220.212251 Worker Thread Alive!
T1 R0:2995220.212174,IMG_REGISTER,1,0,0,2995220.212248,0.000000,0.000000
T0 R1:2995220.285411,IMG_HORIZEDGES,1,0,0,2995220.285450,2995220.285494,2995220.304718
Q:[]
T0 R2:2995220.336363,IMG_SHARPEN,1,0,0,2995220.336398,2995220.336429,2995220.356264
Q:[]
T0 R3:2995220.343705,IMG_SHARPEN,1,0,0,2995220.356373,2995220.356378,2995220.376601
Q:[R4]
image saved
T0 R4:2995220.354554,IMG_RETRIEVE,1,0,0,2995220.356377,2995220.376614,2995220.376614
Q:[]
T1 R5:2995220.388968,IMG_REGISTER,1,0,0,2995220.389011,0.000000,0.000000
T0 R6:2995220.502087,IMG_BLUR,1,0,0,2995220.502123,2995220.502158,2995220.516034
Q:[]
T1 R7:2995220.544213,IMG_REGISTER,1,1,1,2995220.544247,0.000000,0.000000
T0 R8:2995220.556892,IMG_BLUR,1,2,2,2995220.556928,2995220.556963,2995220.572253
Q:[]
image saved
T0 R9:2995220.611250,IMG_RETRIEVE,1,1,1,2995220.611282,2995220.611319,2995220.611319
Q:[]
T0 R10:2995220.623298,IMG_HORIZEDGES,1,0,0,2995220.623333,2995220.623368,2995220.642652
Q:[]
T0 R11:2995220.631513,IMG_HORIZEDGES,1,2,2,2995220.642703,2995220.642708,2995220.662426
Q:[]
T0 R12:2995220.663129,IMG_ROT90CLKW,1,1,1,2995220.663162,2995220.663197,2995220.665235
Q:[]
T0 R13:2995220.687899,IMG_BLUR,1,0,0,2995220.687932,2995220.687968,2995220.702240
Q:[]
T0 R14:2995220.699438,IMG_HORIZEDGES,1,2,2,2995220.702290,2995220.702295,2995220.722422
Q:[]
T0 R15:2995220.748417,IMG_SHARPEN,1,2,2,2995220.748450,2995220.748487,2995220.768274
Q:[R16]
T0 R16:2995220.759526,IMG_BLUR,1,0,0,2995220.768295,2995220.768297,2995220.782659
Q:[]
T0 R17:2995220.843316,IMG_HORIZEDGES,1,1,1,2995220.843348,2995220.843383,2995220.862621
Q:[]
T0 R18:2995220.868205,IMG_ROT90CLKW,1,0,0,2995220.868242,2995220.868279,2995220.870374
Q:[]
T0 R19:2995220.904487,IMG_VERTEDGES,1,1,1,2995220.904520,2995220.904555,2995220.923977
Q:[]
T0 R20:2995220.906702,IMG_BLUR,1,0,0,2995220.924026,2995220.924031,2995220.937898
Q:[R21]
T0 R21:2995220.908877,IMG_HORIZEDGES,1,2,2,2995220.924030,2995220.937909,2995220.958667
Q:[]
T0 R22:2995220.986376,IMG_HORIZEDGES,1,0,0,2995220.986408,2995220.986446,2995221.005737
Q:[]
T1 R23:2995221.012247,IMG_REGISTER,1,0,0,2995221.012282,0.000000,0.000000
T0 R24:2995221.047782,IMG_BLUR,1,1,1,2995221.047817,2995221.047852,2995221.061771
Q:[]
T0 R25:2995221.049124,IMG_BLUR,1,2,2,2995221.061821,2995221.061826,2995221.076796
Q:[]
T0 R26:2995221.138156,IMG_BLUR,1,2,2,2995221.138189,2995221.138226,2995221.152568
Q:[]
T0 R27:2995221.182878,IMG_SHARPEN,1,0,0,2995221.182912,2995221.182947,2995221.202584
Q:[]
T0 R28:2995221.221693,IMG_VERTEDGES,1,0,0,2995221.221726,2995221.221761,2995221.241252
Q:[]
T0 R29:2995221.292393,IMG_BLUR,1,2,2,2995221.292426,2995221.292462,2995221.306803
Q:[]
T0 R30:2995221.301065,IMG_HORIZEDGES,1,0,0,2995221.306853,2995221.306858,2995221.326914
Q:[]
T1 R31:2995221.339750,IMG_REGISTER,1,1,1,2995221.339792,0.000000,0.000000
T0 R32:2995221.387438,IMG_VERTEDGES,1,1,1,2995221.387474,2995221.387509,2995221.406584
Q:[]
T1 R33:2995221.473331,IMG_REGISTER,1,1,1,2995221.473371,0.000000,0.000000
T0 R34:2995221.523720,IMG_SHARPEN,1,4,4,2995221.523753,2995221.523788,2995221.543768
Q:[]
T0 R35:2995221.531829,IMG_HORIZEDGES,1,5,5,2995221.543819,2995221.543824,2995221.563464
Q:[R36]
T0 R36:2995221.537156,IMG_SHARPEN,1,0,0,2995221.543822,2995221.563584,2995221.584478
Q:[R37]
T0 R37:2995221.556025,IMG_ROT90CLKW,1,1,1,2995221.563614,2995221.584491,2995221.587572
Q:[]
image saved
T0 R38:2995221.607420,IMG_RETRIEVE,1,1,1,2995221.607455,2995221.607490,2995221.607490
Q:[]
image saved
T0 R39:2995221.619443,IMG_RETRIEVE,1,4,4,2995221.619477,2995221.619512,2995221.619512
Q:[]
T0 R40:2995221.646546,IMG_HORIZEDGES,1,3,3,2995221.646581,2995221.646616,2995221.665963
Q:[]
T0 R41:2995221.725655,IMG_VERTEDGES,1,3,3,2995221.725687,2995221.725722,2995221.744951
Q:[]
T0 R42:2995221.748462,IMG_SHARPEN,1,5,5,2995221.748495,2995221.748538,2995221.768753
Q:[]
T0 R43:2995221.839581,IMG_HORIZEDGES,1,3,3,2995221.839613,2995221.839648,2995221.858566
Q:[]
T1 R45:2995221.894578,IMG_REGISTER,1,0,0,2995221.894624,0.000000,0.000000
T0 R44:2995221.885764,IMG_HORIZEDGES,1,3,3,2995221.885797,2995221.885832,2995221.905123
Q:[]
T0 R46:2995221.911739,IMG_VERTEDGES,1,5,5,2995221.911774,2995221.911810,2995221.931177
Q:[]
T0 R47:2995221.964329,IMG_SHARPEN,1,4,4,2995221.964362,2995221.964398,2995221.985124
Q:[]
T0 R48:2995221.966916,IMG_SHARPEN,1,4,4,2995221.985174,2995221.985179,2995222.007145
Q:[]
T0 R49:2995221.991492,IMG_SHARPEN,1,3,3,2995222.007189,2995222.007193,2995222.027426
Q:[]
T0 R50:2995222.044777,IMG_SHARPEN,1,2,2,2995222.044810,2995222.044846,2995222.064537
Q:[]
T1 R53:2995222.164894,IMG_REGISTER,1,1,1,2995222.164998,0.000000,0.000000
T0 R51:2995222.158902,IMG_VERTEDGES,1,4,4,2995222.158934,2995222.158969,2995222.179750
Q:[R52]
image saved
T0 R52:2995222.162177,IMG_RETRIEVE,1,5,5,2995222.164996,2995222.179767,2995222.179767
Q:[]
T0 R54:2995222.199218,IMG_BLUR,1,4,4,2995222.199252,2995222.199288,2995222.213979
Q:[]
T0 R55:2995222.246187,IMG_SHARPEN,1,1,1,2995222.246221,2995222.246256,2995222.265809
Q:[]
T0 R56:2995222.644682,IMG_HORIZEDGES,1,4,4,2995222.644715,2995222.644751,2995222.664173
Q:[]
T0 R57:2995222.649156,IMG_SHARPEN,1,3,3,2995222.664223,2995222.664228,2995222.684494
Q:[]
T1 R58:2995222.717304,IMG_REGISTER,1,1,1,2995222.717344,0.000000,0.000000
T0 R59:2995222.814749,IMG_ROT90CLKW,1,0,0,2995222.814782,2995222.814818,2995222.817652
Q:[]
T0 R60:2995222.820691,IMG_BLUR,1,2,2,2995222.820723,2995222.820759,2995222.835282
Q:[]
image saved
T0 R61:2995222.877798,IMG_RETRIEVE,1,5,5,2995222.877831,2995222.877866,2995222.877866
Q:[]
T0 R62:2995222.906674,IMG_HORIZEDGES,1,7,7,2995222.906708,2995222.906743,2995222.926069
Q:[]
T0 R63:2995222.910180,IMG_BLUR,1,8,8,2995222.926120,2995222.926125,2995222.941018
Q:[R64]
T0 R64:2995222.922276,IMG_ROT90CLKW,1,7,7,2995222.926124,2995222.941139,2995222.943555
Q:[]
T0 R65:2995222.992297,IMG_HORIZEDGES,1,3,3,2995222.992330,2995222.992367,2995223.011964
Q:[]
T0 R66:2995222.993503,IMG_VERTEDGES,1,0,0,2995223.012015,2995223.012020,2995223.031691
Q:[]
image saved
T0 R67:2995223.080015,IMG_RETRIEVE,1,7,7,2995223.080048,2995223.080083,2995223.080083
Q:[]
image saved
T0 R68:2995223.209490,IMG_RETRIEVE,1,2,2,2995223.209524,2995223.209559,2995223.209559
Q:[]
T1 R70:2995223.352498,IMG_REGISTER,1,0,0,2995223.352607,0.000000,0.000000
T0 R69:2995223.346504,IMG_BLUR,1,7,7,2995223.346538,2995223.346574,2995223.362118
Q:[]
T0 R71:2995223.368479,IMG_HORIZEDGES,1,7,7,2995223.368511,2995223.368547,2995223.388004
Q:[]
T1 R72:2995223.401578,IMG_REGISTER,1,1,1,2995223.401617,0.000000,0.000000
T0 R73:2995223.426250,IMG_ROT90CLKW,1,1,1,2995223.426284,2995223.426320,2995223.428422
Q:[]
T0 R74:2995223.428825,IMG_SHARPEN,1,9,9,2995223.428858,2995223.428893,2995223.448528
Q:[]
image saved
T0 R75:2995223.463931,IMG_RETRIEVE,1,2,2,2995223.463963,2995223.463999,2995223.463999
Q:[]
T0 R76:2995223.476512,IMG_ROT90CLKW,1,5,5,2995223.476548,2995223.476584,2995223.478677
Q:[]
T0 R77:2995223.480526,IMG_HORIZEDGES,1,10,10,2995223.480558,2995223.480594,2995223.499779
Q:[]
T0 R78:2995223.576801,IMG_HORIZEDGES,1,3,3,2995223.576834,2995223.576870,2995223.596762
Q:[]
image saved
T0 R79:2995223.639532,IMG_RETRIEVE,1,1,1,2995223.639564,2995223.639600,2995223.639601
Q:[]
T0 R80:2995223.653638,IMG_ROT90CLKW,1,0,0,2995223.653672,2995223.653707,2995223.655806
Q:[]
T0 R81:2995223.662525,IMG_HORIZEDGES,1,1,1,2995223.662557,2995223.662592,2995223.681760
Q:[]
T0 R82:2995223.684453,IMG_HORIZEDGES,1,7,7,2995223.684486,2995223.684523,2995223.705026
Q:[]
T0 R83:2995223.691177,IMG_VERTEDGES,1,3,3,2995223.705086,2995223.705093,2995223.724797
Q:[]
T0 R84:2995223.708993,IMG_ROT90CLKW,1,4,4,2995223.724842,2995223.724847,2995223.727229
Q:[]
T1 R85:2995223.742832,IMG_REGISTER,1,0,0,2995223.742871,0.000000,0.000000
T0 R86:2995223.785720,IMG_BLUR,1,6,6,2995223.785753,2995223.785788,2995223.799957
Q:[]
T0 R87:2995223.798994,IMG_VERTEDGES,1,8,8,2995223.800011,2995223.800016,2995223.819496
Q:[]
T0 R88:2995223.883570,IMG_BLUR,1,2,2,2995223.883602,2995223.883638,2995223.898250
Q:[R89]
T0 R89:2995223.893488,IMG_BLUR,1,6,6,2995223.898300,2995223.898308,2995223.912223
Q:[]
T0 R90:2995223.903549,IMG_BLUR,1,0,0,2995223.912265,2995223.912271,2995223.926419
Q:[R91]
T0 R91:2995223.906832,IMG_ROT90CLKW,1,3,3,2995223.912269,2995223.926431,2995223.928432
Q:[]
T0 R92:2995223.935489,IMG_SHARPEN,1,11,11,2995223.935522,2995223.935558,2995223.955441
Q:[R93]
T0 R93:2995223.946854,IMG_BLUR,1,9,9,2995223.946891,2995223.955565,2995223.970917
Q:[R94]
T0 R94:2995223.960190,IMG_VERTEDGES,1,2,2,2995223.960231,2995223.970932,2995223.990880
Q:[R95,R96]
T0 R95:2995223.960316,IMG_BLUR,1,7,7,2995223.970962,2995223.990890,2995224.005233
Q:[R96]
T0 R96:2995223.967268,IMG_HORIZEDGES,1,4,4,2995223.970964,2995224.005239,2995224.025301
Q:[]
image saved
T0 R97:2995224.051018,IMG_RETRIEVE,1,1,1,2995224.051051,2995224.051087,2995224.051087
Q:[]
T0 R98:2995224.063412,IMG_HORIZEDGES,1,7,7,2995224.063446,2995224.063481,2995224.082721
Q:[]
T0 R99:2995224.113033,IMG_SHARPEN,1,8,8,2995224.113067,2995224.113103,2995224.132838
Q:[]
T0 R100:2995224.179035,IMG_HORIZEDGES,1,8,8,2995224.179068,2995224.179103,2995224.198419
Q:[]
T0 R101:2995224.205511,IMG_BLUR,1,0,0,2995224.205545,2995224.205580,2995224.219556
Q:[]
T0 R102:2995224.285648,IMG_VERTEDGES,1,0,0,2995224.285681,2995224.285716,2995224.304617
Q:[]
T1 R103:2995224.314269,IMG_REGISTER,1,1,1,2995224.314306,0.000000,0.000000
T0 R104:2995224.392916,IMG_ROT90CLKW,1,11,11,2995224.392950,2995224.392985,2995224.395026
Q:[]
T0 R105:2995224.455925,IMG_HORIZEDGES,1,1,1,2995224.455957,2995224.455994,2995224.476171
Q:[]
T0 R106:2995224.462561,IMG_ROT90CLKW,1,7,7,2995224.476222,2995224.476227,2995224.477650
Q:[R107]
T0 R107:2995224.467554,IMG_VERTEDGES,1,8,8,2995224.476226,2995224.477662,2995224.496982
Q:[]
T0 R108:2995224.528256,IMG_VERTEDGES,1,10,10,2995224.528289,2995224.528324,2995224.547822
Q:[]
image saved
T0 R109:2995224.536626,IMG_RETRIEVE,1,4,4,2995224.547872,2995224.547877,2995224.547877
Q:[R110]
T0 R110:2995224.541587,IMG_BLUR,1,11,11,2995224.547875,2995224.548058,2995224.561920
Q:[]
T0 R111:2995224.631146,IMG_SHARPEN,1,3,3,2995224.631180,2995224.631216,2995224.651752
Q:[]
T0 R112:2995224.691584,IMG_ROT90CLKW,1,7,7,2995224.691616,2995224.691651,2995224.693785
Q:[]
T1 R113:2995224.705185,IMG_REGISTER,1,0,0,2995224.705224,0.000000,0.000000
T0 R114:2995224.748049,IMG_BLUR,1,7,7,2995224.748082,2995224.748118,2995224.762485
Q:[]
T0 R115:2995224.750565,IMG_BLUR,1,10,10,2995224.762536,2995224.762541,2995224.776880
Q:[]
T0 R116:2995224.765631,IMG_HORIZEDGES,1,4,4,2995224.776923,2995224.776928,2995224.797445
Q:[R117]
T0 R117:2995224.768819,IMG_SHARPEN,1,13,13,2995224.776927,2995224.797456,2995224.816903
Q:[R118]
T0 R118:2995224.798022,IMG_BLUR,1,9,9,2995224.798061,2995224.816913,2995224.830950
Q:[]
T0 R119:2995224.845846,IMG_BLUR,1,8,8,2995224.845882,2995224.845917,2995224.860260
Q:[]
T0 R120:2995224.917382,IMG_BLUR,1,2,2,2995224.917416,2995224.917451,2995224.931850
Q:[]
T0 R121:2995224.925153,IMG_VERTEDGES,1,3,3,2995224.931900,2995224.931905,2995224.951556
Q:[]
T0 R122:2995224.984208,IMG_VERTEDGES,1,4,4,2995224.984246,2995224.984284,2995225.005500
Q:[]
image saved
T0 R123:2995224.997364,IMG_RETRIEVE,1,4,4,2995225.005550,2995225.005555,2995225.005555
Q:[]
T0 R124:2995225.137013,IMG_BLUR,1,5,5,2995225.137057,2995225.137094,2995225.152403
Q:[]
T0 R125:2995225.141895,IMG_ROT90CLKW,1,0,0,2995225.152454,2995225.152459,2995225.155204
Q:[]
T0 R126:2995225.192869,IMG_BLUR,1,12,12,2995225.192903,2995225.192940,2995225.207805
Q:[]
T0 R127:2995225.196934,IMG_SHARPEN,1,9,9,2995225.207949,2995225.207955,2995225.227084
Q:[R128]
T0 R128:2995225.198617,IMG_SHARPEN,1,9,9,2995225.207953,2995225.227096,2995225.247292
Q:[R129]
T0 R129:2995225.239642,IMG_HORIZEDGES,1,9,9,2995225.239681,2995225.247302,2995225.266613
Q:[]
T0 R130:2995225.306441,IMG_HORIZEDGES,1,11,11,2995225.306474,2995225.306510,2995225.325444
Q:[]
image saved
T0 R131:2995225.322535,IMG_RETRIEVE,1,0,0,2995225.325494,2995225.325499,2995225.325499
Q:[]
T1 R133:2995225.379573,IMG_REGISTER,1,0,0,2995225.379627,0.000000,0.000000
T0 R132:2995225.377737,IMG_VERTEDGES,1,11,11,2995225.377773,2995225.377810,2995225.397416
Q:[]
T0 R134:2995225.431067,IMG_ROT90CLKW,1,3,3,2995225.431100,2995225.431136,2995225.433844
Q:[]
T0 R135:2995225.460762,IMG_ROT90CLKW,1,6,6,2995225.460794,2995225.460830,2995225.462872
Q:[]
T0 R136:2995225.490899,IMG_SHARPEN,1,8,8,2995225.490932,2995225.490968,2995225.510971
Q:[]
T0 R137:2995225.564094,IMG_ROT90CLKW,1,13,13,2995225.564127,2995225.564162,2995225.566201
Q:[]
T0 R138:2995225.595462,IMG_SHARPEN,1,9,9,2995225.595494,2995225.595530,2995225.615908
Q:[]
T1 R139:2995225.625693,IMG_REGISTER,1,0,0,2995225.625732,0.000000,0.000000
T0 R140:2995225.639696,IMG_HORIZEDGES,1,14,14,2995225.639729,2995225.639765,2995225.658387
Q:[]
T0 R141:2995225.645911,IMG_VERTEDGES,1,9,9,2995225.658438,2995225.658443,2995225.678736
Q:[]
image saved
T0 R142:2995225.704351,IMG_RETRIEVE,1,9,9,2995225.704385,2995225.704420,2995225.704420
Q:[]
T0 R143:2995225.774558,IMG_SHARPEN,1,13,13,2995225.774592,2995225.774628,2995225.794871
Q:[]
T0 R144:2995225.810441,IMG_HORIZEDGES,1,5,5,2995225.810474,2995225.810510,2995225.830785
Q:[]
T0 R145:2995225.860654,IMG_SHARPEN,1,7,7,2995225.860687,2995225.860722,2995225.880724
Q:[]
T0 R146:2995225.872938,IMG_BLUR,1,1,1,2995225.880776,2995225.880781,2995225.894974
Q:[]
image saved
T0 R147:2995225.904537,IMG_RETRIEVE,1,6,6,2995225.904554,2995225.904589,2995225.904589
Q:[]
T0 R148:2995225.955357,IMG_ROT90CLKW,1,0,0,2995225.955369,2995225.955405,2995225.957590
Q:[]
T0 R149:2995225.972458,IMG_HORIZEDGES,1,2,2,2995225.972492,2995225.972527,2995225.992943
Q:[]
T0 R150:2995225.981220,IMG_HORIZEDGES,1,6,6,2995225.992993,2995225.992998,2995226.011774
Q:[R151]
T0 R151:2995225.986825,IMG_ROT90CLKW,1,11,11,2995225.992997,2995226.011788,2995226.014727
Q:[R152]
T0 R152:2995226.002773,IMG_SHARPEN,1,2,2,2995226.011818,2995226.014736,2995226.036365
Q:[]
T0 R153:2995226.047347,IMG_SHARPEN,1,4,4,2995226.047381,2995226.047416,2995226.070371
Q:[]
T0 R154:2995226.074143,IMG_BLUR,1,10,10,2995226.074177,2995226.074213,2995226.089072
Q:[]
T0 R155:2995226.129472,IMG_SHARPEN,1,7,7,2995226.129504,2995226.129539,2995226.150714
Q:[]
T0 R156:2995226.164080,IMG_BLUR,1,12,12,2995226.164113,2995226.164148,2995226.179459
Q:[]
T0 R157:2995226.225995,IMG_BLUR,1,8,8,2995226.226027,2995226.226063,2995226.240579
Q:[]
T0 R158:2995226.250362,IMG_SHARPEN,1,4,4,2995226.250396,2995226.250431,2995226.273315
Q:[]
T0 R159:2995226.292664,IMG_SHARPEN,1,15,15,2995226.292703,2995226.292740,2995226.312598
Q:[]
T0 R160:2995226.298198,IMG_HORIZEDGES,1,4,4,2995226.312759,2995226.312764,2995226.333685
Q:[]
T0 R161:2995226.336783,IMG_HORIZEDGES,1,5,5,2995226.336815,2995226.336850,2995226.356670
Q:[]
T1 R163:2995226.377149,IMG_REGISTER,1,1,1,2995226.377173,0.000000,0.000000
T0 R162:2995226.376954,IMG_BLUR,1,4,4,2995226.376986,2995226.377039,2995226.391795
Q:[]
T1 R165:2995226.438989,IMG_REGISTER,1,1,1,2995226.439042,0.000000,0.000000
T0 R164:2995226.425066,IMG_VERTEDGES,1,14,14,2995226.425100,2995226.425134,2995226.444193
Q:[]
T0 R166:2995226.486671,IMG_SHARPEN,1,2,2,2995226.486704,2995226.486739,2995226.507692
Q:[]
T0 R167:2995226.493546,IMG_VERTEDGES,1,12,12,2995226.507744,2995226.507749,2995226.527186
Q:[]
T0 R168:2995226.552409,IMG_HORIZEDGES,1,5,5,2995226.552442,2995226.552478,2995226.572823
Q:[]
image saved
T0 R169:2995226.559484,IMG_RETRIEVE,1,6,6,2995226.572884,2995226.572888,2995226.572888
Q:[]
T0 R170:2995226.627219,IMG_SHARPEN,1,3,3,2995226.627253,2995226.627288,2995226.648066
Q:[]
T0 R171:2995226.717073,IMG_HORIZEDGES,1,6,6,2995226.717105,2995226.717140,2995226.736146
Q:[]
T0 R172:2995226.743801,IMG_HORIZEDGES,1,11,11,2995226.743811,2995226.743846,2995226.763455
Q:[]
T0 R173:2995226.770613,IMG_ROT90CLKW,1,9,9,2995226.770623,2995226.770658,2995226.772845
Q:[]
image saved
T0 R174:2995226.826709,IMG_RETRIEVE,1,4,4,2995226.826741,2995226.826776,2995226.826777
Q:[]
T1 R175:2995227.005386,IMG_REGISTER,1,0,0,2995227.005427,0.000000,0.000000
T0 R176:2995227.086168,IMG_VERTEDGES,1,13,13,2995227.086201,2995227.086239,2995227.105722
Q:[]
T0 R177:2995227.133650,IMG_BLUR,1,0,0,2995227.133683,2995227.133719,2995227.147615
Q:[R178]
T0 R178:2995227.143817,IMG_BLUR,1,12,12,2995227.147665,2995227.147669,2995227.162578
Q:[]
T0 R179:2995227.149908,IMG_ROT90CLKW,1,4,4,2995227.162623,2995227.162628,2995227.163987
Q:[]
image saved
T0 R180:2995227.218701,IMG_RETRIEVE,1,8,8,2995227.218734,2995227.218769,2995227.218769
Q:[]
image saved
T0 R181:2995227.250262,IMG_RETRIEVE,1,3,3,2995227.250297,2995227.250333,2995227.250333
Q:[]
T1 R183:2995227.277173,IMG_REGISTER,1,0,0,2995227.277225,0.000000,0.000000
T0 R182:2995227.276049,IMG_VERTEDGES,1,5,5,2995227.276083,2995227.276119,2995227.296794
Q:[]
T0 R184:2995227.348955,IMG_SHARPEN,1,14,14,2995227.348990,2995227.349043,2995227.368995
Q:[]
image saved
T0 R185:2995227.371393,IMG_RETRIEVE,1,0,0,2995227.371426,2995227.371461,2995227.371461
Q:[]
image saved
T0 R186:2995227.427527,IMG_RETRIEVE,1,8,8,2995227.427562,2995227.427597,2995227.427597
Q:[]
T0 R187:2995227.447591,IMG_HORIZEDGES,1,10,10,2995227.447626,2995227.447662,2995227.466858
Q:[]
T0 R188:2995227.457056,IMG_BLUR,1,17,17,2995227.466906,2995227.466910,2995227.481273
Q:[]
T1 R189:2995227.499205,IMG_REGISTER,1,1,1,2995227.499245,0.000000,0.000000
T1 R190:2995227.540319,IMG_REGISTER,1,1,1,2995227.540359,0.000000,0.000000
T0 R191:2995227.730006,IMG_VERTEDGES,1,3,3,2995227.730039,2995227.730074,2995227.750811
Q:[]
T0 R192:2995227.764137,IMG_HORIZEDGES,1,2,2,2995227.764179,2995227.764225,2995227.786164
Q:[]
T0 R193:2995227.772415,IMG_HORIZEDGES,1,19,19,2995227.786220,2995227.786225,2995227.805987
Q:[]
image saved
T0 R194:2995227.817057,IMG_RETRIEVE,1,18,18,2995227.817094,2995227.817139,2995227.817139
Q:[]
image saved
T0 R195:2995227.880434,IMG_RETRIEVE,1,17,17,2995227.880472,2995227.880507,2995227.880507
Q:[]
T1 R196:2995227.956896,IMG_REGISTER,1,1,1,2995227.956940,0.000000,0.000000
image saved
T0 R197:2995227.995035,IMG_RETRIEVE,1,5,5,2995227.995071,2995227.995107,2995227.995107
Q:[]
T0 R198:2995228.094781,IMG_SHARPEN,1,8,8,2995228.094816,2995228.094850,2995228.116166
Q:[]
T1 R199:2995228.208778,IMG_REGISTER,1,1,1,2995228.208817,0.000000,0.000000
T0 R200:2995228.271255,IMG_VERTEDGES,1,19,19,2995228.271266,2995228.271307,2995228.290697
Q:[]
image saved
T0 R201:2995228.281189,IMG_RETRIEVE,1,17,17,2995228.290721,2995228.290722,2995228.290722
Q:[]
T0 R202:2995228.303340,IMG_VERTEDGES,1,10,10,2995228.303377,2995228.303413,2995228.323289
Q:[]
image saved
T0 R203:2995228.330296,IMG_RETRIEVE,1,15,15,2995228.330329,2995228.330364,2995228.330364
Q:[]
image saved
T0 R204:2995228.351969,IMG_RETRIEVE,1,14,14,2995228.352008,2995228.352043,2995228.352043
Q:[]
T0 R205:2995228.434749,IMG_ROT90CLKW,1,17,17,2995228.434783,2995228.434818,2995228.436939
Q:[]
image saved
T0 R206:2995228.501613,IMG_RETRIEVE,1,5,5,2995228.501645,2995228.501679,2995228.501679
Q:[]
image saved
T0 R207:2995228.514239,IMG_RETRIEVE,1,19,19,2995228.514274,2995228.514308,2995228.514308
Q:[]
T0 R208:2995228.551870,IMG_VERTEDGES,1,13,13,2995228.551906,2995228.551941,2995228.572687
Q:[]
T1 R209:2995228.579310,IMG_REGISTER,1,0,0,2995228.579349,0.000000,0.000000
T0 R210:2995228.591546,IMG_BLUR,1,0,0,2995228.591581,2995228.591615,2995228.606004
Q:[]
T0 R211:2995228.677319,IMG_BLUR,1,16,16,2995228.677352,2995228.677388,2995228.692873
Q:[]
T0 R212:2995228.750079,IMG_SHARPEN,1,14,14,2995228.750112,2995228.750147,2995228.770446
Q:[]
T0 R213:2995228.769890,IMG_HORIZEDGES,1,13,13,2995228.770470,2995228.770475,2995228.790161
Q:[]
T0 R214:2995228.803856,IMG_VERTEDGES,1,21,21,2995228.803867,2995228.803902,2995228.823636
Q:[R215]
T0 R215:2995228.815414,IMG_SHARPEN,1,12,12,2995228.823660,2995228.823662,2995228.844283
Q:[]
T0 R216:2995228.891979,IMG_ROT90CLKW,1,10,10,2995228.892012,2995228.892047,2995228.894152
Q:[]
T0 R217:2995228.902610,IMG_VERTEDGES,1,1,1,2995228.902644,2995228.902679,2995228.922197
Q:[]
T0 R218:2995228.969532,IMG_ROT90CLKW,1,9,9,2995228.969567,2995228.969602,2995228.972911
Q:[]
T0 R219:2995229.055676,IMG_SHARPEN,1,24,24,2995229.055709,2995229.055744,2995229.075271
Q:[]
T0 R220:2995229.061778,IMG_ROT90CLKW,1,0,0,2995229.075324,2995229.075329,2995229.078659
Q:[R221]
T0 R221:2995229.068243,IMG_ROT90CLKW,1,18,18,2995229.075328,2995229.078672,2995229.080696
Q:[]
T0 R222:2995229.166112,IMG_BLUR,1,24,24,2995229.166146,2995229.166182,2995229.180616
Q:[]
T0 R223:2995229.170377,IMG_SHARPEN,1,5,5,2995229.180668,2995229.180673,2995229.202308
Q:[]
image saved
T0 R224:2995229.252636,IMG_RETRIEVE,1,0,0,2995229.252668,2995229.252705,2995229.252705
Q:[]
image saved
T0 R225:2995229.264905,IMG_RETRIEVE,1,14,14,2995229.264939,2995229.264974,2995229.264974
Q:[]
T0 R226:2995229.284036,IMG_ROT90CLKW,1,18,18,2995229.284070,2995229.284105,2995229.286995
Q:[]
T0 R227:2995229.365205,IMG_HORIZEDGES,1,22,22,2995229.365238,2995229.365273,2995229.384957
Q:[]
T0 R228:2995229.366390,IMG_ROT90CLKW,1,5,5,2995229.385011,2995229.385032,2995229.386488
Q:[]
T0 R229:2995229.413056,IMG_ROT90CLKW,1,1,1,2995229.413089,2995229.413124,2995229.416138
Q:[]
T0 R230:2995229.414271,IMG_SHARPEN,1,3,3,2995229.416194,2995229.416200,2995229.438139
Q:[]
T0 R231:2995229.450410,IMG_ROT90CLKW,1,14,14,2995229.450442,2995229.450477,2995229.452497
Q:[]
T0 R232:2995229.523792,IMG_SHARPEN,1,2,2,2995229.523824,2995229.523859,2995229.545063
Q:[]
T0 R233:2995229.525511,IMG_VERTEDGES,1,13,13,2995229.545115,2995229.545120,2995229.564899
Q:[]
T0 R234:2995229.565503,IMG_VERTEDGES,1,7,7,2995229.565537,2995229.565576,2995229.585534
Q:[]
image saved
T0 R235:2995229.578019,IMG_RETRIEVE,1,21,21,2995229.585585,2995229.585590,2995229.585590
Q:[]
T1 R237:2995229.635106,IMG_REGISTER,1,1,1,2995229.635163,0.000000,0.000000
T0 R236:2995229.633269,IMG_ROT90CLKW,1,16,16,2995229.633303,2995229.633339,2995229.635498
Q:[]
T0 R238:2995229.656516,IMG_ROT90CLKW,1,13,13,2995229.656548,2995229.656583,2995229.659457
Q:[]
T1 R241:2995229.670340,IMG_REGISTER,1,0,0,2995229.670396,0.000000,0.000000
T0 R239:2995229.658514,IMG_VERTEDGES,1,11,11,2995229.659508,2995229.659513,2995229.679170
Q:[R240]
T0 R240:2995229.660437,IMG_SHARPEN,1,11,11,2995229.670394,2995229.679178,2995229.699508
Q:[]
T0 R242:2995229.711296,IMG_BLUR,1,15,15,2995229.711337,2995229.711371,2995229.725278
Q:[]
T0 R243:2995229.798121,IMG_SHARPEN,1,13,13,2995229.798153,2995229.798190,2995229.818819
Q:[]
T0 R244:2995229.841696,IMG_ROT90CLKW,1,22,22,2995229.841728,2995229.841763,2995229.843884
Q:[]
T0 R245:2995229.875166,IMG_SHARPEN,1,24,24,2995229.875201,2995229.875237,2995229.894781
Q:[]
T0 R246:2995229.964543,IMG_HORIZEDGES,1,8,8,2995229.964577,2995229.964612,2995229.985909
Q:[]
T1 R247:2995229.989196,IMG_REGISTER,1,1,1,2995229.989236,0.000000,0.000000
T0 R248:2995230.039140,IMG_SHARPEN,1,18,18,2995230.039173,2995230.039208,2995230.058647
Q:[]
T0 R249:2995230.049591,IMG_BLUR,1,20,20,2995230.058697,2995230.058702,2995230.073460
Q:[R250]
T0 R250:2995230.057641,IMG_HORIZEDGES,1,24,24,2995230.058701,2995230.073472,2995230.092536
Q:[]
T0 R251:2995230.095999,IMG_VERTEDGES,1,22,22,2995230.096036,2995230.096071,2995230.115997
Q:[]
T0 R252:2995230.159784,IMG_SHARPEN,1,18,18,2995230.159819,2995230.159854,2995230.180068
Q:[]
T0 R253:2995230.196539,IMG_VERTEDGES,1,19,19,2995230.196571,2995230.196606,2995230.215563
Q:[]
image saved
T0 R254:2995230.206142,IMG_RETRIEVE,1,0,0,2995230.215615,2995230.215620,2995230.215620
Q:[]
T0 R255:2995230.230222,IMG_SHARPEN,1,10,10,2995230.230257,2995230.230291,2995230.250129
Q:[]
T0 R256:2995230.255469,IMG_SHARPEN,1,0,0,2995230.255504,2995230.255538,2995230.275458
Q:[]
image saved
T0 R257:2995230.299962,IMG_RETRIEVE,1,19,19,2995230.300005,2995230.300062,2995230.300062
Q:[]
T0 R258:2995230.312287,IMG_SHARPEN,1,22,22,2995230.312323,2995230.312358,2995230.332231
Q:[]
T0 R259:2995230.334561,IMG_BLUR,1,15,15,2995230.334595,2995230.334630,2995230.348506
Q:[]
T0 R260:2995230.391753,IMG_ROT90CLKW,1,20,20,2995230.391786,2995230.391820,2995230.395879
Q:[]
T0 R261:2995230.394473,IMG_SHARPEN,1,16,16,2995230.395929,2995230.395934,2995230.415876
Q:[]
T1 R264:2995230.492722,IMG_REGISTER,1,0,0,2995230.492781,0.000000,0.000000
T0 R262:2995230.480105,IMG_VERTEDGES,1,19,19,2995230.480137,2995230.480172,2995230.499714
Q:[R263]
T0 R263:2995230.489471,IMG_BLUR,1,24,24,2995230.492777,2995230.499725,2995230.514202
Q:[R265]
T0 R265:2995230.510455,IMG_BLUR,1,13,13,2995230.510493,2995230.514218,2995230.528275
Q:[]
T0 R266:2995230.560555,IMG_BLUR,1,12,12,2995230.560587,2995230.560622,2995230.575015
Q:[]
image saved
T0 R267:2995230.605011,IMG_RETRIEVE,1,0,0,2995230.605044,2995230.605082,2995230.605082
Q:[]
T0 R268:2995230.617212,IMG_HORIZEDGES,1,8,8,2995230.617246,2995230.617280,2995230.637420
Q:[]
T0 R269:2995230.620785,IMG_BLUR,1,8,8,2995230.637470,2995230.637476,2995230.651813
Q:[]
T0 R270:2995230.676099,IMG_HORIZEDGES,1,18,18,2995230.676133,2995230.676169,2995230.695548
Q:[]
T0 R271:2995230.686925,IMG_BLUR,1,12,12,2995230.695599,2995230.695605,2995230.710000
Q:[]
T1 R272:2995230.734618,IMG_REGISTER,1,1,1,2995230.734660,0.000000,0.000000
T0 R273:2995230.808810,IMG_ROT90CLKW,1,7,7,2995230.808844,2995230.808879,2995230.810297
Q:[]
T1 R274:2995230.829140,IMG_REGISTER,1,0,0,2995230.829179,0.000000,0.000000
T0 R275:2995230.853771,IMG_VERTEDGES,1,10,10,2995230.853804,2995230.853839,2995230.874502
Q:[R276]
T0 R276:2995230.856602,IMG_BLUR,1,3,3,2995230.874576,2995230.874579,2995230.889911
Q:[]
T0 R277:2995230.892552,IMG_ROT90CLKW,1,29,29,2995230.892587,2995230.892622,2995230.895268
Q:[]
T0 R278:2995230.921668,IMG_VERTEDGES,1,29,29,2995230.921702,2995230.921736,2995230.941162
Q:[]
T1 R279:2995230.946762,IMG_REGISTER,1,1,1,2995230.946800,0.000000,0.000000
T0 R280:2995231.007455,IMG_SHARPEN,1,2,2,2995231.007490,2995231.007524,2995231.028476
Q:[]
T0 R281:2995231.031576,IMG_VERTEDGES,1,9,9,2995231.031610,2995231.031644,2995231.051936
Q:[]
T1 R282:2995231.051683,IMG_REGISTER,1,1,1,2995231.051733,0.000000,0.000000
T0 R283:2995231.082667,IMG_BLUR,1,27,27,2995231.082703,2995231.082738,2995231.098820
Q:[R284]
T0 R284:2995231.087173,IMG_VERTEDGES,1,5,5,2995231.087210,2995231.098839,2995231.119754
Q:[]
T0 R285:2995231.137686,IMG_HORIZEDGES,1,22,22,2995231.137721,2995231.137755,2995231.158239
Q:[]
T1 R287:2995231.219656,IMG_REGISTER,1,0,0,2995231.219706,0.000000,0.000000
T0 R286:2995231.218041,IMG_HORIZEDGES,1,4,4,2995231.218073,2995231.218111,2995231.238750
Q:[]
image saved
T0 R288:2995231.318987,IMG_RETRIEVE,1,25,25,2995231.319036,2995231.319073,2995231.319073
Q:[]
T0 R289:2995231.349219,IMG_ROT90CLKW,1,33,33,2995231.349255,2995231.349291,2995231.351341
Q:[]
T0 R290:2995231.375068,IMG_SHARPEN,1,11,11,2995231.375106,2995231.375143,2995231.396613
Q:[]
T0 R291:2995231.403806,IMG_BLUR,1,11,11,2995231.403839,2995231.403873,2995231.417747
Q:[]
image saved
T0 R292:2995231.455712,IMG_RETRIEVE,1,33,33,2995231.455745,2995231.455781,2995231.455781
Q:[]
T1 R293:2995231.467917,IMG_REGISTER,1,0,0,2995231.467957,0.000000,0.000000
T0 R294:2995231.525338,IMG_HORIZEDGES,1,32,32,2995231.525371,2995231.525406,2995231.544966
Q:[]
T0 R295:2995231.584696,IMG_ROT90CLKW,1,21,21,2995231.584729,2995231.584765,2995231.587732
Q:[]
T0 R296:2995231.608898,IMG_VERTEDGES,1,3,3,2995231.608932,2995231.608967,2995231.628722
Q:[]
image saved
T0 R297:2995231.637725,IMG_RETRIEVE,1,17,17,2995231.637757,2995231.637792,2995231.637792
Q:[]
image saved
T0 R298:2995231.684742,IMG_RETRIEVE,1,31,31,2995231.684775,2995231.684810,2995231.684810
Q:[]
T0 R299:2995231.697385,IMG_SHARPEN,1,9,9,2995231.697420,2995231.697456,2995231.718601
Q:[]
T0 R300:2995231.759382,IMG_BLUR,1,32,32,2995231.759416,2995231.759451,2995231.773798
Q:[]
T0 R301:2995231.796014,IMG_VERTEDGES,1,13,13,2995231.796047,2995231.796082,2995231.815514
Q:[]
T0 R302:2995231.869122,IMG_VERTEDGES,1,31,31,2995231.869155,2995231.869189,2995231.889045
Q:[]
T0 R303:2995231.879631,IMG_ROT90CLKW,1,15,15,2995231.889096,2995231.889101,2995231.891448
Q:[]
T0 R304:2995231.915363,IMG_ROT90CLKW,1,28,28,2995231.915396,2995231.915431,2995231.917769
Q:[]
T0 R305:2995231.938937,IMG_BLUR,1,6,6,2995231.938969,2995231.939009,2995231.954447
Q:[]
T0 R306:2995231.944051,IMG_HORIZEDGES,1,15,15,2995231.954499,2995231.954504,2995231.973466
Q:[]
T1 R307:2995231.978529,IMG_REGISTER,1,1,1,2995231.978569,0.000000,0.000000
T0 R308:2995232.028087,IMG_VERTEDGES,1,0,0,2995232.028127,2995232.028165,2995232.048680
Q:[]
T1 R309:2995232.083981,IMG_REGISTER,1,1,1,2995232.084017,0.000000,0.000000
T1 R310:2995232.125707,IMG_REGISTER,1,1,1,2995232.125747,0.000000,0.000000
T0 R311:2995232.187361,IMG_BLUR,1,14,14,2995232.187395,2995232.187429,2995232.201915
Q:[]
T0 R312:2995232.258044,IMG_SHARPEN,1,14,14,2995232.258078,2995232.258113,2995232.278225
Q:[]
T0 R313:2995232.272914,IMG_BLUR,1,12,12,2995232.278276,2995232.278281,2995232.293547
Q:[]
T0 R314:2995232.307675,IMG_BLUR,1,4,4,2995232.307708,2995232.307743,2995232.322118
Q:[]
T0 R315:2995232.375544,IMG_VERTEDGES,1,7,7,2995232.375578,2995232.375613,2995232.395754
Q:[]
T1 R317:2995232.445410,IMG_REGISTER,1,0,0,2995232.445464,0.000000,0.000000
T0 R316:2995232.430175,IMG_VERTEDGES,1,29,29,2995232.430207,2995232.430244,2995232.450146
Q:[]
T0 R318:2995232.487866,IMG_ROT90CLKW,1,20,20,2995232.487899,2995232.487933,2995232.489880
Q:[]
T0 R319:2995232.506737,IMG_BLUR,1,2,2,2995232.506771,2995232.506806,2995232.521174
Q:[]
T0 R320:2995232.527321,IMG_HORIZEDGES,1,0,0,2995232.527354,2995232.527389,2995232.547115
Q:[]
T0 R321:2995232.535796,IMG_HORIZEDGES,1,31,31,2995232.547166,2995232.547171,2995232.566741
Q:[]
T0 R322:2995232.547743,IMG_VERTEDGES,1,35,35,2995232.566787,2995232.566792,2995232.585990
Q:[]
T0 R323:2995232.569552,IMG_HORIZEDGES,1,13,13,2995232.586034,2995232.586039,2995232.605996
Q:[]
T0 R324:2995232.634822,IMG_ROT90CLKW,1,28,28,2995232.634856,2995232.634892,2995232.638049
Q:[]
T0 R325:2995232.641629,IMG_SHARPEN,1,38,38,2995232.641662,2995232.641699,2995232.662219
Q:[]
T0 R326:2995232.652991,IMG_ROT90CLKW,1,14,14,2995232.662271,2995232.662277,2995232.666319
Q:[]
T0 R327:2995232.691768,IMG_SHARPEN,1,23,23,2995232.691801,2995232.691836,2995232.713137
Q:[]
T0 R328:2995232.798833,IMG_ROT90CLKW,1,5,5,2995232.798866,2995232.798900,2995232.801570
Q:[]
T1 R329:2995232.864677,IMG_REGISTER,1,1,1,2995232.864714,0.000000,0.000000
T0 R330:2995232.902266,IMG_VERTEDGES,1,5,5,2995232.902320,2995232.902355,2995232.923159
Q:[]
T0 R331:2995232.961052,IMG_ROT90CLKW,1,37,37,2995232.961085,2995232.961120,2995232.963224
Q:[]
image saved
T0 R332:2995232.978378,IMG_RETRIEVE,1,7,7,2995232.978411,2995232.978446,2995232.978446
Q:[]
T1 R334:2995233.005800,IMG_REGISTER,1,0,0,2995233.005851,0.000000,0.000000
T0 R333:2995232.991576,IMG_HORIZEDGES,1,13,13,2995232.991612,2995232.991649,2995233.012223
Q:[]
T0 R335:2995233.051534,IMG_ROT90CLKW,1,17,17,2995233.051569,2995233.051605,2995233.053013
Q:[]
T0 R336:2995233.077506,IMG_ROT90CLKW,1,27,27,2995233.077542,2995233.077576,2995233.079794
Q:[]
image saved
T0 R337:2995233.084602,IMG_RETRIEVE,1,3,3,2995233.084634,2995233.084669,2995233.084669
Q:[]
T0 R338:2995233.096845,IMG_BLUR,1,15,15,2995233.096879,2995233.096914,2995233.110810
Q:[]
T0 R339:2995233.111177,IMG_HORIZEDGES,1,26,26,2995233.111210,2995233.111246,2995233.131164
Q:[]
T0 R340:2995233.125211,IMG_VERTEDGES,1,16,16,2995233.131214,2995233.131219,2995233.151304
Q:[]
T1 R341:2995233.180458,IMG_REGISTER,1,1,1,2995233.180497,0.000000,0.000000
T1 R342:2995233.217151,IMG_REGISTER,1,1,1,2995233.217191,0.000000,0.000000
T0 R343:2995233.243954,IMG_VERTEDGES,1,19,19,2995233.243988,2995233.244023,2995233.264994
Q:[]
T1 R344:2995233.282265,IMG_REGISTER,1,0,0,2995233.282325,0.000000,0.000000
T0 R345:2995233.298913,IMG_VERTEDGES,1,7,7,2995233.298947,2995233.298982,2995233.319736
Q:[]
T0 R346:2995233.329496,IMG_BLUR,1,1,1,2995233.329528,2995233.329564,2995233.343771
Q:[]
T1 R347:2995233.397275,IMG_REGISTER,1,1,1,2995233.397314,0.000000,0.000000
T0 R348:2995233.421761,IMG_HORIZEDGES,1,22,22,2995233.421793,2995233.421829,2995233.442420
Q:[]
image saved
T0 R349:2995233.447099,IMG_RETRIEVE,1,31,31,2995233.447132,2995233.447167,2995233.447167
Q:[]
T1 R351:2995233.555202,IMG_REGISTER,1,0,0,2995233.555256,0.000000,0.000000
T0 R350:2995233.553377,IMG_BLUR,1,11,11,2995233.553413,2995233.553447,2995233.568100
Q:[]
T1 R353:2995233.577072,IMG_REGISTER,1,1,1,2995233.577121,0.000000,0.000000
T0 R352:2995233.568792,IMG_BLUR,1,24,24,2995233.568825,2995233.568859,2995233.583245
Q:[]
T0 R354:2995233.591818,IMG_SHARPEN,1,46,46,2995233.591856,2995233.591892,2995233.611905
Q:[]
T0 R355:2995233.612362,IMG_SHARPEN,1,2,2,2995233.612396,2995233.612431,2995233.633638
Q:[]
T0 R356:2995233.639987,IMG_BLUR,1,34,34,2995233.640020,2995233.640056,2995233.653948
Q:[]
T0 R357:2995233.677208,IMG_SHARPEN,1,5,5,2995233.677242,2995233.677277,2995233.698701
Q:[]
T1 R358:2995233.698702,IMG_REGISTER,1,0,0,2995233.698758,0.000000,0.000000
T0 R359:2995233.799373,IMG_HORIZEDGES,1,25,25,2995233.799406,2995233.799440,2995233.819886
Q:[]
image saved
T0 R360:2995233.876431,IMG_RETRIEVE,1,13,13,2995233.876465,2995233.876501,2995233.876501
Q:[]
T0 R361:2995233.961217,IMG_VERTEDGES,1,41,41,2995233.961253,2995233.961288,2995233.981436
Q:[]
image saved
T0 R362:2995234.018556,IMG_RETRIEVE,1,1,1,2995234.018590,2995234.018625,2995234.018625
Q:[]
image saved
T0 R363:2995234.030779,IMG_RETRIEVE,1,4,4,2995234.030815,2995234.030852,2995234.030852
Q:[]
T0 R364:2995234.063706,IMG_BLUR,1,41,41,2995234.063741,2995234.063777,2995234.080861
Q:[]
T0 R365:2995234.064953,IMG_BLUR,1,21,21,2995234.080911,2995234.080917,2995234.095372
Q:[]
image saved
T0 R366:2995234.133486,IMG_RETRIEVE,1,1,1,2995234.133521,2995234.133556,2995234.133556
Q:[]
T1 R367:2995234.170982,IMG_REGISTER,1,0,0,2995234.171023,0.000000,0.000000
T0 R368:2995234.216403,IMG_ROT90CLKW,1,4,4,2995234.216437,2995234.216472,2995234.218572
Q:[]
T1 R369:2995234.400805,IMG_REGISTER,1,1,1,2995234.400842,0.000000,0.000000
T0 R370:2995234.416326,IMG_VERTEDGES,1,31,31,2995234.416360,2995234.416394,2995234.435673
Q:[]
T0 R371:2995234.427796,IMG_ROT90CLKW,1,23,23,2995234.435724,2995234.435729,2995234.437969
Q:[]
image saved
T0 R372:2995234.443771,IMG_RETRIEVE,1,4,4,2995234.443805,2995234.443839,2995234.443839
Q:[]
T0 R373:2995234.517204,IMG_VERTEDGES,1,42,42,2995234.517238,2995234.517273,2995234.536478
Q:[]
T0 R374:2995234.523695,IMG_SHARPEN,1,19,19,2995234.536529,2995234.536534,2995234.557739
Q:[]
T0 R375:2995234.610209,IMG_SHARPEN,1,19,19,2995234.610247,2995234.610283,2995234.631766
Q:[]
image saved
T0 R376:2995234.620973,IMG_RETRIEVE,1,26,26,2995234.631816,2995234.631821,2995234.631821
Q:[]
T0 R377:2995234.679771,IMG_SHARPEN,1,33,33,2995234.679805,2995234.679840,2995234.699782
Q:[]
T0 R378:2995234.699869,IMG_VERTEDGES,1,6,6,2995234.699909,2995234.699914,2995234.718842
Q:[]
T1 R379:2995234.720491,IMG_REGISTER,1,0,0,2995234.720531,0.000000,0.000000
T0 R380:2995234.748355,IMG_BLUR,1,37,37,2995234.748389,2995234.748425,2995234.763651
Q:[]
T0 R381:2995234.755291,IMG_ROT90CLKW,1,3,3,2995234.763702,2995234.763708,2995234.765890
Q:[]
image saved
T0 R382:2995234.838416,IMG_RETRIEVE,1,8,8,2995234.838449,2995234.838484,2995234.838484
Q:[]
T1 R383:2995234.870280,IMG_REGISTER,1,0,0,2995234.870321,0.000000,0.000000
T0 R384:2995234.905096,IMG_ROT90CLKW,1,17,17,2995234.905131,2995234.905167,2995234.907278
Q:[]
image saved
T0 R385:2995234.940102,IMG_RETRIEVE,1,33,33,2995234.940135,2995234.940170,2995234.940170
Q:[]
T0 R386:2995234.964581,IMG_BLUR,1,1,1,2995234.964615,2995234.964651,2995234.978556
Q:[]
T0 R387:2995235.002085,IMG_HORIZEDGES,1,24,24,2995235.002125,2995235.002162,2995235.020923
Q:[]
T0 R388:2995235.053834,IMG_ROT90CLKW,1,33,33,2995235.053867,2995235.053902,2995235.057142
Q:[]
T0 R389:2995235.067389,IMG_SHARPEN,1,4,4,2995235.067421,2995235.067457,2995235.088987
Q:[]
image saved
T0 R390:2995235.076696,IMG_RETRIEVE,1,12,12,2995235.089040,2995235.089045,2995235.089045
Q:[]
T0 R391:2995235.101629,IMG_HORIZEDGES,1,1,1,2995235.101664,2995235.101700,2995235.121675
Q:[]
T0 R392:2995235.151779,IMG_SHARPEN,1,24,24,2995235.151812,2995235.151847,2995235.172041
Q:[]
T1 R394:2995235.181732,IMG_REGISTER,1,0,0,2995235.181788,0.000000,0.000000
T0 R393:2995235.157004,IMG_BLUR,1,43,43,2995235.172091,2995235.172096,2995235.186345
Q:[]
T0 R395:2995235.219508,IMG_HORIZEDGES,1,48,48,2995235.219545,2995235.219582,2995235.238652
Q:[R396]
T0 R396:2995235.228464,IMG_BLUR,1,34,34,2995235.228503,2995235.238672,2995235.253202
Q:[R397]
T0 R397:2995235.250065,IMG_VERTEDGES,1,40,40,2995235.250103,2995235.253213,2995235.272252
Q:[]
T0 R398:2995235.344548,IMG_VERTEDGES,1,40,40,2995235.344582,2995235.344617,2995235.363975
Q:[]
T0 R399:2995235.354879,IMG_BLUR,1,22,22,2995235.364025,2995235.364031,2995235.378978
Q:[]
T0 R400:2995235.374713,IMG_BLUR,1,48,48,2995235.379023,2995235.379029,2995235.392951
Q:[]
T1 R401:2995235.404155,IMG_REGISTER,1,1,1,2995235.404198,0.000000,0.000000
image saved
T0 R402:2995235.535327,IMG_RETRIEVE,1,41,41,2995235.535359,2995235.535394,2995235.535394
Q:[]
T0 R403:2995235.675276,IMG_VERTEDGES,1,51,51,2995235.675311,2995235.675346,2995235.694524
Q:[]
T1 R404:2995235.699441,IMG_REGISTER,1,0,0,2995235.699479,0.000000,0.000000
T0 R405:2995235.756036,IMG_VERTEDGES,1,49,49,2995235.756075,2995235.756111,2995235.776550
Q:[]
T0 R406:2995235.785300,IMG_BLUR,1,10,10,2995235.785333,2995235.785368,2995235.802458
Q:[]
T0 R407:2995235.798345,IMG_HORIZEDGES,1,38,38,2995235.802508,2995235.802513,2995235.822527
Q:[]
T0 R408:2995235.849926,IMG_ROT90CLKW,1,14,14,2995235.849959,2995235.849994,2995235.852061
Q:[]
T0 R409:2995235.868510,IMG_HORIZEDGES,1,49,49,2995235.868542,2995235.868578,2995235.889470
Q:[]
T0 R410:2995235.909242,IMG_HORIZEDGES,1,39,39,2995235.909275,2995235.909309,2995235.928881
Q:[]
T0 R411:2995235.909510,IMG_ROT90CLKW,1,46,46,2995235.928932,2995235.928937,2995235.931624
Q:[]
image saved
T0 R412:2995235.934168,IMG_RETRIEVE,1,40,40,2995235.934201,2995235.934237,2995235.934237
Q:[]
T0 R413:2995235.946472,IMG_HORIZEDGES,1,26,26,2995235.946506,2995235.946541,2995235.965419
Q:[]
T0 R414:2995235.973611,IMG_HORIZEDGES,1,37,37,2995235.973645,2995235.973680,2995235.993863
Q:[]
image saved
T0 R415:2995235.980787,IMG_RETRIEVE,1,3,3,2995235.993913,2995235.993918,2995235.993918
Q:[]
T0 R416:2995236.024099,IMG_SHARPEN,1,42,42,2995236.024135,2995236.024171,2995236.044270
Q:[]
T0 R417:2995236.061898,IMG_VERTEDGES,1,29,29,2995236.061932,2995236.061967,2995236.082068
Q:[]
T1 R418:2995236.104519,IMG_REGISTER,1,1,1,2995236.104559,0.000000,0.000000
T0 R419:2995236.151191,IMG_ROT90CLKW,1,24,24,2995236.151230,2995236.151266,2995236.153398
Q:[]
T1 R420:2995236.202354,IMG_REGISTER,1,0,0,2995236.202424,0.000000,0.000000
T0 R421:2995236.230259,IMG_BLUR,1,23,23,2995236.230297,2995236.230349,2995236.245198
Q:[]
T0 R422:2995236.294550,IMG_BLUR,1,35,35,2995236.294583,2995236.294618,2995236.309171
Q:[]
T0 R423:2995236.427488,IMG_VERTEDGES,1,7,7,2995236.427521,2995236.427557,2995236.448252
Q:[]
T1 R424:2995236.506652,IMG_REGISTER,1,0,0,2995236.506691,0.000000,0.000000
T1 R425:2995236.523885,IMG_REGISTER,1,1,1,2995236.523925,0.000000,0.000000
T0 R426:2995236.546205,IMG_SHARPEN,1,52,52,2995236.546240,2995236.546275,2995236.565725
Q:[]
T0 R427:2995236.567936,IMG_BLUR,1,48,48,2995236.567970,2995236.568009,2995236.581910
Q:[]
T0 R428:2995236.578301,IMG_ROT90CLKW,1,52,52,2995236.581960,2995236.581965,2995236.584015
Q:[]
T0 R429:2995236.606678,IMG_HORIZEDGES,1,3,3,2995236.606711,2995236.606746,2995236.626893
Q:[]
T0 R430:2995236.642964,IMG_HORIZEDGES,1,43,43,2995236.642996,2995236.643031,2995236.661602
Q:[]
T0 R431:2995236.785130,IMG_SHARPEN,1,7,7,2995236.785165,2995236.785201,2995236.807514
Q:[]
image saved
T0 R432:2995236.789691,IMG_RETRIEVE,1,36,36,2995236.807564,2995236.807569,2995236.807569
Q:[R433]
T0 R433:2995236.791771,IMG_HORIZEDGES,1,15,15,2995236.807567,2995236.807827,2995236.828406
Q:[]
image saved
T0 R434:2995236.840629,IMG_RETRIEVE,1,36,36,2995236.840670,2995236.840708,2995236.840708
Q:[]
image saved
T0 R435:2995236.889498,IMG_RETRIEVE,1,7,7,2995236.889534,2995236.889570,2995236.889570
Q:[]
T1 R436:2995236.943283,IMG_REGISTER,1,0,0,2995236.943325,0.000000,0.000000
T1 R437:2995236.974722,IMG_REGISTER,1,1,1,2995236.974762,0.000000,0.000000
T0 R438:2995236.987941,IMG_BLUR,1,18,18,2995236.987982,2995236.988018,2995237.003036
Q:[]
T0 R439:2995237.002284,IMG_ROT90CLKW,1,48,48,2995237.003102,2995237.003107,2995237.005536
Q:[]
T0 R440:2995237.059033,IMG_SHARPEN,1,1,1,2995237.059074,2995237.059111,2995237.079945
Q:[]
T0 R441:2995237.064275,IMG_HORIZEDGES,1,6,6,2995237.079996,2995237.080009,2995237.099569
Q:[R442]
image saved
T0 R442:2995237.078143,IMG_RETRIEVE,1,33,33,2995237.080000,2995237.099582,2995237.099582
Q:[]
T0 R443:2995237.164630,IMG_SHARPEN,1,6,6,2995237.164664,2995237.164701,2995237.184494
Q:[R444,R445]
T0 R444:2995237.166970,IMG_SHARPEN,1,11,11,2995237.184544,2995237.184550,2995237.204725
Q:[R445]
T0 R445:2995237.180029,IMG_VERTEDGES,1,22,22,2995237.184546,2995237.204738,2995237.225107
Q:[]
T0 R446:2995237.253110,IMG_ROT90CLKW,1,25,25,2995237.253143,2995237.253178,2995237.255576
Q:[]
T0 R447:2995237.275408,IMG_HORIZEDGES,1,41,41,2995237.275441,2995237.275477,2995237.295023
Q:[]
T0 R448:2995237.329082,IMG_HORIZEDGES,1,32,32,2995237.329115,2995237.329150,2995237.349184
Q:[]
image saved
T0 R449:2995237.355509,IMG_RETRIEVE,1,37,37,2995237.355541,2995237.355578,2995237.355578
Q:[]
T1 R451:2995237.373515,IMG_REGISTER,1,0,0,2995237.373568,0.000000,0.000000
T0 R450:2995237.371179,IMG_VERTEDGES,1,56,56,2995237.371214,2995237.371250,2995237.390667
Q:[R452]
T0 R452:2995237.385789,IMG_BLUR,1,21,21,2995237.385829,2995237.390690,2995237.408860
Q:[R453]
T0 R453:2995237.387383,IMG_VERTEDGES,1,37,37,2995237.390718,2995237.408873,2995237.429280
Q:[R454,R455]
T0 R454:2995237.393564,IMG_ROT90CLKW,1,4,4,2995237.408903,2995237.429307,2995237.431225
Q:[R455,R456]
T0 R455:2995237.404580,IMG_HORIZEDGES,1,32,32,2995237.408906,2995237.431236,2995237.450941
Q:[R456,R457]
T0 R456:2995237.430325,IMG_VERTEDGES,1,23,23,2995237.430364,2995237.450951,2995237.470899
Q:[R457]
T0 R457:2995237.438030,IMG_SHARPEN,1,11,11,2995237.438068,2995237.470906,2995237.491436
Q:[R458]
image saved
T0 R458:2995237.486297,IMG_RETRIEVE,1,29,29,2995237.486336,2995237.491442,2995237.491442
Q:[]
T0 R459:2995237.508174,IMG_BLUR,1,50,50,2995237.508210,2995237.508245,2995237.522454
Q:[]
T0 R460:2995237.595884,IMG_HORIZEDGES,1,55,55,2995237.595916,2995237.595951,2995237.616083
Q:[]
T0 R461:2995237.644704,IMG_ROT90CLKW,1,57,57,2995237.644738,2995237.644774,2995237.647689
Q:[]
image saved
T0 R462:2995237.796533,IMG_RETRIEVE,1,46,46,2995237.796567,2995237.796602,2995237.796602
Q:[]
T1 R464:2995237.839189,IMG_REGISTER,1,0,0,2995237.839244,0.000000,0.000000
T0 R463:2995237.838707,IMG_HORIZEDGES,1,42,42,2995237.838743,2995237.838778,2995237.859021
Q:[]
T0 R465:2995237.885608,IMG_ROT90CLKW,1,54,54,2995237.885642,2995237.885679,2995237.888031
Q:[]
T1 R468:2995237.904360,IMG_REGISTER,1,1,1,2995237.904416,0.000000,0.000000
T0 R466:2995237.901951,IMG_BLUR,1,44,44,2995237.901983,2995237.902018,2995237.917363
Q:[R467]
T0 R467:2995237.903118,IMG_ROT90CLKW,1,59,59,2995237.904414,2995237.917374,2995237.919951
Q:[]
T0 R469:2995237.935139,IMG_BLUR,1,20,20,2995237.935175,2995237.935210,2995237.950531
Q:[]
T0 R470:2995237.962753,IMG_BLUR,1,46,46,2995237.962787,2995237.962822,2995237.977221
Q:[R471]
image saved
T0 R471:2995237.972567,IMG_RETRIEVE,1,39,39,2995237.972606,2995237.977241,2995237.977241
Q:[]
T0 R472:2995238.007588,IMG_SHARPEN,1,44,44,2995238.007624,2995238.007660,2995238.027962
Q:[]
T1 R474:2995238.033682,IMG_REGISTER,1,1,1,2995238.033734,0.000000,0.000000
T0 R473:2995238.010718,IMG_HORIZEDGES,1,7,7,2995238.028013,2995238.028019,2995238.048207
Q:[]
T1 R475:2995238.141389,IMG_REGISTER,1,1,1,2995238.141430,0.000000,0.000000
T0 R476:2995238.199457,IMG_HORIZEDGES,1,38,38,2995238.199490,2995238.199526,2995238.219091
Q:[]
T0 R477:2995238.253892,IMG_SHARPEN,1,20,20,2995238.253924,2995238.253960,2995238.274432
Q:[]
image saved
T0 R478:2995238.284186,IMG_RETRIEVE,1,30,30,2995238.284219,2995238.284254,2995238.284254
Q:[]
T1 R479:2995238.371114,IMG_REGISTER,1,0,0,2995238.371162,0.000000,0.000000
T0 R480:2995238.396783,IMG_ROT90CLKW,1,1,1,2995238.396817,2995238.396853,2995238.399044
Q:[]
T0 R481:2995238.404778,IMG_BLUR,1,40,40,2995238.404812,2995238.404847,2995238.419826
Q:[]
T0 R482:2995238.436431,IMG_HORIZEDGES,1,8,8,2995238.436464,2995238.436499,2995238.457224
Q:[]
T0 R483:2995238.462774,IMG_SHARPEN,1,39,39,2995238.462809,2995238.462844,2995238.482501
Q:[]
T0 R484:2995238.464811,IMG_BLUR,1,65,65,2995238.482552,2995238.482557,2995238.497112
Q:[R485]
image saved
T0 R485:2995238.477720,IMG_RETRIEVE,1,46,46,2995238.482555,2995238.497124,2995238.497125
Q:[]
T0 R486:2995238.509666,IMG_ROT90CLKW,1,49,49,2995238.509700,2995238.509735,2995238.512783
Q:[]
T0 R487:2995238.531077,IMG_SHARPEN,1,52,52,2995238.531110,2995238.531146,2995238.551701
Q:[]
T0 R488:2995238.534932,IMG_BLUR,1,9,9,2995238.551751,2995238.551756,2995238.565974
Q:[R489]
T0 R489:2995238.546066,IMG_SHARPEN,1,62,62,2995238.551755,2995238.565986,2995238.585511
Q:[R490]
T0 R490:2995238.567831,IMG_ROT90CLKW,1,42,42,2995238.567870,2995238.585522,2995238.587609
Q:[]
T0 R491:2995238.600415,IMG_HORIZEDGES,1,60,60,2995238.600448,2995238.600483,2995238.619721
Q:[]
T0 R492:2995238.622570,IMG_VERTEDGES,1,21,21,2995238.622604,2995238.622638,2995238.642434
Q:[R493]
T0 R493:2995238.624434,IMG_ROT90CLKW,1,21,21,2995238.624472,2995238.642473,2995238.643841
Q:[R494]
image saved
T0 R494:2995238.626070,IMG_RETRIEVE,1,15,15,2995238.642485,2995238.643851,2995238.643851
Q:[]
T0 R495:2995238.656017,IMG_SHARPEN,1,14,14,2995238.656053,2995238.656087,2995238.677973
Q:[]
T1 R496:2995238.895483,IMG_REGISTER,1,0,0,2995238.895522,0.000000,0.000000
T0 R497:2995239.069501,IMG_ROT90CLKW,1,65,65,2995239.069537,2995239.069573,2995239.072241
Q:[]
T1 R498:2995239.092204,IMG_REGISTER,1,0,0,2995239.092243,0.000000,0.000000
T1 R499:2995239.129685,IMG_REGISTER,1,0,0,2995239.129725,0.000000,0.000000
T1 R500:2995239.168712,IMG_REGISTER,1,0,0,2995239.168751,0.000000,0.000000
T0 R501:2995239.184532,IMG_BLUR,1,14,14,2995239.184567,2995239.184603,2995239.198472
Q:[]
T0 R502:2995239.205743,IMG_ROT90CLKW,1,20,20,2995239.205776,2995239.205811,2995239.207918
Q:[]
T0 R503:2995239.215990,IMG_HORIZEDGES,1,50,50,2995239.216023,2995239.216059,2995239.234675
Q:[]
T0 R504:2995239.245767,IMG_HORIZEDGES,1,20,20,2995239.245800,2995239.245835,2995239.265086
Q:[]
image saved
T0 R505:2995239.343569,IMG_RETRIEVE,1,31,31,2995239.343601,2995239.343637,2995239.343637
Q:[]
T0 R506:2995239.356487,IMG_ROT90CLKW,1,57,57,2995239.356520,2995239.356556,2995239.359579
Q:[]
T1 R507:2995239.369733,IMG_REGISTER,1,1,1,2995239.369772,0.000000,0.000000
T0 R508:2995239.460735,IMG_SHARPEN,1,27,27,2995239.460769,2995239.460804,2995239.481064
Q:[]
T0 R509:2995239.492058,IMG_ROT90CLKW,1,36,36,2995239.492090,2995239.492125,2995239.494247
Q:[]
T0 R510:2995239.507048,IMG_HORIZEDGES,1,65,65,2995239.507081,2995239.507116,2995239.527304
Q:[]
T0 R511:2995239.530515,IMG_HORIZEDGES,1,45,45,2995239.530547,2995239.530585,2995239.549523
Q:[]
T0 R512:2995239.540197,IMG_ROT90CLKW,1,9,9,2995239.549572,2995239.549577,2995239.551634
Q:[R513]
T0 R513:2995239.548271,IMG_ROT90CLKW,1,16,16,2995239.549576,2995239.551646,2995239.554024
Q:[]
T0 R514:2995239.642521,IMG_VERTEDGES,1,17,17,2995239.642554,2995239.642589,2995239.662086
Q:[]
T0 R515:2995239.664869,IMG_HORIZEDGES,1,28,28,2995239.664902,2995239.664939,2995239.683878
Q:[]
T0 R516:2995239.671445,IMG_VERTEDGES,1,15,15,2995239.683930,2995239.683935,2995239.702650
Q:[]
image saved
T0 R517:2995239.704195,IMG_RETRIEVE,1,2,2,2995239.704227,2995239.704262,2995239.704262
Q:[]
T0 R518:2995239.717100,IMG_BLUR,1,48,48,2995239.717135,2995239.717170,2995239.731132
Q:[]
T0 R519:2995239.729861,IMG_HORIZEDGES,1,48,48,2995239.731182,2995239.731187,2995239.749750
Q:[]
T0 R520:2995239.834451,IMG_ROT90CLKW,1,19,19,2995239.834484,2995239.834518,2995239.836913
Q:[]
image saved
T0 R521:2995239.874338,IMG_RETRIEVE,1,4,4,2995239.874369,2995239.874405,2995239.874405
Q:[]
T0 R522:2995239.887006,IMG_ROT90CLKW,1,69,69,2995239.887042,2995239.887078,2995239.889117
Q:[]
T0 R523:2995239.948921,IMG_ROT90CLKW,1,30,30,2995239.948954,2995239.948989,2995239.951058
Q:[]
image saved
T0 R524:2995240.000724,IMG_RETRIEVE,1,51,51,2995240.000760,2995240.000798,2995240.000798
Q:[]
T0 R525:2995240.013954,IMG_ROT90CLKW,1,21,21,2995240.013988,2995240.014041,2995240.016823
Q:[]
T0 R526:2995240.017430,IMG_ROT90CLKW,1,62,62,2995240.017464,2995240.017499,2995240.019666
Q:[]
T1 R527:2995240.113434,IMG_REGISTER,1,0,0,2995240.113472,0.000000,0.000000
T0 R528:2995240.153522,IMG_SHARPEN,1,6,6,2995240.153555,2995240.153590,2995240.174240
Q:[]
T0 R529:2995240.175564,IMG_HORIZEDGES,1,51,51,2995240.175597,2995240.175631,2995240.194346
Q:[]
image saved
T0 R530:2995240.183537,IMG_RETRIEVE,1,47,47,2995240.194397,2995240.194402,2995240.194402
Q:[]
T0 R531:2995240.206852,IMG_SHARPEN,1,66,66,2995240.206887,2995240.206923,2995240.226602
Q:[]
T0 R532:2995240.296145,IMG_HORIZEDGES,1,29,29,2995240.296178,2995240.296212,2995240.316129
Q:[]
T0 R533:2995240.320022,IMG_HORIZEDGES,1,53,53,2995240.320054,2995240.320089,2995240.339985
Q:[]
T0 R534:2995240.333210,IMG_ROT90CLKW,1,3,3,2995240.340038,2995240.340043,2995240.343578
Q:[]
T0 R535:2995240.447809,IMG_VERTEDGES,1,51,51,2995240.447844,2995240.447879,2995240.467030
Q:[]
T0 R536:2995240.463843,IMG_VERTEDGES,1,72,72,2995240.467081,2995240.467086,2995240.486053
Q:[]
image saved
T0 R537:2995240.525878,IMG_RETRIEVE,1,6,6,2995240.525912,2995240.525947,2995240.525947
Q:[]
image saved
T0 R538:2995240.564266,IMG_RETRIEVE,1,51,51,2995240.564302,2995240.564337,2995240.564337
Q:[]
T0 R539:2995240.618993,IMG_SHARPEN,1,58,58,2995240.619027,2995240.619062,2995240.639925
Q:[]
T1 R541:2995240.679532,IMG_REGISTER,1,0,0,2995240.679584,0.000000,0.000000
T0 R540:2995240.676370,IMG_SHARPEN,1,43,43,2995240.676404,2995240.676440,2995240.696636
Q:[R542]
T1 R543:2995240.701245,IMG_REGISTER,1,0,0,2995240.701290,0.000000,0.000000
T0 R542:2995240.695421,IMG_VERTEDGES,1,6,6,2995240.695461,2995240.696656,2995240.715878
Q:[]
T0 R544:2995240.731550,IMG_ROT90CLKW,1,66,66,2995240.731586,2995240.731621,2995240.733639
Q:[]
T0 R545:2995240.797798,IMG_SHARPEN,1,40,40,2995240.797830,2995240.797865,2995240.817215
Q:[]
T0 R546:2995240.900608,IMG_HORIZEDGES,1,32,32,2995240.900640,2995240.900676,2995240.920499
Q:[]
T0 R547:2995240.971453,IMG_VERTEDGES,1,43,43,2995240.971485,2995240.971521,2995240.990859
Q:[]
T0 R548:2995240.981838,IMG_SHARPEN,1,55,55,2995240.990909,2995240.990915,2995241.011141
Q:[]
T0 R549:2995240.999854,IMG_VERTEDGES,1,13,13,2995241.011187,2995241.011193,2995241.031648
Q:[]
image saved
T0 R550:2995241.034676,IMG_RETRIEVE,1,19,19,2995241.034710,2995241.034746,2995241.034746
Q:[]
T1 R551:2995241.117347,IMG_REGISTER,1,0,0,2995241.117388,0.000000,0.000000
T0 R552:2995241.212906,IMG_ROT90CLKW,1,73,73,2995241.212940,2995241.212977,2995241.215030
Q:[]
T0 R553:2995241.270608,IMG_ROT90CLKW,1,72,72,2995241.270641,2995241.270676,2995241.273284
Q:[]
T0 R554:2995241.291795,IMG_SHARPEN,1,47,47,2995241.291827,2995241.291862,2995241.311261
Q:[]
T1 R556:2995241.344426,IMG_REGISTER,1,1,1,2995241.344481,0.000000,0.000000
T0 R555:2995241.326833,IMG_HORIZEDGES,1,63,63,2995241.326865,2995241.326900,2995241.346733
Q:[]
image saved
T0 R557:2995241.419313,IMG_RETRIEVE,1,3,3,2995241.419345,2995241.419380,2995241.419380
Q:[]
T0 R558:2995241.498889,IMG_VERTEDGES,1,20,20,2995241.498926,2995241.498960,2995241.519454
Q:[]
T0 R559:2995241.504895,IMG_BLUR,1,37,37,2995241.519506,2995241.519511,2995241.536071
Q:[R560]
T0 R560:2995241.508462,IMG_HORIZEDGES,1,43,43,2995241.519510,2995241.536084,2995241.555180
Q:[]
T0 R561:2995241.597592,IMG_HORIZEDGES,1,34,34,2995241.597625,2995241.597660,2995241.616583
Q:[]
T0 R562:2995241.721070,IMG_HORIZEDGES,1,34,34,2995241.721105,2995241.721141,2995241.739759
Q:[]
T0 R563:2995241.727137,IMG_VERTEDGES,1,14,14,2995241.739809,2995241.739814,2995241.759070
Q:[R564]
T0 R564:2995241.727606,IMG_BLUR,1,46,46,2995241.739813,2995241.759082,2995241.774024
Q:[]
T0 R565:2995241.789996,IMG_ROT90CLKW,1,44,44,2995241.790031,2995241.790065,2995241.792182
Q:[]
T1 R566:2995241.823185,IMG_REGISTER,1,0,0,2995241.823226,0.000000,0.000000
T0 R567:2995241.880781,IMG_HORIZEDGES,1,57,57,2995241.880815,2995241.880850,2995241.899540
Q:[]
image saved
T0 R568:2995241.882320,IMG_RETRIEVE,1,32,32,2995241.899591,2995241.899596,2995241.899596
Q:[R569,R570]
T0 R569:2995241.889910,IMG_BLUR,1,7,7,2995241.899594,2995241.899828,2995241.914250
Q:[R570,R571]
image saved
T0 R570:2995241.890948,IMG_RETRIEVE,1,0,0,2995241.899596,2995241.914261,2995241.914261
Q:[R571]
T0 R571:2995241.912179,IMG_BLUR,1,15,15,2995241.912220,2995241.914696,2995241.928644
Q:[R572]
T0 R572:2995241.926626,IMG_VERTEDGES,1,60,60,2995241.926666,2995241.928655,2995241.947811
Q:[]
T0 R573:2995241.987692,IMG_ROT90CLKW,1,43,43,2995241.987724,2995241.987760,2995241.989880
Q:[]
T1 R575:2995242.000656,IMG_REGISTER,1,1,1,2995242.000709,0.000000,0.000000
T0 R574:2995241.999362,IMG_VERTEDGES,1,8,8,2995241.999396,2995241.999431,2995242.020012
Q:[]
T0 R576:2995242.102182,IMG_ROT90CLKW,1,48,48,2995242.102215,2995242.102251,2995242.105099
Q:[]
T1 R577:2995242.189754,IMG_REGISTER,1,1,1,2995242.189794,0.000000,0.000000
T1 R578:2995242.281951,IMG_REGISTER,1,0,0,2995242.281990,0.000000,0.000000
image saved
T0 R579:2995242.298811,IMG_RETRIEVE,1,71,71,2995242.298844,2995242.298879,2995242.298879
Q:[]
T0 R580:2995242.311486,IMG_ROT90CLKW,1,52,52,2995242.311523,2995242.311558,2995242.314390
Q:[]
T0 R581:2995242.322051,IMG_ROT90CLKW,1,1,1,2995242.322084,2995242.322121,2995242.325104
Q:[]
image saved
T0 R582:2995242.365533,IMG_RETRIEVE,1,26,26,2995242.365567,2995242.365602,2995242.365602
Q:[]
T0 R583:2995242.379375,IMG_SHARPEN,1,13,13,2995242.379410,2995242.379445,2995242.400673
Q:[]
image saved
T0 R584:2995242.466910,IMG_RETRIEVE,1,11,11,2995242.466944,2995242.466979,2995242.466979
Q:[]
T0 R585:2995242.576484,IMG_SHARPEN,1,7,7,2995242.576520,2995242.576555,2995242.597612
Q:[]
T0 R586:2995242.579826,IMG_ROT90CLKW,1,31,31,2995242.597664,2995242.597669,2995242.599782
Q:[]
T0 R587:2995242.624134,IMG_VERTEDGES,1,64,64,2995242.624168,2995242.624204,2995242.643410
Q:[]
T0 R588:2995242.667898,IMG_VERTEDGES,1,55,55,2995242.667931,2995242.667966,2995242.687248
Q:[]
T0 R589:2995242.821961,IMG_HORIZEDGES,1,54,54,2995242.821994,2995242.822030,2995242.840686
Q:[]
T0 R590:2995242.859710,IMG_HORIZEDGES,1,66,66,2995242.859743,2995242.859777,2995242.878701
Q:[]
T0 R591:2995242.934843,IMG_ROT90CLKW,1,12,12,2995242.934875,2995242.934912,2995242.938030
Q:[]
image saved
T0 R592:2995242.963219,IMG_RETRIEVE,1,79,79,2995242.963253,2995242.963288,2995242.963288
Q:[]
T1 R593:2995243.001973,IMG_REGISTER,1,0,0,2995243.002015,0.000000,0.000000
T0 R594:2995243.030785,IMG_HORIZEDGES,1,41,41,2995243.030820,2995243.030855,2995243.050150
Q:[]
T0 R595:2995243.075150,IMG_VERTEDGES,1,51,51,2995243.075183,2995243.075219,2995243.094489
Q:[]
T0 R596:2995243.100320,IMG_HORIZEDGES,1,77,77,2995243.100353,2995243.100389,2995243.119394
Q:[]
T1 R598:2995243.123497,IMG_REGISTER,1,1,1,2995243.123551,0.000000,0.000000
T0 R597:2995243.118293,IMG_SHARPEN,1,61,61,2995243.119450,2995243.119455,2995243.138954
Q:[]
image saved
T0 R599:2995243.182926,IMG_RETRIEVE,1,75,75,2995243.182959,2995243.182996,2995243.182996
Q:[]
T0 R600:2995243.203576,IMG_BLUR,1,76,76,2995243.203612,2995243.203647,2995243.218599
Q:[]
T0 R601:2995243.214783,IMG_SHARPEN,1,62,62,2995243.218648,2995243.218654,2995243.239509
Q:[]
image saved
T0 R602:2995243.243429,IMG_RETRIEVE,1,74,74,2995243.243462,2995243.243496,2995243.243496
Q:[]
T0 R603:2995243.272285,IMG_VERTEDGES,1,28,28,2995243.272321,2995243.272356,2995243.291056
Q:[]
T0 R604:2995243.277054,IMG_ROT90CLKW,1,51,51,2995243.291108,2995243.291113,2995243.293164
Q:[]
T0 R605:2995243.302482,IMG_ROT90CLKW,1,13,13,2995243.302516,2995243.302551,2995243.304609
Q:[]
T0 R606:2995243.359410,IMG_ROT90CLKW,1,63,63,2995243.359446,2995243.359481,2995243.361646
Q:[]
T0 R607:2995243.443188,IMG_SHARPEN,1,4,4,2995243.443221,2995243.443257,2995243.465161
Q:[]
T1 R608:2995243.491066,IMG_REGISTER,1,1,1,2995243.491111,0.000000,0.000000
image saved
T0 R609:2995243.513252,IMG_RETRIEVE,1,11,11,2995243.513292,2995243.513346,2995243.513346
Q:[]
T0 R610:2995243.539912,IMG_VERTEDGES,1,34,34,2995243.539946,2995243.539981,2995243.558628
Q:[]
image saved
T0 R611:2995243.578805,IMG_RETRIEVE,1,70,70,2995243.578839,2995243.578874,2995243.578874
Q:[]
image saved
T0 R612:2995243.674684,IMG_RETRIEVE,1,62,62,2995243.674719,2995243.674755,2995243.674755
Q:[]
T1 R613:2995243.686899,IMG_REGISTER,1,1,1,2995243.686939,0.000000,0.000000
T0 R614:2995243.712304,IMG_ROT90CLKW,1,66,66,2995243.712339,2995243.712374,2995243.715306
Q:[]
T0 R615:2995243.755893,IMG_SHARPEN,1,15,15,2995243.755926,2995243.755961,2995243.775389
Q:[]
T0 R616:2995243.763511,IMG_VERTEDGES,1,75,75,2995243.775439,2995243.775444,2995243.794034
Q:[]
T1 R618:2995243.843789,IMG_REGISTER,1,0,0,2995243.843843,0.000000,0.000000
T0 R617:2995243.826682,IMG_VERTEDGES,1,45,45,2995243.826715,2995243.826750,2995243.846104
Q:[]
T0 R619:2995243.885179,IMG_ROT90CLKW,1,20,20,2995243.885188,2995243.885223,2995243.886640
Q:[]
T0 R620:2995243.902541,IMG_SHARPEN,1,14,14,2995243.902574,2995243.902609,2995243.923645
Q:[]
T0 R621:2995243.927483,IMG_ROT90CLKW,1,43,43,2995243.927516,2995243.927551,2995243.930607
Q:[]
T0 R622:2995243.990179,IMG_BLUR,1,81,81,2995243.990211,2995243.990247,2995244.004641
Q:[]
T0 R623:2995244.084700,IMG_HORIZEDGES,1,84,84,2995244.084735,2995244.084771,2995244.104360
Q:[]
T0 R624:2995244.107507,IMG_HORIZEDGES,1,68,68,2995244.107539,2995244.107573,2995244.126713
Q:[]
T0 R625:2995244.189042,IMG_SHARPEN,1,62,62,2995244.189074,2995244.189110,2995244.210367
Q:[]
T0 R626:2995244.278108,IMG_ROT90CLKW,1,19,19,2995244.278140,2995244.278176,2995244.280971
Q:[]
T0 R627:2995244.280817,IMG_HORIZEDGES,1,52,52,2995244.281021,2995244.281025,2995244.300406
Q:[]
T1 R628:2995244.329990,IMG_REGISTER,1,1,1,2995244.330029,0.000000,0.000000
T0 R629:2995244.347617,IMG_BLUR,1,55,55,2995244.347651,2995244.347686,2995244.362651
Q:[]
image saved
T0 R630:2995244.496040,IMG_RETRIEVE,1,68,68,2995244.496073,2995244.496108,2995244.496108
Q:[]
T0 R631:2995244.539954,IMG_HORIZEDGES,1,41,41,2995244.539989,2995244.540025,2995244.559308
Q:[]
T0 R632:2995244.577120,IMG_BLUR,1,64,64,2995244.577153,2995244.577188,2995244.591589
Q:[]
T0 R633:2995244.593315,IMG_SHARPEN,1,83,83,2995244.593350,2995244.593388,2995244.613407
Q:[]
image saved
T0 R634:2995244.613180,IMG_RETRIEVE,1,24,24,2995244.613460,2995244.613465,2995244.613465
Q:[]
T0 R635:2995244.822789,IMG_SHARPEN,1,32,32,2995244.822824,2995244.822861,2995244.843679
Q:[]
T0 R636:2995244.850617,IMG_ROT90CLKW,1,62,62,2995244.850650,2995244.850686,2995244.853512
Q:[]
T0 R637:2995244.968692,IMG_ROT90CLKW,1,20,20,2995244.968726,2995244.968761,2995244.970864
Q:[]
T0 R638:2995244.973430,IMG_HORIZEDGES,1,49,49,2995244.973463,2995244.973498,2995244.992726
Q:[]
T0 R639:2995245.029178,IMG_VERTEDGES,1,13,13,2995245.029213,2995245.029249,2995245.049251
Q:[]
image saved
T0 R640:2995245.039599,IMG_RETRIEVE,1,46,46,2995245.049303,2995245.049308,2995245.049308
Q:[R641]
T0 R641:2995245.041360,IMG_SHARPEN,1,70,70,2995245.049307,2995245.049553,2995245.069266
Q:[]
T0 R642:2995245.104567,IMG_SHARPEN,1,21,21,2995245.104603,2995245.104638,2995245.124290
Q:[]
T0 R643:2995245.135742,IMG_SHARPEN,1,84,84,2995245.135775,2995245.135810,2995245.155465
Q:[]
T0 R644:2995245.151066,IMG_VERTEDGES,1,10,10,2995245.155514,2995245.155520,2995245.175550
Q:[]
T0 R645:2995245.171816,IMG_ROT90CLKW,1,23,23,2995245.175595,2995245.175601,2995245.176997
Q:[]
T1 R646:2995245.204220,IMG_REGISTER,1,0,0,2995245.204260,0.000000,0.000000
T0 R647:2995245.217469,IMG_VERTEDGES,1,40,40,2995245.217503,2995245.217539,2995245.236858
Q:[]
T1 R648:2995245.247256,IMG_REGISTER,1,0,0,2995245.247295,0.000000,0.000000
T1 R649:2995245.294071,IMG_REGISTER,1,1,1,2995245.294111,0.000000,0.000000
T0 R650:2995245.363763,IMG_VERTEDGES,1,12,12,2995245.363796,2995245.363831,2995245.383016
Q:[]
T0 R651:2995245.387395,IMG_HORIZEDGES,1,76,76,2995245.387427,2995245.387462,2995245.407039
Q:[]
T0 R652:2995245.396282,IMG_HORIZEDGES,1,74,74,2995245.407094,2995245.407100,2995245.425771
Q:[]
T0 R653:2995245.459280,IMG_BLUR,1,4,4,2995245.459316,2995245.459351,2995245.474316
Q:[]
image saved
T0 R654:2995245.470889,IMG_RETRIEVE,1,26,26,2995245.474367,2995245.474373,2995245.474373
Q:[R655]
T1 R656:2995245.486561,IMG_REGISTER,1,1,1,2995245.486608,0.000000,0.000000
T0 R655:2995245.473116,IMG_VERTEDGES,1,62,62,2995245.474371,2995245.474613,2995245.494348
Q:[]
T0 R657:2995245.508632,IMG_SHARPEN,1,47,47,2995245.508668,2995245.508704,2995245.528888
Q:[]
T1 R658:2995245.546641,IMG_REGISTER,1,0,0,2995245.546682,0.000000,0.000000
T0 R659:2995245.562719,IMG_BLUR,1,43,43,2995245.562756,2995245.562790,2995245.576711
Q:[]
T0 R660:2995245.608415,IMG_SHARPEN,1,37,37,2995245.608450,2995245.608486,2995245.628754
Q:[]
T0 R661:2995245.633496,IMG_ROT90CLKW,1,18,18,2995245.633529,2995245.633565,2995245.635628
Q:[]
image saved
T0 R662:2995245.641191,IMG_RETRIEVE,1,79,79,2995245.641224,2995245.641260,2995245.641260
Q:[]
T0 R663:2995245.661131,IMG_VERTEDGES,1,6,6,2995245.661172,2995245.661208,2995245.681508
Q:[]
T1 R664:2995245.695702,IMG_REGISTER,1,1,1,2995245.695740,0.000000,0.000000
T1 R665:2995245.716897,IMG_REGISTER,1,1,1,2995245.716936,0.000000,0.000000
T0 R666:2995245.737779,IMG_HORIZEDGES,1,11,11,2995245.737813,2995245.737847,2995245.757941
Q:[]
T0 R667:2995245.744925,IMG_BLUR,1,92,92,2995245.757991,2995245.757996,2995245.772343
Q:[R668,R669]
T0 R668:2995245.747927,IMG_ROT90CLKW,1,92,92,2995245.757995,2995245.772356,2995245.774431
Q:[R669]
T0 R669:2995245.749535,IMG_VERTEDGES,1,14,14,2995245.757996,2995245.774438,2995245.794376
Q:[]
T0 R670:2995245.822502,IMG_VERTEDGES,1,42,42,2995245.822534,2995245.822571,2995245.843069
Q:[]
T0 R671:2995245.892385,IMG_SHARPEN,1,5,5,2995245.892417,2995245.892453,2995245.914328
Q:[]
T0 R672:2995245.894659,IMG_BLUR,1,7,7,2995245.914380,2995245.914386,2995245.929049
Q:[R673,R674]
image saved
T0 R673:2995245.906745,IMG_RETRIEVE,1,78,78,2995245.914384,2995245.929065,2995245.929065
Q:[R674]
image saved
T0 R674:2995245.914151,IMG_RETRIEVE,1,50,50,2995245.914385,2995245.929341,2995245.929341
Q:[R675]
T0 R675:2995245.918402,IMG_SHARPEN,1,4,4,2995245.929341,2995245.929550,2995245.951783
Q:[]
T1 R676:2995245.954283,IMG_REGISTER,1,0,0,2995245.954327,0.000000,0.000000
T0 R677:2995245.967508,IMG_SHARPEN,1,37,37,2995245.967543,2995245.967577,2995245.988193
Q:[]
T0 R678:2995246.010692,IMG_BLUR,1,6,6,2995246.010726,2995246.010761,2995246.025224
Q:[]
T0 R679:2995246.016216,IMG_SHARPEN,1,70,70,2995246.025279,2995246.025284,2995246.046303
Q:[]
image saved
T0 R680:2995246.147148,IMG_RETRIEVE,1,51,51,2995246.147182,2995246.147218,2995246.147219
Q:[]
T0 R681:2995246.159466,IMG_ROT90CLKW,1,75,75,2995246.159501,2995246.159535,2995246.161594
Q:[]
T1 R682:2995246.215898,IMG_REGISTER,1,1,1,2995246.215937,0.000000,0.000000
T0 R683:2995246.255686,IMG_VERTEDGES,1,72,72,2995246.255719,2995246.255754,2995246.275085
Q:[]
image saved
T0 R684:2995246.260339,IMG_RETRIEVE,1,16,16,2995246.275135,2995246.275141,2995246.275141
Q:[]
T0 R685:2995246.314567,IMG_BLUR,1,94,94,2995246.314602,2995246.314638,2995246.331270
Q:[]
T0 R686:2995246.349575,IMG_SHARPEN,1,77,77,2995246.349610,2995246.349645,2995246.369693
Q:[]
T1 R687:2995246.395019,IMG_REGISTER,1,0,0,2995246.395059,0.000000,0.000000
T0 R688:2995246.420401,IMG_HORIZEDGES,1,20,20,2995246.420441,2995246.420478,2995246.440739
Q:[]
T0 R689:2995246.424464,IMG_ROT90CLKW,1,9,9,2995246.440789,2995246.440794,2995246.443941
Q:[R690]
T0 R690:2995246.431786,IMG_VERTEDGES,1,89,89,2995246.440793,2995246.443954,2995246.463179
Q:[R691]
T0 R691:2995246.445272,IMG_BLUR,1,48,48,2995246.445310,2995246.463192,2995246.477503
Q:[R692]
T1 R694:2995246.485748,IMG_REGISTER,1,0,0,2995246.485799,0.000000,0.000000
T0 R692:2995246.446984,IMG_SHARPEN,1,84,84,2995246.463222,2995246.477515,2995246.498156
Q:[R693]
image saved
T0 R693:2995246.473967,IMG_RETRIEVE,1,84,84,2995246.477547,2995246.498164,2995246.498164
Q:[]
T0 R695:2995246.583306,IMG_BLUR,1,10,10,2995246.583342,2995246.583377,2995246.597764
Q:[]
T0 R696:2995246.620688,IMG_HORIZEDGES,1,76,76,2995246.620721,2995246.620756,2995246.639956
Q:[]
T0 R697:2995246.671685,IMG_BLUR,1,5,5,2995246.671717,2995246.671752,2995246.686562
Q:[]
T1 R698:2995246.691278,IMG_REGISTER,1,0,0,2995246.691318,0.000000,0.000000
T1 R699:2995246.748146,IMG_REGISTER,1,0,0,2995246.748191,0.000000,0.000000
T0 R700:2995246.803074,IMG_VERTEDGES,1,39,39,2995246.803106,2995246.803142,2995246.822388
Q:[]
T0 R701:2995246.814160,IMG_VERTEDGES,1,75,75,2995246.822436,2995246.822441,2995246.841531
Q:[]
T0 R702:2995246.825530,IMG_ROT90CLKW,1,26,26,2995246.841578,2995246.841583,2995246.843614
Q:[]
T1 R703:2995246.881048,IMG_REGISTER,1,0,0,2995246.881088,0.000000,0.000000
T0 R704:2995246.898168,IMG_SHARPEN,1,75,75,2995246.898202,2995246.898237,2995246.918446
Q:[]
T0 R705:2995246.922159,IMG_ROT90CLKW,1,40,40,2995246.922168,2995246.922203,2995246.924267
Q:[]
T1 R708:2995246.931295,IMG_REGISTER,1,0,0,2995246.931348,0.000000,0.000000
T0 R706:2995246.922576,IMG_BLUR,1,46,46,2995246.924318,2995246.924323,2995246.938896
Q:[R707]
T0 R707:2995246.929158,IMG_VERTEDGES,1,75,75,2995246.931346,2995246.938918,2995246.958799
Q:[]
image saved
T0 R709:2995246.959595,IMG_RETRIEVE,1,35,35,2995246.959632,2995246.959667,2995246.959667
Q:[]
T1 R710:2995246.972468,IMG_REGISTER,1,0,0,2995246.972510,0.000000,0.000000
T0 R711:2995247.038141,IMG_HORIZEDGES,1,54,54,2995247.038180,2995247.038218,2995247.057338
Q:[]
T1 R712:2995247.116731,IMG_REGISTER,1,1,1,2995247.116768,0.000000,0.000000
T0 R713:2995247.147571,IMG_VERTEDGES,1,11,11,2995247.147604,2995247.147639,2995247.167177
Q:[]
T1 R714:2995247.245195,IMG_REGISTER,1,1,1,2995247.245234,0.000000,0.000000
T0 R715:2995247.286196,IMG_VERTEDGES,1,48,48,2995247.286206,2995247.286241,2995247.304811
Q:[]
T0 R716:2995247.291146,IMG_VERTEDGES,1,104,104,2995247.304861,2995247.304866,2995247.324071
Q:[R717]
T0 R717:2995247.301530,IMG_BLUR,1,24,24,2995247.304865,2995247.324083,2995247.337975
Q:[]
T0 R718:2995247.343284,IMG_SHARPEN,1,31,31,2995247.343318,2995247.343354,2995247.364141
Q:[]
T1 R719:2995247.399839,IMG_REGISTER,1,0,0,2995247.399879,0.000000,0.000000
T0 R720:2995247.450451,IMG_VERTEDGES,1,25,25,2995247.450485,2995247.450520,2995247.470293
Q:[]
image saved
T0 R721:2995247.475618,IMG_RETRIEVE,1,73,73,2995247.475650,2995247.475685,2995247.475685
Q:[]
T1 R722:2995247.512639,IMG_REGISTER,1,1,1,2995247.512680,0.000000,0.000000
T0 R723:2995247.530496,IMG_ROT90CLKW,1,74,74,2995247.530532,2995247.530567,2995247.532730
Q:[]
image saved
T0 R724:2995247.557679,IMG_RETRIEVE,1,60,60,2995247.557711,2995247.557745,2995247.557746
Q:[]
T0 R725:2995247.570416,IMG_SHARPEN,1,41,41,2995247.570451,2995247.570486,2995247.591208
Q:[]
image saved
T0 R726:2995247.641549,IMG_RETRIEVE,1,91,91,2995247.641582,2995247.641617,2995247.641617
Q:[]
T0 R727:2995247.659010,IMG_SHARPEN,1,69,69,2995247.659044,2995247.659080,2995247.678514
Q:[]
T0 R728:2995247.683334,IMG_HORIZEDGES,1,80,80,2995247.683367,2995247.683402,2995247.702983
Q:[]
T0 R729:2995247.718961,IMG_HORIZEDGES,1,36,36,2995247.718995,2995247.719032,2995247.738289
Q:[]
T0 R730:2995247.746852,IMG_HORIZEDGES,1,47,47,2995247.746886,2995247.746921,2995247.766304
Q:[]
T0 R731:2995247.870107,IMG_HORIZEDGES,1,25,25,2995247.870140,2995247.870175,2995247.889785
Q:[]
T0 R732:2995247.876107,IMG_HORIZEDGES,1,72,72,2995247.889835,2995247.889841,2995247.908740
Q:[]
T0 R733:2995247.894495,IMG_SHARPEN,1,103,103,2995247.908784,2995247.908789,2995247.928812
Q:[]
T0 R734:2995247.922171,IMG_SHARPEN,1,10,10,2995247.928856,2995247.928861,2995247.949969
Q:[]
T1 R735:2995247.966727,IMG_REGISTER,1,1,1,2995247.966766,0.000000,0.000000
T0 R736:2995247.999045,IMG_ROT90CLKW,1,2,2,2995247.999080,2995247.999114,2995248.001222
Q:[]
T0 R737:2995248.043262,IMG_SHARPEN,1,8,8,2995248.043297,2995248.043332,2995248.065718
Q:[]
image saved
T0 R738:2995248.089482,IMG_RETRIEVE,1,34,34,2995248.089514,2995248.089549,2995248.089549
Q:[]
image saved
T0 R739:2995248.117247,IMG_RETRIEVE,1,92,92,2995248.117282,2995248.117317,2995248.117317
Q:[]
T1 R741:2995248.147384,IMG_REGISTER,1,1,1,2995248.147438,0.000000,0.000000
T0 R740:2995248.145181,IMG_HORIZEDGES,1,27,27,2995248.145217,2995248.145251,2995248.164663
Q:[]
T0 R742:2995248.224312,IMG_ROT90CLKW,1,18,18,2995248.224345,2995248.224380,2995248.227266
Q:[]
T0 R743:2995248.288201,IMG_BLUR,1,25,25,2995248.288233,2995248.288270,2995248.303553
Q:[]
T0 R744:2995248.310153,IMG_VERTEDGES,1,89,89,2995248.310186,2995248.310221,2995248.329466
Q:[]
T0 R745:2995248.349422,IMG_ROT90CLKW,1,46,46,2995248.349457,2995248.349492,2995248.350903
Q:[]
T0 R746:2995248.351593,IMG_ROT90CLKW,1,84,84,2995248.351625,2995248.351661,2995248.353872
Q:[]
T0 R747:2995248.395592,IMG_BLUR,1,102,102,2995248.395624,2995248.395659,2995248.409834
Q:[]
T0 R748:2995248.511720,IMG_ROT90CLKW,1,93,93,2995248.511754,2995248.511789,2995248.513896
Q:[]
T0 R749:2995248.533951,IMG_BLUR,1,69,69,2995248.533984,2995248.534019,2995248.548580
Q:[]
T0 R750:2995248.537523,IMG_BLUR,1,41,41,2995248.548632,2995248.548637,2995248.563029
Q:[]
T0 R751:2995248.560856,IMG_HORIZEDGES,1,11,11,2995248.563074,2995248.563079,2995248.582865
Q:[]
T0 R752:2995248.569236,IMG_VERTEDGES,1,107,107,2995248.582909,2995248.582914,2995248.602673
Q:[]
T0 R753:2995248.657221,IMG_VERTEDGES,1,82,82,2995248.657253,2995248.657288,2995248.677044
Q:[]
T0 R754:2995248.708311,IMG_ROT90CLKW,1,93,93,2995248.708344,2995248.708381,2995248.710310
Q:[]
T0 R755:2995248.722468,IMG_HORIZEDGES,1,72,72,2995248.722501,2995248.722536,2995248.741787
Q:[]
T0 R756:2995248.771561,IMG_VERTEDGES,1,41,41,2995248.771595,2995248.771630,2995248.793198
Q:[]
image saved
T0 R757:2995248.865231,IMG_RETRIEVE,1,69,69,2995248.865269,2995248.865306,2995248.865306
Q:[]
T0 R758:2995248.877619,IMG_VERTEDGES,1,89,89,2995248.877653,2995248.877688,2995248.897656
Q:[]
image saved
T0 R759:2995248.887306,IMG_RETRIEVE,1,75,75,2995248.897709,2995248.897715,2995248.897715
Q:[]
T0 R760:2995248.915410,IMG_ROT90CLKW,1,32,32,2995248.915444,2995248.915479,2995248.917859
Q:[]
T1 R761:2995248.965949,IMG_REGISTER,1,1,1,2995248.965989,0.000000,0.000000
image saved
T0 R762:2995249.043436,IMG_RETRIEVE,1,29,29,2995249.043470,2995249.043506,2995249.043506
Q:[]
T0 R763:2995249.162697,IMG_VERTEDGES,1,40,40,2995249.162732,2995249.162767,2995249.182553
Q:[]
T0 R764:2995249.188697,IMG_SHARPEN,1,6,6,2995249.188729,2995249.188764,2995249.209626
Q:[]
T0 R765:2995249.193420,IMG_VERTEDGES,1,23,23,2995249.209677,2995249.209682,2995249.229388
Q:[]
T0 R766:2995249.215275,IMG_HORIZEDGES,1,56,56,2995249.229433,2995249.229438,2995249.248435
Q:[R767]
T0 R767:2995249.216805,IMG_BLUR,1,94,94,2995249.229437,2995249.248451,2995249.262873
Q:[R768]
image saved
T0 R768:2995249.244043,IMG_RETRIEVE,1,22,22,2995249.248481,2995249.262884,2995249.262884
Q:[]
T0 R769:2995249.293235,IMG_ROT90CLKW,1,78,78,2995249.293274,2995249.293309,2995249.295721
Q:[]
T0 R770:2995249.302800,IMG_ROT90CLKW,1,4,4,2995249.302833,2995249.302868,2995249.305282
Q:[]
T0 R771:2995249.330114,IMG_VERTEDGES,1,107,107,2995249.330148,2995249.330184,2995249.349781
Q:[]
T0 R772:2995249.378399,IMG_SHARPEN,1,0,0,2995249.378432,2995249.378468,2995249.399392
Q:[]
image saved
T0 R773:2995249.421310,IMG_RETRIEVE,1,67,67,2995249.421343,2995249.421379,2995249.421379
Q:[]
image saved
T0 R774:2995249.433824,IMG_RETRIEVE,1,59,59,2995249.433859,2995249.433894,2995249.433894
Q:[]
T0 R775:2995249.528341,IMG_HORIZEDGES,1,5,5,2995249.528376,2995249.528411,2995249.549349
Q:[]
image saved
T0 R776:2995249.543984,IMG_RETRIEVE,1,74,74,2995249.549402,2995249.549408,2995249.549408
Q:[]
image saved
T0 R777:2995249.579052,IMG_RETRIEVE,1,16,16,2995249.579087,2995249.579122,2995249.579122
Q:[]
T0 R778:2995249.602375,IMG_SHARPEN,1,5,5,2995249.602411,2995249.602446,2995249.624072
Q:[]
T0 R779:2995249.679436,IMG_HORIZEDGES,1,93,93,2995249.679469,2995249.679504,2995249.699341
Q:[]
T0 R780:2995249.692822,IMG_VERTEDGES,1,7,7,2995249.699392,2995249.699397,2995249.720312
Q:[]
T1 R784:2995249.776472,IMG_REGISTER,1,0,0,2995249.776534,0.000000,0.000000
T0 R781:2995249.767606,IMG_VERTEDGES,1,20,20,2995249.767640,2995249.767676,2995249.787624
Q:[R782,R783]
T0 R782:2995249.770904,IMG_SHARPEN,1,19,19,2995249.776531,2995249.787636,2995249.809111
Q:[R783,R785]
image saved
T0 R783:2995249.776456,IMG_RETRIEVE,1,50,50,2995249.776533,2995249.809128,2995249.809128
Q:[R785]
T0 R785:2995249.806329,IMG_BLUR,1,45,45,2995249.806367,2995249.809572,2995249.823773
Q:[]
image saved
T0 R786:2995249.853312,IMG_RETRIEVE,1,97,97,2995249.853347,2995249.853384,2995249.853384
Q:[]
T0 R787:2995249.903880,IMG_SHARPEN,1,46,46,2995249.903915,2995249.903950,2995249.924312
Q:[]
T0 R788:2995249.922841,IMG_VERTEDGES,1,101,101,2995249.924364,2995249.924370,2995249.943324
Q:[]
T0 R789:2995250.047075,IMG_VERTEDGES,1,53,53,2995250.047108,2995250.047144,2995250.066661
Q:[]
image saved
T0 R790:2995250.082980,IMG_RETRIEVE,1,43,43,2995250.083014,2995250.083051,2995250.083052
Q:[]
T0 R791:2995250.095452,IMG_ROT90CLKW,1,23,23,2995250.095486,2995250.095521,2995250.097650
Q:[]
T0 R792:2995250.188754,IMG_BLUR,1,27,27,2995250.188787,2995250.188823,2995250.205715
Q:[]
image saved
T0 R793:2995250.195191,IMG_RETRIEVE,1,62,62,2995250.205767,2995250.205772,2995250.205772
Q:[]
T0 R794:2995250.239440,IMG_VERTEDGES,1,81,81,2995250.239475,2995250.239510,2995250.259203
Q:[]
T0 R795:2995250.245203,IMG_BLUR,1,11,11,2995250.259257,2995250.259262,2995250.274251
Q:[]
T0 R796:2995250.274029,IMG_VERTEDGES,1,39,39,2995250.274306,2995250.274326,2995250.294179
Q:[]
T0 R797:2995250.295597,IMG_BLUR,1,11,11,2995250.295631,2995250.295666,2995250.309545
Q:[]
T1 R798:2995250.371056,IMG_REGISTER,1,0,0,2995250.371094,0.000000,0.000000
T0 R799:2995250.399493,IMG_HORIZEDGES,1,35,35,2995250.399525,2995250.399562,2995250.420115
Q:[]
T0 R800:2995250.445434,IMG_VERTEDGES,1,20,20,2995250.445467,2995250.445502,2995250.465801
Q:[]
T0 R801:2995250.452912,IMG_HORIZEDGES,1,98,98,2995250.465852,2995250.465857,2995250.484804
Q:[R802]
T0 R802:2995250.465480,IMG_VERTEDGES,1,16,16,2995250.465856,2995250.484817,2995250.504113
Q:[]
T0 R803:2995250.529307,IMG_SHARPEN,1,6,6,2995250.529340,2995250.529376,2995250.550488
Q:[]
T0 R804:2995250.555223,IMG_ROT90CLKW,1,81,81,2995250.555258,2995250.555292,2995250.557343
Q:[]
T0 R805:2995250.591763,IMG_VERTEDGES,1,74,74,2995250.591796,2995250.591831,2995250.610945
Q:[]
T0 R806:2995250.597987,IMG_HORIZEDGES,1,2,2,2995250.610996,2995250.611004,2995250.631981
Q:[]
image saved
T0 R807:2995250.616610,IMG_RETRIEVE,1,72,72,2995250.632027,2995250.632032,2995250.632032
Q:[R808]
image saved
T0 R808:2995250.619753,IMG_RETRIEVE,1,23,23,2995250.632031,2995250.632507,2995250.632507
Q:[]
T0 R809:2995250.656898,IMG_HORIZEDGES,1,68,68,2995250.656933,2995250.656968,2995250.676066
Q:[]
T0 R810:2995250.658145,IMG_SHARPEN,1,2,2,2995250.676118,2995250.676123,2995250.697319
Q:[]
T0 R811:2995250.684964,IMG_ROT90CLKW,1,63,63,2995250.697362,2995250.697367,2995250.699197
Q:[R812]
T0 R812:2995250.688538,IMG_SHARPEN,1,93,93,2995250.697366,2995250.699208,2995250.718836
Q:[]
T0 R813:2995250.738619,IMG_HORIZEDGES,1,33,33,2995250.738655,2995250.738690,2995250.758340
Q:[]
image saved
T0 R814:2995250.782683,IMG_RETRIEVE,1,42,42,2995250.782716,2995250.782751,2995250.782751
Q:[]
T1 R815:2995250.899406,IMG_REGISTER,1,1,1,2995250.899449,0.000000,0.000000
T1 R816:2995250.990302,IMG_REGISTER,1,1,1,2995250.990341,0.000000,0.000000
T0 R817:2995251.014055,IMG_HORIZEDGES,1,81,81,2995251.014088,2995251.014122,2995251.033149
Q:[]
T0 R818:2995251.100768,IMG_ROT90CLKW,1,106,106,2995251.100800,2995251.100835,2995251.103277
Q:[]
image saved
T0 R819:2995251.109201,IMG_RETRIEVE,1,79,79,2995251.109233,2995251.109268,2995251.109268
Q:[]
T0 R820:2995251.123281,IMG_HORIZEDGES,1,18,18,2995251.123317,2995251.123352,2995251.142702
Q:[]
T0 R821:2995251.141169,IMG_HORIZEDGES,1,4,4,2995251.142753,2995251.142758,2995251.163763
Q:[R822]
T0 R822:2995251.141922,IMG_ROT90CLKW,1,3,3,2995251.142757,2995251.163776,2995251.166091
Q:[]
T0 R823:2995251.229279,IMG_ROT90CLKW,1,22,22,2995251.229312,2995251.229348,2995251.231334
Q:[]
T0 R824:2995251.241438,IMG_ROT90CLKW,1,27,27,2995251.241471,2995251.241506,2995251.242925
Q:[]
T0 R825:2995251.315645,IMG_SHARPEN,1,32,32,2995251.315677,2995251.315712,2995251.336790
Q:[]
T0 R826:2995251.377863,IMG_SHARPEN,1,55,55,2995251.377896,2995251.377930,2995251.398262
Q:[]
T0 R827:2995251.423314,IMG_BLUR,1,4,4,2995251.423346,2995251.423381,2995251.437714
Q:[]
T0 R828:2995251.425560,IMG_VERTEDGES,1,97,97,2995251.437765,2995251.437770,2995251.456365
Q:[]
T0 R829:2995251.466133,IMG_SHARPEN,1,41,41,2995251.466166,2995251.466201,2995251.487282
Q:[]
T0 R830:2995251.468089,IMG_SHARPEN,1,76,76,2995251.487334,2995251.487340,2995251.508187
Q:[]
T0 R831:2995251.536577,IMG_SHARPEN,1,48,48,2995251.536609,2995251.536644,2995251.556283
Q:[]
T0 R832:2995251.550926,IMG_ROT90CLKW,1,0,0,2995251.556334,2995251.556340,2995251.558398
Q:[]
T1 R834:2995251.608442,IMG_REGISTER,1,1,1,2995251.608495,0.000000,0.000000
T0 R833:2995251.605336,IMG_BLUR,1,58,58,2995251.605369,2995251.605405,2995251.620225
Q:[]
T0 R835:2995251.665859,IMG_BLUR,1,16,16,2995251.665892,2995251.665928,2995251.680299
Q:[]
T0 R836:2995251.684790,IMG_HORIZEDGES,1,37,37,2995251.684823,2995251.684858,2995251.704638
Q:[]
T0 R837:2995251.698108,IMG_HORIZEDGES,1,35,35,2995251.704688,2995251.704693,2995251.724010
Q:[]
T0 R838:2995251.763488,IMG_SHARPEN,1,49,49,2995251.763520,2995251.763556,2995251.783761
Q:[]
T0 R839:2995251.767500,IMG_HORIZEDGES,1,108,108,2995251.783812,2995251.783817,2995251.803328
Q:[]
T0 R840:2995251.813743,IMG_BLUR,1,93,93,2995251.813776,2995251.813811,2995251.828762
Q:[]
T0 R841:2995251.868530,IMG_SHARPEN,1,19,19,2995251.868562,2995251.868600,2995251.889287
Q:[]
T0 R842:2995251.928665,IMG_VERTEDGES,1,36,36,2995251.928697,2995251.928733,2995251.948816
Q:[]
T0 R843:2995252.021263,IMG_ROT90CLKW,1,15,15,2995252.021295,2995252.021330,2995252.024534
Q:[]
T0 R844:2995252.095322,IMG_HORIZEDGES,1,84,84,2995252.095354,2995252.095390,2995252.115218
Q:[]
T0 R845:2995252.114047,IMG_HORIZEDGES,1,65,65,2995252.115268,2995252.115274,2995252.135423
Q:[]
T0 R846:2995252.138674,IMG_HORIZEDGES,1,36,36,2995252.138708,2995252.138743,2995252.157978
Q:[]
T0 R847:2995252.141292,IMG_ROT90CLKW,1,28,28,2995252.158028,2995252.158033,2995252.160381
Q:[R848]
image saved
T0 R848:2995252.157608,IMG_RETRIEVE,1,24,24,2995252.158032,2995252.160394,2995252.160394
Q:[]
T0 R849:2995252.173702,IMG_HORIZEDGES,1,50,50,2995252.173738,2995252.173772,2995252.192436
Q:[]
T0 R850:2995252.184966,IMG_SHARPEN,1,77,77,2995252.192488,2995252.192493,2995252.214295
Q:[]
T0 R851:2995252.195219,IMG_HORIZEDGES,1,1,1,2995252.214339,2995252.214345,2995252.234576
Q:[]
T0 R852:2995252.239184,IMG_SHARPEN,1,39,39,2995252.239219,2995252.239253,2995252.260373
Q:[]
image saved
T0 R853:2995252.280720,IMG_RETRIEVE,1,31,31,2995252.280753,2995252.280787,2995252.280787
Q:[]
T0 R854:2995252.293620,IMG_SHARPEN,1,72,72,2995252.293656,2995252.293691,2995252.313776
Q:[]
T0 R855:2995252.305276,IMG_SHARPEN,1,28,28,2995252.313828,2995252.313833,2995252.333408
Q:[R856]
image saved
T0 R856:2995252.308618,IMG_RETRIEVE,1,39,39,2995252.313832,2995252.333422,2995252.333422
Q:[]
image saved
T0 R857:2995252.324441,IMG_RETRIEVE,1,56,56,2995252.333633,2995252.333639,2995252.333639
Q:[]
T1 R858:2995252.397048,IMG_REGISTER,1,1,1,2995252.397089,0.000000,0.000000
T0 R859:2995252.447777,IMG_SHARPEN,1,63,63,2995252.447810,2995252.447846,2995252.467504
Q:[]
T0 R860:2995252.469742,IMG_BLUR,1,85,85,2995252.469775,2995252.469809,2995252.484020
Q:[]
T0 R861:2995252.483107,IMG_VERTEDGES,1,12,12,2995252.484070,2995252.484075,2995252.503969
Q:[]
image saved
T0 R862:2995252.486693,IMG_RETRIEVE,1,75,75,2995252.504033,2995252.504039,2995252.504039
Q:[R863,R864]
T0 R863:2995252.492011,IMG_HORIZEDGES,1,88,88,2995252.504036,2995252.504291,2995252.523342
Q:[R864]
T0 R864:2995252.502553,IMG_HORIZEDGES,1,60,60,2995252.504038,2995252.523351,2995252.543829
Q:[R865]
T0 R865:2995252.530066,IMG_SHARPEN,1,4,4,2995252.530108,2995252.543840,2995252.565409
Q:[]
T1 R867:2995252.590315,IMG_REGISTER,1,0,0,2995252.590354,0.000000,0.000000
T0 R866:2995252.578059,IMG_HORIZEDGES,1,108,108,2995252.578093,2995252.578128,2995252.597393
Q:[]
T0 R868:2995252.626824,IMG_BLUR,1,102,102,2995252.626861,2995252.626897,2995252.641286
Q:[R869]
T0 R869:2995252.637521,IMG_HORIZEDGES,1,45,45,2995252.637558,2995252.641305,2995252.659970
Q:[]
T1 R870:2995252.674398,IMG_REGISTER,1,1,1,2995252.674438,0.000000,0.000000
T0 R871:2995252.706905,IMG_VERTEDGES,1,0,0,2995252.706941,2995252.706977,2995252.726886
Q:[]
T0 R872:2995252.726985,IMG_HORIZEDGES,1,31,31,2995252.727024,2995252.727029,2995252.747205
Q:[]
T0 R873:2995252.748970,IMG_VERTEDGES,1,109,109,2995252.749008,2995252.749062,2995252.768388
Q:[]
T1 R874:2995252.771337,IMG_REGISTER,1,0,0,2995252.771377,0.000000,0.000000
T0 R875:2995252.797871,IMG_ROT90CLKW,1,49,49,2995252.797904,2995252.797939,2995252.799910
Q:[]
image saved
T0 R876:2995252.823133,IMG_RETRIEVE,1,52,52,2995252.823165,2995252.823200,2995252.823200
Q:[]
T0 R877:2995252.847593,IMG_BLUR,1,74,74,2995252.847628,2995252.847663,2995252.863659
Q:[]
T0 R878:2995252.864788,IMG_ROT90CLKW,1,27,27,2995252.864821,2995252.864855,2995252.866979
Q:[]
T1 R879:2995252.892714,IMG_REGISTER,1,0,0,2995252.892755,0.000000,0.000000
T1 R881:2995252.927550,IMG_REGISTER,1,0,0,2995252.927602,0.000000,0.000000
T0 R880:2995252.921108,IMG_HORIZEDGES,1,111,111,2995252.921142,2995252.921177,2995252.940300
Q:[]
T0 R882:2995252.945715,IMG_BLUR,1,74,74,2995252.945750,2995252.945787,2995252.960693
Q:[R883]
T0 R883:2995252.949770,IMG_SHARPEN,1,79,79,2995252.949806,2995252.960712,2995252.980784
Q:[]
T0 R884:2995252.992004,IMG_HORIZEDGES,1,94,94,2995252.992038,2995252.992074,2995253.011619
Q:[R885]
image saved
T0 R885:2995252.996047,IMG_RETRIEVE,1,50,50,2995252.996084,2995253.011638,2995253.011638
Q:[]
T1 R887:2995253.036391,IMG_REGISTER,1,0,0,2995253.036443,0.000000,0.000000
T0 R886:2995253.026305,IMG_VERTEDGES,1,41,41,2995253.026340,2995253.026376,2995253.047705
Q:[]
T0 R888:2995253.070562,IMG_VERTEDGES,1,50,50,2995253.070598,2995253.070633,2995253.089380
Q:[R889]
T0 R889:2995253.076233,IMG_BLUR,1,61,61,2995253.076270,2995253.089400,2995253.103646
Q:[]
T0 R890:2995253.184265,IMG_ROT90CLKW,1,26,26,2995253.184299,2995253.184334,2995253.187500
Q:[]
T0 R891:2995253.200293,IMG_ROT90CLKW,1,40,40,2995253.200326,2995253.200362,2995253.203253
Q:[]
T0 R892:2995253.246352,IMG_HORIZEDGES,1,3,3,2995253.246385,2995253.246421,2995253.266409
Q:[]
T0 R893:2995253.252342,IMG_BLUR,1,96,96,2995253.266462,2995253.266467,2995253.281019
Q:[]
image saved
T0 R894:2995253.302161,IMG_RETRIEVE,1,35,35,2995253.302194,2995253.302229,2995253.302229
Q:[]
T0 R895:2995253.366253,IMG_HORIZEDGES,1,0,0,2995253.366288,2995253.366323,2995253.386637
Q:[]
T0 R896:2995253.474116,IMG_VERTEDGES,1,34,34,2995253.474149,2995253.474185,2995253.493326
Q:[]
T1 R897:2995253.539488,IMG_REGISTER,1,0,0,2995253.539526,0.000000,0.000000
T1 R899:2995253.637724,IMG_REGISTER,1,0,0,2995253.637774,0.000000,0.000000
T0 R898:2995253.615975,IMG_SHARPEN,1,20,20,2995253.616011,2995253.616046,2995253.638275
Q:[]
T1 R902:2995253.925418,IMG_REGISTER,1,0,0,2995253.925472,0.000000,0.000000
T0 R900:2995253.914776,IMG_SHARPEN,1,0,0,2995253.914810,2995253.914845,2995253.935661
Q:[R901]
image saved
T0 R901:2995253.917844,IMG_RETRIEVE,1,59,59,2995253.925470,2995253.935682,2995253.935682
Q:[]
T0 R903:2995253.990503,IMG_BLUR,1,46,46,2995253.990538,2995253.990573,2995254.004960
Q:[]
T0 R904:2995254.005174,IMG_VERTEDGES,1,55,55,2995254.005212,2995254.005217,2995254.024819
Q:[]
T0 R905:2995254.020305,IMG_BLUR,1,33,33,2995254.024865,2995254.024870,2995254.039099
Q:[]
image saved
T0 R906:2995254.027190,IMG_RETRIEVE,1,58,58,2995254.039146,2995254.039151,2995254.039151
Q:[]
image saved
T0 R907:2995254.051764,IMG_RETRIEVE,1,91,91,2995254.051800,2995254.051835,2995254.051836
Q:[]
T0 R908:2995254.067839,IMG_VERTEDGES,1,62,62,2995254.067873,2995254.067909,2995254.087838
Q:[]
image saved
T0 R909:2995254.105752,IMG_RETRIEVE,1,53,53,2995254.105786,2995254.105821,2995254.105821
Q:[]
T0 R910:2995254.161162,IMG_HORIZEDGES,1,42,42,2995254.161197,2995254.161233,2995254.180847
Q:[]
image saved
T0 R911:2995254.167436,IMG_RETRIEVE,1,27,27,2995254.180897,2995254.180902,2995254.180903
Q:[]
T0 R912:2995254.260259,IMG_ROT90CLKW,1,11,11,2995254.260294,2995254.260328,2995254.262397
Q:[]
T1 R914:2995254.283981,IMG_REGISTER,1,0,0,2995254.284038,0.000000,0.000000
T0 R913:2995254.271296,IMG_HORIZEDGES,1,18,18,2995254.271329,2995254.271364,2995254.290951
Q:[]
T0 R915:2995254.343175,IMG_ROT90CLKW,1,20,20,2995254.343207,2995254.343241,2995254.344642
Q:[]
T0 R916:2995254.386401,IMG_SHARPEN,1,10,10,2995254.386434,2995254.386470,2995254.408007
Q:[]
T1 R917:2995254.442325,IMG_REGISTER,1,0,0,2995254.442363,0.000000,0.000000
T0 R918:2995254.464865,IMG_VERTEDGES,1,37,37,2995254.464899,2995254.464935,2995254.485644
Q:[]
image saved
T0 R919:2995254.496575,IMG_RETRIEVE,1,32,32,2995254.496608,2995254.496643,2995254.496643
Q:[]
T0 R920:2995254.612448,IMG_ROT90CLKW,1,51,51,2995254.612483,2995254.612520,2995254.615728
Q:[]
T0 R921:2995254.624702,IMG_SHARPEN,1,71,71,2995254.624734,2995254.624769,2995254.645106
Q:[]
T0 R922:2995254.625062,IMG_HORIZEDGES,1,81,81,2995254.645157,2995254.645162,2995254.664441
Q:[]
T0 R923:2995254.683598,IMG_HORIZEDGES,1,126,126,2995254.683631,2995254.683668,2995254.702413
Q:[]
T0 R924:2995254.768557,IMG_BLUR,1,58,58,2995254.768590,2995254.768627,2995254.783594
Q:[]
T0 R925:2995254.770977,IMG_BLUR,1,77,77,2995254.783645,2995254.783650,2995254.797559
Q:[R926,R927]
T0 R926:2995254.775440,IMG_VERTEDGES,1,23,23,2995254.783648,2995254.797572,2995254.817450
Q:[R927,R928]
T0 R927:2995254.777104,IMG_HORIZEDGES,1,101,101,2995254.783649,2995254.817477,2995254.836569
Q:[R928]
T0 R928:2995254.817157,IMG_BLUR,1,57,57,2995254.817195,2995254.836575,2995254.850760
Q:[]
image saved
T0 R929:2995254.907924,IMG_RETRIEVE,1,31,31,2995254.907956,2995254.907991,2995254.907992
Q:[]
T0 R930:2995254.920600,IMG_SHARPEN,1,10,10,2995254.920634,2995254.920669,2995254.941813
Q:[]
T0 R931:2995254.950721,IMG_ROT90CLKW,1,15,15,2995254.950754,2995254.950790,2995254.952819
Q:[]
T0 R932:2995254.954526,IMG_HORIZEDGES,1,32,32,2995254.954559,2995254.954594,2995254.974579
Q:[]
T0 R933:2995255.077313,IMG_ROT90CLKW,1,8,8,2995255.077346,2995255.077382,2995255.079782
Q:[]
image saved
T0 R934:2995255.250809,IMG_RETRIEVE,1,15,15,2995255.250841,2995255.250878,2995255.250878
Q:[]
T0 R935:2995255.275459,IMG_ROT90CLKW,1,51,51,2995255.275493,2995255.275529,2995255.277698
Q:[]
image saved
T0 R936:2995255.361320,IMG_RETRIEVE,1,37,37,2995255.361352,2995255.361388,2995255.361388
Q:[]
image saved
T0 R937:2995255.377529,IMG_RETRIEVE,1,26,26,2995255.377563,2995255.377599,2995255.377599
Q:[]
image saved
T0 R938:2995255.389743,IMG_RETRIEVE,1,62,62,2995255.389777,2995255.389813,2995255.389813
Q:[]
T0 R939:2995255.476806,IMG_SHARPEN,1,116,116,2995255.476841,2995255.476876,2995255.496282
Q:[]
T0 R940:2995255.479189,IMG_HORIZEDGES,1,5,5,2995255.496338,2995255.496344,2995255.516795
Q:[]
T1 R942:2995255.517796,IMG_REGISTER,1,1,1,2995255.517855,0.000000,0.000000
T0 R941:2995255.501988,IMG_HORIZEDGES,1,54,54,2995255.516838,2995255.516843,2995255.536267
Q:[]
T0 R943:2995255.565270,IMG_SHARPEN,1,53,53,2995255.565303,2995255.565338,2995255.585603
Q:[]
T0 R944:2995255.596291,IMG_HORIZEDGES,1,66,66,2995255.596324,2995255.596359,2995255.616191
Q:[]
T0 R945:2995255.622856,IMG_VERTEDGES,1,10,10,2995255.622889,2995255.622925,2995255.643324
Q:[]
T0 R946:2995255.632196,IMG_ROT90CLKW,1,107,107,2995255.643374,2995255.643380,2995255.645492
Q:[]
T0 R947:2995255.650202,IMG_VERTEDGES,1,118,118,2995255.650233,2995255.650268,2995255.668858
Q:[]
image saved
T0 R948:2995255.721307,IMG_RETRIEVE,1,38,38,2995255.721341,2995255.721377,2995255.721377
Q:[]
T0 R949:2995255.804425,IMG_VERTEDGES,1,114,114,2995255.804461,2995255.804496,2995255.824265
Q:[]
T0 R950:2995255.809402,IMG_VERTEDGES,1,122,122,2995255.824333,2995255.824339,2995255.843672
Q:[]
image saved
T0 R951:2995255.833464,IMG_RETRIEVE,1,114,114,2995255.843718,2995255.843723,2995255.843723
Q:[]
T0 R952:2995255.856246,IMG_SHARPEN,1,38,38,2995255.856279,2995255.856315,2995255.877130
Q:[]
T0 R953:2995255.892362,IMG_ROT90CLKW,1,88,88,2995255.892395,2995255.892430,2995255.894500
Q:[]
T0 R954:2995255.902915,IMG_HORIZEDGES,1,92,92,2995255.902947,2995255.902982,2995255.923087
Q:[]
T0 R955:2995255.906526,IMG_VERTEDGES,1,82,82,2995255.923138,2995255.923143,2995255.942703
Q:[R956]
T0 R956:2995255.915041,IMG_VERTEDGES,1,8,8,2995255.923142,2995255.942715,2995255.962911
Q:[]
T1 R957:2995255.963305,IMG_REGISTER,1,0,0,2995255.963342,0.000000,0.000000
T0 R958:2995256.024005,IMG_SHARPEN,1,67,67,2995256.024058,2995256.024095,2995256.044282
Q:[]
T0 R959:2995256.117500,IMG_ROT90CLKW,1,38,38,2995256.117532,2995256.117567,2995256.120277
Q:[]
T0 R960:2995256.125279,IMG_BLUR,1,10,10,2995256.125316,2995256.125355,2995256.141053
Q:[]
T0 R961:2995256.180376,IMG_VERTEDGES,1,47,47,2995256.180410,2995256.180446,2995256.200605
Q:[]
T0 R962:2995256.194027,IMG_HORIZEDGES,1,24,24,2995256.200655,2995256.200660,2995256.220063
Q:[]
T0 R963:2995256.269934,IMG_HORIZEDGES,1,91,91,2995256.269969,2995256.270009,2995256.289241
Q:[]
T1 R966:2995256.297706,IMG_REGISTER,1,0,0,2995256.297758,0.000000,0.000000
T0 R964:2995256.291006,IMG_BLUR,1,77,77,2995256.291039,2995256.291075,2995256.305068
Q:[R965]
T0 R965:2995256.292490,IMG_ROT90CLKW,1,49,49,2995256.297756,2995256.305079,2995256.307717
Q:[]
image saved
T0 R967:2995256.349090,IMG_RETRIEVE,1,128,128,2995256.349123,2995256.349159,2995256.349159
Q:[]
image saved
T0 R968:2995256.361326,IMG_RETRIEVE,1,87,87,2995256.361363,2995256.361398,2995256.361398
Q:[]
T1 R969:2995256.389036,IMG_REGISTER,1,0,0,2995256.389077,0.000000,0.000000
T0 R970:2995256.402876,IMG_VERTEDGES,1,62,62,2995256.402910,2995256.402945,2995256.423579
Q:[]
T0 R971:2995256.438444,IMG_BLUR,1,43,43,2995256.438476,2995256.438513,2995256.452421
Q:[]
T0 R972:2995256.497664,IMG_SHARPEN,1,85,85,2995256.497696,2995256.497731,2995256.516839
Q:[]
image saved
T0 R973:2995256.612118,IMG_RETRIEVE,1,86,86,2995256.612155,2995256.612190,2995256.612190
Q:[]
T0 R974:2995256.654624,IMG_HORIZEDGES,1,48,48,2995256.654660,2995256.654695,2995256.673968
Q:[]
T1 R975:2995256.694210,IMG_REGISTER,1,1,1,2995256.694247,0.000000,0.000000
T0 R976:2995256.725587,IMG_HORIZEDGES,1,33,33,2995256.725623,2995256.725658,2995256.744920
Q:[]
T1 R978:2995256.749689,IMG_REGISTER,1,0,0,2995256.749739,0.000000,0.000000
T0 R977:2995256.733048,IMG_BLUR,1,120,120,2995256.744971,2995256.744976,2995256.758972
Q:[]
image saved
T0 R979:2995256.837896,IMG_RETRIEVE,1,88,88,2995256.837928,2995256.837967,2995256.837967
Q:[]
T0 R980:2995256.871694,IMG_HORIZEDGES,1,0,0,2995256.871729,2995256.871764,2995256.892600
Q:[]
T0 R981:2995256.917208,IMG_VERTEDGES,1,72,72,2995256.917243,2995256.917278,2995256.936607
Q:[]
T0 R982:2995256.961618,IMG_BLUR,1,101,101,2995256.961651,2995256.961686,2995256.975609
Q:[]
T1 R983:2995257.071479,IMG_REGISTER,1,1,1,2995257.071516,0.000000,0.000000
image saved
T0 R984:2995257.086496,IMG_RETRIEVE,1,79,79,2995257.086530,2995257.086565,2995257.086565
Q:[]
T0 R985:2995257.102375,IMG_VERTEDGES,1,80,80,2995257.102411,2995257.102446,2995257.121490
Q:[]
T1 R988:2995257.210068,IMG_REGISTER,1,0,0,2995257.210125,0.000000,0.000000
T0 R986:2995257.197136,IMG_SHARPEN,1,14,14,2995257.197168,2995257.197205,2995257.218469
Q:[R987]
image saved
T0 R987:2995257.197166,IMG_RETRIEVE,1,53,53,2995257.210122,2995257.218481,2995257.218481
Q:[]
T0 R989:2995257.258869,IMG_BLUR,1,63,63,2995257.258904,2995257.258939,2995257.273811
Q:[]
T0 R990:2995257.426985,IMG_VERTEDGES,1,89,89,2995257.427017,2995257.427052,2995257.447112
Q:[]
image saved
T0 R991:2995257.449663,IMG_RETRIEVE,1,90,90,2995257.449696,2995257.449730,2995257.449730
Q:[]
T1 R992:2995257.580702,IMG_REGISTER,1,0,0,2995257.580743,0.000000,0.000000
T0 R993:2995257.644266,IMG_BLUR,1,84,84,2995257.644299,2995257.644334,2995257.658719
Q:[]
T0 R994:2995257.701327,IMG_VERTEDGES,1,124,124,2995257.701359,2995257.701394,2995257.719983
Q:[]
image saved
T0 R995:2995257.727037,IMG_RETRIEVE,1,72,72,2995257.727070,2995257.727105,2995257.727105
Q:[]
T0 R996:2995257.873356,IMG_SHARPEN,1,85,85,2995257.873391,2995257.873426,2995257.893765
Q:[]
T0 R997:2995257.885945,IMG_BLUR,1,4,4,2995257.893817,2995257.893823,2995257.908207
Q:[]
image saved
T0 R998:2995257.893993,IMG_RETRIEVE,1,102,102,2995257.908253,2995257.908258,2995257.908258
Q:[]
T1 R999:2995257.943183,IMG_REGISTER,1,0,0,2995257.943225,0.000000,0.000000
INFO: Worker thread exited.
INFO: Client disconnected.
