INFO: setting queue size = 100
INFO: setting server port as: 2222
INFO: Waiting for incoming connection...
INFO: Worker thread 0 (TID = 0) started!
[#WORKER#] 2995308.512417 Worker Thread Alive!
T1 R0:2995308.512291,IMG_REGISTER,1,4,4,2995308.512376,0.000000,0.000000
T0 R1:2995308.596671,IMG_HORIZEDGES,1,0,0,2995308.596708,2995308.596750,2995308.633838
Q:[]
T0 R2:2995308.647622,IMG_SHARPEN,1,0,0,2995308.647656,2995308.647689,2995308.685624
Q:[]
T1 R5:2995308.698855,IMG_REGISTER,1,0,0,2995308.698909,0.000000,0.000000
T0 R3:2995308.654963,IMG_SHARPEN,1,0,0,2995308.685766,2995308.685771,2995308.723908
Q:[R4]
image saved
T0 R4:2995308.665812,IMG_RETRIEVE,1,0,0,2995308.685770,2995308.723917,2995308.723917
Q:[]
T0 R6:2995308.811940,IMG_BLUR,1,0,0,2995308.811978,2995308.812013,2995308.839043
Q:[]
T1 R7:2995308.854072,IMG_REGISTER,1,3,3,2995308.854106,0.000000,0.000000
T0 R8:2995308.891269,IMG_BLUR,1,2,2,2995308.891306,2995308.891341,2995308.933617
Q:[]
image saved
T0 R9:2995308.945629,IMG_RETRIEVE,1,1,1,2995308.945668,2995308.945703,2995308.945703
Q:[]
T0 R10:2995308.957415,IMG_HORIZEDGES,1,0,0,2995308.957451,2995308.957487,2995308.994093
Q:[]
T0 R11:2995308.965631,IMG_HORIZEDGES,1,2,2,2995308.994138,2995308.994144,2995309.050505
Q:[R12,R13,R14]
T0 R12:2995308.997247,IMG_ROT90CLKW,1,1,1,2995309.035039,2995309.050578,2995309.052595
Q:[R13,R14]
T0 R13:2995309.022014,IMG_BLUR,1,0,0,2995309.035041,2995309.052602,2995309.080416
Q:[R14]
T0 R14:2995309.033551,IMG_HORIZEDGES,1,2,2,2995309.035049,2995309.080422,2995309.136724
Q:[R15,R16]
T0 R15:2995309.082530,IMG_SHARPEN,1,2,2,2995309.082568,2995309.136735,2995309.194409
Q:[R16,R17]
T0 R16:2995309.093641,IMG_BLUR,1,0,0,2995309.093677,2995309.194418,2995309.222042
Q:[R17,R18]
T0 R17:2995309.177433,IMG_HORIZEDGES,1,1,1,2995309.177478,2995309.222053,2995309.240717
Q:[R18,R19]
T0 R18:2995309.202333,IMG_ROT90CLKW,1,0,0,2995309.202369,2995309.240727,2995309.244696
Q:[R19,R20]
T0 R19:2995309.238615,IMG_VERTEDGES,1,1,1,2995309.238653,2995309.244705,2995309.264506
Q:[R20,R21]
T0 R20:2995309.240831,IMG_BLUR,1,0,0,2995309.240868,2995309.264516,2995309.292534
Q:[R21]
T1 R23:2995309.346384,IMG_REGISTER,1,0,0,2995309.346441,0.000000,0.000000
T0 R21:2995309.243008,IMG_HORIZEDGES,1,2,2,2995309.244738,2995309.292541,2995309.348781
Q:[R22]
T0 R22:2995309.320507,IMG_HORIZEDGES,1,0,0,2995309.320544,2995309.348788,2995309.385079
Q:[R24,R25]
T0 R24:2995309.382077,IMG_BLUR,1,1,1,2995309.382117,2995309.385090,2995309.398927
Q:[R25]
T0 R25:2995309.383421,IMG_BLUR,1,2,2,2995309.383459,2995309.398934,2995309.441006
Q:[]
T0 R26:2995309.472456,IMG_BLUR,1,2,2,2995309.472487,2995309.472523,2995309.513782
Q:[]
T0 R27:2995309.517175,IMG_SHARPEN,1,0,0,2995309.517213,2995309.517249,2995309.555251
Q:[]
T0 R28:2995309.555989,IMG_VERTEDGES,1,0,0,2995309.556021,2995309.556057,2995309.593353
Q:[]
T0 R29:2995309.626690,IMG_BLUR,1,2,2,2995309.626724,2995309.626760,2995309.669892
Q:[R30]
T1 R31:2995309.674048,IMG_REGISTER,1,1,1,2995309.674091,0.000000,0.000000
T0 R30:2995309.635362,IMG_HORIZEDGES,1,0,0,2995309.667070,2995309.669909,2995309.707926
Q:[]
T0 R32:2995309.754442,IMG_VERTEDGES,1,1,1,2995309.754475,2995309.754512,2995309.773392
Q:[]
T1 R33:2995309.840336,IMG_REGISTER,1,3,3,2995309.840374,0.000000,0.000000
T0 R34:2995309.913534,IMG_SHARPEN,1,4,4,2995309.913566,2995309.913601,2995309.984178
Q:[R35,R36,R37]
T0 R35:2995309.921643,IMG_HORIZEDGES,1,5,5,2995309.954040,2995309.984361,2995310.042238
Q:[R36,R37,R38,R39,R40]
T0 R36:2995309.926971,IMG_SHARPEN,1,0,0,2995309.954042,2995310.042277,2995310.083753
Q:[R37,R38,R39,R40]
T0 R37:2995309.945824,IMG_ROT90CLKW,1,1,1,2995309.954050,2995310.083764,2995310.087085
Q:[R38,R39,R40]
image saved
T0 R38:2995309.997219,IMG_RETRIEVE,1,1,1,2995309.997256,2995310.087096,2995310.087096
Q:[R39,R40]
image saved
T0 R39:2995310.005767,IMG_RETRIEVE,1,4,4,2995310.038071,2995310.087268,2995310.087268
Q:[R40]
T0 R40:2995310.032867,IMG_HORIZEDGES,1,3,3,2995310.038091,2995310.099340,2995310.118510
Q:[]
T0 R41:2995310.143168,IMG_VERTEDGES,1,3,3,2995310.143200,2995310.143236,2995310.162029
Q:[]
T0 R42:2995310.165976,IMG_SHARPEN,1,5,5,2995310.166008,2995310.166048,2995310.225757
Q:[]
T0 R43:2995310.257094,IMG_HORIZEDGES,1,3,3,2995310.257134,2995310.257170,2995310.276510
Q:[]
T1 R45:2995310.312093,IMG_REGISTER,1,4,4,2995310.312152,0.000000,0.000000
T0 R44:2995310.303278,IMG_HORIZEDGES,1,3,3,2995310.303310,2995310.303346,2995310.322656
Q:[]
T0 R46:2995310.340375,IMG_VERTEDGES,1,5,5,2995310.340412,2995310.340447,2995310.396132
Q:[R47]
T0 R47:2995310.392961,IMG_SHARPEN,1,4,4,2995310.392998,2995310.396154,2995310.467498
Q:[R48,R49]
T0 R48:2995310.395547,IMG_SHARPEN,1,4,4,2995310.396183,2995310.467508,2995310.539854
Q:[R49,R50]
T0 R49:2995310.420124,IMG_SHARPEN,1,3,3,2995310.438050,2995310.539865,2995310.560055
Q:[R50]
T1 R53:2995310.593529,IMG_REGISTER,1,5,5,2995310.593570,0.000000,0.000000
T0 R50:2995310.473409,IMG_SHARPEN,1,2,2,2995310.473446,2995310.560061,2995310.617731
Q:[R51,R52]
T0 R51:2995310.587534,IMG_VERTEDGES,1,4,4,2995310.587578,2995310.617738,2995310.687642
Q:[R52,R54,R55]
image saved
T0 R52:2995310.590809,IMG_RETRIEVE,1,5,5,2995310.590853,2995310.687654,2995310.687654
Q:[R54,R55]
T0 R54:2995310.626266,IMG_BLUR,1,4,4,2995310.626307,2995310.688193,2995310.739117
Q:[R55]
T0 R55:2995310.673237,IMG_SHARPEN,1,1,1,2995310.673282,2995310.739127,2995310.758730
Q:[]
T0 R56:2995311.071731,IMG_HORIZEDGES,1,4,4,2995311.071766,2995311.071799,2995311.141341
Q:[R57]
T1 R58:2995311.144355,IMG_REGISTER,1,3,3,2995311.144393,0.000000,0.000000
T0 R57:2995311.076207,IMG_SHARPEN,1,3,3,2995311.112036,2995311.141363,2995311.161778
Q:[]
T0 R59:2995311.264599,IMG_ROT90CLKW,1,0,0,2995311.264633,2995311.264666,2995311.268981
Q:[]
T0 R60:2995311.270541,IMG_BLUR,1,2,2,2995311.270573,2995311.270617,2995311.312011
Q:[]
image saved
T0 R61:2995311.327648,IMG_RETRIEVE,1,5,5,2995311.327689,2995311.327732,2995311.327733
Q:[]
T0 R62:2995311.363786,IMG_HORIZEDGES,1,7,7,2995311.363825,2995311.363860,2995311.383167
Q:[]
T0 R63:2995311.367295,IMG_BLUR,1,8,8,2995311.383220,2995311.383225,2995311.424824
Q:[R64]
T0 R64:2995311.379392,IMG_ROT90CLKW,1,7,7,2995311.383223,2995311.424834,2995311.427062
Q:[]
T0 R65:2995311.449521,IMG_HORIZEDGES,1,3,3,2995311.449570,2995311.449617,2995311.469181
Q:[R66]
T0 R66:2995311.450745,IMG_VERTEDGES,1,0,0,2995311.450777,2995311.469202,2995311.506727
Q:[]
image saved
T0 R67:2995311.537261,IMG_RETRIEVE,1,7,7,2995311.537299,2995311.537345,2995311.537345
Q:[]
image saved
T0 R68:2995311.666737,IMG_RETRIEVE,1,2,2,2995311.666779,2995311.666814,2995311.666814
Q:[]
T1 R70:2995311.809733,IMG_REGISTER,1,0,0,2995311.809792,0.000000,0.000000
T0 R69:2995311.803756,IMG_BLUR,1,7,7,2995311.803791,2995311.803825,2995311.818318
Q:[]
T0 R71:2995311.824097,IMG_HORIZEDGES,1,7,7,2995311.824133,2995311.824168,2995311.843361
Q:[]
T1 R72:2995311.857201,IMG_REGISTER,1,3,3,2995311.857241,0.000000,0.000000
T0 R73:2995311.905708,IMG_ROT90CLKW,1,1,1,2995311.905744,2995311.905776,2995311.907774
Q:[]
T0 R74:2995311.908284,IMG_SHARPEN,1,9,9,2995311.908317,2995311.908360,2995311.927931
Q:[]
image saved
T0 R75:2995311.943390,IMG_RETRIEVE,1,2,2,2995311.943425,2995311.943469,2995311.943469
Q:[]
T0 R76:2995311.980055,IMG_ROT90CLKW,1,5,5,2995311.980092,2995311.980128,2995311.987897
Q:[]
T0 R77:2995311.984073,IMG_HORIZEDGES,1,10,10,2995311.987946,2995311.987952,2995312.043665
Q:[]
T0 R78:2995312.080345,IMG_HORIZEDGES,1,3,3,2995312.080387,2995312.080421,2995312.100752
Q:[]
image saved
T0 R79:2995312.143078,IMG_RETRIEVE,1,1,1,2995312.143162,2995312.143199,2995312.143199
Q:[]
T0 R80:2995312.157185,IMG_ROT90CLKW,1,0,0,2995312.157221,2995312.157256,2995312.162466
Q:[]
T0 R81:2995312.166075,IMG_HORIZEDGES,1,1,1,2995312.166110,2995312.166144,2995312.185819
Q:[]
T0 R82:2995312.188003,IMG_HORIZEDGES,1,7,7,2995312.188036,2995312.188072,2995312.208977
Q:[]
T0 R83:2995312.194727,IMG_VERTEDGES,1,3,3,2995312.209027,2995312.209032,2995312.228536
Q:[]
T0 R84:2995312.212544,IMG_ROT90CLKW,1,4,4,2995312.228579,2995312.228583,2995312.239664
Q:[]
T1 R85:2995312.246383,IMG_REGISTER,1,0,0,2995312.246426,0.000000,0.000000
T0 R86:2995312.289432,IMG_BLUR,1,6,6,2995312.289466,2995312.289501,2995312.317852
Q:[R87]
T0 R87:2995312.302706,IMG_VERTEDGES,1,8,8,2995312.317902,2995312.317912,2995312.374193
Q:[]
T0 R88:2995312.387283,IMG_BLUR,1,2,2,2995312.387323,2995312.387357,2995312.430220
Q:[R89,R90,R91]
T0 R89:2995312.397202,IMG_BLUR,1,6,6,2995312.397246,2995312.430238,2995312.457321
Q:[R90,R91,R92]
T0 R90:2995312.407265,IMG_BLUR,1,0,0,2995312.407308,2995312.457337,2995312.484882
Q:[R91,R92,R93]
T0 R91:2995312.410550,IMG_ROT90CLKW,1,3,3,2995312.410593,2995312.484891,2995312.487025
Q:[R92,R93,R94,R95,R96]
T0 R92:2995312.439209,IMG_SHARPEN,1,11,11,2995312.439247,2995312.487036,2995312.506445
Q:[R93,R94,R95,R96]
T0 R93:2995312.450573,IMG_BLUR,1,9,9,2995312.457366,2995312.506452,2995312.520690
Q:[R94,R95,R96]
T0 R94:2995312.463907,IMG_VERTEDGES,1,2,2,2995312.484924,2995312.520696,2995312.578758
Q:[R95,R96,R97]
T0 R95:2995312.464037,IMG_BLUR,1,7,7,2995312.484926,2995312.578772,2995312.593157
Q:[R96,R97,R98]
T0 R96:2995312.470989,IMG_HORIZEDGES,1,4,4,2995312.484927,2995312.593167,2995312.662658
Q:[R97,R98,R99]
image saved
T0 R97:2995312.554740,IMG_RETRIEVE,1,1,1,2995312.554777,2995312.662668,2995312.662668
Q:[R98,R99]
T0 R98:2995312.559049,IMG_HORIZEDGES,1,7,7,2995312.578801,2995312.662884,2995312.682733
Q:[R99,R100]
T0 R99:2995312.608665,IMG_SHARPEN,1,8,8,2995312.608703,2995312.682743,2995312.739542
Q:[R100,R101]
T0 R100:2995312.674833,IMG_HORIZEDGES,1,8,8,2995312.674878,2995312.739554,2995312.795020
Q:[R101,R102]
T1 R103:2995312.810071,IMG_REGISTER,1,5,5,2995312.810107,0.000000,0.000000
T0 R101:2995312.701311,IMG_BLUR,1,0,0,2995312.701348,2995312.795031,2995312.822095
Q:[R102]
T0 R102:2995312.781449,IMG_VERTEDGES,1,0,0,2995312.781486,2995312.822102,2995312.858919
Q:[]
T0 R104:2995312.888872,IMG_ROT90CLKW,1,11,11,2995312.888905,2995312.888941,2995312.891349
Q:[]
T0 R105:2995312.951881,IMG_HORIZEDGES,1,1,1,2995312.951913,2995312.951949,2995312.971451
Q:[]
T0 R106:2995312.958517,IMG_ROT90CLKW,1,7,7,2995312.971500,2995312.971505,2995312.972927
Q:[R107]
T0 R107:2995312.963510,IMG_VERTEDGES,1,8,8,2995312.971504,2995312.972939,2995313.028569
Q:[R108]
T0 R108:2995313.024212,IMG_VERTEDGES,1,10,10,2995313.024248,2995313.028579,2995313.084712
Q:[R109,R110]
image saved
T0 R109:2995313.032582,IMG_RETRIEVE,1,4,4,2995313.032620,2995313.084723,2995313.084723
Q:[R110]
T0 R110:2995313.037545,IMG_BLUR,1,11,11,2995313.073047,2995313.085588,2995313.099700
Q:[]
T0 R111:2995313.129636,IMG_SHARPEN,1,3,3,2995313.129671,2995313.129706,2995313.150415
Q:[]
T0 R112:2995313.190075,IMG_ROT90CLKW,1,7,7,2995313.190107,2995313.190144,2995313.192333
Q:[]
T1 R113:2995313.203677,IMG_REGISTER,1,0,0,2995313.203714,0.000000,0.000000
T0 R114:2995313.247079,IMG_BLUR,1,7,7,2995313.247117,2995313.247154,2995313.261861
Q:[]
T0 R115:2995313.249595,IMG_BLUR,1,10,10,2995313.261913,2995313.261918,2995313.303391
Q:[R116,R117,R118]
T0 R116:2995313.264662,IMG_HORIZEDGES,1,4,4,2995313.302052,2995313.303402,2995313.373096
Q:[R117,R118,R119]
T0 R117:2995313.267849,IMG_SHARPEN,1,13,13,2995313.302054,2995313.373107,2995313.392477
Q:[R118,R119]
T0 R118:2995313.297053,IMG_BLUR,1,9,9,2995313.302062,2995313.392487,2995313.406343
Q:[R119]
T0 R119:2995313.344873,IMG_BLUR,1,8,8,2995313.344910,2995313.406352,2995313.447604
Q:[R120]
T0 R120:2995313.416408,IMG_BLUR,1,2,2,2995313.416444,2995313.447617,2995313.489834
Q:[R121,R122]
T0 R121:2995313.424179,IMG_VERTEDGES,1,3,3,2995313.447651,2995313.489843,2995313.509506
Q:[R122,R123]
T0 R122:2995313.483234,IMG_VERTEDGES,1,4,4,2995313.488049,2995313.509516,2995313.578775
Q:[R123]
image saved
T0 R123:2995313.496388,IMG_RETRIEVE,1,4,4,2995313.496428,2995313.578784,2995313.578784
Q:[]
T0 R124:2995313.636042,IMG_BLUR,1,5,5,2995313.636077,2995313.636113,2995313.681784
Q:[R125]
T0 R125:2995313.640925,IMG_ROT90CLKW,1,0,0,2995313.677048,2995313.681803,2995313.686129
Q:[]
T0 R126:2995313.691900,IMG_BLUR,1,12,12,2995313.691933,2995313.691968,2995313.706569
Q:[]
T0 R127:2995313.695964,IMG_SHARPEN,1,9,9,2995313.706618,2995313.706624,2995313.725786
Q:[R128]
T0 R128:2995313.697647,IMG_SHARPEN,1,9,9,2995313.706622,2995313.725798,2995313.746012
Q:[R129]
T0 R129:2995313.738672,IMG_HORIZEDGES,1,9,9,2995313.738709,2995313.746021,2995313.765387
Q:[]
T0 R130:2995313.805471,IMG_HORIZEDGES,1,11,11,2995313.805503,2995313.805538,2995313.824893
Q:[]
image saved
T0 R131:2995313.821566,IMG_RETRIEVE,1,0,0,2995313.824943,2995313.824948,2995313.824948
Q:[]
T1 R133:2995313.878605,IMG_REGISTER,1,0,0,2995313.878665,0.000000,0.000000
T0 R132:2995313.876768,IMG_VERTEDGES,1,11,11,2995313.876802,2995313.876837,2995313.895658
Q:[]
T0 R134:2995313.929603,IMG_ROT90CLKW,1,3,3,2995313.929634,2995313.929671,2995313.932411
Q:[]
T0 R135:2995313.959298,IMG_ROT90CLKW,1,6,6,2995313.959336,2995313.959375,2995313.964579
Q:[]
T0 R136:2995313.989436,IMG_SHARPEN,1,8,8,2995313.989470,2995313.989506,2995314.050601
Q:[]
T0 R137:2995314.062653,IMG_ROT90CLKW,1,13,13,2995314.062694,2995314.062729,2995314.065022
Q:[]
T0 R138:2995314.094022,IMG_SHARPEN,1,9,9,2995314.094055,2995314.094091,2995314.114995
Q:[]
T1 R139:2995314.124254,IMG_REGISTER,1,2,2,2995314.124292,0.000000,0.000000
T0 R140:2995314.193599,IMG_HORIZEDGES,1,14,14,2995314.193634,2995314.193671,2995314.213502
Q:[]
T0 R141:2995314.199802,IMG_VERTEDGES,1,9,9,2995314.213551,2995314.213557,2995314.233649
Q:[]
image saved
T0 R142:2995314.258242,IMG_RETRIEVE,1,9,9,2995314.258274,2995314.258310,2995314.258310
Q:[]
T0 R143:2995314.328448,IMG_SHARPEN,1,13,13,2995314.328481,2995314.328517,2995314.348764
Q:[]
T0 R144:2995314.364331,IMG_HORIZEDGES,1,5,5,2995314.364365,2995314.364401,2995314.421227
Q:[R145]
T0 R145:2995314.414581,IMG_SHARPEN,1,7,7,2995314.414627,2995314.421246,2995314.442192
Q:[R146]
T0 R146:2995314.426869,IMG_BLUR,1,1,1,2995314.426907,2995314.442206,2995314.456478
Q:[]
image saved
T0 R147:2995314.458471,IMG_RETRIEVE,1,6,6,2995314.458505,2995314.458540,2995314.458540
Q:[]
T0 R148:2995314.509293,IMG_ROT90CLKW,1,0,0,2995314.509326,2995314.509363,2995314.514034
Q:[]
T0 R149:2995314.526392,IMG_HORIZEDGES,1,2,2,2995314.526424,2995314.526460,2995314.583448
Q:[R150,R151,R152]
T0 R150:2995314.535152,IMG_HORIZEDGES,1,6,6,2995314.567064,2995314.583466,2995314.619661
Q:[R151,R152,R153]
T0 R151:2995314.540757,IMG_ROT90CLKW,1,11,11,2995314.567065,2995314.619672,2995314.623031
Q:[R152,R153]
T0 R152:2995314.556705,IMG_SHARPEN,1,2,2,2995314.567074,2995314.623038,2995314.681722
Q:[R153,R154]
T0 R153:2995314.601278,IMG_SHARPEN,1,4,4,2995314.601316,2995314.681732,2995314.755514
Q:[R154,R155,R156]
T0 R154:2995314.628072,IMG_BLUR,1,10,10,2995314.628110,2995314.755526,2995314.798226
Q:[R155,R156,R157]
T0 R155:2995314.683398,IMG_SHARPEN,1,7,7,2995314.683435,2995314.798238,2995314.818438
Q:[R156,R157,R158]
T0 R156:2995314.718008,IMG_BLUR,1,12,12,2995314.724048,2995314.818448,2995314.833125
Q:[R157,R158]
T0 R157:2995314.779921,IMG_BLUR,1,8,8,2995314.779958,2995314.833132,2995314.874451
Q:[R158,R159,R160]
T1 R163:2995314.931079,IMG_REGISTER,1,5,5,2995314.931087,0.000000,0.000000
T0 R158:2995314.804288,IMG_SHARPEN,1,4,4,2995314.804326,2995314.874463,2995314.947527
Q:[R159,R160,R161,R162]
T1 R165:2995314.993989,IMG_REGISTER,1,3,3,2995314.994107,0.000000,0.000000
T0 R159:2995314.846591,IMG_SHARPEN,1,15,15,2995314.846630,2995314.947534,2995315.057287
Q:[R160,R161,R162,R164]
T0 R160:2995314.852128,IMG_HORIZEDGES,1,4,4,2995314.852164,2995315.057457,2995315.127814
Q:[R161,R162,R164,R166,R167]
T0 R161:2995314.890715,IMG_HORIZEDGES,1,5,5,2995314.890753,2995315.127825,2995315.185522
Q:[R162,R164,R166,R167,R168,R169]
T0 R162:2995314.930886,IMG_BLUR,1,4,4,2995314.931048,2995315.185534,2995315.238491
Q:[R164,R166,R167,R168,R169,R170]
T0 R164:2995314.980065,IMG_VERTEDGES,1,14,14,2995314.980102,2995315.238504,2995315.257319
Q:[R166,R167,R168,R169,R170]
T0 R166:2995315.066056,IMG_SHARPEN,1,2,2,2995315.066097,2995315.257327,2995315.317675
Q:[R167,R168,R169,R170,R171]
T0 R167:2995315.072935,IMG_VERTEDGES,1,12,12,2995315.107066,2995315.317686,2995315.337077
Q:[R168,R169,R170,R171,R172]
T0 R168:2995315.131798,IMG_HORIZEDGES,1,5,5,2995315.131836,2995315.337088,2995315.395121
Q:[R169,R170,R171,R172,R173]
image saved
T0 R169:2995315.138873,IMG_RETRIEVE,1,6,6,2995315.172070,2995315.395132,2995315.395132
Q:[R170,R171,R172,R173]
T0 R170:2995315.206609,IMG_SHARPEN,1,3,3,2995315.206646,2995315.395647,2995315.416145
Q:[R171,R172,R173]
T0 R171:2995315.296460,IMG_HORIZEDGES,1,6,6,2995315.296497,2995315.416152,2995315.452888
Q:[R172,R173,R174]
T0 R172:2995315.323189,IMG_HORIZEDGES,1,11,11,2995315.323226,2995315.452895,2995315.472968
Q:[R173,R174]
T0 R173:2995315.350003,IMG_ROT90CLKW,1,9,9,2995315.350041,2995315.472978,2995315.475065
Q:[R174]
image saved
T0 R174:2995315.418408,IMG_RETRIEVE,1,4,4,2995315.418450,2995315.475074,2995315.475074
Q:[]
T1 R175:2995315.597092,IMG_REGISTER,1,0,0,2995315.597127,0.000000,0.000000
T0 R176:2995315.679025,IMG_VERTEDGES,1,13,13,2995315.679057,2995315.679094,2995315.699288
Q:[]
T0 R177:2995315.726517,IMG_BLUR,1,0,0,2995315.726552,2995315.726587,2995315.754726
Q:[]
T0 R178:2995315.736686,IMG_BLUR,1,12,12,2995315.754776,2995315.754781,2995315.769189
Q:[R179]
T0 R179:2995315.742777,IMG_ROT90CLKW,1,4,4,2995315.754780,2995315.769200,2995315.777112
Q:[]
image saved
T0 R180:2995315.811570,IMG_RETRIEVE,1,8,8,2995315.811602,2995315.811637,2995315.811637
Q:[]
image saved
T0 R181:2995315.847492,IMG_RETRIEVE,1,3,3,2995315.847528,2995315.847564,2995315.847564
Q:[]
T1 R183:2995315.874403,IMG_REGISTER,1,2,2,2995315.874525,0.000000,0.000000
T0 R182:2995315.873279,IMG_VERTEDGES,1,5,5,2995315.873313,2995315.873348,2995315.932000
Q:[]
T0 R184:2995316.003740,IMG_SHARPEN,1,14,14,2995316.003773,2995316.003809,2995316.023500
Q:[]
image saved
T0 R185:2995316.026179,IMG_RETRIEVE,1,0,0,2995316.026211,2995316.026246,2995316.026246
Q:[]
image saved
T0 R186:2995316.082313,IMG_RETRIEVE,1,8,8,2995316.082349,2995316.082385,2995316.082385
Q:[]
T1 R189:2995316.170060,IMG_REGISTER,1,1,1,2995316.170101,0.000000,0.000000
T0 R187:2995316.118430,IMG_HORIZEDGES,1,10,10,2995316.118465,2995316.118503,2995316.175752
Q:[R188]
T0 R188:2995316.127895,IMG_BLUR,1,17,17,2995316.159075,2995316.175764,2995316.218229
Q:[]
T1 R190:2995316.245469,IMG_REGISTER,1,1,1,2995316.245507,0.000000,0.000000
T0 R191:2995316.466053,IMG_VERTEDGES,1,3,3,2995316.466086,2995316.466122,2995316.485625
Q:[]
T0 R192:2995316.500186,IMG_HORIZEDGES,1,2,2,2995316.500218,2995316.500253,2995316.558429
Q:[R193,R194]
T0 R193:2995316.508463,IMG_HORIZEDGES,1,19,19,2995316.541041,2995316.558446,2995316.664357
Q:[R194,R195]
image saved
T0 R194:2995316.553105,IMG_RETRIEVE,1,18,18,2995316.553141,2995316.664378,2995316.664378
Q:[R195]
image saved
T0 R195:2995316.616478,IMG_RETRIEVE,1,17,17,2995316.616539,2995316.664877,2995316.664877
Q:[]
T1 R196:2995316.712528,IMG_REGISTER,1,1,1,2995316.712569,0.000000,0.000000
image saved
T0 R197:2995316.781039,IMG_RETRIEVE,1,5,5,2995316.781072,2995316.781108,2995316.781108
Q:[]
T0 R198:2995316.880784,IMG_SHARPEN,1,8,8,2995316.880819,2995316.880855,2995316.942064
Q:[]
T1 R199:2995316.994781,IMG_REGISTER,1,3,3,2995316.994819,0.000000,0.000000
T0 R200:2995317.079988,IMG_VERTEDGES,1,19,19,2995317.080022,2995317.080057,2995317.186958
Q:[R201,R202,R203,R204]
image saved
T0 R201:2995317.089921,IMG_RETRIEVE,1,17,17,2995317.120041,2995317.186977,2995317.186977
Q:[R202,R203,R204]
T0 R202:2995317.103364,IMG_VERTEDGES,1,10,10,2995317.120050,2995317.187622,2995317.247058
Q:[R203,R204,R205]
image saved
T0 R203:2995317.130314,IMG_RETRIEVE,1,15,15,2995317.130357,2995317.247070,2995317.247070
Q:[R204,R205]
image saved
T0 R204:2995317.151985,IMG_RETRIEVE,1,14,14,2995317.152047,2995317.249147,2995317.249147
Q:[R205]
T0 R205:2995317.234763,IMG_ROT90CLKW,1,17,17,2995317.234803,2995317.249389,2995317.255810
Q:[]
image saved
T0 R206:2995317.325773,IMG_RETRIEVE,1,5,5,2995317.325809,2995317.325844,2995317.325845
Q:[]
image saved
T0 R207:2995317.361346,IMG_RETRIEVE,1,19,19,2995317.361381,2995317.361417,2995317.361417
Q:[]
T0 R208:2995317.427468,IMG_VERTEDGES,1,13,13,2995317.427505,2995317.427541,2995317.447745
Q:[]
T1 R209:2995317.454925,IMG_REGISTER,1,0,0,2995317.454967,0.000000,0.000000
T0 R210:2995317.467291,IMG_BLUR,1,0,0,2995317.467325,2995317.467361,2995317.496211
Q:[]
T0 R211:2995317.553064,IMG_BLUR,1,16,16,2995317.553095,2995317.553131,2995317.567967
Q:[]
T0 R212:2995317.625805,IMG_SHARPEN,1,14,14,2995317.625836,2995317.625874,2995317.645916
Q:[]
T0 R213:2995317.645615,IMG_HORIZEDGES,1,13,13,2995317.645963,2995317.645968,2995317.665802
Q:[]
T0 R214:2995317.679581,IMG_VERTEDGES,1,21,21,2995317.679613,2995317.679647,2995317.749257
Q:[R215]
T0 R215:2995317.691137,IMG_SHARPEN,1,12,12,2995317.720049,2995317.749275,2995317.769562
Q:[R216]
T0 R216:2995317.767703,IMG_ROT90CLKW,1,10,10,2995317.767740,2995317.769575,2995317.775795
Q:[]
T0 R217:2995317.778336,IMG_VERTEDGES,1,1,1,2995317.778369,2995317.778406,2995317.797941
Q:[]
T0 R218:2995317.845260,IMG_ROT90CLKW,1,9,9,2995317.845292,2995317.845328,2995317.849097
Q:[]
T0 R219:2995317.931402,IMG_SHARPEN,1,24,24,2995317.931434,2995317.931469,2995317.951008
Q:[]
T0 R220:2995317.937504,IMG_ROT90CLKW,1,0,0,2995317.951058,2995317.951063,2995317.955021
Q:[R221]
T0 R221:2995317.943968,IMG_ROT90CLKW,1,18,18,2995317.951062,2995317.955033,2995317.957088
Q:[]
T0 R222:2995318.041838,IMG_BLUR,1,24,24,2995318.041870,2995318.041905,2995318.055887
Q:[]
T0 R223:2995318.046103,IMG_SHARPEN,1,5,5,2995318.055937,2995318.055942,2995318.117454
Q:[]
image saved
T0 R224:2995318.128363,IMG_RETRIEVE,1,0,0,2995318.128402,2995318.128438,2995318.128438
Q:[]
image saved
T0 R225:2995318.151470,IMG_RETRIEVE,1,14,14,2995318.151504,2995318.151539,2995318.151539
Q:[]
T0 R226:2995318.170602,IMG_ROT90CLKW,1,18,18,2995318.170636,2995318.170672,2995318.173713
Q:[]
T0 R227:2995318.251771,IMG_HORIZEDGES,1,22,22,2995318.251805,2995318.251840,2995318.322370
Q:[R228,R229,R230]
T0 R228:2995318.252954,IMG_ROT90CLKW,1,5,5,2995318.292049,2995318.322389,2995318.328401
Q:[R229,R230]
T0 R229:2995318.299620,IMG_ROT90CLKW,1,1,1,2995318.299663,2995318.328411,2995318.330565
Q:[R230]
T0 R230:2995318.300835,IMG_SHARPEN,1,3,3,2995318.300878,2995318.330574,2995318.351648
Q:[R231]
T0 R231:2995318.336975,IMG_ROT90CLKW,1,14,14,2995318.337013,2995318.351661,2995318.353686
Q:[]
T0 R232:2995318.410357,IMG_SHARPEN,1,2,2,2995318.410389,2995318.410425,2995318.471700
Q:[R233,R234,R235]
T0 R233:2995318.412077,IMG_VERTEDGES,1,13,13,2995318.451047,2995318.471719,2995318.491806
Q:[R234,R235]
T0 R234:2995318.452069,IMG_VERTEDGES,1,7,7,2995318.452111,2995318.491813,2995318.511552
Q:[R235]
image saved
T0 R235:2995318.464583,IMG_RETRIEVE,1,21,21,2995318.464627,2995318.511558,2995318.511559
Q:[]
T1 R237:2995318.558126,IMG_REGISTER,1,1,1,2995318.558183,0.000000,0.000000
T0 R236:2995318.556287,IMG_ROT90CLKW,1,16,16,2995318.556323,2995318.556359,2995318.558882
Q:[]
T0 R238:2995318.610367,IMG_ROT90CLKW,1,13,13,2995318.610399,2995318.610435,2995318.612514
Q:[]
T1 R241:2995318.624191,IMG_REGISTER,1,0,0,2995318.624251,0.000000,0.000000
T0 R239:2995318.612365,IMG_VERTEDGES,1,11,11,2995318.612563,2995318.612568,2995318.632457
Q:[R240]
T0 R240:2995318.614289,IMG_SHARPEN,1,11,11,2995318.624249,2995318.632465,2995318.652944
Q:[]
T0 R242:2995318.665335,IMG_BLUR,1,15,15,2995318.665368,2995318.665404,2995318.744915
Q:[]
T0 R243:2995318.752160,IMG_SHARPEN,1,13,13,2995318.752204,2995318.752210,2995318.772933
Q:[]
T0 R244:2995318.795735,IMG_ROT90CLKW,1,22,22,2995318.795768,2995318.795805,2995318.804037
Q:[]
T0 R245:2995318.829206,IMG_SHARPEN,1,24,24,2995318.829239,2995318.829274,2995318.848756
Q:[]
T1 R247:2995318.943237,IMG_REGISTER,1,1,1,2995318.943308,0.000000,0.000000
T0 R246:2995318.918583,IMG_HORIZEDGES,1,8,8,2995318.918615,2995318.918651,2995318.977708
Q:[]
T0 R248:2995319.024787,IMG_SHARPEN,1,18,18,2995319.024820,2995319.024855,2995319.044271
Q:[]
T0 R249:2995319.035238,IMG_BLUR,1,20,20,2995319.044321,2995319.044326,2995319.097500
Q:[R250,R251]
T0 R250:2995319.043289,IMG_HORIZEDGES,1,24,24,2995319.044325,2995319.097512,2995319.116683
Q:[R251]
T0 R251:2995319.081647,IMG_VERTEDGES,1,22,22,2995319.085071,2995319.116690,2995319.186191
Q:[R252,R253]
T0 R252:2995319.145426,IMG_SHARPEN,1,18,18,2995319.145463,2995319.186365,2995319.206587
Q:[R253,R254]
T0 R253:2995319.182181,IMG_VERTEDGES,1,19,19,2995319.186047,2995319.206598,2995319.313108
Q:[R254,R255,R256,R257,R258,R259]
image saved
T0 R254:2995319.191782,IMG_RETRIEVE,1,0,0,2995319.191819,2995319.313120,2995319.313120
Q:[R255,R256,R257,R258,R259]
T0 R255:2995319.215865,IMG_SHARPEN,1,10,10,2995319.215903,2995319.313632,2995319.371120
Q:[R256,R257,R258,R259,R260]
T0 R256:2995319.241110,IMG_SHARPEN,1,0,0,2995319.256047,2995319.371135,2995319.410671
Q:[R257,R258,R259,R260,R261]
image saved
T0 R257:2995319.285600,IMG_RETRIEVE,1,19,19,2995319.285643,2995319.410682,2995319.410682
Q:[R258,R259,R260,R261]
T0 R258:2995319.287101,IMG_SHARPEN,1,22,22,2995319.287145,2995319.412950,2995319.484189
Q:[R259,R260,R261,R262]
T1 R264:2995319.490829,IMG_REGISTER,1,2,2,2995319.490888,0.000000,0.000000
T0 R259:2995319.309371,IMG_BLUR,1,15,15,2995319.309415,2995319.484203,2995319.563555
Q:[R260,R261,R262,R263,R265]
T0 R260:2995319.366563,IMG_ROT90CLKW,1,20,20,2995319.366603,2995319.563569,2995319.571464
Q:[R261,R262,R263,R265]
T0 R261:2995319.369287,IMG_SHARPEN,1,16,16,2995319.371169,2995319.571475,2995319.591948
Q:[R262,R263,R265]
T0 R262:2995319.478202,IMG_VERTEDGES,1,19,19,2995319.478246,2995319.591958,2995319.700038
Q:[R263,R265,R266,R267,R268,R269]
T0 R263:2995319.487574,IMG_BLUR,1,24,24,2995319.487613,2995319.700049,2995319.714009
Q:[R265,R266,R267,R268,R269]
T0 R265:2995319.562562,IMG_BLUR,1,13,13,2995319.562601,2995319.714017,2995319.727922
Q:[R266,R267,R268,R269,R270]
T0 R266:2995319.612664,IMG_BLUR,1,12,12,2995319.612703,2995319.727929,2995319.742453
Q:[R267,R268,R269,R270,R271]
image saved
T0 R267:2995319.657122,IMG_RETRIEVE,1,0,0,2995319.657167,2995319.742460,2995319.742460
Q:[R268,R269,R270,R271]
T1 R272:2995319.777920,IMG_REGISTER,1,3,3,2995319.777968,0.000000,0.000000
T0 R268:2995319.660505,IMG_HORIZEDGES,1,8,8,2995319.660548,2995319.742969,2995319.801546
Q:[R269,R270,R271]
T0 R269:2995319.664076,IMG_BLUR,1,8,8,2995319.664119,2995319.801553,2995319.843893
Q:[R270,R271]
T0 R270:2995319.719393,IMG_HORIZEDGES,1,18,18,2995319.719434,2995319.843917,2995319.864448
Q:[R271]
T0 R271:2995319.730222,IMG_BLUR,1,12,12,2995319.730263,2995319.864459,2995319.879315
Q:[R273]
T0 R273:2995319.875140,IMG_ROT90CLKW,1,7,7,2995319.875183,2995319.879326,2995319.880748
Q:[]
T1 R274:2995319.895471,IMG_REGISTER,1,0,0,2995319.895511,0.000000,0.000000
T0 R275:2995319.920190,IMG_VERTEDGES,1,10,10,2995319.920229,2995319.920237,2995319.977142
Q:[R276,R277]
T0 R276:2995319.923022,IMG_BLUR,1,3,3,2995319.961040,2995319.977161,2995319.991207
Q:[R277,R278]
T0 R277:2995319.958973,IMG_ROT90CLKW,1,29,29,2995319.961049,2995319.991219,2995319.997549
Q:[R278]
T1 R279:2995320.013181,IMG_REGISTER,1,1,1,2995320.013219,0.000000,0.000000
T0 R278:2995319.988086,IMG_VERTEDGES,1,29,29,2995319.988125,2995319.997556,2995320.054783
Q:[]
T1 R282:2995320.150206,IMG_REGISTER,1,5,5,2995320.150250,0.000000,0.000000
T0 R280:2995320.105974,IMG_SHARPEN,1,2,2,2995320.106011,2995320.106048,2995320.167084
Q:[R281]
T0 R281:2995320.130095,IMG_VERTEDGES,1,9,9,2995320.146046,2995320.167103,2995320.187667
Q:[R283]
T0 R283:2995320.181289,IMG_BLUR,1,26,26,2995320.181327,2995320.187683,2995320.201976
Q:[R284]
T0 R284:2995320.185791,IMG_VERTEDGES,1,5,5,2995320.187713,2995320.201987,2995320.261958
Q:[R285]
T1 R287:2995320.318289,IMG_REGISTER,1,0,0,2995320.318359,0.000000,0.000000
T0 R285:2995320.236318,IMG_HORIZEDGES,1,22,22,2995320.236333,2995320.261971,2995320.333547
Q:[R286]
T0 R286:2995320.316673,IMG_HORIZEDGES,1,4,4,2995320.316710,2995320.333557,2995320.403770
Q:[]
image saved
T0 R288:2995320.418304,IMG_RETRIEVE,1,25,25,2995320.418336,2995320.418371,2995320.418371
Q:[]
T0 R289:2995320.463341,IMG_ROT90CLKW,1,33,33,2995320.463375,2995320.463412,2995320.465591
Q:[]
T0 R290:2995320.489191,IMG_SHARPEN,1,11,11,2995320.489223,2995320.489258,2995320.510528
Q:[]
T0 R291:2995320.517928,IMG_BLUR,1,11,11,2995320.517960,2995320.517995,2995320.531867
Q:[]
image saved
T0 R292:2995320.569834,IMG_RETRIEVE,1,33,33,2995320.569866,2995320.569903,2995320.569903
Q:[]
T1 R293:2995320.581543,IMG_REGISTER,1,4,4,2995320.581577,0.000000,0.000000
T0 R294:2995320.652084,IMG_HORIZEDGES,1,32,32,2995320.652119,2995320.652155,2995320.671722
Q:[]
T0 R295:2995320.711443,IMG_ROT90CLKW,1,21,21,2995320.711475,2995320.711511,2995320.720576
Q:[]
T0 R296:2995320.735646,IMG_VERTEDGES,1,3,3,2995320.735678,2995320.735714,2995320.756439
Q:[]
image saved
T0 R297:2995320.764474,IMG_RETRIEVE,1,17,17,2995320.764507,2995320.764544,2995320.764545
Q:[]
image saved
T0 R298:2995320.811492,IMG_RETRIEVE,1,31,31,2995320.811526,2995320.811561,2995320.811561
Q:[]
T0 R299:2995320.855688,IMG_SHARPEN,1,9,9,2995320.855722,2995320.855757,2995320.876865
Q:[]
T0 R300:2995320.917685,IMG_BLUR,1,32,32,2995320.917718,2995320.917754,2995320.932580
Q:[]
T0 R301:2995320.954315,IMG_VERTEDGES,1,13,13,2995320.954348,2995320.954383,2995320.973940
Q:[]
T0 R302:2995321.027424,IMG_VERTEDGES,1,31,31,2995321.027456,2995321.027492,2995321.096944
Q:[R303,R304]
T0 R303:2995321.037933,IMG_ROT90CLKW,1,15,15,2995321.068048,2995321.096962,2995321.110463
Q:[R304,R305]
T0 R304:2995321.073665,IMG_ROT90CLKW,1,28,28,2995321.073708,2995321.110474,2995321.122671
Q:[R305,R306]
T1 R307:2995321.136840,IMG_REGISTER,1,5,5,2995321.136876,0.000000,0.000000
T0 R305:2995321.097239,IMG_BLUR,1,6,6,2995321.097284,2995321.122684,2995321.150747
Q:[R306]
T1 R309:2995321.242615,IMG_REGISTER,1,5,5,2995321.242656,0.000000,0.000000
T0 R306:2995321.102361,IMG_HORIZEDGES,1,15,15,2995321.110507,2995321.150754,2995321.257957
Q:[R308]
T1 R310:2995321.285087,IMG_REGISTER,1,3,3,2995321.285129,0.000000,0.000000
T0 R308:2995321.186722,IMG_VERTEDGES,1,0,0,2995321.186759,2995321.257965,2995321.297192
Q:[]
T0 R311:2995321.370150,IMG_BLUR,1,14,14,2995321.370181,2995321.370218,2995321.384909
Q:[]
T0 R312:2995321.440833,IMG_SHARPEN,1,14,14,2995321.440865,2995321.440900,2995321.461578
Q:[]
T0 R313:2995321.455702,IMG_BLUR,1,12,12,2995321.461628,2995321.461633,2995321.476818
Q:[]
T0 R314:2995321.490463,IMG_BLUR,1,4,4,2995321.490495,2995321.490531,2995321.543850
Q:[]
T0 R315:2995321.558331,IMG_VERTEDGES,1,7,7,2995321.558372,2995321.558408,2995321.579449
Q:[]
T1 R317:2995321.628199,IMG_REGISTER,1,2,2,2995321.628252,0.000000,0.000000
T0 R316:2995321.612963,IMG_VERTEDGES,1,29,29,2995321.612994,2995321.613030,2995321.669512
Q:[]
T0 R318:2995321.726368,IMG_ROT90CLKW,1,20,20,2995321.726401,2995321.726437,2995321.736342
Q:[]
T0 R319:2995321.745240,IMG_BLUR,1,2,2,2995321.745273,2995321.745308,2995321.786922
Q:[R320,R321,R322]
T0 R320:2995321.765824,IMG_HORIZEDGES,1,0,0,2995321.786042,2995321.786941,2995321.825295
Q:[R321,R322,R323]
T0 R321:2995321.774298,IMG_HORIZEDGES,1,31,31,2995321.786068,2995321.825308,2995321.894148
Q:[R322,R323,R324]
T0 R322:2995321.786245,IMG_VERTEDGES,1,35,35,2995321.786253,2995321.894164,2995321.913505
Q:[R323,R324,R325,R326]
T0 R323:2995321.808057,IMG_HORIZEDGES,1,13,13,2995321.808094,2995321.913515,2995321.933371
Q:[R324,R325,R326,R327]
T0 R324:2995321.873329,IMG_ROT90CLKW,1,28,28,2995321.873367,2995321.933382,2995321.946376
Q:[R325,R326,R327]
T0 R325:2995321.880136,IMG_SHARPEN,1,38,38,2995321.894192,2995321.946384,2995322.054957
Q:[R326,R327,R328]
T0 R326:2995321.891495,IMG_ROT90CLKW,1,14,14,2995321.894194,2995322.054968,2995322.057128
Q:[R327,R328]
T1 R329:2995322.103182,IMG_REGISTER,1,1,1,2995322.103221,0.000000,0.000000
T0 R327:2995321.930272,IMG_SHARPEN,1,23,23,2995321.930309,2995322.057137,2995322.115497
Q:[R328]
T0 R328:2995322.037337,IMG_ROT90CLKW,1,5,5,2995322.037374,2995322.115504,2995322.121973
Q:[]
T0 R330:2995322.172315,IMG_VERTEDGES,1,5,5,2995322.172347,2995322.172384,2995322.229930
Q:[]
T0 R331:2995322.231101,IMG_ROT90CLKW,1,37,37,2995322.231139,2995322.231174,2995322.237707
Q:[]
image saved
T0 R332:2995322.248427,IMG_RETRIEVE,1,7,7,2995322.248458,2995322.248494,2995322.248494
Q:[]
T1 R334:2995322.274838,IMG_REGISTER,1,4,4,2995322.274893,0.000000,0.000000
T0 R333:2995322.260614,IMG_HORIZEDGES,1,13,13,2995322.260650,2995322.260686,2995322.281103
Q:[]
T0 R335:2995322.331699,IMG_ROT90CLKW,1,17,17,2995322.331731,2995322.331766,2995322.339485
Q:[]
T0 R336:2995322.357671,IMG_ROT90CLKW,1,27,27,2995322.357703,2995322.357739,2995322.367392
Q:[]
image saved
T0 R337:2995322.364767,IMG_RETRIEVE,1,3,3,2995322.367438,2995322.367443,2995322.367443
Q:[]
T0 R338:2995322.379199,IMG_BLUR,1,15,15,2995322.379233,2995322.379268,2995322.457610
Q:[R339,R340]
T1 R341:2995322.462808,IMG_REGISTER,1,3,3,2995322.462850,0.000000,0.000000
T0 R339:2995322.393530,IMG_HORIZEDGES,1,26,26,2995322.420040,2995322.457650,2995322.476358
Q:[R340]
T0 R340:2995322.407561,IMG_VERTEDGES,1,16,16,2995322.420047,2995322.476365,2995322.496041
Q:[]
T1 R342:2995322.522406,IMG_REGISTER,1,1,1,2995322.522444,0.000000,0.000000
T1 R344:2995322.618608,IMG_REGISTER,1,4,4,2995322.618659,0.000000,0.000000
T0 R343:2995322.580295,IMG_VERTEDGES,1,19,19,2995322.580329,2995322.580365,2995322.688877
Q:[R345,R346]
T0 R345:2995322.646455,IMG_VERTEDGES,1,7,7,2995322.646492,2995322.688897,2995322.709079
Q:[R346]
T0 R346:2995322.677037,IMG_BLUR,1,1,1,2995322.687047,2995322.709086,2995322.722992
Q:[]
T1 R347:2995322.744814,IMG_REGISTER,1,1,1,2995322.744855,0.000000,0.000000
T0 R348:2995322.800080,IMG_HORIZEDGES,1,22,22,2995322.800114,2995322.800149,2995322.870115
Q:[R349]
image saved
T0 R349:2995322.825421,IMG_RETRIEVE,1,31,31,2995322.841045,2995322.870133,2995322.870133
Q:[]
T1 R351:2995322.933522,IMG_REGISTER,1,0,0,2995322.933578,0.000000,0.000000
T0 R350:2995322.931696,IMG_BLUR,1,11,11,2995322.931731,2995322.931766,2995322.945841
Q:[]
T1 R353:2995322.954862,IMG_REGISTER,1,3,3,2995322.954917,0.000000,0.000000
T0 R352:2995322.946582,IMG_BLUR,1,24,24,2995322.946614,2995322.946650,2995322.960893
Q:[]
T0 R354:2995322.992178,IMG_SHARPEN,1,46,46,2995322.992213,2995322.992251,2995323.050055
Q:[R355]
T1 R358:2995323.099073,IMG_REGISTER,1,2,2,2995323.099116,0.000000,0.000000
T0 R355:2995323.012739,IMG_SHARPEN,1,2,2,2995323.012777,2995323.050094,2995323.110387
Q:[R356,R357]
T0 R356:2995323.040365,IMG_BLUR,1,34,34,2995323.050105,2995323.110396,2995323.137750
Q:[R357]
T0 R357:2995323.077582,IMG_SHARPEN,1,5,5,2995323.091060,2995323.137756,2995323.201059
Q:[]
T0 R359:2995323.255561,IMG_HORIZEDGES,1,25,25,2995323.255594,2995323.255630,2995323.329727
Q:[]
image saved
T0 R360:2995323.332620,IMG_RETRIEVE,1,13,13,2995323.332658,2995323.332693,2995323.332693
Q:[]
T0 R361:2995323.417406,IMG_VERTEDGES,1,41,41,2995323.417444,2995323.417480,2995323.474235
Q:[]
image saved
T0 R362:2995323.474745,IMG_RETRIEVE,1,1,1,2995323.474786,2995323.474820,2995323.474821
Q:[]
image saved
T0 R363:2995323.486705,IMG_RETRIEVE,1,4,4,2995323.486739,2995323.486774,2995323.486774
Q:[]
T0 R364:2995323.531024,IMG_BLUR,1,41,41,2995323.531061,2995323.531096,2995323.581017
Q:[R365]
T0 R365:2995323.532271,IMG_BLUR,1,21,21,2995323.572056,2995323.581035,2995323.634521
Q:[R366]
image saved
T0 R366:2995323.600805,IMG_RETRIEVE,1,1,1,2995323.600843,2995323.634534,2995323.634534
Q:[]
T1 R367:2995323.646186,IMG_REGISTER,1,4,4,2995323.646228,0.000000,0.000000
T0 R368:2995323.702691,IMG_ROT90CLKW,1,4,4,2995323.702723,2995323.702759,2995323.710255
Q:[]
T1 R369:2995323.887094,IMG_REGISTER,1,5,5,2995323.887132,0.000000,0.000000
T0 R370:2995323.902612,IMG_VERTEDGES,1,31,31,2995323.902645,2995323.902681,2995323.972074
Q:[R371,R372]
T0 R371:2995323.914083,IMG_ROT90CLKW,1,23,23,2995323.943041,2995323.972093,2995323.978398
Q:[R372]
image saved
T0 R372:2995323.930058,IMG_RETRIEVE,1,4,4,2995323.943051,2995323.978405,2995323.978405
Q:[]
T0 R373:2995324.022909,IMG_VERTEDGES,1,42,42,2995324.022945,2995324.022980,2995324.091712
Q:[R374]
T0 R374:2995324.029398,IMG_SHARPEN,1,19,19,2995324.063049,2995324.091730,2995324.204559
Q:[R375,R376,R377]
T1 R379:2995324.226193,IMG_REGISTER,1,0,0,2995324.226249,0.000000,0.000000
T0 R375:2995324.115911,IMG_SHARPEN,1,19,19,2995324.115949,2995324.204571,2995324.317205
Q:[R376,R377,R378,R380,R381]
image saved
T0 R376:2995324.126677,IMG_RETRIEVE,1,26,26,2995324.156046,2995324.317216,2995324.317216
Q:[R377,R378,R380,R381]
T0 R377:2995324.185475,IMG_SHARPEN,1,33,33,2995324.185518,2995324.317449,2995324.337145
Q:[R378,R380,R381]
T0 R378:2995324.205570,IMG_VERTEDGES,1,6,6,2995324.205608,2995324.337152,2995324.373582
Q:[R380,R381,R382]
T1 R383:2995324.376334,IMG_REGISTER,1,4,4,2995324.376373,0.000000,0.000000
T0 R380:2995324.254404,IMG_BLUR,1,37,37,2995324.254442,2995324.373589,2995324.415853
Q:[R381,R382]
T0 R381:2995324.261339,IMG_ROT90CLKW,1,3,3,2995324.295047,2995324.415860,2995324.417894
Q:[R382]
image saved
T0 R382:2995324.344464,IMG_RETRIEVE,1,8,8,2995324.344507,2995324.417904,2995324.417904
Q:[]
T0 R384:2995324.453718,IMG_ROT90CLKW,1,17,17,2995324.453753,2995324.453790,2995324.460273
Q:[]
image saved
T0 R385:2995324.488726,IMG_RETRIEVE,1,33,33,2995324.488760,2995324.488796,2995324.488796
Q:[]
T0 R386:2995324.513206,IMG_BLUR,1,1,1,2995324.513240,2995324.513277,2995324.527321
Q:[]
T0 R387:2995324.550710,IMG_HORIZEDGES,1,24,24,2995324.550743,2995324.550779,2995324.569470
Q:[]
T0 R388:2995324.602458,IMG_ROT90CLKW,1,33,33,2995324.602490,2995324.602525,2995324.605522
Q:[]
T0 R389:2995324.616013,IMG_SHARPEN,1,4,4,2995324.616057,2995324.616093,2995324.690077
Q:[R390,R391]
image saved
T0 R390:2995324.625320,IMG_RETRIEVE,1,12,12,2995324.657064,2995324.690095,2995324.690095
Q:[R391]
T0 R391:2995324.643346,IMG_HORIZEDGES,1,1,1,2995324.657073,2995324.690329,2995324.709384
Q:[R392]
T0 R392:2995324.702217,IMG_SHARPEN,1,24,24,2995324.702257,2995324.709398,2995324.729817
Q:[R393]
T1 R394:2995324.732174,IMG_REGISTER,1,0,0,2995324.732213,0.000000,0.000000
T0 R393:2995324.707445,IMG_BLUR,1,43,43,2995324.709427,2995324.729826,2995324.757034
Q:[]
T0 R395:2995324.769893,IMG_HORIZEDGES,1,48,48,2995324.769928,2995324.769965,2995324.807152
Q:[R396]
T0 R396:2995324.778849,IMG_BLUR,1,34,34,2995324.778886,2995324.807191,2995324.834656
Q:[R397]
T0 R397:2995324.800450,IMG_VERTEDGES,1,40,40,2995324.807202,2995324.834667,2995324.870813
Q:[]
T0 R398:2995324.894930,IMG_VERTEDGES,1,40,40,2995324.894962,2995324.894997,2995324.932022
Q:[]
T1 R401:2995324.954538,IMG_REGISTER,1,3,3,2995324.954592,0.000000,0.000000
T0 R399:2995324.905262,IMG_BLUR,1,22,22,2995324.932070,2995324.932075,2995324.984612
Q:[R400]
T0 R400:2995324.925097,IMG_BLUR,1,48,48,2995324.932074,2995324.984621,2995325.011784
Q:[]
image saved
T0 R402:2995325.109327,IMG_RETRIEVE,1,41,41,2995325.109362,2995325.109398,2995325.109398
Q:[]
T1 R404:2995325.273443,IMG_REGISTER,1,0,0,2995325.273498,0.000000,0.000000
T0 R403:2995325.249279,IMG_VERTEDGES,1,51,51,2995325.249318,2995325.249353,2995325.286669
Q:[]
T0 R405:2995325.330066,IMG_VERTEDGES,1,49,49,2995325.330098,2995325.330133,2995325.349516
Q:[]
T0 R406:2995325.359330,IMG_BLUR,1,10,10,2995325.359362,2995325.359398,2995325.400986
Q:[R407]
T0 R407:2995325.372375,IMG_HORIZEDGES,1,38,38,2995325.400049,2995325.401006,2995325.508708
Q:[R408,R409,R410,R411,R412]
T0 R408:2995325.423957,IMG_ROT90CLKW,1,14,14,2995325.423994,2995325.508720,2995325.510891
Q:[R409,R410,R411,R412]
T0 R409:2995325.442541,IMG_HORIZEDGES,1,49,49,2995325.464046,2995325.510898,2995325.530299
Q:[R410,R411,R412,R413]
T0 R410:2995325.483270,IMG_HORIZEDGES,1,39,39,2995325.483314,2995325.530306,2995325.598787
Q:[R411,R412,R413,R414,R415,R416]
T0 R411:2995325.483539,IMG_ROT90CLKW,1,46,46,2995325.483547,2995325.598797,2995325.604912
Q:[R412,R413,R414,R415,R416]
image saved
T0 R412:2995325.508199,IMG_RETRIEVE,1,40,40,2995325.508242,2995325.604918,2995325.604918
Q:[R413,R414,R415,R416]
T0 R413:2995325.514304,IMG_HORIZEDGES,1,26,26,2995325.514343,2995325.605433,2995325.624254
Q:[R414,R415,R416]
T1 R418:2995325.672359,IMG_REGISTER,1,1,1,2995325.672398,0.000000,0.000000
T0 R414:2995325.541443,IMG_HORIZEDGES,1,37,37,2995325.541482,2995325.624261,2995325.679996
Q:[R415,R416,R417]
image saved
T0 R415:2995325.548621,IMG_RETRIEVE,1,3,3,2995325.548658,2995325.680006,2995325.680006
Q:[R416,R417]
T0 R416:2995325.591936,IMG_SHARPEN,1,42,42,2995325.591979,2995325.680237,2995325.752570
Q:[R417,R419]
T1 R420:2995325.803610,IMG_REGISTER,1,4,4,2995325.803652,0.000000,0.000000
T0 R417:2995325.629731,IMG_VERTEDGES,1,29,29,2995325.629774,2995325.752581,2995325.809351
Q:[R419]
T0 R419:2995325.752443,IMG_ROT90CLKW,1,24,24,2995325.752484,2995325.809358,2995325.811688
Q:[]
T0 R421:2995325.842840,IMG_BLUR,1,23,23,2995325.842873,2995325.842910,2995325.885707
Q:[]
T0 R422:2995325.907131,IMG_BLUR,1,35,35,2995325.907170,2995325.907207,2995325.922341
Q:[]
T0 R423:2995326.040052,IMG_VERTEDGES,1,7,7,2995326.040084,2995326.040119,2995326.060435
Q:[]
T1 R424:2995326.119216,IMG_REGISTER,1,4,4,2995326.119258,0.000000,0.000000
T1 R425:2995326.147594,IMG_REGISTER,1,1,1,2995326.147632,0.000000,0.000000
T0 R426:2995326.201464,IMG_SHARPEN,1,52,52,2995326.201497,2995326.201533,2995326.222313
Q:[]
T0 R427:2995326.223195,IMG_BLUR,1,48,48,2995326.223229,2995326.223263,2995326.252729
Q:[]
T0 R428:2995326.233576,IMG_ROT90CLKW,1,52,52,2995326.252776,2995326.252781,2995326.255156
Q:[]
T0 R429:2995326.261955,IMG_HORIZEDGES,1,3,3,2995326.261988,2995326.262041,2995326.283579
Q:[]
T0 R430:2995326.298241,IMG_HORIZEDGES,1,43,43,2995326.298251,2995326.298288,2995326.336781
Q:[]
T0 R431:2995326.440409,IMG_SHARPEN,1,7,7,2995326.440441,2995326.440476,2995326.461933
Q:[]
image saved
T0 R432:2995326.444969,IMG_RETRIEVE,1,36,36,2995326.461983,2995326.461988,2995326.461988
Q:[R433]
T0 R433:2995326.447050,IMG_HORIZEDGES,1,15,15,2995326.461987,2995326.462242,2995326.567449
Q:[R434,R435]
image saved
T0 R434:2995326.495908,IMG_RETRIEVE,1,36,36,2995326.495948,2995326.567461,2995326.567461
Q:[R435]
image saved
T0 R435:2995326.544779,IMG_RETRIEVE,1,7,7,2995326.544823,2995326.567644,2995326.567644
Q:[]
T1 R436:2995326.598561,IMG_REGISTER,1,0,0,2995326.598601,0.000000,0.000000
T1 R437:2995326.630034,IMG_REGISTER,1,1,1,2995326.630072,0.000000,0.000000
T0 R438:2995326.674765,IMG_BLUR,1,18,18,2995326.674799,2995326.674836,2995326.688830
Q:[]
T0 R439:2995326.689109,IMG_ROT90CLKW,1,48,48,2995326.689144,2995326.689180,2995326.693395
Q:[]
T0 R440:2995326.745858,IMG_SHARPEN,1,1,1,2995326.745891,2995326.745926,2995326.766357
Q:[]
T0 R441:2995326.751099,IMG_HORIZEDGES,1,6,6,2995326.766406,2995326.766411,2995326.802678
Q:[R442]
image saved
T0 R442:2995326.764968,IMG_RETRIEVE,1,33,33,2995326.766410,2995326.802691,2995326.802691
Q:[]
T0 R443:2995326.851454,IMG_SHARPEN,1,6,6,2995326.851489,2995326.851524,2995326.890481
Q:[]
T0 R444:2995326.853796,IMG_SHARPEN,1,11,11,2995326.890531,2995326.890536,2995326.910537
Q:[R445]
T0 R445:2995326.866855,IMG_VERTEDGES,1,22,22,2995326.890535,2995326.910549,2995326.982155
Q:[R446,R447]
T0 R446:2995326.939936,IMG_ROT90CLKW,1,25,25,2995326.939973,2995326.982165,2995326.989908
Q:[R447]
T0 R447:2995326.962233,IMG_HORIZEDGES,1,41,41,2995326.980067,2995326.989915,2995327.045666
Q:[R448,R449]
T1 R451:2995327.060337,IMG_REGISTER,1,0,0,2995327.060394,0.000000,0.000000
T0 R448:2995327.015905,IMG_HORIZEDGES,1,32,32,2995327.015944,2995327.045677,2995327.065042
Q:[R449,R450]
image saved
T0 R449:2995327.042334,IMG_RETRIEVE,1,37,37,2995327.042371,2995327.065049,2995327.065049
Q:[R450]
T0 R450:2995327.058004,IMG_VERTEDGES,1,56,56,2995327.058052,2995327.065771,2995327.102236
Q:[]
T0 R452:2995327.108417,IMG_BLUR,1,21,21,2995327.108451,2995327.108488,2995327.168194
Q:[R453,R454,R455,R456,R457]
T0 R453:2995327.110012,IMG_VERTEDGES,1,37,37,2995327.149040,2995327.168213,2995327.224214
Q:[R454,R455,R456,R457,R458]
T0 R454:2995327.116192,IMG_ROT90CLKW,1,4,4,2995327.149042,2995327.224227,2995327.232220
Q:[R455,R456,R457,R458,R459]
T0 R455:2995327.127208,IMG_HORIZEDGES,1,32,32,2995327.149050,2995327.232231,2995327.252191
Q:[R456,R457,R458,R459]
T0 R456:2995327.152953,IMG_VERTEDGES,1,23,23,2995327.152998,2995327.252198,2995327.309305
Q:[R457,R458,R459]
T0 R457:2995327.160658,IMG_SHARPEN,1,11,11,2995327.160700,2995327.309315,2995327.330340
Q:[R458,R459,R460]
image saved
T0 R458:2995327.208924,IMG_RETRIEVE,1,29,29,2995327.208961,2995327.330351,2995327.330351
Q:[R459,R460]
T0 R459:2995327.230798,IMG_BLUR,1,50,50,2995327.230835,2995327.331110,2995327.345730
Q:[R460]
T0 R460:2995327.318506,IMG_HORIZEDGES,1,55,55,2995327.318544,2995327.345740,2995327.417230
Q:[R461]
T0 R461:2995327.367328,IMG_ROT90CLKW,1,57,57,2995327.367386,2995327.417240,2995327.421214
Q:[]
image saved
T0 R462:2995327.519161,IMG_RETRIEVE,1,46,46,2995327.519200,2995327.519237,2995327.519238
Q:[]
T1 R464:2995327.561817,IMG_REGISTER,1,2,2,2995327.561877,0.000000,0.000000
T0 R463:2995327.561335,IMG_HORIZEDGES,1,42,42,2995327.561370,2995327.561407,2995327.630651
Q:[]
T0 R465:2995327.663829,IMG_ROT90CLKW,1,54,54,2995327.663862,2995327.663897,2995327.666092
Q:[]
T1 R468:2995327.682584,IMG_REGISTER,1,5,5,2995327.682638,0.000000,0.000000
T0 R466:2995327.680173,IMG_BLUR,1,44,44,2995327.680206,2995327.680242,2995327.731555
Q:[R467,R469]
T0 R467:2995327.681342,IMG_ROT90CLKW,1,59,59,2995327.682636,2995327.731576,2995327.734180
Q:[R469]
T0 R469:2995327.713434,IMG_BLUR,1,20,20,2995327.713474,2995327.734187,2995327.788329
Q:[R470,R471]
T1 R474:2995327.811972,IMG_REGISTER,1,5,5,2995327.812025,0.000000,0.000000
T0 R470:2995327.741048,IMG_BLUR,1,46,46,2995327.741087,2995327.788376,2995327.830929
Q:[R471,R472,R473]
image saved
T0 R471:2995327.750864,IMG_RETRIEVE,1,39,39,2995327.750900,2995327.830936,2995327.830936
Q:[R472,R473]
T0 R472:2995327.785883,IMG_SHARPEN,1,44,44,2995327.788391,2995327.831841,2995327.905115
Q:[R473]
T1 R475:2995327.919587,IMG_REGISTER,1,5,5,2995327.919634,0.000000,0.000000
T0 R473:2995327.789008,IMG_HORIZEDGES,1,7,7,2995327.812023,2995327.905127,2995327.925101
Q:[]
T0 R476:2995327.977757,IMG_HORIZEDGES,1,38,38,2995327.977789,2995327.977825,2995328.086148
Q:[R477,R478]
T1 R479:2995328.149414,IMG_REGISTER,1,2,2,2995328.149458,0.000000,0.000000
T0 R477:2995328.032192,IMG_SHARPEN,1,20,20,2995328.032239,2995328.086169,2995328.158397
Q:[R478]
image saved
T0 R478:2995328.062487,IMG_RETRIEVE,1,30,30,2995328.062531,2995328.158406,2995328.158406
Q:[]
T0 R480:2995328.230342,IMG_ROT90CLKW,1,1,1,2995328.230376,2995328.230413,2995328.232999
Q:[]
T0 R481:2995328.238340,IMG_BLUR,1,40,40,2995328.238373,2995328.238408,2995328.267111
Q:[]
T0 R482:2995328.269994,IMG_HORIZEDGES,1,8,8,2995328.270027,2995328.270063,2995328.329347
Q:[R483,R484,R485]
T0 R483:2995328.296336,IMG_SHARPEN,1,39,39,2995328.310040,2995328.329367,2995328.401309
Q:[R484,R485,R486,R487,R488,R489,R490]
T0 R484:2995328.298372,IMG_BLUR,1,65,65,2995328.310050,2995328.401321,2995328.415804
Q:[R485,R486,R487,R488,R489,R490]
image saved
T0 R485:2995328.311280,IMG_RETRIEVE,1,46,46,2995328.311323,2995328.415813,2995328.415813
Q:[R486,R487,R488,R489,R490]
T0 R486:2995328.342950,IMG_ROT90CLKW,1,49,49,2995328.342989,2995328.416593,2995328.418938
Q:[R487,R488,R489,R490]
T0 R487:2995328.364360,IMG_SHARPEN,1,52,52,2995328.383047,2995328.418946,2995328.439323
Q:[R488,R489,R490]
T0 R488:2995328.368212,IMG_BLUR,1,9,9,2995328.383049,2995328.439329,2995328.453239
Q:[R489,R490,R491]
T0 R489:2995328.379346,IMG_SHARPEN,1,62,62,2995328.383057,2995328.453248,2995328.562926
Q:[R490,R491,R492,R493,R494,R495]
T0 R490:2995328.401135,IMG_ROT90CLKW,1,42,42,2995328.401178,2995328.562937,2995328.570905
Q:[R491,R492,R493,R494,R495]
T0 R491:2995328.451403,IMG_HORIZEDGES,1,60,60,2995328.451446,2995328.570913,2995328.639826
Q:[R492,R493,R494,R495]
T0 R492:2995328.473564,IMG_VERTEDGES,1,21,21,2995328.473603,2995328.639837,2995328.710478
Q:[R493,R494,R495]
T0 R493:2995328.475428,IMG_ROT90CLKW,1,21,21,2995328.475466,2995328.710491,2995328.717902
Q:[R494,R495]
image saved
T0 R494:2995328.477064,IMG_RETRIEVE,1,15,15,2995328.516039,2995328.717912,2995328.717912
Q:[R495]
T0 R495:2995328.498876,IMG_SHARPEN,1,14,14,2995328.516049,2995328.720246,2995328.742341
Q:[]
T1 R496:2995328.785434,IMG_REGISTER,1,0,0,2995328.785471,0.000000,0.000000
T0 R497:2995328.959541,IMG_ROT90CLKW,1,65,65,2995328.959575,2995328.959611,2995328.961966
Q:[]
T1 R498:2995328.982243,IMG_REGISTER,1,0,0,2995328.982301,0.000000,0.000000
T1 R499:2995329.019816,IMG_REGISTER,1,0,0,2995329.019856,0.000000,0.000000
T1 R500:2995329.058831,IMG_REGISTER,1,0,0,2995329.058870,0.000000,0.000000
T0 R501:2995329.074691,IMG_BLUR,1,14,14,2995329.074724,2995329.074760,2995329.088635
Q:[]
T0 R502:2995329.095920,IMG_ROT90CLKW,1,20,20,2995329.095956,2995329.095991,2995329.103587
Q:[]
T0 R503:2995329.106169,IMG_HORIZEDGES,1,50,50,2995329.106201,2995329.106236,2995329.125121
Q:[]
T0 R504:2995329.135946,IMG_HORIZEDGES,1,20,20,2995329.135978,2995329.136014,2995329.204898
Q:[]
image saved
T0 R505:2995329.233748,IMG_RETRIEVE,1,31,31,2995329.233786,2995329.233823,2995329.233823
Q:[]
T0 R506:2995329.278331,IMG_ROT90CLKW,1,57,57,2995329.278364,2995329.278400,2995329.282988
Q:[]
T1 R507:2995329.291578,IMG_REGISTER,1,5,5,2995329.291616,0.000000,0.000000
T0 R508:2995329.382697,IMG_SHARPEN,1,27,27,2995329.382731,2995329.382769,2995329.453958
Q:[R509,R510,R511]
T0 R509:2995329.414020,IMG_ROT90CLKW,1,36,36,2995329.423052,2995329.453977,2995329.456215
Q:[R510,R511]
T0 R510:2995329.429009,IMG_HORIZEDGES,1,65,65,2995329.429052,2995329.456225,2995329.475475
Q:[R511,R512]
T0 R511:2995329.452475,IMG_HORIZEDGES,1,45,45,2995329.452524,2995329.475490,2995329.494508
Q:[R512,R513]
T0 R512:2995329.462156,IMG_ROT90CLKW,1,9,9,2995329.462193,2995329.494518,2995329.496551
Q:[R513]
T0 R513:2995329.470232,IMG_ROT90CLKW,1,16,16,2995329.475521,2995329.496558,2995329.498005
Q:[]
T0 R514:2995329.564483,IMG_VERTEDGES,1,17,17,2995329.564516,2995329.564552,2995329.622398
Q:[R515,R516]
T0 R515:2995329.586831,IMG_HORIZEDGES,1,28,28,2995329.605065,2995329.622417,2995329.727575
Q:[R516,R517,R518,R519]
T0 R516:2995329.593405,IMG_VERTEDGES,1,15,15,2995329.605075,2995329.727589,2995329.832635
Q:[R517,R518,R519,R520,R521,R522]
image saved
T0 R517:2995329.626154,IMG_RETRIEVE,1,2,2,2995329.626191,2995329.832647,2995329.832647
Q:[R518,R519,R520,R521,R522]
T0 R518:2995329.638155,IMG_BLUR,1,48,48,2995329.667039,2995329.833644,2995329.861566
Q:[R519,R520,R521,R522]
T0 R519:2995329.650911,IMG_HORIZEDGES,1,48,48,2995329.667049,2995329.861576,2995329.898128
Q:[R520,R521,R522,R523]
T0 R520:2995329.755498,IMG_ROT90CLKW,1,19,19,2995329.755542,2995329.898138,2995329.909840
Q:[R521,R522,R523]
image saved
T0 R521:2995329.795385,IMG_RETRIEVE,1,4,4,2995329.795430,2995329.909847,2995329.909848
Q:[R522,R523]
T0 R522:2995329.801401,IMG_ROT90CLKW,1,69,69,2995329.801446,2995329.910852,2995329.913022
Q:[R523]
T0 R523:2995329.868861,IMG_ROT90CLKW,1,30,30,2995329.868901,2995329.913029,2995329.915164
Q:[]
image saved
T0 R524:2995329.954088,IMG_RETRIEVE,1,51,51,2995329.954124,2995329.954160,2995329.954160
Q:[]
T0 R525:2995329.976977,IMG_ROT90CLKW,1,21,21,2995329.977012,2995329.977047,2995329.984865
Q:[]
T0 R526:2995329.980455,IMG_ROT90CLKW,1,62,62,2995329.984914,2995329.984919,2995329.997950
Q:[]
T1 R527:2995330.076456,IMG_REGISTER,1,2,2,2995330.076496,0.000000,0.000000
T0 R528:2995330.170752,IMG_SHARPEN,1,6,6,2995330.170785,2995330.170821,2995330.209947
Q:[]
T0 R529:2995330.192797,IMG_HORIZEDGES,1,51,51,2995330.209997,2995330.210005,2995330.246301
Q:[R530]
image saved
T0 R530:2995330.200768,IMG_RETRIEVE,1,47,47,2995330.210006,2995330.246316,2995330.246316
Q:[]
T0 R531:2995330.213723,IMG_SHARPEN,1,66,66,2995330.247938,2995330.247944,2995330.357783
Q:[R532,R533,R534]
T0 R532:2995330.313691,IMG_HORIZEDGES,1,29,29,2995330.313734,2995330.357797,2995330.415734
Q:[R533,R534]
T0 R533:2995330.337575,IMG_HORIZEDGES,1,53,53,2995330.354062,2995330.415746,2995330.471585
Q:[R534,R535]
T0 R534:2995330.350762,IMG_ROT90CLKW,1,3,3,2995330.354089,2995330.471597,2995330.474079
Q:[R535]
T0 R535:2995330.465362,IMG_VERTEDGES,1,51,51,2995330.465399,2995330.474089,2995330.512196
Q:[R536]
T0 R536:2995330.481395,IMG_VERTEDGES,1,72,72,2995330.481433,2995330.512207,2995330.619913
Q:[R537,R538]
image saved
T0 R537:2995330.543433,IMG_RETRIEVE,1,6,6,2995330.543471,2995330.619923,2995330.619923
Q:[R538]
image saved
T0 R538:2995330.581821,IMG_RETRIEVE,1,51,51,2995330.584047,2995330.620471,2995330.620472
Q:[]
T1 R541:2995330.726591,IMG_REGISTER,1,0,0,2995330.726635,0.000000,0.000000
T0 R539:2995330.666051,IMG_SHARPEN,1,58,58,2995330.666092,2995330.666130,2995330.739714
Q:[R540]
T1 R543:2995330.748467,IMG_REGISTER,1,2,2,2995330.748519,0.000000,0.000000
T0 R540:2995330.723429,IMG_SHARPEN,1,43,43,2995330.723475,2995330.739732,2995330.778131
Q:[R542]
T0 R542:2995330.742645,IMG_VERTEDGES,1,6,6,2995330.742683,2995330.778139,2995330.816055
Q:[]
T0 R544:2995330.834977,IMG_ROT90CLKW,1,66,66,2995330.835010,2995330.835045,2995330.848054
Q:[]
T0 R545:2995330.901221,IMG_SHARPEN,1,40,40,2995330.901254,2995330.901289,2995330.938772
Q:[]
T0 R546:2995331.004032,IMG_HORIZEDGES,1,32,32,2995331.004071,2995331.004110,2995331.024595
Q:[]
T0 R547:2995331.074878,IMG_VERTEDGES,1,43,43,2995331.074910,2995331.074946,2995331.111804
Q:[]
T0 R548:2995331.085264,IMG_SHARPEN,1,55,55,2995331.111854,2995331.111859,2995331.183035
Q:[R549,R550]
T0 R549:2995331.103279,IMG_VERTEDGES,1,13,13,2995331.111858,2995331.183046,2995331.203645
Q:[R550]
image saved
T0 R550:2995331.138101,IMG_RETRIEVE,1,19,19,2995331.152050,2995331.203652,2995331.203652
Q:[]
T1 R551:2995331.269640,IMG_REGISTER,1,0,0,2995331.269683,0.000000,0.000000
T0 R552:2995331.365321,IMG_ROT90CLKW,1,73,73,2995331.365356,2995331.365392,2995331.367709
Q:[]
T0 R553:2995331.423025,IMG_ROT90CLKW,1,72,72,2995331.423059,2995331.423094,2995331.436137
Q:[]
T1 R556:2995331.496842,IMG_REGISTER,1,1,1,2995331.496884,0.000000,0.000000
T0 R554:2995331.444213,IMG_SHARPEN,1,47,47,2995331.444245,2995331.444280,2995331.552387
Q:[R555]
T0 R555:2995331.479251,IMG_HORIZEDGES,1,63,63,2995331.485049,2995331.552732,2995331.572087
Q:[]
image saved
T0 R557:2995331.602915,IMG_RETRIEVE,1,3,3,2995331.602948,2995331.602985,2995331.602985
Q:[]
T0 R558:2995331.682492,IMG_VERTEDGES,1,20,20,2995331.682526,2995331.682562,2995331.753814
Q:[R559,R560]
T0 R559:2995331.688520,IMG_BLUR,1,37,37,2995331.723042,2995331.753832,2995331.802834
Q:[R560,R561]
T0 R560:2995331.692088,IMG_HORIZEDGES,1,43,43,2995331.723052,2995331.802847,2995331.839632
Q:[R561]
T0 R561:2995331.781218,IMG_HORIZEDGES,1,34,34,2995331.781255,2995331.839642,2995331.876379
Q:[]
T0 R562:2995331.904697,IMG_HORIZEDGES,1,34,34,2995331.904729,2995331.904766,2995331.941733
Q:[]
T0 R563:2995331.910748,IMG_VERTEDGES,1,14,14,2995331.941783,2995331.941788,2995331.961042
Q:[R564]
T0 R564:2995331.911217,IMG_BLUR,1,46,46,2995331.941787,2995331.961057,2995332.002475
Q:[R565]
T1 R566:2995332.006792,IMG_REGISTER,1,2,2,2995332.006832,0.000000,0.000000
T0 R565:2995331.973607,IMG_ROT90CLKW,1,44,44,2995331.973646,2995332.002486,2995332.010531
Q:[]
T0 R567:2995332.118803,IMG_HORIZEDGES,1,57,57,2995332.118837,2995332.118872,2995332.155728
Q:[]
image saved
T0 R568:2995332.120343,IMG_RETRIEVE,1,32,32,2995332.155778,2995332.155783,2995332.155783
Q:[R569,R570,R571,R572]
T0 R569:2995332.127933,IMG_BLUR,1,7,7,2995332.155782,2995332.156044,2995332.170513
Q:[R570,R571,R572]
image saved
T0 R570:2995332.128972,IMG_RETRIEVE,1,0,0,2995332.155782,2995332.170520,2995332.170520
Q:[R571,R572]
T1 R575:2995332.226561,IMG_REGISTER,1,3,3,2995332.226618,0.000000,0.000000
T0 R571:2995332.143194,IMG_BLUR,1,15,15,2995332.155783,2995332.171091,2995332.250247
Q:[R572,R573,R574]
T0 R572:2995332.152516,IMG_VERTEDGES,1,60,60,2995332.155793,2995332.250255,2995332.319729
Q:[R573,R574]
T0 R573:2995332.213576,IMG_ROT90CLKW,1,43,43,2995332.213616,2995332.319740,2995332.323725
Q:[R574]
T0 R574:2995332.225251,IMG_VERTEDGES,1,8,8,2995332.226615,2995332.323735,2995332.381212
Q:[R576]
T0 R576:2995332.350799,IMG_ROT90CLKW,1,48,48,2995332.350837,2995332.381222,2995332.385170
Q:[]
T1 R577:2995332.438371,IMG_REGISTER,1,1,1,2995332.438410,0.000000,0.000000
T1 R578:2995332.562003,IMG_REGISTER,1,2,2,2995332.562042,0.000000,0.000000
image saved
T0 R579:2995332.633795,IMG_RETRIEVE,1,71,71,2995332.633831,2995332.633869,2995332.633870
Q:[]
T0 R580:2995332.645964,IMG_ROT90CLKW,1,52,52,2995332.646004,2995332.646040,2995332.648839
Q:[]
T0 R581:2995332.656530,IMG_ROT90CLKW,1,1,1,2995332.656568,2995332.656605,2995332.660068
Q:[]
image saved
T0 R582:2995332.700012,IMG_RETRIEVE,1,26,26,2995332.700043,2995332.700080,2995332.700080
Q:[]
T0 R583:2995332.713854,IMG_SHARPEN,1,13,13,2995332.713890,2995332.713926,2995332.735078
Q:[]
image saved
T0 R584:2995332.801390,IMG_RETRIEVE,1,11,11,2995332.801423,2995332.801458,2995332.801458
Q:[]
T0 R585:2995332.910965,IMG_SHARPEN,1,7,7,2995332.910998,2995332.911034,2995332.932411
Q:[]
T0 R586:2995332.914306,IMG_ROT90CLKW,1,31,31,2995332.932461,2995332.932466,2995332.940616
Q:[]
T0 R587:2995332.958614,IMG_VERTEDGES,1,64,64,2995332.958646,2995332.958682,2995332.978010
Q:[]
T0 R588:2995333.002378,IMG_VERTEDGES,1,55,55,2995333.002411,2995333.002446,2995333.072348
Q:[]
T0 R589:2995333.156442,IMG_HORIZEDGES,1,54,54,2995333.156479,2995333.156515,2995333.175554
Q:[]
T0 R590:2995333.194189,IMG_HORIZEDGES,1,66,66,2995333.194221,2995333.194256,2995333.300491
Q:[R591,R592]
T0 R591:2995333.269323,IMG_ROT90CLKW,1,12,12,2995333.269366,2995333.300532,2995333.303085
Q:[R592]
image saved
T0 R592:2995333.297699,IMG_RETRIEVE,1,79,79,2995333.297743,2995333.303092,2995333.303092
Q:[]
T1 R593:2995333.347711,IMG_REGISTER,1,4,4,2995333.347753,0.000000,0.000000
T0 R594:2995333.387654,IMG_HORIZEDGES,1,41,41,2995333.387688,2995333.387723,2995333.444119
Q:[R595]
T1 R598:2995333.480367,IMG_REGISTER,1,5,5,2995333.480421,0.000000,0.000000
T0 R595:2995333.432020,IMG_VERTEDGES,1,51,51,2995333.432063,2995333.444138,2995333.480907
Q:[R596,R597]
T0 R596:2995333.457189,IMG_HORIZEDGES,1,77,77,2995333.457226,2995333.480915,2995333.585835
Q:[R597,R599,R600,R601]
T0 R597:2995333.475163,IMG_SHARPEN,1,61,61,2995333.480419,2995333.585846,2995333.605646
Q:[R599,R600,R601,R602]
image saved
T0 R599:2995333.539792,IMG_RETRIEVE,1,75,75,2995333.539829,2995333.605659,2995333.605659
Q:[R600,R601,R602]
T0 R600:2995333.560441,IMG_BLUR,1,76,76,2995333.580039,2995333.605887,2995333.658330
Q:[R601,R602,R603]
T0 R601:2995333.571643,IMG_SHARPEN,1,62,62,2995333.580048,2995333.658345,2995333.772172
Q:[R602,R603,R604,R605,R606]
image saved
T0 R602:2995333.600289,IMG_RETRIEVE,1,74,74,2995333.600329,2995333.772184,2995333.772184
Q:[R603,R604,R605,R606]
T0 R603:2995333.629147,IMG_VERTEDGES,1,28,28,2995333.629186,2995333.774313,2995333.877685
Q:[R604,R605,R606,R607]
T0 R604:2995333.633915,IMG_ROT90CLKW,1,51,51,2995333.658374,2995333.877698,2995333.881925
Q:[R605,R606,R607]
T0 R605:2995333.659344,IMG_ROT90CLKW,1,13,13,2995333.699073,2995333.881932,2995333.884109
Q:[R606,R607]
T0 R606:2995333.716269,IMG_ROT90CLKW,1,63,63,2995333.716313,2995333.884115,2995333.886313
Q:[R607]
T1 R608:2995333.887016,IMG_REGISTER,1,3,3,2995333.887056,0.000000,0.000000
T0 R607:2995333.839133,IMG_SHARPEN,1,4,4,2995333.839182,2995333.886319,2995333.958647
Q:[R609]
image saved
T0 R609:2995333.931908,IMG_RETRIEVE,1,11,11,2995333.931946,2995333.958661,2995333.958661
Q:[]
T0 R610:2995333.958568,IMG_VERTEDGES,1,34,34,2995333.958914,2995333.958916,2995333.995595
Q:[]
image saved
T0 R611:2995333.997457,IMG_RETRIEVE,1,70,70,2995333.997491,2995333.997527,2995333.997527
Q:[]
image saved
T0 R612:2995334.093337,IMG_RETRIEVE,1,62,62,2995334.093370,2995334.093405,2995334.093405
Q:[]
T1 R613:2995334.160297,IMG_REGISTER,1,5,5,2995334.160338,0.000000,0.000000
T0 R614:2995334.185680,IMG_ROT90CLKW,1,66,66,2995334.185713,2995334.185750,2995334.198812
Q:[]
T1 R618:2995334.317164,IMG_REGISTER,1,0,0,2995334.317216,0.000000,0.000000
T0 R615:2995334.229269,IMG_SHARPEN,1,15,15,2995334.229302,2995334.229337,2995334.338568
Q:[R616,R617]
T0 R616:2995334.236887,IMG_VERTEDGES,1,75,75,2995334.270070,2995334.338580,2995334.357273
Q:[R617]
T0 R617:2995334.300059,IMG_VERTEDGES,1,45,45,2995334.300102,2995334.357279,2995334.376161
Q:[R619]
T0 R619:2995334.358635,IMG_ROT90CLKW,1,20,20,2995334.358673,2995334.376180,2995334.384447
Q:[R620]
T0 R620:2995334.375998,IMG_SHARPEN,1,14,14,2995334.376210,2995334.384457,2995334.405637
Q:[R621]
T0 R621:2995334.400938,IMG_ROT90CLKW,1,43,43,2995334.400975,2995334.405648,2995334.410068
Q:[]
T0 R622:2995334.463635,IMG_BLUR,1,81,81,2995334.463666,2995334.463702,2995334.491212
Q:[]
T0 R623:2995334.558155,IMG_HORIZEDGES,1,84,84,2995334.558188,2995334.558223,2995334.577658
Q:[]
T0 R624:2995334.580960,IMG_HORIZEDGES,1,68,68,2995334.580992,2995334.581027,2995334.600065
Q:[]
T0 R625:2995334.662496,IMG_SHARPEN,1,62,62,2995334.662528,2995334.662564,2995334.777138
Q:[R626,R627]
T0 R626:2995334.751563,IMG_ROT90CLKW,1,19,19,2995334.751606,2995334.777156,2995334.788352
Q:[R627]
T1 R628:2995334.803447,IMG_REGISTER,1,1,1,2995334.803484,0.000000,0.000000
T0 R627:2995334.754271,IMG_HORIZEDGES,1,52,52,2995334.754315,2995334.788362,2995334.808048
Q:[]
T0 R629:2995334.852739,IMG_BLUR,1,55,55,2995334.852771,2995334.852807,2995334.905084
Q:[]
image saved
T0 R630:2995335.001161,IMG_RETRIEVE,1,68,68,2995335.001200,2995335.001235,2995335.001236
Q:[]
T0 R631:2995335.045075,IMG_HORIZEDGES,1,41,41,2995335.045107,2995335.045143,2995335.100866
Q:[R632,R633]
T0 R632:2995335.082240,IMG_BLUR,1,64,64,2995335.086046,2995335.100883,2995335.115511
Q:[R633]
T0 R633:2995335.098422,IMG_SHARPEN,1,83,83,2995335.098465,2995335.115521,2995335.174273
Q:[R634]
image saved
T0 R634:2995335.118286,IMG_RETRIEVE,1,24,24,2995335.118342,2995335.174283,2995335.174283
Q:[]
T0 R635:2995335.327897,IMG_SHARPEN,1,32,32,2995335.327930,2995335.327966,2995335.348285
Q:[]
T0 R636:2995335.355726,IMG_ROT90CLKW,1,62,62,2995335.355758,2995335.355794,2995335.367751
Q:[]
T0 R637:2995335.473801,IMG_ROT90CLKW,1,20,20,2995335.473833,2995335.473868,2995335.481334
Q:[]
T0 R638:2995335.478539,IMG_HORIZEDGES,1,49,49,2995335.481380,2995335.481385,2995335.500679
Q:[]
T0 R639:2995335.534285,IMG_VERTEDGES,1,13,13,2995335.534319,2995335.534354,2995335.554346
Q:[]
image saved
T0 R640:2995335.544705,IMG_RETRIEVE,1,46,46,2995335.554397,2995335.554402,2995335.554402
Q:[R641]
T0 R641:2995335.546465,IMG_SHARPEN,1,70,70,2995335.554401,2995335.555201,2995335.574567
Q:[]
T0 R642:2995335.609673,IMG_SHARPEN,1,21,21,2995335.609707,2995335.609744,2995335.681476
Q:[R643,R644,R645]
T0 R643:2995335.640846,IMG_SHARPEN,1,84,84,2995335.650069,2995335.681494,2995335.701957
Q:[R644,R645]
T1 R646:2995335.709327,IMG_REGISTER,1,0,0,2995335.709365,0.000000,0.000000
T1 R648:2995335.753167,IMG_REGISTER,1,4,4,2995335.753217,0.000000,0.000000
T0 R644:2995335.656168,IMG_VERTEDGES,1,10,10,2995335.656211,2995335.701964,2995335.760823
Q:[R645,R647]
T0 R645:2995335.676921,IMG_ROT90CLKW,1,23,23,2995335.676965,2995335.760830,2995335.767693
Q:[R647]
T0 R647:2995335.723361,IMG_VERTEDGES,1,40,40,2995335.723400,2995335.767699,2995335.805500
Q:[]
T1 R649:2995335.811118,IMG_REGISTER,1,5,5,2995335.811162,0.000000,0.000000
T0 R650:2995335.881084,IMG_VERTEDGES,1,12,12,2995335.881117,2995335.881152,2995335.900363
Q:[]
T0 R651:2995335.904718,IMG_HORIZEDGES,1,76,76,2995335.904749,2995335.904785,2995335.975690
Q:[R652]
T1 R656:2995335.993007,IMG_REGISTER,1,5,5,2995335.993061,0.000000,0.000000
T1 R658:2995336.052787,IMG_REGISTER,1,4,4,2995336.052835,0.000000,0.000000
T0 R652:2995335.913605,IMG_HORIZEDGES,1,74,74,2995335.945072,2995335.975709,2995336.082693
Q:[R653,R654,R655,R657,R659]
T0 R653:2995335.976604,IMG_BLUR,1,4,4,2995335.976643,2995336.082709,2995336.134318
Q:[R654,R655,R657,R659,R660]
image saved
T0 R654:2995335.988213,IMG_RETRIEVE,1,26,26,2995335.993057,2995336.134329,2995336.134329
Q:[R655,R657,R659,R660]
T1 R664:2995336.214219,IMG_REGISTER,1,1,1,2995336.214264,0.000000,0.000000
T0 R655:2995335.990440,IMG_VERTEDGES,1,62,62,2995335.993060,2995336.134570,2995336.245762
Q:[R657,R659,R660,R661,R662,R663]
T1 R665:2995336.268427,IMG_REGISTER,1,1,1,2995336.268472,0.000000,0.000000
T0 R657:2995336.014781,IMG_SHARPEN,1,47,47,2995336.014820,2995336.245773,2995336.359140
Q:[R659,R660,R661,R662,R663,R666]
T0 R659:2995336.081236,IMG_BLUR,1,43,43,2995336.081277,2995336.359159,2995336.387589
Q:[R660,R661,R662,R663,R666,R667,R668,R669]
T0 R660:2995336.126934,IMG_SHARPEN,1,37,37,2995336.126973,2995336.387601,2995336.445731
Q:[R661,R662,R663,R666,R667,R668,R669,R670]
T0 R661:2995336.152016,IMG_ROT90CLKW,1,18,18,2995336.152056,2995336.445742,2995336.448062
Q:[R662,R663,R666,R667,R668,R669,R670]
image saved
T0 R662:2995336.159715,IMG_RETRIEVE,1,79,79,2995336.193064,2995336.448069,2995336.448069
Q:[R663,R666,R667,R668,R669,R670]
T0 R663:2995336.179652,IMG_VERTEDGES,1,6,6,2995336.193073,2995336.448898,2995336.486202
Q:[R666,R667,R668,R669,R670]
T0 R666:2995336.322130,IMG_HORIZEDGES,1,11,11,2995336.322170,2995336.486212,2995336.505948
Q:[R667,R668,R669,R670,R671]
T1 R676:2995336.543230,IMG_REGISTER,1,0,0,2995336.543293,0.000000,0.000000
T0 R667:2995336.329273,IMG_BLUR,1,92,92,2995336.359190,2995336.505962,2995336.557492
Q:[R668,R669,R670,R671,R672,R673,R674,R675,R677]
T0 R668:2995336.332275,IMG_ROT90CLKW,1,92,92,2995336.359192,2995336.557504,2995336.567152
Q:[R669,R670,R671,R672,R673,R674,R675,R677]
T0 R669:2995336.333884,IMG_VERTEDGES,1,14,14,2995336.359193,2995336.567160,2995336.588085
Q:[R670,R671,R672,R673,R674,R675,R677]
T0 R670:2995336.406850,IMG_VERTEDGES,1,42,42,2995336.406889,2995336.588092,2995336.657051
Q:[R671,R672,R673,R674,R675,R677,R678,R679]
T0 R671:2995336.492117,IMG_SHARPEN,1,5,5,2995336.492157,2995336.657085,2995336.719626
Q:[R672,R673,R674,R675,R677,R678,R679]
T0 R672:2995336.494396,IMG_BLUR,1,7,7,2995336.505991,2995336.719636,2995336.734063
Q:[R673,R674,R675,R677,R678,R679]
image saved
T0 R673:2995336.506482,IMG_RETRIEVE,1,78,78,2995336.543290,2995336.734073,2995336.734073
Q:[R674,R675,R677,R678,R679]
image saved
T0 R674:2995336.513889,IMG_RETRIEVE,1,50,50,2995336.543292,2995336.734787,2995336.734787
Q:[R675,R677,R678,R679]
T0 R675:2995336.518140,IMG_SHARPEN,1,4,4,2995336.543292,2995336.734984,2995336.808797
Q:[R677,R678,R679,R680]
T1 R682:2995336.840700,IMG_REGISTER,1,1,1,2995336.840753,0.000000,0.000000
T0 R677:2995336.556600,IMG_SHARPEN,1,37,37,2995336.556639,2995336.808811,2995336.866114
Q:[R678,R679,R680,R681]
T0 R678:2995336.599784,IMG_BLUR,1,6,6,2995336.599822,2995336.866123,2995336.894241
Q:[R679,R680,R681]
T0 R679:2995336.605308,IMG_SHARPEN,1,70,70,2995336.640047,2995336.894251,2995336.914625
Q:[R680,R681,R683]
image saved
T0 R680:2995336.783173,IMG_RETRIEVE,1,51,51,2995336.783214,2995336.914636,2995336.914636
Q:[R681,R683]
T0 R681:2995336.784272,IMG_ROT90CLKW,1,75,75,2995336.808840,2995336.915061,2995336.917097
Q:[R683]
T0 R683:2995336.913119,IMG_VERTEDGES,1,72,72,2995336.913157,2995336.917103,2995337.021365
Q:[R684,R685]
image saved
T0 R684:2995336.937435,IMG_RETRIEVE,1,16,16,2995336.937477,2995337.021376,2995337.021376
Q:[R685]
T0 R685:2995336.991671,IMG_BLUR,1,94,94,2995336.991709,2995337.021609,2995337.035705
Q:[R686]
T1 R687:2995337.079010,IMG_REGISTER,1,0,0,2995337.079048,0.000000,0.000000
T0 R686:2995337.033563,IMG_SHARPEN,1,77,77,2995337.033603,2995337.035716,2995337.143487
Q:[R688]
T1 R694:2995337.170003,IMG_REGISTER,1,2,2,2995337.170058,0.000000,0.000000
T0 R688:2995337.104658,IMG_HORIZEDGES,1,20,20,2995337.104696,2995337.143499,2995337.213278
Q:[R689,R690,R691,R692,R693]
T0 R689:2995337.108719,IMG_ROT90CLKW,1,9,9,2995337.143530,2995337.213291,2995337.215478
Q:[R690,R691,R692,R693]
T0 R690:2995337.116042,IMG_VERTEDGES,1,89,89,2995337.143532,2995337.215486,2995337.234681
Q:[R691,R692,R693]
T0 R691:2995337.129528,IMG_BLUR,1,48,48,2995337.143533,2995337.234688,2995337.262035
Q:[R692,R693]
T0 R692:2995337.131237,IMG_SHARPEN,1,84,84,2995337.143534,2995337.262045,2995337.281901
Q:[R693]
image saved
T0 R693:2995337.158220,IMG_RETRIEVE,1,84,84,2995337.170056,2995337.281910,2995337.281910
Q:[]
T0 R695:2995337.323943,IMG_BLUR,1,10,10,2995337.323978,2995337.324014,2995337.365751
Q:[R696]
T1 R698:2995337.431914,IMG_REGISTER,1,2,2,2995337.431970,0.000000,0.000000
T0 R696:2995337.361326,IMG_HORIZEDGES,1,76,76,2995337.364048,2995337.365770,2995337.435706
Q:[R697]
T0 R697:2995337.412321,IMG_BLUR,1,5,5,2995337.412358,2995337.435715,2995337.477255
Q:[]
T1 R699:2995337.544038,IMG_REGISTER,1,4,4,2995337.544077,0.000000,0.000000
T0 R700:2995337.609919,IMG_VERTEDGES,1,39,39,2995337.609952,2995337.609990,2995337.678940
Q:[R701,R702]
T1 R703:2995337.687875,IMG_REGISTER,1,2,2,2995337.687917,0.000000,0.000000
T0 R701:2995337.621007,IMG_VERTEDGES,1,75,75,2995337.650041,2995337.678959,2995337.698095
Q:[R702]
T0 R702:2995337.632377,IMG_ROT90CLKW,1,26,26,2995337.650050,2995337.698103,2995337.700142
Q:[]
T0 R704:2995337.759511,IMG_SHARPEN,1,75,75,2995337.759544,2995337.759579,2995337.779169
Q:[]
T0 R705:2995337.783502,IMG_ROT90CLKW,1,40,40,2995337.783535,2995337.783570,2995337.787759
Q:[]
T1 R708:2995337.792640,IMG_REGISTER,1,4,4,2995337.792699,0.000000,0.000000
T0 R706:2995337.783920,IMG_BLUR,1,46,46,2995337.787809,2995337.787815,2995337.829607
Q:[R707]
T1 R710:2995337.844029,IMG_REGISTER,1,0,0,2995337.844074,0.000000,0.000000
T0 R707:2995337.790502,IMG_VERTEDGES,1,75,75,2995337.792697,2995337.829615,2995337.850086
Q:[R709]
image saved
T0 R709:2995337.831778,IMG_RETRIEVE,1,35,35,2995337.831819,2995337.850094,2995337.850094
Q:[]
T0 R711:2995337.909945,IMG_HORIZEDGES,1,54,54,2995337.909977,2995337.910013,2995337.928768
Q:[]
T1 R712:2995337.988535,IMG_REGISTER,1,1,1,2995337.988573,0.000000,0.000000
T0 R713:2995338.050361,IMG_VERTEDGES,1,11,11,2995338.050394,2995338.050432,2995338.069930
Q:[]
T1 R714:2995338.147987,IMG_REGISTER,1,1,1,2995338.148025,0.000000,0.000000
T0 R715:2995338.219414,IMG_VERTEDGES,1,48,48,2995338.219446,2995338.219482,2995338.255962
Q:[]
T0 R716:2995338.224365,IMG_VERTEDGES,1,104,104,2995338.256012,2995338.256017,2995338.327496
Q:[R717,R718]
T1 R719:2995338.333053,IMG_REGISTER,1,4,4,2995338.333097,0.000000,0.000000
T0 R717:2995338.234748,IMG_BLUR,1,24,24,2995338.256016,2995338.327508,2995338.341488
Q:[R718]
T0 R718:2995338.276503,IMG_SHARPEN,1,31,31,2995338.296044,2995338.341495,2995338.413151
Q:[R720]
T1 R722:2995338.456993,IMG_REGISTER,1,5,5,2995338.457043,0.000000,0.000000
T0 R720:2995338.394783,IMG_VERTEDGES,1,25,25,2995338.394820,2995338.413161,2995338.482206
Q:[R721,R723]
image saved
T0 R721:2995338.419970,IMG_RETRIEVE,1,73,73,2995338.420009,2995338.482216,2995338.482216
Q:[R723]
T0 R723:2995338.474952,IMG_ROT90CLKW,1,74,74,2995338.474990,2995338.482448,2995338.495408
Q:[]
image saved
T0 R724:2995338.502135,IMG_RETRIEVE,1,60,60,2995338.502172,2995338.502208,2995338.502209
Q:[]
T0 R725:2995338.546327,IMG_SHARPEN,1,41,41,2995338.546361,2995338.546396,2995338.605935
Q:[]
image saved
T0 R726:2995338.617460,IMG_RETRIEVE,1,91,91,2995338.617499,2995338.617536,2995338.617536
Q:[]
T0 R727:2995338.640370,IMG_SHARPEN,1,69,69,2995338.640404,2995338.640439,2995338.660469
Q:[]
T0 R728:2995338.664695,IMG_HORIZEDGES,1,80,80,2995338.664729,2995338.664764,2995338.776040
Q:[R729,R730]
T0 R729:2995338.700324,IMG_HORIZEDGES,1,36,36,2995338.705069,2995338.776058,2995338.795455
Q:[R730]
T0 R730:2995338.728211,IMG_HORIZEDGES,1,47,47,2995338.728256,2995338.795463,2995338.902083
Q:[R731,R732,R733]
T1 R735:2995338.948096,IMG_REGISTER,1,1,1,2995338.948139,0.000000,0.000000
T0 R731:2995338.851467,IMG_HORIZEDGES,1,25,25,2995338.851510,2995338.902094,2995338.971847
Q:[R732,R733,R734]
T0 R732:2995338.857467,IMG_HORIZEDGES,1,72,72,2995338.857511,2995338.971855,2995339.076793
Q:[R733,R734,R736,R737]
T0 R733:2995338.875857,IMG_SHARPEN,1,103,103,2995338.875900,2995339.076805,2995339.147693
Q:[R734,R736,R737,R738,R739]
T1 R741:2995339.161563,IMG_REGISTER,1,5,5,2995339.161619,0.000000,0.000000
T0 R734:2995338.903536,IMG_SHARPEN,1,10,10,2995338.903573,2995339.147704,2995339.208939
Q:[R736,R737,R738,R739,R740]
T0 R736:2995339.013236,IMG_ROT90CLKW,1,2,2,2995339.013279,2995339.208949,2995339.215352
Q:[R737,R738,R739,R740]
T0 R737:2995339.057452,IMG_SHARPEN,1,8,8,2995339.057495,2995339.215361,2995339.279827
Q:[R738,R739,R740,R742]
image saved
T0 R738:2995339.103670,IMG_RETRIEVE,1,34,34,2995339.103707,2995339.279837,2995339.279837
Q:[R739,R740,R742]
image saved
T0 R739:2995339.131437,IMG_RETRIEVE,1,92,92,2995339.144068,2995339.280271,2995339.280271
Q:[R740,R742]
T0 R740:2995339.159363,IMG_HORIZEDGES,1,27,27,2995339.159401,2995339.281174,2995339.350991
Q:[R742,R743]
T0 R742:2995339.238570,IMG_ROT90CLKW,1,18,18,2995339.238608,2995339.351004,2995339.353187
Q:[R743]
T0 R743:2995339.348090,IMG_BLUR,1,25,25,2995339.348138,2995339.353197,2995339.404261
Q:[R744]
T0 R744:2995339.370047,IMG_VERTEDGES,1,89,89,2995339.370084,2995339.404272,2995339.423690
Q:[R745]
T0 R745:2995339.409317,IMG_ROT90CLKW,1,46,46,2995339.409355,2995339.423700,2995339.430042
Q:[R746]
T0 R746:2995339.411490,IMG_ROT90CLKW,1,84,84,2995339.423733,2995339.430052,2995339.432127
Q:[]
T0 R747:2995339.455487,IMG_BLUR,1,102,102,2995339.455521,2995339.455558,2995339.470230
Q:[]
T0 R748:2995339.571619,IMG_ROT90CLKW,1,93,93,2995339.571651,2995339.571687,2995339.579560
Q:[]
T0 R749:2995339.593850,IMG_BLUR,1,69,69,2995339.593882,2995339.593917,2995339.607930
Q:[]
T0 R750:2995339.597422,IMG_BLUR,1,41,41,2995339.607980,2995339.607985,2995339.649442
Q:[R751,R752]
T0 R751:2995339.620757,IMG_HORIZEDGES,1,11,11,2995339.648044,2995339.649454,2995339.669225
Q:[R752]
T0 R752:2995339.629137,IMG_VERTEDGES,1,107,107,2995339.648053,2995339.669232,2995339.738971
Q:[R753]
T0 R753:2995339.717122,IMG_VERTEDGES,1,82,82,2995339.717159,2995339.738982,2995339.758303
Q:[]
T0 R754:2995339.768213,IMG_ROT90CLKW,1,93,93,2995339.768254,2995339.768293,2995339.777218
Q:[]
T0 R755:2995339.782375,IMG_HORIZEDGES,1,72,72,2995339.782411,2995339.782446,2995339.889055
Q:[R756]
T0 R756:2995339.831471,IMG_VERTEDGES,1,41,41,2995339.831507,2995339.889073,2995339.945296
Q:[R757,R758,R759]
image saved
T0 R757:2995339.925140,IMG_RETRIEVE,1,69,69,2995339.925185,2995339.945307,2995339.945307
Q:[R758,R759]
T0 R758:2995339.935225,IMG_VERTEDGES,1,89,89,2995339.935268,2995339.945612,2995339.965128
Q:[R759]
image saved
T0 R759:2995339.944910,IMG_RETRIEVE,1,75,75,2995339.944953,2995339.965138,2995339.965138
Q:[]
T0 R760:2995339.976927,IMG_ROT90CLKW,1,32,32,2995339.976965,2995339.977006,2995339.979258
Q:[]
T1 R761:2995340.027467,IMG_REGISTER,1,3,3,2995340.027505,0.000000,0.000000
image saved
T0 R762:2995340.128514,IMG_RETRIEVE,1,29,29,2995340.128546,2995340.128581,2995340.128581
Q:[]
T0 R763:2995340.247774,IMG_VERTEDGES,1,40,40,2995340.247808,2995340.247844,2995340.284949
Q:[]
T0 R764:2995340.273773,IMG_SHARPEN,1,6,6,2995340.284999,2995340.285010,2995340.324835
Q:[R765]
T0 R765:2995340.278494,IMG_VERTEDGES,1,23,23,2995340.285009,2995340.324849,2995340.381510
Q:[R766,R767,R768,R769]
T0 R766:2995340.300350,IMG_HORIZEDGES,1,56,56,2995340.324878,2995340.381520,2995340.417998
Q:[R767,R768,R769,R770]
T0 R767:2995340.301880,IMG_BLUR,1,94,94,2995340.324880,2995340.418010,2995340.432056
Q:[R768,R769,R770,R771]
image saved
T0 R768:2995340.329118,IMG_RETRIEVE,1,22,22,2995340.365049,2995340.432067,2995340.432067
Q:[R769,R770,R771]
T0 R769:2995340.378310,IMG_ROT90CLKW,1,78,78,2995340.378356,2995340.433098,2995340.439220
Q:[R770,R771]
T0 R770:2995340.387907,IMG_ROT90CLKW,1,4,4,2995340.387946,2995340.439231,2995340.447182
Q:[R771]
T0 R771:2995340.415222,IMG_VERTEDGES,1,107,107,2995340.418042,2995340.447189,2995340.515534
Q:[R772]
T0 R772:2995340.476244,IMG_SHARPEN,1,0,0,2995340.476290,2995340.515540,2995340.556049
Q:[R773]
image saved
T0 R773:2995340.519148,IMG_RETRIEVE,1,67,67,2995340.519184,2995340.556063,2995340.556063
Q:[]
image saved
T0 R774:2995340.530497,IMG_RETRIEVE,1,59,59,2995340.556309,2995340.556315,2995340.556315
Q:[]
T0 R775:2995340.625010,IMG_HORIZEDGES,1,5,5,2995340.625045,2995340.625080,2995340.683650
Q:[R776,R777]
image saved
T0 R776:2995340.640653,IMG_RETRIEVE,1,74,74,2995340.666048,2995340.683669,2995340.683669
Q:[R777]
image saved
T0 R777:2995340.675722,IMG_RETRIEVE,1,16,16,2995340.675766,2995340.686250,2995340.686250
Q:[]
T0 R778:2995340.762840,IMG_SHARPEN,1,5,5,2995340.762875,2995340.762913,2995340.826652
Q:[]
T0 R779:2995340.839902,IMG_HORIZEDGES,1,93,93,2995340.839942,2995340.839978,2995340.908413
Q:[R780]
T0 R780:2995340.853288,IMG_VERTEDGES,1,7,7,2995340.853331,2995340.908431,2995340.928780
Q:[R781]
T1 R784:2995340.936943,IMG_REGISTER,1,0,0,2995340.937012,0.000000,0.000000
T0 R781:2995340.928074,IMG_VERTEDGES,1,20,20,2995340.928118,2995340.928790,2995340.997708
Q:[R782,R783,R785]
T0 R782:2995340.931372,IMG_SHARPEN,1,19,19,2995340.931410,2995340.997721,2995341.110040
Q:[R783,R785,R786,R787,R788]
image saved
T0 R783:2995340.936927,IMG_RETRIEVE,1,50,50,2995340.937010,2995341.110051,2995341.110052
Q:[R785,R786,R787,R788]
T0 R785:2995340.966761,IMG_BLUR,1,45,45,2995340.966801,2995341.110285,2995341.124435
Q:[R786,R787,R788]
image saved
T0 R786:2995341.013745,IMG_RETRIEVE,1,97,97,2995341.013782,2995341.124445,2995341.124445
Q:[R787,R788]
T0 R787:2995341.064311,IMG_SHARPEN,1,46,46,2995341.064354,2995341.126824,2995341.184511
Q:[R788]
T0 R788:2995341.083269,IMG_VERTEDGES,1,101,101,2995341.083349,2995341.184523,2995341.221016
Q:[R789]
T0 R789:2995341.207506,IMG_VERTEDGES,1,53,53,2995341.207544,2995341.221026,2995341.278126
Q:[R790]
image saved
T0 R790:2995341.243413,IMG_RETRIEVE,1,43,43,2995341.243454,2995341.278146,2995341.278146
Q:[]
T0 R791:2995341.245257,IMG_ROT90CLKW,1,23,23,2995341.278842,2995341.278849,2995341.284966
Q:[]
T0 R792:2995341.338555,IMG_BLUR,1,27,27,2995341.338590,2995341.338626,2995341.399751
Q:[R793,R794,R795]
image saved
T0 R793:2995341.344994,IMG_RETRIEVE,1,62,62,2995341.379048,2995341.399771,2995341.399771
Q:[R794,R795]
T0 R794:2995341.389261,IMG_VERTEDGES,1,81,81,2995341.389303,2995341.402037,2995341.439032
Q:[R795]
T0 R795:2995341.395023,IMG_BLUR,1,11,11,2995341.395066,2995341.439043,2995341.453359
Q:[]
T0 R796:2995341.466858,IMG_VERTEDGES,1,39,39,2995341.466891,2995341.466927,2995341.535882
Q:[R797]
T0 R797:2995341.488430,IMG_BLUR,1,11,11,2995341.507046,2995341.535900,2995341.549739
Q:[]
T1 R798:2995341.563886,IMG_REGISTER,1,4,4,2995341.563923,0.000000,0.000000
T0 R799:2995341.603349,IMG_HORIZEDGES,1,35,35,2995341.603383,2995341.603418,2995341.623784
Q:[]
T0 R800:2995341.649293,IMG_VERTEDGES,1,20,20,2995341.649326,2995341.649361,2995341.719474
Q:[R801,R802]
T0 R801:2995341.656770,IMG_HORIZEDGES,1,98,98,2995341.690040,2995341.719492,2995341.825431
Q:[R802,R803,R804,R805,R806,R807,R808]
T0 R802:2995341.669338,IMG_VERTEDGES,1,16,16,2995341.690049,2995341.825444,2995341.845046
Q:[R803,R804,R805,R806,R807,R808]
T0 R803:2995341.733165,IMG_SHARPEN,1,6,6,2995341.733204,2995341.845054,2995341.886424
Q:[R804,R805,R806,R807,R808,R809,R810]
T0 R804:2995341.759083,IMG_ROT90CLKW,1,81,81,2995341.774046,2995341.886435,2995341.890449
Q:[R805,R806,R807,R808,R809,R810,R811]
T0 R805:2995341.795622,IMG_VERTEDGES,1,74,74,2995341.795665,2995341.890461,2995341.998586
Q:[R806,R807,R808,R809,R810,R811,R812,R813,R814]
T0 R806:2995341.801846,IMG_HORIZEDGES,1,2,2,2995341.801889,2995341.998599,2995342.057135
Q:[R807,R808,R809,R810,R811,R812,R813,R814]
image saved
T0 R807:2995341.820470,IMG_RETRIEVE,1,72,72,2995341.820513,2995342.057146,2995342.057146
Q:[R808,R809,R810,R811,R812,R813,R814]
image saved
T0 R808:2995341.823615,IMG_RETRIEVE,1,23,23,2995341.823658,2995342.059188,2995342.059188
Q:[R809,R810,R811,R812,R813,R814]
T0 R809:2995341.859493,IMG_HORIZEDGES,1,68,68,2995341.859534,2995342.059794,2995342.079020
Q:[R810,R811,R812,R813,R814]
T0 R810:2995341.860740,IMG_SHARPEN,1,2,2,2995341.860777,2995342.079029,2995342.140215
Q:[R811,R812,R813,R814]
T0 R811:2995341.887562,IMG_ROT90CLKW,1,63,63,2995341.887599,2995342.140226,2995342.141850
Q:[R812,R813,R814]
T1 R815:2995342.158438,IMG_REGISTER,1,1,1,2995342.158481,0.000000,0.000000
T0 R812:2995341.891139,IMG_SHARPEN,1,93,93,2995341.891176,2995342.141857,2995342.213050
Q:[R813,R814]
T0 R813:2995341.941221,IMG_HORIZEDGES,1,33,33,2995341.941264,2995342.213060,2995342.232398
Q:[R814]
image saved
T0 R814:2995341.985282,IMG_RETRIEVE,1,42,42,2995341.985347,2995342.232408,2995342.232408
Q:[]
T1 R816:2995342.280715,IMG_REGISTER,1,1,1,2995342.280755,0.000000,0.000000
T0 R817:2995342.335868,IMG_HORIZEDGES,1,81,81,2995342.335903,2995342.335938,2995342.372391
Q:[]
T0 R818:2995342.422582,IMG_ROT90CLKW,1,106,106,2995342.422615,2995342.422650,2995342.424798
Q:[]
image saved
T0 R819:2995342.431016,IMG_RETRIEVE,1,79,79,2995342.431049,2995342.431085,2995342.431085
Q:[]
T0 R820:2995342.475525,IMG_HORIZEDGES,1,18,18,2995342.475559,2995342.475594,2995342.494725
Q:[]
T0 R821:2995342.493412,IMG_HORIZEDGES,1,4,4,2995342.494774,2995342.494779,2995342.566546
Q:[R822]
T0 R822:2995342.494165,IMG_ROT90CLKW,1,3,3,2995342.494778,2995342.566559,2995342.568687
Q:[]
T0 R823:2995342.581522,IMG_ROT90CLKW,1,22,22,2995342.581556,2995342.581592,2995342.589265
Q:[]
T0 R824:2995342.593684,IMG_ROT90CLKW,1,27,27,2995342.593717,2995342.593752,2995342.601574
Q:[]
T0 R825:2995342.667894,IMG_SHARPEN,1,32,32,2995342.667927,2995342.667962,2995342.688727
Q:[]
T0 R826:2995342.730113,IMG_SHARPEN,1,55,55,2995342.730145,2995342.730180,2995342.801504
Q:[R827,R828]
T0 R827:2995342.775564,IMG_BLUR,1,4,4,2995342.775610,2995342.801522,2995342.852843
Q:[R828,R829]
T0 R828:2995342.777811,IMG_VERTEDGES,1,97,97,2995342.777853,2995342.852860,2995342.957136
Q:[R829,R830,R831,R832]
T1 R834:2995342.960698,IMG_REGISTER,1,3,3,2995342.960741,0.000000,0.000000
T0 R829:2995342.818386,IMG_SHARPEN,1,41,41,2995342.818424,2995342.957146,2995343.017692
Q:[R830,R831,R832,R833]
T0 R830:2995342.820342,IMG_SHARPEN,1,76,76,2995342.852889,2995343.017704,2995343.088518
Q:[R831,R832,R833,R835,R836,R837]
T0 R831:2995342.888830,IMG_SHARPEN,1,48,48,2995342.893050,2995343.088528,2995343.126319
Q:[R832,R833,R835,R836,R837]
T0 R832:2995342.903177,IMG_ROT90CLKW,1,0,0,2995342.903221,2995343.126355,2995343.130303
Q:[R833,R835,R836,R837]
T0 R833:2995342.957590,IMG_BLUR,1,58,58,2995342.957635,2995343.130315,2995343.181739
Q:[R835,R836,R837,R838,R839]
T0 R835:2995343.041357,IMG_BLUR,1,16,16,2995343.041395,2995343.181750,2995343.196275
Q:[R836,R837,R838,R839,R840]
T0 R836:2995343.060289,IMG_HORIZEDGES,1,37,37,2995343.082051,2995343.196286,2995343.253556
Q:[R837,R838,R839,R840,R841]
T0 R837:2995343.073605,IMG_HORIZEDGES,1,35,35,2995343.082060,2995343.253567,2995343.272825
Q:[R838,R839,R840,R841]
T0 R838:2995343.138984,IMG_SHARPEN,1,49,49,2995343.139020,2995343.272834,2995343.293070
Q:[R839,R840,R841]
T0 R839:2995343.142995,IMG_HORIZEDGES,1,108,108,2995343.179046,2995343.293080,2995343.313210
Q:[R840,R841,R842]
T0 R840:2995343.189254,IMG_BLUR,1,93,93,2995343.189293,2995343.313221,2995343.366905
Q:[R841,R842]
T0 R841:2995343.244043,IMG_SHARPEN,1,19,19,2995343.244082,2995343.366917,2995343.481713
Q:[R842,R843,R844]
T0 R842:2995343.304179,IMG_VERTEDGES,1,36,36,2995343.304216,2995343.481724,2995343.502170
Q:[R843,R844,R845]
T0 R843:2995343.396777,IMG_ROT90CLKW,1,15,15,2995343.396816,2995343.502181,2995343.513954
Q:[R844,R845]
T0 R844:2995343.470819,IMG_HORIZEDGES,1,84,84,2995343.470864,2995343.513961,2995343.533686
Q:[R845,R846,R847]
T0 R845:2995343.489545,IMG_HORIZEDGES,1,65,65,2995343.489582,2995343.533696,2995343.553637
Q:[R846,R847,R848]
T0 R846:2995343.514175,IMG_HORIZEDGES,1,36,36,2995343.514215,2995343.553650,2995343.573331
Q:[R847,R848,R849]
T0 R847:2995343.516796,IMG_ROT90CLKW,1,28,28,2995343.516833,2995343.573344,2995343.585550
Q:[R848,R849,R850,R851]
image saved
T0 R848:2995343.533114,IMG_RETRIEVE,1,24,24,2995343.533727,2995343.585561,2995343.585561
Q:[R849,R850,R851]
T0 R849:2995343.549208,IMG_HORIZEDGES,1,50,50,2995343.553681,2995343.585872,2995343.604686
Q:[R850,R851]
T0 R850:2995343.560466,IMG_SHARPEN,1,77,77,2995343.573374,2995343.604696,2995343.713921
Q:[R851,R852,R853,R854,R855,R856,R857]
T0 R851:2995343.570720,IMG_HORIZEDGES,1,1,1,2995343.573376,2995343.713932,2995343.733829
Q:[R852,R853,R854,R855,R856,R857]
T1 R858:2995343.764347,IMG_REGISTER,1,3,3,2995343.764387,0.000000,0.000000
T0 R852:2995343.614686,IMG_SHARPEN,1,39,39,2995343.614726,2995343.733838,2995343.805704
Q:[R853,R854,R855,R856,R857]
image saved
T0 R853:2995343.656223,IMG_RETRIEVE,1,31,31,2995343.656267,2995343.805711,2995343.805711
Q:[R854,R855,R856,R857]
T0 R854:2995343.660917,IMG_SHARPEN,1,72,72,2995343.660960,2995343.806922,2995343.917043
Q:[R855,R856,R857,R859,R860,R861,R862,R863,R864]
T1 R867:2995343.992708,IMG_REGISTER,1,4,4,2995343.992751,0.000000,0.000000
T0 R855:2995343.672568,IMG_SHARPEN,1,28,28,2995343.672612,2995343.917055,2995344.024469
Q:[R856,R857,R859,R860,R861,R862,R863,R864,R865,R866]
image saved
T0 R856:2995343.675912,IMG_RETRIEVE,1,39,39,2995343.675956,2995344.024478,2995344.024478
Q:[R857,R859,R860,R861,R862,R863,R864,R865,R866]
image saved
T0 R857:2995343.691738,IMG_RETRIEVE,1,56,56,2995343.691781,2995344.025269,2995344.025269
Q:[R859,R860,R861,R862,R863,R864,R865,R866]
T0 R859:2995343.850151,IMG_SHARPEN,1,63,63,2995343.850192,2995344.025779,2995344.045957
Q:[R860,R861,R862,R863,R864,R865,R866]
T0 R860:2995343.872120,IMG_BLUR,1,85,85,2995343.891042,2995344.045970,2995344.060538
Q:[R861,R862,R863,R864,R865,R866]
T0 R861:2995343.885484,IMG_VERTEDGES,1,12,12,2995343.891043,2995344.060550,2995344.080248
Q:[R862,R863,R864,R865,R866]
image saved
T0 R862:2995343.889070,IMG_RETRIEVE,1,75,75,2995343.891052,2995344.080261,2995344.080261
Q:[R863,R864,R865,R866]
T0 R863:2995343.894388,IMG_HORIZEDGES,1,88,88,2995343.894431,2995344.080472,2995344.117644
Q:[R864,R865,R866,R868]
T1 R870:2995344.140772,IMG_REGISTER,1,5,5,2995344.140828,0.000000,0.000000
T0 R864:2995343.904932,IMG_HORIZEDGES,1,60,60,2995343.904975,2995344.117660,2995344.187709
Q:[R865,R866,R868,R869,R871]
T1 R874:2995344.237878,IMG_REGISTER,1,2,2,2995344.237920,0.000000,0.000000
T0 R865:2995343.932446,IMG_SHARPEN,1,4,4,2995343.932484,2995344.187722,2995344.260845
Q:[R866,R868,R869,R871,R872,R873]
T0 R866:2995343.980437,IMG_HORIZEDGES,1,108,108,2995343.980479,2995344.260854,2995344.280184
Q:[R868,R869,R871,R872,R873]
T0 R868:2995344.092233,IMG_BLUR,1,102,102,2995344.092275,2995344.280191,2995344.294396
Q:[R869,R871,R872,R873]
T0 R869:2995344.103897,IMG_HORIZEDGES,1,45,45,2995344.117689,2995344.294403,2995344.313450
Q:[R871,R872,R873]
T0 R871:2995344.173448,IMG_VERTEDGES,1,0,0,2995344.173487,2995344.313461,2995344.352438
Q:[R872,R873,R875]
T1 R879:2995344.414218,IMG_REGISTER,1,0,0,2995344.414262,0.000000,0.000000
T0 R872:2995344.193529,IMG_HORIZEDGES,1,31,31,2995344.193567,2995344.352453,2995344.422294
Q:[R873,R875,R876,R877,R878]
T1 R881:2995344.449223,IMG_REGISTER,1,4,4,2995344.449264,0.000000,0.000000
T0 R873:2995344.215514,IMG_VERTEDGES,1,109,109,2995344.234047,2995344.422301,2995344.478233
Q:[R875,R876,R877,R878,R880]
T0 R875:2995344.319387,IMG_ROT90CLKW,1,49,49,2995344.319423,2995344.478240,2995344.479715
Q:[R876,R877,R878,R880,R882]
image saved
T0 R876:2995344.344648,IMG_RETRIEVE,1,52,52,2995344.352484,2995344.479722,2995344.479722
Q:[R877,R878,R880,R882]
T0 R877:2995344.369106,IMG_BLUR,1,74,74,2995344.394042,2995344.479951,2995344.569546
Q:[R878,R880,R882,R883,R884,R885,R886]
T0 R878:2995344.386295,IMG_ROT90CLKW,1,27,27,2995344.394052,2995344.569557,2995344.577250
Q:[R880,R882,R883,R884,R885,R886]
T1 R887:2995344.578016,IMG_REGISTER,1,4,4,2995344.578057,0.000000,0.000000
T0 R880:2995344.442777,IMG_HORIZEDGES,1,111,111,2995344.442817,2995344.577257,2995344.613725
Q:[R882,R883,R884,R885,R886]
T0 R882:2995344.478306,IMG_BLUR,1,74,74,2995344.478349,2995344.613732,2995344.694213
Q:[R883,R884,R885,R886,R888,R889]
T0 R883:2995344.491400,IMG_SHARPEN,1,79,79,2995344.491439,2995344.694234,2995344.765483
Q:[R884,R885,R886,R888,R889,R890]
T0 R884:2995344.533637,IMG_HORIZEDGES,1,94,94,2995344.533682,2995344.765498,2995344.785428
Q:[R885,R886,R888,R889,R890,R891]
image saved
T0 R885:2995344.537678,IMG_RETRIEVE,1,50,50,2995344.537722,2995344.785439,2995344.785439
Q:[R886,R888,R889,R890,R891]
T0 R886:2995344.567934,IMG_VERTEDGES,1,41,41,2995344.567977,2995344.785802,2995344.845314
Q:[R888,R889,R890,R891,R892,R893]
T0 R888:2995344.622924,IMG_VERTEDGES,1,50,50,2995344.622962,2995344.845326,2995344.864049
Q:[R889,R890,R891,R892,R893,R894]
T0 R889:2995344.628593,IMG_BLUR,1,61,61,2995344.664047,2995344.864062,2995344.878247
Q:[R890,R891,R892,R893,R894]
T0 R890:2995344.736623,IMG_ROT90CLKW,1,26,26,2995344.736666,2995344.878257,2995344.882364
Q:[R891,R892,R893,R894]
T0 R891:2995344.752652,IMG_ROT90CLKW,1,40,40,2995344.765526,2995344.882372,2995344.886829
Q:[R892,R893,R894]
T0 R892:2995344.798710,IMG_HORIZEDGES,1,3,3,2995344.798750,2995344.886836,2995344.907106
Q:[R893,R894]
T0 R893:2995344.804704,IMG_BLUR,1,96,96,2995344.840047,2995344.907115,2995344.921362
Q:[R894,R895]
image saved
T0 R894:2995344.854524,IMG_RETRIEVE,1,35,35,2995344.854561,2995344.921372,2995344.921372
Q:[R895]
T0 R895:2995344.918616,IMG_HORIZEDGES,1,0,0,2995344.918652,2995344.921605,2995344.960684
Q:[]
T0 R896:2995345.026478,IMG_VERTEDGES,1,34,34,2995345.026511,2995345.026547,2995345.063173
Q:[]
T1 R897:2995345.091851,IMG_REGISTER,1,0,0,2995345.091890,0.000000,0.000000
T1 R899:2995345.190132,IMG_REGISTER,1,2,2,2995345.190189,0.000000,0.000000
T0 R898:2995345.168382,IMG_SHARPEN,1,20,20,2995345.168415,2995345.168450,2995345.241815
Q:[]
T1 R902:2995345.532122,IMG_REGISTER,1,2,2,2995345.532179,0.000000,0.000000
T0 R900:2995345.521479,IMG_SHARPEN,1,0,0,2995345.521512,2995345.521549,2995345.561656
Q:[R901]
image saved
T0 R901:2995345.524548,IMG_RETRIEVE,1,59,59,2995345.532177,2995345.561679,2995345.561679
Q:[]
T0 R903:2995345.651397,IMG_BLUR,1,46,46,2995345.651433,2995345.651469,2995345.694203
Q:[R904,R905,R906]
T0 R904:2995345.666070,IMG_VERTEDGES,1,55,55,2995345.692062,2995345.694225,2995345.766086
Q:[R905,R906,R907,R908,R909]
T0 R905:2995345.681199,IMG_BLUR,1,33,33,2995345.692064,2995345.766097,2995345.780713
Q:[R906,R907,R908,R909]
image saved
T0 R906:2995345.688084,IMG_RETRIEVE,1,58,58,2995345.692073,2995345.780720,2995345.780720
Q:[R907,R908,R909]
image saved
T0 R907:2995345.702575,IMG_RETRIEVE,1,91,91,2995345.702611,2995345.781605,2995345.781605
Q:[R908,R909]
T0 R908:2995345.718646,IMG_VERTEDGES,1,62,62,2995345.743072,2995345.782470,2995345.891671
Q:[R909,R910,R911]
image saved
T0 R909:2995345.756555,IMG_RETRIEVE,1,53,53,2995345.756598,2995345.891684,2995345.891684
Q:[R910,R911]
T0 R910:2995345.848211,IMG_HORIZEDGES,1,42,42,2995345.848251,2995345.892376,2995345.962565
Q:[R911,R912]
image saved
T0 R911:2995345.854487,IMG_RETRIEVE,1,27,27,2995345.890067,2995345.962574,2995345.962575
Q:[R912]
T0 R912:2995345.947311,IMG_ROT90CLKW,1,11,11,2995345.947352,2995345.963439,2995345.965736
Q:[R913]
T0 R913:2995345.958348,IMG_HORIZEDGES,1,18,18,2995345.963469,2995345.965746,2995345.986390
Q:[]
T1 R914:2995346.971017,IMG_REGISTER,1,2,2,2995346.971060,0.000000,0.000000
T0 R915:2995347.085250,IMG_ROT90CLKW,1,20,20,2995347.085283,2995347.085323,2995347.093311
Q:[]
T1 R917:2995347.184403,IMG_REGISTER,1,4,4,2995347.184445,0.000000,0.000000
T0 R916:2995347.128479,IMG_SHARPEN,1,10,10,2995347.128512,2995347.128548,2995347.190635
Q:[]
T0 R918:2995347.218256,IMG_VERTEDGES,1,37,37,2995347.218293,2995347.218328,2995347.275750
Q:[R919]
image saved
T0 R919:2995347.249969,IMG_RETRIEVE,1,32,32,2995347.250012,2995347.275771,2995347.275771
Q:[]
T0 R920:2995347.365843,IMG_ROT90CLKW,1,51,51,2995347.365878,2995347.365914,2995347.370481
Q:[]
T0 R921:2995347.378099,IMG_SHARPEN,1,71,71,2995347.378131,2995347.378167,2995347.399527
Q:[]
T0 R922:2995347.378460,IMG_HORIZEDGES,1,81,81,2995347.399577,2995347.399582,2995347.436446
Q:[]
T0 R923:2995347.436996,IMG_HORIZEDGES,1,126,126,2995347.437028,2995347.437064,2995347.473784
Q:[]
T0 R924:2995347.521958,IMG_BLUR,1,58,58,2995347.521990,2995347.522044,2995347.575039
Q:[R925,R926,R927,R928]
T0 R925:2995347.524377,IMG_BLUR,1,77,77,2995347.562040,2995347.575057,2995347.654435
Q:[R926,R927,R928]
T0 R926:2995347.528841,IMG_VERTEDGES,1,23,23,2995347.562042,2995347.654446,2995347.711639
Q:[R927,R928,R929,R930,R931,R932]
T0 R927:2995347.530505,IMG_HORIZEDGES,1,101,101,2995347.562050,2995347.711651,2995347.747905
Q:[R928,R929,R930,R931,R932]
T0 R928:2995347.570557,IMG_BLUR,1,57,57,2995347.570600,2995347.747912,2995347.775422
Q:[R929,R930,R931,R932]
image saved
T0 R929:2995347.661323,IMG_RETRIEVE,1,31,31,2995347.661360,2995347.775432,2995347.775432
Q:[R930,R931,R932]
T0 R930:2995347.670168,IMG_SHARPEN,1,10,10,2995347.702039,2995347.776409,2995347.838436
Q:[R931,R932,R933]
T0 R931:2995347.700285,IMG_ROT90CLKW,1,15,15,2995347.702048,2995347.838448,2995347.850227
Q:[R932,R933]
T0 R932:2995347.704087,IMG_HORIZEDGES,1,32,32,2995347.704133,2995347.850237,2995347.869926
Q:[R933]
T0 R933:2995347.826875,IMG_ROT90CLKW,1,8,8,2995347.826915,2995347.869936,2995347.876711
Q:[]
image saved
T0 R934:2995348.000376,IMG_RETRIEVE,1,15,15,2995348.000410,2995348.000446,2995348.000446
Q:[]
T0 R935:2995348.066785,IMG_ROT90CLKW,1,51,51,2995348.066820,2995348.066856,2995348.071088
Q:[]
image saved
T0 R936:2995348.152648,IMG_RETRIEVE,1,37,37,2995348.152679,2995348.152720,2995348.152720
Q:[]
image saved
T0 R937:2995348.187587,IMG_RETRIEVE,1,26,26,2995348.187621,2995348.187656,2995348.187656
Q:[]
image saved
T0 R938:2995348.199390,IMG_RETRIEVE,1,62,62,2995348.199425,2995348.199460,2995348.199461
Q:[]
T0 R939:2995348.286454,IMG_SHARPEN,1,116,116,2995348.286488,2995348.286523,2995348.323817
Q:[]
T1 R942:2995348.327444,IMG_REGISTER,1,1,1,2995348.327509,0.000000,0.000000
T0 R940:2995348.288838,IMG_HORIZEDGES,1,5,5,2995348.323867,2995348.323872,2995348.384374
Q:[R941]
T0 R941:2995348.311636,IMG_HORIZEDGES,1,54,54,2995348.323871,2995348.384387,2995348.403504
Q:[]
T0 R943:2995348.406201,IMG_SHARPEN,1,53,53,2995348.406235,2995348.406271,2995348.463422
Q:[R944]
T0 R944:2995348.437222,IMG_HORIZEDGES,1,66,66,2995348.447048,2995348.463440,2995348.569354
Q:[R945,R946,R947,R948]
T0 R945:2995348.463785,IMG_VERTEDGES,1,10,10,2995348.463823,2995348.569366,2995348.627932
Q:[R946,R947,R948]
T0 R946:2995348.473127,IMG_ROT90CLKW,1,107,107,2995348.504040,2995348.627942,2995348.635575
Q:[R947,R948]
T0 R947:2995348.491133,IMG_VERTEDGES,1,118,118,2995348.504050,2995348.635585,2995348.741068
Q:[R948,R949,R950,R951,R952,R953,R954,R955]
image saved
T0 R948:2995348.562236,IMG_RETRIEVE,1,38,38,2995348.562280,2995348.741081,2995348.741081
Q:[R949,R950,R951,R952,R953,R954,R955]
T0 R949:2995348.645352,IMG_VERTEDGES,1,114,114,2995348.645390,2995348.743159,2995348.799612
Q:[R950,R951,R952,R953,R954,R955]
T0 R950:2995348.650329,IMG_VERTEDGES,1,122,122,2995348.686040,2995348.799624,2995348.818368
Q:[R951,R952,R953,R954,R955,R956]
image saved
T0 R951:2995348.674389,IMG_RETRIEVE,1,114,114,2995348.686047,2995348.818379,2995348.818379
Q:[R952,R953,R954,R955,R956]
T1 R957:2995348.856690,IMG_REGISTER,1,0,0,2995348.856730,0.000000,0.000000
T0 R952:2995348.688831,IMG_SHARPEN,1,38,38,2995348.688875,2995348.818829,2995348.929742
Q:[R953,R954,R955,R956,R958]
T0 R953:2995348.724944,IMG_ROT90CLKW,1,88,88,2995348.724989,2995348.929759,2995348.933965
Q:[R954,R955,R956,R958]
T0 R954:2995348.735497,IMG_HORIZEDGES,1,92,92,2995348.735542,2995348.933976,2995349.005109
Q:[R955,R956,R958]
T0 R955:2995348.739109,IMG_VERTEDGES,1,82,82,2995348.739153,2995349.005120,2995349.024747
Q:[R956,R958,R959]
T0 R956:2995348.808418,IMG_VERTEDGES,1,8,8,2995348.808465,2995349.024761,2995349.083222
Q:[R958,R959,R960,R961]
T0 R958:2995348.917384,IMG_SHARPEN,1,67,67,2995348.917423,2995349.083232,2995349.102965
Q:[R959,R960,R961,R962]
T0 R959:2995349.010868,IMG_ROT90CLKW,1,38,38,2995349.010907,2995349.102976,2995349.114816
Q:[R960,R961,R962]
T0 R960:2995349.018646,IMG_BLUR,1,10,10,2995349.024791,2995349.114823,2995349.156774
Q:[R961,R962]
T1 R966:2995349.191061,IMG_REGISTER,1,0,0,2995349.191124,0.000000,0.000000
T0 R961:2995349.073742,IMG_VERTEDGES,1,47,47,2995349.073785,2995349.156784,2995349.262961
Q:[R962,R963,R964,R965,R967]
T1 R969:2995349.273600,IMG_REGISTER,1,0,0,2995349.273652,0.000000,0.000000
T0 R962:2995349.087381,IMG_HORIZEDGES,1,24,24,2995349.087419,2995349.262972,2995349.282320
Q:[R963,R964,R965,R967,R968]
T0 R963:2995349.163291,IMG_HORIZEDGES,1,91,91,2995349.163329,2995349.282327,2995349.319005
Q:[R964,R965,R967,R968,R970]
T0 R964:2995349.184364,IMG_BLUR,1,77,77,2995349.191122,2995349.319029,2995349.397458
Q:[R965,R967,R968,R970,R971,R972]
T0 R965:2995349.185845,IMG_ROT90CLKW,1,49,49,2995349.191124,2995349.397468,2995349.399864
Q:[R967,R968,R970,R971,R972]
image saved
T0 R967:2995349.242982,IMG_RETRIEVE,1,128,128,2995349.243021,2995349.399876,2995349.399876
Q:[R968,R970,R971,R972]
image saved
T0 R968:2995349.245897,IMG_RETRIEVE,1,87,87,2995349.263009,2995349.400112,2995349.400112
Q:[R970,R971,R972]
T0 R970:2995349.287519,IMG_VERTEDGES,1,62,62,2995349.287560,2995349.400446,2995349.509723
Q:[R971,R972,R973]
T0 R971:2995349.323089,IMG_BLUR,1,43,43,2995349.323108,2995349.509734,2995349.537057
Q:[R972,R973]
T0 R972:2995349.382311,IMG_SHARPEN,1,85,85,2995349.382349,2995349.537067,2995349.556264
Q:[R973,R974]
image saved
T0 R973:2995349.496766,IMG_RETRIEVE,1,86,86,2995349.496805,2995349.556275,2995349.556275
Q:[R974]
T0 R974:2995349.539274,IMG_HORIZEDGES,1,48,48,2995349.539312,2995349.557661,2995349.594324
Q:[]
T1 R975:2995349.601845,IMG_REGISTER,1,1,1,2995349.601889,0.000000,0.000000
T0 R976:2995349.663787,IMG_HORIZEDGES,1,33,33,2995349.663820,2995349.663857,2995349.682720
Q:[]
T1 R978:2995349.687888,IMG_REGISTER,1,0,0,2995349.687944,0.000000,0.000000
T0 R977:2995349.671246,IMG_BLUR,1,120,120,2995349.682772,2995349.682777,2995349.709913
Q:[]
image saved
T0 R979:2995349.776172,IMG_RETRIEVE,1,88,88,2995349.776183,2995349.776220,2995349.776220
Q:[]
T0 R980:2995349.809973,IMG_HORIZEDGES,1,0,0,2995349.810011,2995349.810049,2995349.848573
Q:[]
T0 R981:2995349.855488,IMG_VERTEDGES,1,72,72,2995349.855521,2995349.855558,2995349.960899
Q:[R982]
T0 R982:2995349.899897,IMG_BLUR,1,101,101,2995349.899942,2995349.960917,2995349.988264
Q:[]
T1 R983:2995350.009758,IMG_REGISTER,1,1,1,2995350.009794,0.000000,0.000000
image saved
T0 R984:2995350.056582,IMG_RETRIEVE,1,79,79,2995350.056616,2995350.056651,2995350.056652
Q:[]
T0 R985:2995350.100624,IMG_VERTEDGES,1,80,80,2995350.100659,2995350.100696,2995350.204649
Q:[R986,R987]
T1 R988:2995350.208317,IMG_REGISTER,1,4,4,2995350.208356,0.000000,0.000000
T0 R986:2995350.195385,IMG_SHARPEN,1,14,14,2995350.195432,2995350.204691,2995350.225928
Q:[R987]
image saved
T0 R987:2995350.195415,IMG_RETRIEVE,1,53,53,2995350.195436,2995350.225936,2995350.225936
Q:[]
T0 R989:2995350.268251,IMG_BLUR,1,63,63,2995350.268286,2995350.268322,2995350.282838
Q:[]
T0 R990:2995350.436367,IMG_VERTEDGES,1,89,89,2995350.436399,2995350.436436,2995350.456188
Q:[]
image saved
T0 R991:2995350.459047,IMG_RETRIEVE,1,90,90,2995350.459080,2995350.459117,2995350.459117
Q:[]
T1 R992:2995350.590087,IMG_REGISTER,1,0,0,2995350.590127,0.000000,0.000000
T0 R993:2995350.653716,IMG_BLUR,1,84,84,2995350.653749,2995350.653784,2995350.668488
Q:[]
T0 R994:2995350.710777,IMG_VERTEDGES,1,124,124,2995350.710807,2995350.710845,2995350.815558
Q:[R995]
image saved
T0 R995:2995350.736487,IMG_RETRIEVE,1,72,72,2995350.751047,2995350.815575,2995350.815575
Q:[]
T0 R996:2995350.882804,IMG_SHARPEN,1,85,85,2995350.882846,2995350.882882,2995350.902807
Q:[R997]
T1 R999:2995350.952636,IMG_REGISTER,1,2,2,2995350.952681,0.000000,0.000000
T0 R997:2995350.895393,IMG_BLUR,1,4,4,2995350.895438,2995350.902825,2995350.956985
Q:[R998]
image saved
T0 R998:2995350.903444,IMG_RETRIEVE,1,102,102,2995350.903481,2995350.956995,2995350.956995
Q:[]
INFO: Worker thread exited.
INFO: Client disconnected.
