INFO: setting queue size = 100
INFO: setting server port as: 2222
INFO: Waiting for incoming connection...
INFO: Worker thread 0 (TID = 0) started!
[#WORKER#] 2995355.439846 Worker Thread Alive!
T1 R0:2995355.439744,IMG_REGISTER,1,4,4,2995355.439832,0.000000,0.000000
T0 R1:2995355.524166,IMG_HORIZEDGES,1,0,0,2995355.524202,2995355.524234,2995355.561104
Q:[]
T0 R2:2995355.575117,IMG_SHARPEN,1,0,0,2995355.575156,2995355.575200,2995355.612962
Q:[]
T1 R5:2995355.626351,IMG_REGISTER,1,0,0,2995355.626400,0.000000,0.000000
T0 R3:2995355.582459,IMG_SHARPEN,1,0,0,2995355.613102,2995355.613107,2995355.651271
Q:[R4]
image saved
T0 R4:2995355.593309,IMG_RETRIEVE,1,0,0,2995355.613106,2995355.651281,2995355.651281
Q:[]
T0 R6:2995355.739428,IMG_BLUR,1,0,0,2995355.739466,2995355.739501,2995355.766623
Q:[]
T1 R7:2995355.781560,IMG_REGISTER,1,3,3,2995355.781595,0.000000,0.000000
T0 R8:2995355.818189,IMG_BLUR,1,2,2,2995355.818232,2995355.818240,2995355.861668
Q:[]
image saved
T0 R9:2995355.872549,IMG_RETRIEVE,1,1,1,2995355.872588,2995355.872622,2995355.872623
Q:[]
T0 R10:2995355.884345,IMG_HORIZEDGES,1,0,0,2995355.884383,2995355.884418,2995355.921132
Q:[]
T0 R11:2995355.892561,IMG_HORIZEDGES,1,2,2,2995355.921181,2995355.921187,2995355.978057
Q:[R12,R13,R14]
T0 R12:2995355.924177,IMG_ROT90CLKW,1,1,1,2995355.962046,2995355.978227,2995355.980250
Q:[R13,R14]
T0 R13:2995355.948944,IMG_BLUR,1,0,0,2995355.962048,2995355.980257,2995356.007959
Q:[R14]
T0 R14:2995355.960481,IMG_HORIZEDGES,1,2,2,2995355.962056,2995356.007966,2995356.064168
Q:[R15,R16]
T0 R15:2995356.009459,IMG_SHARPEN,1,2,2,2995356.009498,2995356.064179,2995356.121713
Q:[R16,R17]
T0 R16:2995356.020570,IMG_BLUR,1,0,0,2995356.020607,2995356.121724,2995356.149177
Q:[R17,R18]
T0 R17:2995356.104363,IMG_HORIZEDGES,1,1,1,2995356.104407,2995356.149189,2995356.168217
Q:[R18,R19]
T0 R18:2995356.129252,IMG_ROT90CLKW,1,0,0,2995356.129291,2995356.168230,2995356.172253
Q:[R19,R20]
T0 R19:2995356.165535,IMG_VERTEDGES,1,1,1,2995356.165572,2995356.172262,2995356.191329
Q:[R20,R21]
T0 R20:2995356.167751,IMG_BLUR,1,0,0,2995356.168260,2995356.191340,2995356.219012
Q:[R21]
T1 R23:2995356.273299,IMG_REGISTER,1,0,0,2995356.273354,0.000000,0.000000
T0 R21:2995356.169925,IMG_HORIZEDGES,1,2,2,2995356.172294,2995356.219019,2995356.275618
Q:[R22]
T0 R22:2995356.247425,IMG_HORIZEDGES,1,0,0,2995356.247462,2995356.275625,2995356.312273
Q:[R24,R25]
T0 R24:2995356.309194,IMG_BLUR,1,1,1,2995356.309235,2995356.312285,2995356.326125
Q:[R25]
T0 R25:2995356.310538,IMG_BLUR,1,2,2,2995356.310576,2995356.326131,2995356.368450
Q:[]
T0 R26:2995356.399572,IMG_BLUR,1,2,2,2995356.399605,2995356.399640,2995356.441028
Q:[]
T0 R27:2995356.444292,IMG_SHARPEN,1,0,0,2995356.444331,2995356.444366,2995356.482828
Q:[]
T0 R28:2995356.483106,IMG_VERTEDGES,1,0,0,2995356.483148,2995356.483153,2995356.520972
Q:[]
T0 R29:2995356.553808,IMG_BLUR,1,2,2,2995356.553840,2995356.553877,2995356.595439
Q:[R30]
T1 R31:2995356.601165,IMG_REGISTER,1,1,1,2995356.601204,0.000000,0.000000
T0 R30:2995356.562480,IMG_HORIZEDGES,1,0,0,2995356.594044,2995356.595457,2995356.632994
Q:[]
T0 R32:2995356.681473,IMG_VERTEDGES,1,1,1,2995356.681512,2995356.681545,2995356.700383
Q:[]
T1 R33:2995356.767370,IMG_REGISTER,1,3,3,2995356.767409,0.000000,0.000000
T0 R34:2995356.841242,IMG_SHARPEN,1,4,4,2995356.841276,2995356.841289,2995356.911819
Q:[R35,R36,R37]
T0 R35:2995356.849351,IMG_HORIZEDGES,1,5,5,2995356.882036,2995356.911989,2995356.968669
Q:[R36,R37,R38,R39,R40]
T0 R36:2995356.854679,IMG_SHARPEN,1,0,0,2995356.882037,2995356.968696,2995357.008976
Q:[R37,R38,R39,R40]
T0 R37:2995356.873532,IMG_ROT90CLKW,1,1,1,2995356.882045,2995357.008987,2995357.012082
Q:[R38,R39,R40]
image saved
T0 R38:2995356.924927,IMG_RETRIEVE,1,1,1,2995356.924960,2995357.012096,2995357.012096
Q:[R39,R40]
image saved
T0 R39:2995356.933475,IMG_RETRIEVE,1,4,4,2995356.965090,2995357.012319,2995357.012319
Q:[R40]
T0 R40:2995356.960575,IMG_HORIZEDGES,1,3,3,2995356.965112,2995357.024660,2995357.043875
Q:[]
T0 R41:2995357.069012,IMG_VERTEDGES,1,3,3,2995357.069059,2995357.069067,2995357.087907
Q:[]
T0 R42:2995357.091823,IMG_SHARPEN,1,5,5,2995357.091856,2995357.091896,2995357.150376
Q:[]
T0 R43:2995357.182943,IMG_HORIZEDGES,1,3,3,2995357.182983,2995357.183020,2995357.202235
Q:[]
T1 R45:2995357.237943,IMG_REGISTER,1,4,4,2995357.238007,0.000000,0.000000
T0 R44:2995357.229127,IMG_HORIZEDGES,1,3,3,2995357.229160,2995357.229197,2995357.248619
Q:[]
T0 R46:2995357.266264,IMG_VERTEDGES,1,5,5,2995357.266301,2995357.266337,2995357.322136
Q:[R47]
T0 R47:2995357.318851,IMG_SHARPEN,1,4,4,2995357.318887,2995357.322159,2995357.394946
Q:[R48,R49]
T0 R48:2995357.321436,IMG_SHARPEN,1,4,4,2995357.322187,2995357.394958,2995357.466435
Q:[R49,R50]
T0 R49:2995357.346013,IMG_SHARPEN,1,3,3,2995357.363071,2995357.466447,2995357.486646
Q:[R50]
T1 R53:2995357.519431,IMG_REGISTER,1,5,5,2995357.519468,0.000000,0.000000
T0 R50:2995357.399300,IMG_SHARPEN,1,2,2,2995357.399344,2995357.486658,2995357.544493
Q:[R51,R52]
T0 R51:2995357.513434,IMG_VERTEDGES,1,4,4,2995357.513473,2995357.544501,2995357.613595
Q:[R52,R54,R55]
image saved
T0 R52:2995357.516712,IMG_RETRIEVE,1,5,5,2995357.516752,2995357.613609,2995357.613609
Q:[R54,R55]
T0 R54:2995357.553108,IMG_BLUR,1,4,4,2995357.553147,2995357.614162,2995357.665207
Q:[R55]
T0 R55:2995357.600082,IMG_SHARPEN,1,1,1,2995357.600115,2995357.665219,2995357.685210
Q:[]
T0 R56:2995357.998578,IMG_HORIZEDGES,1,4,4,2995357.998616,2995357.998652,2995358.068346
Q:[R57]
T1 R58:2995358.071205,IMG_REGISTER,1,3,3,2995358.071242,0.000000,0.000000
T0 R57:2995358.003057,IMG_SHARPEN,1,3,3,2995358.039042,2995358.068367,2995358.088640
Q:[]
T0 R59:2995358.192336,IMG_ROT90CLKW,1,0,0,2995358.192370,2995358.192403,2995358.196358
Q:[]
T0 R60:2995358.198279,IMG_BLUR,1,2,2,2995358.198311,2995358.198356,2995358.239696
Q:[]
image saved
T0 R61:2995358.255387,IMG_RETRIEVE,1,5,5,2995358.255428,2995358.255484,2995358.255485
Q:[]
T0 R62:2995358.291322,IMG_HORIZEDGES,1,7,7,2995358.291361,2995358.291398,2995358.310628
Q:[]
T0 R63:2995358.294832,IMG_BLUR,1,8,8,2995358.310678,2995358.310683,2995358.352300
Q:[R64]
T0 R64:2995358.306929,IMG_ROT90CLKW,1,7,7,2995358.310682,2995358.352312,2995358.354462
Q:[]
T0 R65:2995358.376973,IMG_HORIZEDGES,1,3,3,2995358.377017,2995358.377050,2995358.397128
Q:[R66]
T0 R66:2995358.378193,IMG_VERTEDGES,1,0,0,2995358.378226,2995358.397149,2995358.434727
Q:[]
image saved
T0 R67:2995358.464708,IMG_RETRIEVE,1,7,7,2995358.464742,2995358.464786,2995358.464787
Q:[]
image saved
T0 R68:2995358.594184,IMG_RETRIEVE,1,2,2,2995358.594219,2995358.594253,2995358.594253
Q:[]
T1 R70:2995358.737180,IMG_REGISTER,1,0,0,2995358.737269,0.000000,0.000000
T0 R69:2995358.731200,IMG_BLUR,1,7,7,2995358.731238,2995358.731273,2995358.745627
Q:[]
T0 R71:2995358.751922,IMG_HORIZEDGES,1,7,7,2995358.751960,2995358.751992,2995358.771161
Q:[]
T1 R72:2995358.785028,IMG_REGISTER,1,3,3,2995358.785070,0.000000,0.000000
T0 R73:2995358.833238,IMG_ROT90CLKW,1,1,1,2995358.833272,2995358.833327,2995358.835367
Q:[]
T0 R74:2995358.835812,IMG_SHARPEN,1,9,9,2995358.835845,2995358.835903,2995358.855376
Q:[]
image saved
T0 R75:2995358.870918,IMG_RETRIEVE,1,2,2,2995358.870953,2995358.870986,2995358.870986
Q:[]
T0 R76:2995358.906852,IMG_ROT90CLKW,1,5,5,2995358.906891,2995358.906928,2995358.914680
Q:[]
T0 R77:2995358.910870,IMG_HORIZEDGES,1,10,10,2995358.914730,2995358.914735,2995358.970739
Q:[]
T0 R78:2995359.007143,IMG_HORIZEDGES,1,3,3,2995359.007161,2995359.007168,2995359.026706
Q:[]
image saved
T0 R79:2995359.069877,IMG_RETRIEVE,1,1,1,2995359.069911,2995359.069946,2995359.069946
Q:[]
T0 R80:2995359.083983,IMG_ROT90CLKW,1,0,0,2995359.084017,2995359.084054,2995359.089115
Q:[]
T0 R81:2995359.092871,IMG_HORIZEDGES,1,1,1,2995359.092904,2995359.092939,2995359.112104
Q:[]
T0 R82:2995359.114798,IMG_HORIZEDGES,1,7,7,2995359.114831,2995359.114866,2995359.134427
Q:[]
T0 R83:2995359.121522,IMG_VERTEDGES,1,3,3,2995359.134476,2995359.134481,2995359.153859
Q:[]
T0 R84:2995359.139338,IMG_ROT90CLKW,1,4,4,2995359.153902,2995359.153906,2995359.162780
Q:[]
T1 R85:2995359.173178,IMG_REGISTER,1,0,0,2995359.173215,0.000000,0.000000
T0 R86:2995359.216177,IMG_BLUR,1,6,6,2995359.216210,2995359.216246,2995359.243405
Q:[R87]
T0 R87:2995359.229451,IMG_VERTEDGES,1,8,8,2995359.243457,2995359.243471,2995359.298810
Q:[]
T0 R88:2995359.314028,IMG_BLUR,1,2,2,2995359.314067,2995359.314103,2995359.355517
Q:[R89,R90,R91]
T0 R89:2995359.323947,IMG_BLUR,1,6,6,2995359.323990,2995359.355536,2995359.383717
Q:[R90,R91,R92]
T0 R90:2995359.334010,IMG_BLUR,1,0,0,2995359.334053,2995359.383735,2995359.410730
Q:[R91,R92,R93]
T0 R91:2995359.337295,IMG_ROT90CLKW,1,3,3,2995359.337338,2995359.410745,2995359.412816
Q:[R92,R93,R94,R95,R96]
T0 R92:2995359.365958,IMG_SHARPEN,1,11,11,2995359.366007,2995359.412828,2995359.432196
Q:[R93,R94,R95,R96]
T0 R93:2995359.377332,IMG_BLUR,1,9,9,2995359.383760,2995359.432204,2995359.446108
Q:[R94,R95,R96]
T0 R94:2995359.390665,IMG_VERTEDGES,1,2,2,2995359.410770,2995359.446115,2995359.502455
Q:[R95,R96,R97]
T0 R95:2995359.390787,IMG_BLUR,1,7,7,2995359.410772,2995359.502474,2995359.516823
Q:[R96,R97,R98]
T0 R96:2995359.397739,IMG_HORIZEDGES,1,4,4,2995359.410773,2995359.516835,2995359.585801
Q:[R97,R98,R99]
image saved
T0 R97:2995359.481489,IMG_RETRIEVE,1,1,1,2995359.481524,2995359.585812,2995359.585812
Q:[R98,R99]
T0 R98:2995359.485800,IMG_HORIZEDGES,1,7,7,2995359.502499,2995359.586026,2995359.605247
Q:[R99,R100]
T0 R99:2995359.535417,IMG_SHARPEN,1,8,8,2995359.535453,2995359.605258,2995359.662036
Q:[R100,R101]
T0 R100:2995359.601421,IMG_HORIZEDGES,1,8,8,2995359.601462,2995359.662049,2995359.717415
Q:[R101,R102]
T1 R103:2995359.736660,IMG_REGISTER,1,5,5,2995359.736693,0.000000,0.000000
T0 R101:2995359.627899,IMG_BLUR,1,0,0,2995359.627934,2995359.717428,2995359.744420
Q:[R102]
T0 R102:2995359.708039,IMG_VERTEDGES,1,0,0,2995359.708071,2995359.744427,2995359.781147
Q:[]
T0 R104:2995359.815539,IMG_ROT90CLKW,1,11,11,2995359.815572,2995359.815609,2995359.817756
Q:[]
T0 R105:2995359.878547,IMG_HORIZEDGES,1,1,1,2995359.878580,2995359.878612,2995359.898105
Q:[]
T0 R106:2995359.885184,IMG_ROT90CLKW,1,7,7,2995359.898155,2995359.898160,2995359.899508
Q:[R107]
T0 R107:2995359.890177,IMG_VERTEDGES,1,8,8,2995359.898158,2995359.899521,2995359.955075
Q:[R108]
T0 R108:2995359.950878,IMG_VERTEDGES,1,10,10,2995359.950913,2995359.955087,2995360.010397
Q:[R109,R110]
image saved
T0 R109:2995359.959250,IMG_RETRIEVE,1,4,4,2995359.959282,2995360.010409,2995360.010409
Q:[R110]
T0 R110:2995359.964213,IMG_BLUR,1,11,11,2995360.000042,2995360.011379,2995360.025228
Q:[]
T0 R111:2995360.055289,IMG_SHARPEN,1,3,3,2995360.055326,2995360.055371,2995360.076130
Q:[]
T0 R112:2995360.115730,IMG_ROT90CLKW,1,7,7,2995360.115764,2995360.115809,2995360.118030
Q:[]
T1 R113:2995360.129334,IMG_REGISTER,1,0,0,2995360.129375,0.000000,0.000000
T0 R114:2995360.172460,IMG_BLUR,1,7,7,2995360.172494,2995360.172537,2995360.187180
Q:[]
T0 R115:2995360.174977,IMG_BLUR,1,10,10,2995360.187229,2995360.187234,2995360.228573
Q:[R116,R117,R118]
T0 R116:2995360.190043,IMG_HORIZEDGES,1,4,4,2995360.228059,2995360.228585,2995360.297926
Q:[R117,R118,R119]
T0 R117:2995360.193231,IMG_SHARPEN,1,13,13,2995360.228061,2995360.297940,2995360.317316
Q:[R118,R119]
T0 R118:2995360.222434,IMG_BLUR,1,9,9,2995360.228068,2995360.317327,2995360.331186
Q:[R119]
T0 R119:2995360.270254,IMG_BLUR,1,8,8,2995360.270290,2995360.331196,2995360.372975
Q:[R120]
T0 R120:2995360.341791,IMG_BLUR,1,2,2,2995360.341826,2995360.372993,2995360.415115
Q:[R121,R122]
T0 R121:2995360.349562,IMG_VERTEDGES,1,3,3,2995360.373036,2995360.415136,2995360.435011
Q:[R122,R123]
T0 R122:2995360.408618,IMG_VERTEDGES,1,4,4,2995360.413086,2995360.435026,2995360.505086
Q:[R123]
image saved
T0 R123:2995360.421771,IMG_RETRIEVE,1,4,4,2995360.421808,2995360.505097,2995360.505097
Q:[]
T0 R124:2995360.561427,IMG_BLUR,1,5,5,2995360.561463,2995360.561496,2995360.604055
Q:[R125]
T0 R125:2995360.566311,IMG_ROT90CLKW,1,0,0,2995360.602043,2995360.604075,2995360.608126
Q:[]
T0 R126:2995360.617285,IMG_BLUR,1,12,12,2995360.617318,2995360.617364,2995360.632300
Q:[]
T0 R127:2995360.621348,IMG_SHARPEN,1,9,9,2995360.632349,2995360.632353,2995360.651957
Q:[R128]
T0 R128:2995360.623031,IMG_SHARPEN,1,9,9,2995360.632352,2995360.651971,2995360.672121
Q:[R129]
T0 R129:2995360.664056,IMG_HORIZEDGES,1,9,9,2995360.664091,2995360.672134,2995360.691448
Q:[]
T0 R130:2995360.730857,IMG_HORIZEDGES,1,11,11,2995360.730889,2995360.730922,2995360.749843
Q:[]
image saved
T0 R131:2995360.746953,IMG_RETRIEVE,1,0,0,2995360.749890,2995360.749894,2995360.749894
Q:[]
T1 R133:2995360.803997,IMG_REGISTER,1,0,0,2995360.804123,0.000000,0.000000
T0 R132:2995360.802157,IMG_VERTEDGES,1,11,11,2995360.802193,2995360.802228,2995360.821274
Q:[]
T0 R134:2995360.856165,IMG_ROT90CLKW,1,3,3,2995360.856198,2995360.856234,2995360.858306
Q:[]
T0 R135:2995360.885860,IMG_ROT90CLKW,1,6,6,2995360.885893,2995360.885928,2995360.890597
Q:[]
T0 R136:2995360.915998,IMG_SHARPEN,1,8,8,2995360.916032,2995360.916068,2995360.976308
Q:[]
T0 R137:2995360.989215,IMG_ROT90CLKW,1,13,13,2995360.989255,2995360.989292,2995360.991544
Q:[]
T0 R138:2995361.020584,IMG_SHARPEN,1,9,9,2995361.020617,2995361.020654,2995361.040946
Q:[]
T1 R139:2995361.050817,IMG_REGISTER,1,2,2,2995361.050851,0.000000,0.000000
T0 R140:2995361.121128,IMG_HORIZEDGES,1,14,14,2995361.121164,2995361.121208,2995361.139937
Q:[]
T0 R141:2995361.127333,IMG_VERTEDGES,1,9,9,2995361.139987,2995361.139992,2995361.159499
Q:[]
image saved
T0 R142:2995361.185773,IMG_RETRIEVE,1,9,9,2995361.185811,2995361.185846,2995361.185846
Q:[]
T0 R143:2995361.255982,IMG_SHARPEN,1,13,13,2995361.256036,2995361.256073,2995361.276311
Q:[]
T0 R144:2995361.291869,IMG_HORIZEDGES,1,5,5,2995361.291904,2995361.291940,2995361.348036
Q:[R145]
T0 R145:2995361.342083,IMG_SHARPEN,1,7,7,2995361.342128,2995361.348053,2995361.368726
Q:[R146]
T0 R146:2995361.354367,IMG_BLUR,1,1,1,2995361.354405,2995361.368738,2995361.383770
Q:[]
image saved
T0 R147:2995361.385968,IMG_RETRIEVE,1,6,6,2995361.386008,2995361.386062,2995361.386062
Q:[]
T0 R148:2995361.436791,IMG_ROT90CLKW,1,0,0,2995361.436827,2995361.436862,2995361.440960
Q:[]
T0 R149:2995361.453891,IMG_HORIZEDGES,1,2,2,2995361.453924,2995361.453960,2995361.510137
Q:[R150,R151,R152]
T0 R150:2995361.462652,IMG_HORIZEDGES,1,6,6,2995361.494039,2995361.510155,2995361.546532
Q:[R151,R152,R153]
T0 R151:2995361.468258,IMG_ROT90CLKW,1,11,11,2995361.494041,2995361.546545,2995361.549375
Q:[R152,R153]
T0 R152:2995361.484205,IMG_SHARPEN,1,2,2,2995361.494050,2995361.549382,2995361.608036
Q:[R153,R154]
T0 R153:2995361.528779,IMG_SHARPEN,1,4,4,2995361.528817,2995361.608055,2995361.681592
Q:[R154,R155,R156]
T0 R154:2995361.555573,IMG_BLUR,1,10,10,2995361.555615,2995361.681603,2995361.723853
Q:[R155,R156,R157]
T0 R155:2995361.610901,IMG_SHARPEN,1,7,7,2995361.610937,2995361.723865,2995361.744080
Q:[R156,R157,R158]
T0 R156:2995361.645510,IMG_BLUR,1,12,12,2995361.651047,2995361.744090,2995361.758445
Q:[R157,R158]
T0 R157:2995361.707423,IMG_BLUR,1,8,8,2995361.707461,2995361.758452,2995361.799882
Q:[R158,R159,R160]
T1 R163:2995361.858583,IMG_REGISTER,1,5,5,2995361.858774,0.000000,0.000000
T0 R158:2995361.731791,IMG_SHARPEN,1,4,4,2995361.731830,2995361.799892,2995361.871909
Q:[R159,R160,R161,R162]
T1 R165:2995361.920611,IMG_REGISTER,1,3,3,2995361.920670,0.000000,0.000000
T0 R159:2995361.774094,IMG_SHARPEN,1,15,15,2995361.774133,2995361.871918,2995361.981377
Q:[R160,R161,R162,R164]
T0 R160:2995361.779631,IMG_HORIZEDGES,1,4,4,2995361.779669,2995361.981544,2995362.051221
Q:[R161,R162,R164,R166,R167]
T0 R161:2995361.818219,IMG_HORIZEDGES,1,5,5,2995361.818256,2995362.051234,2995362.108069
Q:[R162,R164,R166,R167,R168,R169]
T0 R162:2995361.858390,IMG_BLUR,1,4,4,2995361.858772,2995362.108081,2995362.159133
Q:[R164,R166,R167,R168,R169,R170]
T0 R164:2995361.906687,IMG_VERTEDGES,1,14,14,2995361.906721,2995362.159148,2995362.177958
Q:[R166,R167,R168,R169,R170]
T0 R166:2995361.991588,IMG_SHARPEN,1,2,2,2995361.991622,2995362.177965,2995362.237232
Q:[R167,R168,R169,R170,R171]
T0 R167:2995361.998465,IMG_VERTEDGES,1,12,12,2995362.032044,2995362.237245,2995362.256537
Q:[R168,R169,R170,R171,R172]
T0 R168:2995362.057328,IMG_HORIZEDGES,1,5,5,2995362.057364,2995362.256549,2995362.314150
Q:[R169,R170,R171,R172,R173]
image saved
T0 R169:2995362.064404,IMG_RETRIEVE,1,6,6,2995362.098042,2995362.314164,2995362.314164
Q:[R170,R171,R172,R173]
T0 R170:2995362.132139,IMG_SHARPEN,1,3,3,2995362.132174,2995362.314763,2995362.335320
Q:[R171,R172,R173]
T0 R171:2995362.221992,IMG_HORIZEDGES,1,6,6,2995362.222026,2995362.335331,2995362.371721
Q:[R172,R173,R174]
T0 R172:2995362.248721,IMG_HORIZEDGES,1,11,11,2995362.248755,2995362.371734,2995362.391843
Q:[R173,R174]
T0 R173:2995362.275535,IMG_ROT90CLKW,1,9,9,2995362.275569,2995362.391850,2995362.393895
Q:[R174]
image saved
T0 R174:2995362.337819,IMG_RETRIEVE,1,4,4,2995362.337865,2995362.393901,2995362.393901
Q:[]
T1 R175:2995362.516507,IMG_REGISTER,1,0,0,2995362.516553,0.000000,0.000000
T0 R176:2995362.597337,IMG_VERTEDGES,1,13,13,2995362.597373,2995362.597406,2995362.616863
Q:[]
T0 R177:2995362.644822,IMG_BLUR,1,0,0,2995362.644855,2995362.644888,2995362.672093
Q:[]
T0 R178:2995362.654989,IMG_BLUR,1,12,12,2995362.672142,2995362.672147,2995362.686502
Q:[R179]
T0 R179:2995362.661081,IMG_ROT90CLKW,1,4,4,2995362.672145,2995362.686516,2995362.694304
Q:[]
image saved
T0 R180:2995362.729874,IMG_RETRIEVE,1,8,8,2995362.729909,2995362.729962,2995362.729962
Q:[]
image saved
T0 R181:2995362.766345,IMG_RETRIEVE,1,3,3,2995362.766383,2995362.766419,2995362.766419
Q:[]
T1 R183:2995362.793261,IMG_REGISTER,1,2,2,2995362.793417,0.000000,0.000000
T0 R182:2995362.792136,IMG_VERTEDGES,1,5,5,2995362.792172,2995362.792208,2995362.849041
Q:[]
T0 R184:2995362.920763,IMG_SHARPEN,1,14,14,2995362.920800,2995362.920845,2995362.940643
Q:[]
image saved
T0 R185:2995362.943202,IMG_RETRIEVE,1,0,0,2995362.943236,2995362.943282,2995362.943282
Q:[]
image saved
T0 R186:2995362.999337,IMG_RETRIEVE,1,8,8,2995362.999377,2995362.999412,2995362.999413
Q:[]
T1 R189:2995363.086988,IMG_REGISTER,1,1,1,2995363.087030,0.000000,0.000000
T0 R187:2995363.035372,IMG_HORIZEDGES,1,10,10,2995363.035409,2995363.035446,2995363.091182
Q:[R188]
T0 R188:2995363.044838,IMG_BLUR,1,17,17,2995363.076060,2995363.091194,2995363.132486
Q:[]
T1 R190:2995363.160514,IMG_REGISTER,1,1,1,2995363.160553,0.000000,0.000000
T0 R191:2995363.380704,IMG_VERTEDGES,1,3,3,2995363.380740,2995363.380772,2995363.400742
Q:[]
T0 R192:2995363.414839,IMG_HORIZEDGES,1,2,2,2995363.414872,2995363.414904,2995363.472980
Q:[R193,R194]
T0 R193:2995363.423117,IMG_HORIZEDGES,1,19,19,2995363.455039,2995363.473000,2995363.577595
Q:[R194,R195]
image saved
T0 R194:2995363.467759,IMG_RETRIEVE,1,18,18,2995363.467792,2995363.577610,2995363.577610
Q:[R195]
image saved
T0 R195:2995363.531132,IMG_RETRIEVE,1,17,17,2995363.531166,2995363.577915,2995363.577915
Q:[]
T1 R196:2995363.627488,IMG_REGISTER,1,1,1,2995363.627533,0.000000,0.000000
image saved
T0 R197:2995363.696392,IMG_RETRIEVE,1,5,5,2995363.696426,2995363.696470,2995363.696470
Q:[]
T0 R198:2995363.796138,IMG_SHARPEN,1,8,8,2995363.796178,2995363.796215,2995363.855383
Q:[]
T1 R199:2995363.910139,IMG_REGISTER,1,3,3,2995363.910176,0.000000,0.000000
T0 R200:2995363.996648,IMG_VERTEDGES,1,19,19,2995363.996682,2995363.996725,2995364.101485
Q:[R201,R202,R203,R204]
image saved
T0 R201:2995364.006582,IMG_RETRIEVE,1,17,17,2995364.037036,2995364.101504,2995364.101504
Q:[R202,R203,R204]
T0 R202:2995364.020025,IMG_VERTEDGES,1,10,10,2995364.037045,2995364.102054,2995364.157684
Q:[R203,R204,R205]
image saved
T0 R203:2995364.046975,IMG_RETRIEVE,1,15,15,2995364.047015,2995364.157695,2995364.157695
Q:[R204,R205]
image saved
T0 R204:2995364.068646,IMG_RETRIEVE,1,14,14,2995364.068686,2995364.160084,2995364.160084
Q:[R205]
T0 R205:2995364.151424,IMG_ROT90CLKW,1,17,17,2995364.151468,2995364.160294,2995364.166692
Q:[]
image saved
T0 R206:2995364.237090,IMG_RETRIEVE,1,5,5,2995364.237127,2995364.237162,2995364.237162
Q:[]
image saved
T0 R207:2995364.272573,IMG_RETRIEVE,1,19,19,2995364.272608,2995364.272644,2995364.272644
Q:[]
T0 R208:2995364.338786,IMG_VERTEDGES,1,13,13,2995364.338821,2995364.338856,2995364.358749
Q:[]
T1 R209:2995364.366226,IMG_REGISTER,1,0,0,2995364.366261,0.000000,0.000000
T0 R210:2995364.379853,IMG_BLUR,1,0,0,2995364.379891,2995364.379935,2995364.408063
Q:[]
T0 R211:2995364.465629,IMG_BLUR,1,16,16,2995364.465663,2995364.465697,2995364.480171
Q:[]
T0 R212:2995364.538372,IMG_SHARPEN,1,14,14,2995364.538404,2995364.538436,2995364.558403
Q:[]
T0 R213:2995364.558182,IMG_HORIZEDGES,1,13,13,2995364.558452,2995364.558457,2995364.577924
Q:[]
T0 R214:2995364.592147,IMG_VERTEDGES,1,21,21,2995364.592183,2995364.592227,2995364.660996
Q:[R215]
T0 R215:2995364.603706,IMG_SHARPEN,1,12,12,2995364.633043,2995364.661017,2995364.680777
Q:[R216]
T0 R216:2995364.680272,IMG_ROT90CLKW,1,10,10,2995364.680306,2995364.680792,2995364.687026
Q:[]
T0 R217:2995364.690905,IMG_VERTEDGES,1,1,1,2995364.690941,2995364.690985,2995364.710314
Q:[]
T0 R218:2995364.757831,IMG_ROT90CLKW,1,9,9,2995364.757863,2995364.757907,2995364.761002
Q:[]
T0 R219:2995364.843973,IMG_SHARPEN,1,24,24,2995364.844010,2995364.844064,2995364.863559
Q:[]
T0 R220:2995364.850076,IMG_ROT90CLKW,1,0,0,2995364.863608,2995364.863613,2995364.867541
Q:[R221]
T0 R221:2995364.856541,IMG_ROT90CLKW,1,18,18,2995364.863612,2995364.867554,2995364.869592
Q:[]
T0 R222:2995364.954411,IMG_BLUR,1,24,24,2995364.954445,2995364.954488,2995364.968568
Q:[]
T0 R223:2995364.958677,IMG_SHARPEN,1,5,5,2995364.968617,2995364.968622,2995365.029569
Q:[]
image saved
T0 R224:2995365.040936,IMG_RETRIEVE,1,0,0,2995365.040979,2995365.041023,2995365.041023
Q:[]
image saved
T0 R225:2995365.065886,IMG_RETRIEVE,1,14,14,2995365.065922,2995365.065967,2995365.065968
Q:[]
T0 R226:2995365.085020,IMG_ROT90CLKW,1,18,18,2995365.085058,2995365.085093,2995365.087907
Q:[]
T0 R227:2995365.166193,IMG_HORIZEDGES,1,22,22,2995365.166225,2995365.166261,2995365.237185
Q:[R228,R229,R230]
T0 R228:2995365.167376,IMG_ROT90CLKW,1,5,5,2995365.207050,2995365.237204,2995365.243237
Q:[R229,R230]
T0 R229:2995365.214043,IMG_ROT90CLKW,1,1,1,2995365.214086,2995365.243247,2995365.245374
Q:[R230]
T0 R230:2995365.215258,IMG_SHARPEN,1,3,3,2995365.215301,2995365.245383,2995365.266329
Q:[R231]
T0 R231:2995365.251399,IMG_ROT90CLKW,1,14,14,2995365.251436,2995365.266340,2995365.268364
Q:[]
T0 R232:2995365.324780,IMG_SHARPEN,1,2,2,2995365.324812,2995365.324848,2995365.385983
Q:[R233,R234,R235]
T0 R233:2995365.326501,IMG_VERTEDGES,1,13,13,2995365.365047,2995365.386029,2995365.406520
Q:[R234,R235]
T0 R234:2995365.366493,IMG_VERTEDGES,1,7,7,2995365.366536,2995365.406528,2995365.426277
Q:[R235]
image saved
T0 R235:2995365.379009,IMG_RETRIEVE,1,21,21,2995365.379086,2995365.426284,2995365.426284
Q:[]
T0 R236:2995365.472014,IMG_ROT90CLKW,1,16,16,2995365.472054,2995365.472097,2995365.474938
Q:[]
T1 R237:2995365.473855,IMG_REGISTER,1,1,1,2995365.473912,0.000000,0.000000
T0 R238:2995365.525775,IMG_ROT90CLKW,1,13,13,2995365.525809,2995365.525853,2995365.528065
Q:[]
T1 R241:2995365.539602,IMG_REGISTER,1,0,0,2995365.539712,0.000000,0.000000
T0 R239:2995365.527775,IMG_VERTEDGES,1,11,11,2995365.528119,2995365.528124,2995365.547988
Q:[R240]
T0 R240:2995365.529699,IMG_SHARPEN,1,11,11,2995365.539710,2995365.547996,2995365.568442
Q:[]
T0 R242:2995365.581487,IMG_BLUR,1,15,15,2995365.581524,2995365.581568,2995365.660425
Q:[]
T0 R243:2995365.668317,IMG_SHARPEN,1,13,13,2995365.668349,2995365.668395,2995365.689108
Q:[]
T0 R244:2995365.711892,IMG_ROT90CLKW,1,22,22,2995365.711927,2995365.711971,2995365.721353
Q:[]
T0 R245:2995365.745364,IMG_SHARPEN,1,24,24,2995365.745401,2995365.745445,2995365.765173
Q:[]
T1 R247:2995365.859399,IMG_REGISTER,1,1,1,2995365.859445,0.000000,0.000000
T0 R246:2995365.834744,IMG_HORIZEDGES,1,8,8,2995365.834778,2995365.834822,2995365.894430
Q:[]
T0 R248:2995365.939840,IMG_SHARPEN,1,18,18,2995365.939873,2995365.939917,2995365.959889
Q:[]
T0 R249:2995365.950291,IMG_BLUR,1,20,20,2995365.959939,2995365.959944,2995366.013328
Q:[R250,R251]
T0 R250:2995365.958342,IMG_HORIZEDGES,1,24,24,2995365.959943,2995366.013341,2995366.032838
Q:[R251]
T0 R251:2995365.996700,IMG_VERTEDGES,1,22,22,2995366.001049,2995366.032846,2995366.105332
Q:[R252,R253]
T0 R252:2995366.060480,IMG_SHARPEN,1,18,18,2995366.060515,2995366.105485,2995366.126109
Q:[R253,R254]
T0 R253:2995366.097235,IMG_VERTEDGES,1,19,19,2995366.101080,2995366.126122,2995366.232876
Q:[R254,R255,R256,R257,R258,R259]
image saved
T0 R254:2995366.106837,IMG_RETRIEVE,1,0,0,2995366.106872,2995366.232890,2995366.232890
Q:[R255,R256,R257,R258,R259]
T0 R255:2995366.130920,IMG_SHARPEN,1,10,10,2995366.130955,2995366.233777,2995366.292050
Q:[R256,R257,R258,R259,R260]
T0 R256:2995366.156167,IMG_SHARPEN,1,0,0,2995366.171043,2995366.292068,2995366.331473
Q:[R257,R258,R259,R260,R261]
image saved
T0 R257:2995366.200657,IMG_RETRIEVE,1,19,19,2995366.200696,2995366.331484,2995366.331484
Q:[R258,R259,R260,R261]
T0 R258:2995366.202158,IMG_SHARPEN,1,22,22,2995366.202197,2995366.333786,2995366.405074
Q:[R259,R260,R261,R262]
T1 R264:2995366.411670,IMG_REGISTER,1,2,2,2995366.411817,0.000000,0.000000
T0 R259:2995366.224428,IMG_BLUR,1,15,15,2995366.224467,2995366.405089,2995366.483645
Q:[R260,R261,R262,R263]
T0 R260:2995366.281621,IMG_ROT90CLKW,1,20,20,2995366.281667,2995366.483658,2995366.491163
Q:[R261,R262,R263,R265]
T0 R261:2995366.284348,IMG_SHARPEN,1,16,16,2995366.292098,2995366.491177,2995366.511349
Q:[R262,R263,R265]
T0 R262:2995366.399046,IMG_VERTEDGES,1,19,19,2995366.399089,2995366.511357,2995366.617690
Q:[R263,R265,R266,R267,R268,R269]
T0 R263:2995366.408417,IMG_BLUR,1,24,24,2995366.408453,2995366.617702,2995366.631570
Q:[R265,R266,R267,R268,R269]
T0 R265:2995366.484544,IMG_BLUR,1,13,13,2995366.484579,2995366.631577,2995366.645436
Q:[R266,R267,R268,R269,R270]
T0 R266:2995366.534645,IMG_BLUR,1,12,12,2995366.534678,2995366.645444,2995366.660270
Q:[R267,R268,R269,R270,R271]
image saved
T0 R267:2995366.579101,IMG_RETRIEVE,1,0,0,2995366.579140,2995366.660278,2995366.660278
Q:[R268,R269,R270,R271]
T1 R272:2995366.699902,IMG_REGISTER,1,3,3,2995366.699946,0.000000,0.000000
T0 R268:2995366.582484,IMG_HORIZEDGES,1,8,8,2995366.582523,2995366.660873,2995366.719623
Q:[R269,R270,R271]
T0 R269:2995366.586055,IMG_BLUR,1,8,8,2995366.586093,2995366.719631,2995366.760911
Q:[R270,R271]
T0 R270:2995366.641372,IMG_HORIZEDGES,1,18,18,2995366.641409,2995366.760922,2995366.780347
Q:[R271]
T0 R271:2995366.652202,IMG_BLUR,1,12,12,2995366.652238,2995366.780358,2995366.794676
Q:[]
T0 R273:2995366.797350,IMG_ROT90CLKW,1,7,7,2995366.797384,2995366.797439,2995366.798821
Q:[]
T1 R274:2995366.817681,IMG_REGISTER,1,0,0,2995366.817721,0.000000,0.000000
T0 R275:2995366.842375,IMG_VERTEDGES,1,10,10,2995366.842410,2995366.842443,2995366.899078
Q:[R276,R277]
T0 R276:2995366.845207,IMG_BLUR,1,3,3,2995366.883037,2995366.899103,2995366.913097
Q:[R277,R278]
T0 R277:2995366.881158,IMG_ROT90CLKW,1,29,29,2995366.883046,2995366.913112,2995366.919356
Q:[R278]
T1 R279:2995366.935367,IMG_REGISTER,1,1,1,2995366.935409,0.000000,0.000000
T0 R278:2995366.910272,IMG_VERTEDGES,1,29,29,2995366.910308,2995366.919364,2995366.975124
Q:[]
T1 R282:2995367.071022,IMG_REGISTER,1,5,5,2995367.071060,0.000000,0.000000
T0 R280:2995367.026809,IMG_SHARPEN,1,2,2,2995367.026843,2995367.026888,2995367.087470
Q:[R281]
T0 R281:2995367.050930,IMG_VERTEDGES,1,9,9,2995367.067043,2995367.087491,2995367.107871
Q:[R283]
T0 R283:2995367.102022,IMG_BLUR,1,26,26,2995367.102055,2995367.107892,2995367.121800
Q:[R284]
T0 R284:2995367.106525,IMG_VERTEDGES,1,5,5,2995367.107918,2995367.121812,2995367.180044
Q:[R285]
T1 R287:2995367.239009,IMG_REGISTER,1,0,0,2995367.239056,0.000000,0.000000
T0 R285:2995367.157036,IMG_HORIZEDGES,1,22,22,2995367.157072,2995367.180058,2995367.248675
Q:[R286]
T0 R286:2995367.237391,IMG_HORIZEDGES,1,4,4,2995367.237425,2995367.248683,2995367.318539
Q:[]
image saved
T0 R288:2995367.338230,IMG_RETRIEVE,1,25,25,2995367.338263,2995367.338308,2995367.338308
Q:[]
T0 R289:2995367.382822,IMG_ROT90CLKW,1,33,33,2995367.382860,2995367.382896,2995367.385075
Q:[]
T0 R290:2995367.408678,IMG_SHARPEN,1,11,11,2995367.408715,2995367.408748,2995367.429269
Q:[]
T0 R291:2995367.437420,IMG_BLUR,1,11,11,2995367.437455,2995367.437515,2995367.451356
Q:[]
image saved
T0 R292:2995367.489328,IMG_RETRIEVE,1,33,33,2995367.489363,2995367.489396,2995367.489397
Q:[]
T1 R293:2995367.501563,IMG_REGISTER,1,4,4,2995367.501600,0.000000,0.000000
T0 R294:2995367.570545,IMG_HORIZEDGES,1,32,32,2995367.570580,2995367.570615,2995367.589807
Q:[]
T0 R295:2995367.629905,IMG_ROT90CLKW,1,21,21,2995367.629938,2995367.629973,2995367.637914
Q:[]
T0 R296:2995367.654108,IMG_VERTEDGES,1,3,3,2995367.654140,2995367.654176,2995367.674011
Q:[]
image saved
T0 R297:2995367.682935,IMG_RETRIEVE,1,17,17,2995367.682967,2995367.683007,2995367.683007
Q:[]
image saved
T0 R298:2995367.729952,IMG_RETRIEVE,1,31,31,2995367.729985,2995367.730024,2995367.730025
Q:[]
T0 R299:2995367.774158,IMG_SHARPEN,1,9,9,2995367.774194,2995367.774229,2995367.795406
Q:[]
T0 R300:2995367.836155,IMG_BLUR,1,32,32,2995367.836193,2995367.836200,2995367.850754
Q:[]
T0 R301:2995367.872784,IMG_VERTEDGES,1,13,13,2995367.872816,2995367.872853,2995367.892251
Q:[]
T0 R302:2995367.945893,IMG_VERTEDGES,1,31,31,2995367.945925,2995367.945960,2995368.015030
Q:[R303,R304]
T0 R303:2995367.956402,IMG_ROT90CLKW,1,15,15,2995367.986049,2995368.015048,2995368.028132
Q:[R304,R305]
T0 R304:2995367.992135,IMG_ROT90CLKW,1,28,28,2995367.992178,2995368.028149,2995368.039622
Q:[R305,R306]
T1 R307:2995368.055301,IMG_REGISTER,1,5,5,2995368.055340,0.000000,0.000000
T0 R305:2995368.015708,IMG_BLUR,1,6,6,2995368.015745,2995368.039633,2995368.067309
Q:[R306]
T1 R309:2995368.160838,IMG_REGISTER,1,5,5,2995368.160877,0.000000,0.000000
T0 R306:2995368.020822,IMG_HORIZEDGES,1,15,15,2995368.028179,2995368.067316,2995368.171826
Q:[R308]
T1 R310:2995368.202838,IMG_REGISTER,1,3,3,2995368.202875,0.000000,0.000000
T0 R308:2995368.104941,IMG_VERTEDGES,1,0,0,2995368.104979,2995368.171834,2995368.209659
Q:[]
T0 R311:2995368.287764,IMG_BLUR,1,14,14,2995368.287797,2995368.287842,2995368.302017
Q:[]
T0 R312:2995368.358448,IMG_SHARPEN,1,14,14,2995368.358482,2995368.358525,2995368.378685
Q:[]
T0 R313:2995368.373318,IMG_BLUR,1,12,12,2995368.378734,2995368.378739,2995368.393349
Q:[]
T0 R314:2995368.408079,IMG_BLUR,1,4,4,2995368.408115,2995368.408159,2995368.459343
Q:[]
T0 R315:2995368.475950,IMG_VERTEDGES,1,7,7,2995368.475989,2995368.476035,2995368.496109
Q:[]
T1 R317:2995368.545821,IMG_REGISTER,1,2,2,2995368.545881,0.000000,0.000000
T0 R316:2995368.530583,IMG_VERTEDGES,1,29,29,2995368.530617,2995368.530662,2995368.586352
Q:[]
T0 R318:2995368.643195,IMG_ROT90CLKW,1,20,20,2995368.643230,2995368.643239,2995368.652109
Q:[]
T0 R319:2995368.662067,IMG_BLUR,1,2,2,2995368.662099,2995368.662143,2995368.703547
Q:[R320,R321,R322]
T0 R320:2995368.682651,IMG_HORIZEDGES,1,0,0,2995368.703036,2995368.703567,2995368.741498
Q:[R321,R322,R323]
T0 R321:2995368.691125,IMG_HORIZEDGES,1,31,31,2995368.703045,2995368.741514,2995368.809833
Q:[R322,R323,R324]
T0 R322:2995368.703071,IMG_VERTEDGES,1,35,35,2995368.703079,2995368.809853,2995368.829059
Q:[R323,R324,R325,R326]
T0 R323:2995368.724883,IMG_HORIZEDGES,1,13,13,2995368.724917,2995368.829070,2995368.848910
Q:[R324,R325,R326,R327]
T0 R324:2995368.790157,IMG_ROT90CLKW,1,28,28,2995368.790192,2995368.848922,2995368.861966
Q:[R325,R326,R327]
T0 R325:2995368.796965,IMG_SHARPEN,1,38,38,2995368.809877,2995368.861974,2995368.969446
Q:[R326,R327,R328]
T0 R326:2995368.808325,IMG_ROT90CLKW,1,14,14,2995368.809880,2995368.969460,2995368.971507
Q:[R327,R328]
T1 R329:2995369.020013,IMG_REGISTER,1,1,1,2995369.020052,0.000000,0.000000
T0 R327:2995368.847101,IMG_SHARPEN,1,23,23,2995368.847138,2995368.971518,2995369.030130
Q:[R328]
T0 R328:2995368.954169,IMG_ROT90CLKW,1,5,5,2995368.954203,2995369.030139,2995369.036509
Q:[]
T0 R330:2995369.088634,IMG_VERTEDGES,1,5,5,2995369.088667,2995369.088722,2995369.145954
Q:[]
T0 R331:2995369.147420,IMG_ROT90CLKW,1,37,37,2995369.147461,2995369.147494,2995369.153683
Q:[]
image saved
T0 R332:2995369.164748,IMG_RETRIEVE,1,7,7,2995369.164782,2995369.164825,2995369.164826
Q:[]
T1 R334:2995369.191627,IMG_REGISTER,1,4,4,2995369.191688,0.000000,0.000000
T0 R333:2995369.177401,IMG_HORIZEDGES,1,13,13,2995369.177439,2995369.177475,2995369.197747
Q:[]
T0 R335:2995369.248693,IMG_ROT90CLKW,1,17,17,2995369.248726,2995369.248762,2995369.256498
Q:[]
T0 R336:2995369.274665,IMG_ROT90CLKW,1,27,27,2995369.274702,2995369.274738,2995369.283796
Q:[]
image saved
T0 R337:2995369.281762,IMG_RETRIEVE,1,3,3,2995369.283845,2995369.283850,2995369.283850
Q:[]
T0 R338:2995369.295577,IMG_BLUR,1,15,15,2995369.295612,2995369.295648,2995369.374350
Q:[R339,R340]
T1 R341:2995369.379188,IMG_REGISTER,1,3,3,2995369.379228,0.000000,0.000000
T0 R339:2995369.309910,IMG_HORIZEDGES,1,26,26,2995369.336042,2995369.374388,2995369.393294
Q:[R340]
T0 R340:2995369.323941,IMG_VERTEDGES,1,16,16,2995369.336052,2995369.393301,2995369.414000
Q:[]
T1 R342:2995369.440619,IMG_REGISTER,1,1,1,2995369.440654,0.000000,0.000000
T1 R344:2995369.537077,IMG_REGISTER,1,4,4,2995369.537126,0.000000,0.000000
T0 R343:2995369.498765,IMG_VERTEDGES,1,19,19,2995369.498800,2995369.498844,2995369.605871
Q:[R345,R346]
T0 R345:2995369.564795,IMG_VERTEDGES,1,7,7,2995369.564828,2995369.605891,2995369.625952
Q:[R346]
T0 R346:2995369.595377,IMG_BLUR,1,1,1,2995369.605043,2995369.625959,2995369.639858
Q:[]
T1 R347:2995369.663153,IMG_REGISTER,1,1,1,2995369.663192,0.000000,0.000000
T0 R348:2995369.718138,IMG_HORIZEDGES,1,22,22,2995369.718173,2995369.718205,2995369.787438
Q:[R349]
image saved
T0 R349:2995369.743479,IMG_RETRIEVE,1,31,31,2995369.759043,2995369.787457,2995369.787457
Q:[]
T1 R351:2995369.851586,IMG_REGISTER,1,0,0,2995369.851720,0.000000,0.000000
T0 R350:2995369.849756,IMG_BLUR,1,11,11,2995369.849797,2995369.849834,2995369.863865
Q:[]
T1 R353:2995369.873377,IMG_REGISTER,1,3,3,2995369.873439,0.000000,0.000000
T0 R352:2995369.865096,IMG_BLUR,1,24,24,2995369.865130,2995369.865174,2995369.879268
Q:[]
T0 R354:2995369.911319,IMG_SHARPEN,1,46,46,2995369.911358,2995369.911391,2995369.968995
Q:[R355]
T1 R358:2995370.018199,IMG_REGISTER,1,2,2,2995370.018244,0.000000,0.000000
T0 R355:2995369.931866,IMG_SHARPEN,1,2,2,2995369.931899,2995369.969024,2995370.029106
Q:[R356,R357]
T0 R356:2995369.959490,IMG_BLUR,1,34,34,2995369.969049,2995370.029115,2995370.057799
Q:[R357]
T0 R357:2995369.996708,IMG_SHARPEN,1,5,5,2995370.010048,2995370.058358,2995370.121512
Q:[]
T0 R359:2995370.174378,IMG_HORIZEDGES,1,25,25,2995370.174471,2995370.174504,2995370.251372
Q:[]
image saved
T0 R360:2995370.251438,IMG_RETRIEVE,1,13,13,2995370.251481,2995370.251506,2995370.251506
Q:[]
T0 R361:2995370.336227,IMG_VERTEDGES,1,41,41,2995370.336270,2995370.336307,2995370.393111
Q:[]
image saved
T0 R362:2995370.393569,IMG_RETRIEVE,1,1,1,2995370.393609,2995370.393643,2995370.393643
Q:[]
image saved
T0 R363:2995370.405943,IMG_RETRIEVE,1,4,4,2995370.405978,2995370.406030,2995370.406030
Q:[]
T0 R364:2995370.450600,IMG_BLUR,1,41,41,2995370.450638,2995370.450674,2995370.500039
Q:[R365]
T0 R365:2995370.451847,IMG_BLUR,1,21,21,2995370.491049,2995370.500056,2995370.553679
Q:[R366]
image saved
T0 R366:2995370.520381,IMG_RETRIEVE,1,1,1,2995370.520420,2995370.553693,2995370.553693
Q:[]
T1 R367:2995370.565403,IMG_REGISTER,1,4,4,2995370.565444,0.000000,0.000000
T0 R368:2995370.621934,IMG_ROT90CLKW,1,4,4,2995370.621967,2995370.622009,2995370.629704
Q:[]
T1 R369:2995370.806337,IMG_REGISTER,1,5,5,2995370.806376,0.000000,0.000000
T0 R370:2995370.821869,IMG_VERTEDGES,1,31,31,2995370.821902,2995370.821941,2995370.891863
Q:[R371,R372]
T0 R371:2995370.833340,IMG_ROT90CLKW,1,23,23,2995370.862039,2995370.891885,2995370.898798
Q:[R372]
image saved
T0 R372:2995370.849316,IMG_RETRIEVE,1,4,4,2995370.862047,2995370.898806,2995370.898807
Q:[]
T0 R373:2995370.943129,IMG_VERTEDGES,1,42,42,2995370.943164,2995370.943200,2995371.014702
Q:[R374]
T0 R374:2995370.949618,IMG_SHARPEN,1,19,19,2995370.984048,2995371.014721,2995371.127924
Q:[R375,R376,R377,R378]
T1 R379:2995371.146412,IMG_REGISTER,1,0,0,2995371.146450,0.000000,0.000000
T0 R375:2995371.036132,IMG_SHARPEN,1,19,19,2995371.036170,2995371.127937,2995371.239391
Q:[R376,R377,R378,R380,R381]
image saved
T0 R376:2995371.046897,IMG_RETRIEVE,1,26,26,2995371.077046,2995371.239402,2995371.239402
Q:[R377,R378,R380,R381]
T0 R377:2995371.105696,IMG_SHARPEN,1,33,33,2995371.105741,2995371.239758,2995371.259854
Q:[R378,R380,R381]
T1 R383:2995371.296466,IMG_REGISTER,1,4,4,2995371.296510,0.000000,0.000000
T0 R378:2995371.125791,IMG_VERTEDGES,1,6,6,2995371.125835,2995371.259861,2995371.297095
Q:[R380,R381,R382]
T0 R380:2995371.174535,IMG_BLUR,1,37,37,2995371.174574,2995371.297110,2995371.339828
Q:[R381,R382]
T0 R381:2995371.181471,IMG_ROT90CLKW,1,3,3,2995371.215047,2995371.339841,2995371.342158
Q:[R382]
image saved
T0 R382:2995371.264596,IMG_RETRIEVE,1,8,8,2995371.264638,2995371.342168,2995371.342168
Q:[]
T0 R384:2995371.378369,IMG_ROT90CLKW,1,17,17,2995371.378404,2995371.378440,2995371.386202
Q:[]
image saved
T0 R385:2995371.413389,IMG_RETRIEVE,1,33,33,2995371.413434,2995371.413488,2995371.413488
Q:[]
T0 R386:2995371.437880,IMG_BLUR,1,1,1,2995371.437918,2995371.437954,2995371.452163
Q:[]
T0 R387:2995371.475388,IMG_HORIZEDGES,1,24,24,2995371.475422,2995371.475457,2995371.494666
Q:[]
T0 R388:2995371.527136,IMG_ROT90CLKW,1,33,33,2995371.527170,2995371.527217,2995371.530102
Q:[]
T0 R389:2995371.540691,IMG_SHARPEN,1,4,4,2995371.540725,2995371.540760,2995371.612764
Q:[R390,R391]
image saved
T0 R390:2995371.549999,IMG_RETRIEVE,1,12,12,2995371.581051,2995371.612782,2995371.612782
Q:[R391]
T0 R391:2995371.568027,IMG_HORIZEDGES,1,1,1,2995371.581060,2995371.613244,2995371.632442
Q:[R392]
T0 R392:2995371.625154,IMG_SHARPEN,1,24,24,2995371.625196,2995371.632456,2995371.652610
Q:[R393]
T1 R394:2995371.655112,IMG_REGISTER,1,0,0,2995371.655150,0.000000,0.000000
T0 R393:2995371.630383,IMG_BLUR,1,43,43,2995371.632485,2995371.652620,2995371.680895
Q:[]
T0 R395:2995371.693308,IMG_HORIZEDGES,1,48,48,2995371.693348,2995371.693391,2995371.729827
Q:[R396]
T0 R396:2995371.702268,IMG_BLUR,1,34,34,2995371.702303,2995371.729853,2995371.756925
Q:[R397]
T0 R397:2995371.723870,IMG_VERTEDGES,1,40,40,2995371.729876,2995371.756939,2995371.794777
Q:[]
T0 R398:2995371.818350,IMG_VERTEDGES,1,40,40,2995371.818387,2995371.818432,2995371.854970
Q:[]
T1 R401:2995371.877962,IMG_REGISTER,1,3,3,2995371.878024,0.000000,0.000000
T0 R399:2995371.828686,IMG_BLUR,1,22,22,2995371.855019,2995371.855024,2995371.908578
Q:[R400]
T0 R400:2995371.848520,IMG_BLUR,1,48,48,2995371.855023,2995371.908587,2995371.935570
Q:[]
image saved
T0 R402:2995372.033240,IMG_RETRIEVE,1,41,41,2995372.033273,2995372.033318,2995372.033318
Q:[]
T1 R404:2995372.197360,IMG_REGISTER,1,0,0,2995372.197440,0.000000,0.000000
T0 R403:2995372.173192,IMG_VERTEDGES,1,51,51,2995372.173230,2995372.173266,2995372.209825
Q:[]
T0 R405:2995372.254187,IMG_VERTEDGES,1,49,49,2995372.254220,2995372.254255,2995372.273638
Q:[]
T0 R406:2995372.283451,IMG_BLUR,1,10,10,2995372.283483,2995372.283519,2995372.324997
Q:[R407]
T0 R407:2995372.296496,IMG_HORIZEDGES,1,38,38,2995372.324047,2995372.325016,2995372.432769
Q:[R408,R409,R410,R411,R412]
T0 R408:2995372.348078,IMG_ROT90CLKW,1,14,14,2995372.348116,2995372.432782,2995372.434955
Q:[R409,R410,R411,R412]
T0 R409:2995372.366662,IMG_HORIZEDGES,1,49,49,2995372.389046,2995372.434963,2995372.454365
Q:[R410,R411,R412,R413]
T0 R410:2995372.407391,IMG_HORIZEDGES,1,39,39,2995372.407436,2995372.454372,2995372.525277
Q:[R411,R412,R413,R414,R415,R416]
T0 R411:2995372.407660,IMG_ROT90CLKW,1,46,46,2995372.407668,2995372.525797,2995372.531976
Q:[R412,R413,R414,R415,R416]
image saved
T0 R412:2995372.432320,IMG_RETRIEVE,1,40,40,2995372.432364,2995372.531983,2995372.531983
Q:[R413,R414,R415,R416]
T0 R413:2995372.438425,IMG_HORIZEDGES,1,26,26,2995372.438464,2995372.532547,2995372.551283
Q:[R414,R415,R416]
T1 R418:2995372.598002,IMG_REGISTER,1,1,1,2995372.598045,0.000000,0.000000
T0 R414:2995372.465565,IMG_HORIZEDGES,1,37,37,2995372.465603,2995372.551293,2995372.607020
Q:[R415,R416,R417]
image saved
T0 R415:2995372.472742,IMG_RETRIEVE,1,3,3,2995372.472779,2995372.607028,2995372.607028
Q:[R416,R417]
T0 R416:2995372.516057,IMG_SHARPEN,1,42,42,2995372.516101,2995372.607216,2995372.677215
Q:[R417,R419]
T1 R420:2995372.728326,IMG_REGISTER,1,4,4,2995372.728367,0.000000,0.000000
T0 R417:2995372.555375,IMG_VERTEDGES,1,29,29,2995372.555416,2995372.677228,2995372.733573
Q:[R419]
T0 R419:2995372.677158,IMG_ROT90CLKW,1,24,24,2995372.677196,2995372.733581,2995372.735747
Q:[]
T0 R421:2995372.766962,IMG_BLUR,1,23,23,2995372.766996,2995372.767029,2995372.808495
Q:[]
T0 R422:2995372.831254,IMG_BLUR,1,35,35,2995372.831296,2995372.831340,2995372.846184
Q:[]
T0 R423:2995372.964176,IMG_VERTEDGES,1,7,7,2995372.964220,2995372.964247,2995372.984902
Q:[]
T1 R424:2995373.043341,IMG_REGISTER,1,4,4,2995373.043381,0.000000,0.000000
T1 R425:2995373.071471,IMG_REGISTER,1,1,1,2995373.071509,0.000000,0.000000
T0 R426:2995373.124800,IMG_SHARPEN,1,52,52,2995373.124834,2995373.124880,2995373.144517
Q:[]
T0 R427:2995373.146531,IMG_BLUR,1,48,48,2995373.146564,2995373.146596,2995373.173757
Q:[]
T0 R428:2995373.156895,IMG_ROT90CLKW,1,52,52,2995373.173807,2995373.173812,2995373.175963
Q:[]
T0 R429:2995373.185273,IMG_HORIZEDGES,1,3,3,2995373.185308,2995373.185352,2995373.205503
Q:[]
T0 R430:2995373.221561,IMG_HORIZEDGES,1,43,43,2995373.221596,2995373.221628,2995373.257769
Q:[]
T0 R431:2995373.363730,IMG_SHARPEN,1,7,7,2995373.363762,2995373.363806,2995373.385312
Q:[]
image saved
T0 R432:2995373.368290,IMG_RETRIEVE,1,36,36,2995373.385361,2995373.385366,2995373.385366
Q:[R433]
T0 R433:2995373.370371,IMG_HORIZEDGES,1,15,15,2995373.385365,2995373.385767,2995373.492773
Q:[R434,R435]
image saved
T0 R434:2995373.419239,IMG_RETRIEVE,1,36,36,2995373.419280,2995373.492788,2995373.492788
Q:[R435]
image saved
T0 R435:2995373.468115,IMG_RETRIEVE,1,7,7,2995373.468156,2995373.492955,2995373.492955
Q:[]
T1 R436:2995373.521898,IMG_REGISTER,1,0,0,2995373.521934,0.000000,0.000000
T1 R437:2995373.553646,IMG_REGISTER,1,1,1,2995373.553685,0.000000,0.000000
T0 R438:2995373.599065,IMG_BLUR,1,18,18,2995373.599099,2995373.599154,2995373.613352
Q:[]
T0 R439:2995373.613408,IMG_ROT90CLKW,1,48,48,2995373.613442,2995373.613448,2995373.617234
Q:[]
T0 R440:2995373.670158,IMG_SHARPEN,1,1,1,2995373.670192,2995373.670237,2995373.690694
Q:[]
T0 R441:2995373.675400,IMG_HORIZEDGES,1,6,6,2995373.690743,2995373.690748,2995373.726926
Q:[R442]
image saved
T0 R442:2995373.689270,IMG_RETRIEVE,1,33,33,2995373.690747,2995373.726940,2995373.726940
Q:[]
T0 R443:2995373.775757,IMG_SHARPEN,1,6,6,2995373.775793,2995373.775829,2995373.813530
Q:[]
T0 R444:2995373.778101,IMG_SHARPEN,1,11,11,2995373.813579,2995373.813585,2995373.833647
Q:[R445]
T0 R445:2995373.791161,IMG_VERTEDGES,1,22,22,2995373.813583,2995373.833660,2995373.902391
Q:[R446]
T0 R446:2995373.864242,IMG_ROT90CLKW,1,25,25,2995373.864280,2995373.902405,2995373.909895
Q:[R447]
T0 R447:2995373.886540,IMG_HORIZEDGES,1,41,41,2995373.902435,2995373.909905,2995373.965640
Q:[R448]
T1 R451:2995373.984653,IMG_REGISTER,1,0,0,2995373.984704,0.000000,0.000000
T0 R448:2995373.940213,IMG_HORIZEDGES,1,32,32,2995373.940256,2995373.965654,2995373.985222
Q:[R449,R450]
image saved
T0 R449:2995373.966650,IMG_RETRIEVE,1,37,37,2995373.966685,2995373.985230,2995373.985230
Q:[R450]
T0 R450:2995373.982322,IMG_VERTEDGES,1,56,56,2995373.984700,2995373.986151,2995374.022571
Q:[]
T0 R452:2995374.996610,IMG_BLUR,1,21,21,2995374.996647,2995374.996680,2995375.055679
Q:[R453,R454,R455,R456,R457]
T0 R453:2995374.998208,IMG_VERTEDGES,1,37,37,2995375.037038,2995375.055703,2995375.111429
Q:[R454,R455,R456,R457,R458]
T0 R454:2995375.004388,IMG_ROT90CLKW,1,4,4,2995375.037040,2995375.111445,2995375.118976
Q:[R455,R456,R457,R458]
T0 R455:2995375.015404,IMG_HORIZEDGES,1,32,32,2995375.037041,2995375.118989,2995375.138308
Q:[R456,R457,R458,R459]
T0 R456:2995375.041149,IMG_VERTEDGES,1,23,23,2995375.041182,2995375.138321,2995375.193996
Q:[R457,R458,R459]
T0 R457:2995375.048855,IMG_SHARPEN,1,11,11,2995375.048888,2995375.194011,2995375.214496
Q:[R458,R459,R460]
image saved
T0 R458:2995375.097122,IMG_RETRIEVE,1,29,29,2995375.097156,2995375.214509,2995375.214509
Q:[R459,R460]
T0 R459:2995375.118997,IMG_BLUR,1,50,50,2995375.119030,2995375.215415,2995375.229309
Q:[R460]
T0 R460:2995375.206707,IMG_HORIZEDGES,1,55,55,2995375.206739,2995375.229319,2995375.298605
Q:[R461]
T0 R461:2995375.255530,IMG_ROT90CLKW,1,57,57,2995375.255576,2995375.298616,2995375.302688
Q:[]
image saved
T0 R462:2995375.407368,IMG_RETRIEVE,1,46,46,2995375.407408,2995375.407443,2995375.407443
Q:[]
T1 R464:2995375.450032,IMG_REGISTER,1,2,2,2995375.450098,0.000000,0.000000
T0 R463:2995375.449544,IMG_HORIZEDGES,1,42,42,2995375.449585,2995375.449628,2995375.518608
Q:[]
T0 R465:2995375.551871,IMG_ROT90CLKW,1,54,54,2995375.551905,2995375.551950,2995375.554231
Q:[]
T1 R468:2995375.570628,IMG_REGISTER,1,5,5,2995375.570681,0.000000,0.000000
T0 R466:2995375.568216,IMG_BLUR,1,44,44,2995375.568251,2995375.568296,2995375.619358
Q:[R467,R469]
T0 R467:2995375.569386,IMG_ROT90CLKW,1,59,59,2995375.570679,2995375.619381,2995375.621970
Q:[R469]
T0 R469:2995375.601363,IMG_BLUR,1,20,20,2995375.601398,2995375.621978,2995375.675055
Q:[R470,R471]
T1 R474:2995375.699903,IMG_REGISTER,1,5,5,2995375.699953,0.000000,0.000000
T0 R470:2995375.628977,IMG_BLUR,1,46,46,2995375.629013,2995375.675075,2995375.716610
Q:[R471,R472,R473]
image saved
T0 R471:2995375.638794,IMG_RETRIEVE,1,39,39,2995375.638827,2995375.716619,2995375.716619
Q:[R472,R473]
T0 R472:2995375.673814,IMG_SHARPEN,1,44,44,2995375.675101,2995375.717653,2995375.789950
Q:[R473]
T1 R475:2995375.807402,IMG_REGISTER,1,5,5,2995375.807447,0.000000,0.000000
T0 R473:2995375.676939,IMG_HORIZEDGES,1,7,7,2995375.699950,2995375.789963,2995375.809887
Q:[]
T0 R476:2995375.865751,IMG_HORIZEDGES,1,38,38,2995375.865784,2995375.865819,2995375.972458
Q:[R477,R478]
T1 R479:2995376.037409,IMG_REGISTER,1,2,2,2995376.037449,0.000000,0.000000
T0 R477:2995375.920187,IMG_SHARPEN,1,20,20,2995375.920231,2995375.972476,2995376.043284
Q:[R478]
image saved
T0 R478:2995375.950482,IMG_RETRIEVE,1,30,30,2995375.950526,2995376.043292,2995376.043293
Q:[]
T0 R480:2995376.117653,IMG_ROT90CLKW,1,1,1,2995376.117687,2995376.117723,2995376.119911
Q:[]
T0 R481:2995376.125650,IMG_BLUR,1,40,40,2995376.125683,2995376.125717,2995376.153510
Q:[]
T0 R482:2995376.157303,IMG_HORIZEDGES,1,8,8,2995376.157335,2995376.157371,2995376.216070
Q:[R483,R484,R485]
T0 R483:2995376.183646,IMG_SHARPEN,1,39,39,2995376.198039,2995376.216088,2995376.287195
Q:[R484,R485,R486,R487,R488,R489]
T0 R484:2995376.185681,IMG_BLUR,1,65,65,2995376.198049,2995376.287206,2995376.301682
Q:[R485,R486,R487,R488,R489,R490]
image saved
T0 R485:2995376.198590,IMG_RETRIEVE,1,46,46,2995376.198632,2995376.301694,2995376.301694
Q:[R486,R487,R488,R489,R490]
T0 R486:2995376.230259,IMG_ROT90CLKW,1,49,49,2995376.230297,2995376.302356,2995376.304581
Q:[R487,R488,R489,R490]
T0 R487:2995376.251670,IMG_SHARPEN,1,52,52,2995376.271040,2995376.304588,2995376.325121
Q:[R488,R489,R490]
T0 R488:2995376.255523,IMG_BLUR,1,9,9,2995376.271042,2995376.325128,2995376.339052
Q:[R489,R490,R491]
T0 R489:2995376.266657,IMG_SHARPEN,1,62,62,2995376.271050,2995376.339058,2995376.448497
Q:[R490,R491,R492,R493,R494,R495]
T0 R490:2995376.288421,IMG_ROT90CLKW,1,42,42,2995376.288460,2995376.448507,2995376.456234
Q:[R491,R492,R493,R494,R495]
T0 R491:2995376.337310,IMG_HORIZEDGES,1,60,60,2995376.337354,2995376.456241,2995376.524952
Q:[R492,R493,R494,R495]
T0 R492:2995376.359471,IMG_VERTEDGES,1,21,21,2995376.359510,2995376.524962,2995376.594637
Q:[R493,R494,R495]
T0 R493:2995376.361336,IMG_ROT90CLKW,1,21,21,2995376.361374,2995376.594650,2995376.602066
Q:[R494,R495]
image saved
T0 R494:2995376.362971,IMG_RETRIEVE,1,15,15,2995376.402040,2995376.602075,2995376.602076
Q:[R495]
T0 R495:2995376.384784,IMG_SHARPEN,1,14,14,2995376.402050,2995376.604731,2995376.625744
Q:[]
T1 R496:2995376.669547,IMG_REGISTER,1,0,0,2995376.669583,0.000000,0.000000
T0 R497:2995376.844180,IMG_ROT90CLKW,1,65,65,2995376.844216,2995376.844259,2995376.846515
Q:[]
T1 R498:2995376.866883,IMG_REGISTER,1,0,0,2995376.866920,0.000000,0.000000
T1 R499:2995376.904403,IMG_REGISTER,1,0,0,2995376.904444,0.000000,0.000000
T1 R500:2995376.943418,IMG_REGISTER,1,0,0,2995376.943459,0.000000,0.000000
T0 R501:2995376.959228,IMG_BLUR,1,14,14,2995376.959265,2995376.959308,2995376.973437
Q:[]
T0 R502:2995376.980440,IMG_ROT90CLKW,1,20,20,2995376.980475,2995376.980520,2995376.988173
Q:[]
T0 R503:2995376.990689,IMG_HORIZEDGES,1,50,50,2995376.990723,2995376.990756,2995377.009297
Q:[]
T0 R504:2995377.020467,IMG_HORIZEDGES,1,20,20,2995377.020503,2995377.020537,2995377.088800
Q:[]
image saved
T0 R505:2995377.118270,IMG_RETRIEVE,1,31,31,2995377.118311,2995377.118343,2995377.118343
Q:[]
T0 R506:2995377.166838,IMG_ROT90CLKW,1,57,57,2995377.166879,2995377.166918,2995377.171134
Q:[]
T1 R507:2995377.180092,IMG_REGISTER,1,5,5,2995377.180130,0.000000,0.000000
T0 R508:2995377.271172,IMG_SHARPEN,1,27,27,2995377.271205,2995377.271242,2995377.344804
Q:[R509,R510,R511]
T0 R509:2995377.302495,IMG_ROT90CLKW,1,36,36,2995377.312072,2995377.344882,2995377.347511
Q:[R510,R511]
T0 R510:2995377.317484,IMG_HORIZEDGES,1,65,65,2995377.317527,2995377.347529,2995377.367168
Q:[R511,R512]
T0 R511:2995377.340951,IMG_HORIZEDGES,1,45,45,2995377.340996,2995377.367185,2995377.386813
Q:[R512,R513]
T0 R512:2995377.350632,IMG_ROT90CLKW,1,9,9,2995377.350669,2995377.386825,2995377.388858
Q:[R513]
T0 R513:2995377.358708,IMG_ROT90CLKW,1,16,16,2995377.367215,2995377.388865,2995377.390444
Q:[]
T0 R514:2995377.452962,IMG_VERTEDGES,1,17,17,2995377.453005,2995377.453072,2995377.509877
Q:[R515,R516]
T0 R515:2995377.475314,IMG_HORIZEDGES,1,28,28,2995377.493036,2995377.509899,2995377.614964
Q:[R516,R517,R518,R519]
T0 R516:2995377.481889,IMG_VERTEDGES,1,15,15,2995377.493043,2995377.614980,2995377.718736
Q:[R517,R518,R519,R520,R521,R522]
image saved
T0 R517:2995377.514638,IMG_RETRIEVE,1,2,2,2995377.514674,2995377.718749,2995377.718750
Q:[R518,R519,R520,R521,R522]
T0 R518:2995377.526640,IMG_BLUR,1,48,48,2995377.555035,2995377.719907,2995377.747788
Q:[R519,R520,R521,R522]
T0 R519:2995377.539396,IMG_HORIZEDGES,1,48,48,2995377.555044,2995377.747799,2995377.783941
Q:[R520,R521,R522,R523]
T0 R520:2995377.643983,IMG_ROT90CLKW,1,19,19,2995377.644025,2995377.783954,2995377.795640
Q:[R521,R522,R523]
image saved
T0 R521:2995377.683872,IMG_RETRIEVE,1,4,4,2995377.683911,2995377.795649,2995377.795649
Q:[R522,R523]
T0 R522:2995377.689888,IMG_ROT90CLKW,1,69,69,2995377.689927,2995377.797017,2995377.799191
Q:[R523]
T0 R523:2995377.755776,IMG_ROT90CLKW,1,30,30,2995377.755812,2995377.799203,2995377.801655
Q:[]
image saved
T0 R524:2995377.840510,IMG_RETRIEVE,1,51,51,2995377.840549,2995377.840585,2995377.840585
Q:[]
T0 R525:2995377.863448,IMG_ROT90CLKW,1,21,21,2995377.863484,2995377.863521,2995377.871846
Q:[]
T0 R526:2995377.866927,IMG_ROT90CLKW,1,62,62,2995377.871899,2995377.871905,2995377.885396
Q:[]
T1 R527:2995377.962928,IMG_REGISTER,1,2,2,2995377.962961,0.000000,0.000000
T0 R528:2995378.059748,IMG_SHARPEN,1,6,6,2995378.059785,2995378.059818,2995378.098489
Q:[]
T0 R529:2995378.081794,IMG_HORIZEDGES,1,51,51,2995378.098533,2995378.098540,2995378.134699
Q:[R530]
image saved
T0 R530:2995378.089766,IMG_RETRIEVE,1,47,47,2995378.098537,2995378.134711,2995378.134712
Q:[R531]
T0 R531:2995378.102721,IMG_SHARPEN,1,66,66,2995378.136061,2995378.137239,2995378.246956
Q:[R532,R533,R534]
T0 R532:2995378.201793,IMG_HORIZEDGES,1,29,29,2995378.201836,2995378.246969,2995378.303693
Q:[R533,R534]
T0 R533:2995378.225677,IMG_HORIZEDGES,1,53,53,2995378.242061,2995378.303706,2995378.359394
Q:[R534,R535]
T0 R534:2995378.238865,IMG_ROT90CLKW,1,3,3,2995378.242071,2995378.359405,2995378.361885
Q:[R535]
T0 R535:2995378.353464,IMG_VERTEDGES,1,51,51,2995378.353501,2995378.361895,2995378.398374
Q:[R536]
T0 R536:2995378.369498,IMG_VERTEDGES,1,72,72,2995378.369536,2995378.398384,2995378.504558
Q:[R537,R538]
image saved
T0 R537:2995378.431537,IMG_RETRIEVE,1,6,6,2995378.431576,2995378.504570,2995378.504570
Q:[R538]
image saved
T0 R538:2995378.469926,IMG_RETRIEVE,1,51,51,2995378.472048,2995378.505117,2995378.505117
Q:[]
T1 R541:2995378.610960,IMG_REGISTER,1,0,0,2995378.611010,0.000000,0.000000
T0 R539:2995378.550420,IMG_SHARPEN,1,58,58,2995378.550456,2995378.550493,2995378.624687
Q:[R540]
T1 R543:2995378.633384,IMG_REGISTER,1,2,2,2995378.633428,0.000000,0.000000
T0 R540:2995378.607798,IMG_SHARPEN,1,43,43,2995378.607842,2995378.624710,2995378.662112
Q:[R542]
T0 R542:2995378.627561,IMG_VERTEDGES,1,6,6,2995378.627595,2995378.662121,2995378.699040
Q:[]
T0 R544:2995378.718166,IMG_ROT90CLKW,1,66,66,2995378.718200,2995378.718243,2995378.731288
Q:[]
T0 R545:2995378.784411,IMG_SHARPEN,1,40,40,2995378.784444,2995378.784477,2995378.822124
Q:[]
T0 R546:2995378.887221,IMG_HORIZEDGES,1,32,32,2995378.887263,2995378.887307,2995378.906891
Q:[]
T0 R547:2995378.958067,IMG_VERTEDGES,1,43,43,2995378.958099,2995378.958158,2995378.994358
Q:[]
T0 R548:2995378.968453,IMG_SHARPEN,1,55,55,2995378.994407,2995378.994412,2995379.064960
Q:[R549,R550]
T0 R549:2995378.986468,IMG_VERTEDGES,1,13,13,2995378.994411,2995379.064973,2995379.085085
Q:[R550]
image saved
T0 R550:2995379.021290,IMG_RETRIEVE,1,19,19,2995379.035048,2995379.085094,2995379.085094
Q:[]
T1 R551:2995379.151328,IMG_REGISTER,1,0,0,2995379.151369,0.000000,0.000000
T0 R552:2995379.246980,IMG_ROT90CLKW,1,73,73,2995379.247029,2995379.247041,2995379.249296
Q:[]
T0 R553:2995379.304682,IMG_ROT90CLKW,1,72,72,2995379.304714,2995379.304749,2995379.317777
Q:[]
T1 R556:2995379.378499,IMG_REGISTER,1,1,1,2995379.378541,0.000000,0.000000
T0 R554:2995379.325870,IMG_SHARPEN,1,47,47,2995379.325902,2995379.325938,2995379.434173
Q:[R555]
T0 R555:2995379.360908,IMG_HORIZEDGES,1,63,63,2995379.366048,2995379.434617,2995379.454957
Q:[]
image saved
T0 R557:2995379.485508,IMG_RETRIEVE,1,3,3,2995379.485542,2995379.485575,2995379.485575
Q:[]
T0 R558:2995379.565086,IMG_VERTEDGES,1,20,20,2995379.565122,2995379.565154,2995379.635121
Q:[R559,R560]
T0 R559:2995379.571113,IMG_BLUR,1,37,37,2995379.606036,2995379.635141,2995379.683983
Q:[R560,R561]
T0 R560:2995379.574682,IMG_HORIZEDGES,1,43,43,2995379.606045,2995379.683998,2995379.720727
Q:[R561]
T0 R561:2995379.663812,IMG_HORIZEDGES,1,34,34,2995379.663851,2995379.720734,2995379.757486
Q:[]
T0 R562:2995379.787292,IMG_HORIZEDGES,1,34,34,2995379.787325,2995379.787371,2995379.823800
Q:[]
T0 R563:2995379.793343,IMG_VERTEDGES,1,14,14,2995379.823849,2995379.823854,2995379.843371
Q:[R564]
T0 R564:2995379.793812,IMG_BLUR,1,46,46,2995379.823853,2995379.843384,2995379.885165
Q:[R565]
T1 R566:2995379.889390,IMG_REGISTER,1,2,2,2995379.889426,0.000000,0.000000
T0 R565:2995379.856202,IMG_ROT90CLKW,1,44,44,2995379.856240,2995379.885179,2995379.893721
Q:[]
T0 R567:2995380.003061,IMG_HORIZEDGES,1,57,57,2995380.003095,2995380.003128,2995380.039839
Q:[]
image saved
T0 R568:2995380.004602,IMG_RETRIEVE,1,32,32,2995380.039893,2995380.039898,2995380.039898
Q:[R569,R570,R571,R572]
T0 R569:2995380.012192,IMG_BLUR,1,7,7,2995380.039896,2995380.040313,2995380.055084
Q:[R570,R571,R572]
image saved
T0 R570:2995380.013231,IMG_RETRIEVE,1,0,0,2995380.039897,2995380.055095,2995380.055095
Q:[R571,R572]
T1 R575:2995380.110806,IMG_REGISTER,1,3,3,2995380.110994,0.000000,0.000000
T0 R571:2995380.027453,IMG_BLUR,1,15,15,2995380.039898,2995380.055711,2995380.135058
Q:[R572,R573,R574]
T0 R572:2995380.036775,IMG_VERTEDGES,1,60,60,2995380.039911,2995380.135067,2995380.204149
Q:[R573,R574]
T0 R573:2995380.097837,IMG_ROT90CLKW,1,43,43,2995380.097879,2995380.204162,2995380.208142
Q:[R574]
T0 R574:2995380.109514,IMG_VERTEDGES,1,8,8,2995380.110992,2995380.208153,2995380.266028
Q:[R576]
T0 R576:2995380.235538,IMG_ROT90CLKW,1,48,48,2995380.235572,2995380.266039,2995380.269993
Q:[]
T1 R577:2995380.323112,IMG_REGISTER,1,1,1,2995380.323151,0.000000,0.000000
T1 R578:2995380.446309,IMG_REGISTER,1,2,2,2995380.446351,0.000000,0.000000
image saved
T0 R579:2995380.518031,IMG_RETRIEVE,1,71,71,2995380.518066,2995380.518098,2995380.518098
Q:[]
T0 R580:2995380.530559,IMG_ROT90CLKW,1,52,52,2995380.530598,2995380.530634,2995380.533449
Q:[]
T0 R581:2995380.541128,IMG_ROT90CLKW,1,1,1,2995380.541161,2995380.541196,2995380.544539
Q:[]
image saved
T0 R582:2995380.584610,IMG_RETRIEVE,1,26,26,2995380.584645,2995380.584680,2995380.584680
Q:[]
T0 R583:2995380.598454,IMG_SHARPEN,1,13,13,2995380.598488,2995380.598523,2995380.619639
Q:[]
image saved
T0 R584:2995380.685990,IMG_RETRIEVE,1,11,11,2995380.686022,2995380.686058,2995380.686058
Q:[]
T0 R585:2995380.795564,IMG_SHARPEN,1,7,7,2995380.795599,2995380.795634,2995380.816577
Q:[]
T0 R586:2995380.798906,IMG_ROT90CLKW,1,31,31,2995380.816627,2995380.816632,2995380.824767
Q:[]
T0 R587:2995380.843215,IMG_VERTEDGES,1,64,64,2995380.843248,2995380.843283,2995380.862973
Q:[]
T0 R588:2995380.886979,IMG_VERTEDGES,1,55,55,2995380.887011,2995380.887047,2995380.955838
Q:[]
T0 R589:2995381.041043,IMG_HORIZEDGES,1,54,54,2995381.041082,2995381.041119,2995381.060118
Q:[]
T0 R590:2995381.078791,IMG_HORIZEDGES,1,66,66,2995381.078822,2995381.078858,2995381.183768
Q:[R591,R592]
T0 R591:2995381.153925,IMG_ROT90CLKW,1,12,12,2995381.153968,2995381.183808,2995381.186320
Q:[R592]
image saved
T0 R592:2995381.182301,IMG_RETRIEVE,1,79,79,2995381.182345,2995381.186328,2995381.186328
Q:[]
T1 R593:2995381.231272,IMG_REGISTER,1,4,4,2995381.231317,0.000000,0.000000
T0 R594:2995381.271178,IMG_HORIZEDGES,1,41,41,2995381.271213,2995381.271249,2995381.327622
Q:[R595]
T0 R595:2995381.315544,IMG_VERTEDGES,1,51,51,2995381.315588,2995381.327640,2995381.364402
Q:[R596,R597]
T1 R598:2995381.363890,IMG_REGISTER,1,5,5,2995381.363947,0.000000,0.000000
T0 R596:2995381.340713,IMG_HORIZEDGES,1,77,77,2995381.340751,2995381.364416,2995381.469891
Q:[R597,R599,R600,R601]
T0 R597:2995381.358687,IMG_SHARPEN,1,61,61,2995381.363945,2995381.469902,2995381.489703
Q:[R599,R600,R601,R602]
image saved
T0 R599:2995381.423878,IMG_RETRIEVE,1,75,75,2995381.423920,2995381.489714,2995381.489714
Q:[R600,R601,R602]
T0 R600:2995381.444531,IMG_BLUR,1,76,76,2995381.464040,2995381.489975,2995381.542492
Q:[R601,R602,R603]
T0 R601:2995381.455732,IMG_SHARPEN,1,62,62,2995381.464052,2995381.542508,2995381.655560
Q:[R602,R603,R604,R605,R606]
image saved
T0 R602:2995381.484378,IMG_RETRIEVE,1,74,74,2995381.484416,2995381.655572,2995381.655572
Q:[R603,R604,R605,R606]
T0 R603:2995381.513235,IMG_VERTEDGES,1,28,28,2995381.513275,2995381.658380,2995381.763061
Q:[R604,R605,R606,R607]
T0 R604:2995381.518004,IMG_ROT90CLKW,1,51,51,2995381.542537,2995381.763075,2995381.767389
Q:[R605,R606,R607]
T0 R605:2995381.543432,IMG_ROT90CLKW,1,13,13,2995381.583052,2995381.767396,2995381.769872
Q:[R606,R607]
T1 R608:2995381.770982,IMG_REGISTER,1,3,3,2995381.771040,0.000000,0.000000
T0 R606:2995381.600358,IMG_ROT90CLKW,1,63,63,2995381.600402,2995381.769879,2995381.772370
Q:[R607]
T0 R607:2995381.723100,IMG_SHARPEN,1,4,4,2995381.723149,2995381.772988,2995381.845247
Q:[R609]
image saved
T0 R609:2995381.816064,IMG_RETRIEVE,1,11,11,2995381.816105,2995381.845265,2995381.845265
Q:[]
T0 R610:2995381.842724,IMG_VERTEDGES,1,34,34,2995381.845612,2995381.845618,2995381.881967
Q:[R611]
image saved
T0 R611:2995381.881614,IMG_RETRIEVE,1,70,70,2995381.881654,2995381.881980,2995381.881980
Q:[]
image saved
T0 R612:2995381.977495,IMG_RETRIEVE,1,62,62,2995381.977530,2995381.977565,2995381.977565
Q:[]
T1 R613:2995382.979027,IMG_REGISTER,1,5,5,2995382.979072,0.000000,0.000000
T0 R614:2995383.005104,IMG_ROT90CLKW,1,66,66,2995383.005140,2995383.005183,2995383.018333
Q:[]
T1 R618:2995383.136592,IMG_REGISTER,1,0,0,2995383.136624,0.000000,0.000000
T0 R615:2995383.048695,IMG_SHARPEN,1,15,15,2995383.048730,2995383.048774,2995383.155986
Q:[R616,R617]
T0 R616:2995383.056314,IMG_VERTEDGES,1,75,75,2995383.089038,2995383.155998,2995383.174686
Q:[R617]
T0 R617:2995383.119485,IMG_VERTEDGES,1,45,45,2995383.119519,2995383.174693,2995383.193481
Q:[R619]
T0 R619:2995383.178277,IMG_ROT90CLKW,1,20,20,2995383.178287,2995383.193498,2995383.201422
Q:[R620]
T0 R620:2995383.195640,IMG_SHARPEN,1,14,14,2995383.195674,2995383.201435,2995383.222075
Q:[R621]
T0 R621:2995383.220584,IMG_ROT90CLKW,1,43,43,2995383.220619,2995383.222087,2995383.226278
Q:[]
T0 R622:2995383.283281,IMG_BLUR,1,81,81,2995383.283313,2995383.283356,2995383.310767
Q:[]
T0 R623:2995383.377802,IMG_HORIZEDGES,1,84,84,2995383.377834,2995383.377877,2995383.397200
Q:[]
T0 R624:2995383.400606,IMG_HORIZEDGES,1,68,68,2995383.400639,2995383.400684,2995383.419595
Q:[]
T0 R625:2995383.482141,IMG_SHARPEN,1,62,62,2995383.482175,2995383.482219,2995383.595000
Q:[R626,R627]
T0 R626:2995383.571208,IMG_ROT90CLKW,1,19,19,2995383.571247,2995383.595021,2995383.606227
Q:[R627]
T1 R628:2995383.623090,IMG_REGISTER,1,1,1,2995383.623129,0.000000,0.000000
T0 R627:2995383.573916,IMG_HORIZEDGES,1,52,52,2995383.573955,2995383.606239,2995383.625806
Q:[]
T0 R629:2995383.672357,IMG_BLUR,1,55,55,2995383.672391,2995383.672436,2995383.723987
Q:[]
image saved
T0 R630:2995383.820779,IMG_RETRIEVE,1,68,68,2995383.820818,2995383.820872,2995383.820873
Q:[]
T0 R631:2995383.864696,IMG_HORIZEDGES,1,41,41,2995383.864741,2995383.864778,2995383.920582
Q:[R632,R633]
T0 R632:2995383.901867,IMG_BLUR,1,64,64,2995383.905049,2995383.920600,2995383.935029
Q:[R633]
T0 R633:2995383.918050,IMG_SHARPEN,1,83,83,2995383.918093,2995383.935039,2995383.992419
Q:[R634]
image saved
T0 R634:2995383.937914,IMG_RETRIEVE,1,24,24,2995383.937952,2995383.992428,2995383.992428
Q:[]
T0 R635:2995384.147525,IMG_SHARPEN,1,32,32,2995384.147560,2995384.147595,2995384.167998
Q:[]
T0 R636:2995384.175355,IMG_ROT90CLKW,1,62,62,2995384.175387,2995384.175423,2995384.187260
Q:[]
T0 R637:2995384.293430,IMG_ROT90CLKW,1,20,20,2995384.293464,2995384.293499,2995384.301019
Q:[]
T0 R638:2995384.298169,IMG_HORIZEDGES,1,49,49,2995384.301079,2995384.301084,2995384.320327
Q:[]
T0 R639:2995384.353915,IMG_VERTEDGES,1,13,13,2995384.353951,2995384.353986,2995384.373977
Q:[]
image saved
T0 R640:2995384.364335,IMG_RETRIEVE,1,46,46,2995384.374027,2995384.374032,2995384.374032
Q:[R641]
T0 R641:2995384.366096,IMG_SHARPEN,1,70,70,2995384.374031,2995384.374820,2995384.394210
Q:[]
T0 R642:2995384.429304,IMG_SHARPEN,1,21,21,2995384.429340,2995384.429375,2995384.501206
Q:[R643,R644,R645]
T0 R643:2995384.460480,IMG_SHARPEN,1,84,84,2995384.470069,2995384.501225,2995384.520988
Q:[R644,R645]
T1 R646:2995384.528980,IMG_REGISTER,1,0,0,2995384.529019,0.000000,0.000000
T1 R648:2995384.572459,IMG_REGISTER,1,4,4,2995384.572511,0.000000,0.000000
T0 R644:2995384.475802,IMG_VERTEDGES,1,10,10,2995384.475847,2995384.520995,2995384.578648
Q:[R645,R647]
T0 R645:2995384.496565,IMG_ROT90CLKW,1,23,23,2995384.496614,2995384.578656,2995384.585518
Q:[R647]
T0 R647:2995384.542671,IMG_VERTEDGES,1,40,40,2995384.542706,2995384.585525,2995384.622433
Q:[]
T1 R649:2995384.630553,IMG_REGISTER,1,5,5,2995384.630594,0.000000,0.000000
T0 R650:2995384.700223,IMG_VERTEDGES,1,12,12,2995384.700256,2995384.700300,2995384.719500
Q:[]
T0 R651:2995384.723856,IMG_HORIZEDGES,1,76,76,2995384.723889,2995384.723934,2995384.792375
Q:[R652]
T1 R656:2995384.812146,IMG_REGISTER,1,5,5,2995384.812196,0.000000,0.000000
T1 R658:2995384.871851,IMG_REGISTER,1,4,4,2995384.871896,0.000000,0.000000
T0 R652:2995384.732743,IMG_HORIZEDGES,1,74,74,2995384.764044,2995384.792395,2995384.896915
Q:[R653,R654,R655,R657]
T0 R653:2995384.795742,IMG_BLUR,1,4,4,2995384.795777,2995384.896925,2995384.947947
Q:[R654,R655,R657,R659,R660]
image saved
T0 R654:2995384.807352,IMG_RETRIEVE,1,26,26,2995384.812192,2995384.947964,2995384.947964
Q:[R655,R657,R659,R660]
T1 R664:2995385.031856,IMG_REGISTER,1,1,1,2995385.031899,0.000000,0.000000
T0 R655:2995384.809580,IMG_VERTEDGES,1,62,62,2995384.812195,2995384.948276,2995385.056222
Q:[R657,R659,R660,R661,R662,R663]
T1 R665:2995385.085276,IMG_REGISTER,1,1,1,2995385.085317,0.000000,0.000000
T0 R657:2995384.833844,IMG_SHARPEN,1,47,47,2995384.833879,2995385.056231,2995385.165884
Q:[R659,R660,R661,R662,R663,R666]
T0 R659:2995384.898866,IMG_BLUR,1,43,43,2995384.898904,2995385.165905,2995385.193227
Q:[R660,R661,R662,R663,R666,R667,R668,R669]
T0 R660:2995384.944567,IMG_SHARPEN,1,37,37,2995384.944600,2995385.193240,2995385.250121
Q:[R661,R662,R663,R666,R667,R668,R669,R670]
T0 R661:2995384.969648,IMG_ROT90CLKW,1,18,18,2995384.969698,2995385.250135,2995385.252455
Q:[R662,R663,R666,R667,R668,R669,R670]
image saved
T0 R662:2995384.977352,IMG_RETRIEVE,1,79,79,2995385.011041,2995385.252462,2995385.252463
Q:[R663,R666,R667,R668,R669,R670]
T0 R663:2995384.997290,IMG_VERTEDGES,1,6,6,2995385.011052,2995385.253525,2995385.290738
Q:[R666,R667,R668,R669,R670]
T0 R666:2995385.136667,IMG_HORIZEDGES,1,11,11,2995385.136702,2995385.290748,2995385.310780
Q:[R667,R668,R669,R670,R671]
T1 R676:2995385.348052,IMG_REGISTER,1,0,0,2995385.348111,0.000000,0.000000
T0 R667:2995385.143810,IMG_BLUR,1,92,92,2995385.165930,2995385.310794,2995385.362244
Q:[R668,R669,R670,R671,R672,R673,R674,R675,R677]
T0 R668:2995385.146812,IMG_ROT90CLKW,1,92,92,2995385.165932,2995385.362256,2995385.371752
Q:[R669,R670,R671,R672,R673,R674,R675,R677]
T0 R669:2995385.148421,IMG_VERTEDGES,1,14,14,2995385.165933,2995385.371760,2995385.391943
Q:[R670,R671,R672,R673,R674,R675,R677]
T0 R670:2995385.221387,IMG_VERTEDGES,1,42,42,2995385.221424,2995385.391950,2995385.461433
Q:[R671,R672,R673,R674,R675,R677,R678,R679]
T0 R671:2995385.296934,IMG_SHARPEN,1,5,5,2995385.296977,2995385.461464,2995385.526395
Q:[R672,R673,R674,R675,R677,R678,R679]
T0 R672:2995385.299216,IMG_BLUR,1,7,7,2995385.310823,2995385.526415,2995385.541216
Q:[R673,R674,R675,R677,R678,R679,R680]
image saved
T0 R673:2995385.311303,IMG_RETRIEVE,1,78,78,2995385.348108,2995385.541230,2995385.541232
Q:[R674,R675,R677,R678,R679,R680]
image saved
T0 R674:2995385.318711,IMG_RETRIEVE,1,50,50,2995385.348110,2995385.542246,2995385.542246
Q:[R675,R677,R678,R679,R680]
T0 R675:2995385.322961,IMG_SHARPEN,1,4,4,2995385.348111,2995385.542561,2995385.615097
Q:[R677,R678,R679,R680,R681]
T1 R682:2995385.645446,IMG_REGISTER,1,1,1,2995385.645483,0.000000,0.000000
T0 R677:2995385.361514,IMG_SHARPEN,1,37,37,2995385.361554,2995385.615112,2995385.673154
Q:[R678,R679,R680,R681]
T0 R678:2995385.404699,IMG_BLUR,1,6,6,2995385.404736,2995385.673164,2995385.701356
Q:[R679,R680,R681]
T0 R679:2995385.410223,IMG_SHARPEN,1,70,70,2995385.446047,2995385.701368,2995385.722165
Q:[R680,R681,R683]
image saved
T0 R680:2995385.541156,IMG_RETRIEVE,1,51,51,2995385.541195,2995385.722176,2995385.722176
Q:[R681,R683]
T0 R681:2995385.589011,IMG_ROT90CLKW,1,75,75,2995385.589051,2995385.722705,2995385.724749
Q:[R683]
T0 R683:2995385.717606,IMG_VERTEDGES,1,72,72,2995385.717646,2995385.724760,2995385.829599
Q:[R684,R685]
image saved
T0 R684:2995385.745592,IMG_RETRIEVE,1,16,16,2995385.745632,2995385.829610,2995385.829610
Q:[R685]
T0 R685:2995385.799825,IMG_BLUR,1,94,94,2995385.799870,2995385.829951,2995385.844580
Q:[R686]
T1 R687:2995385.887309,IMG_REGISTER,1,0,0,2995385.887346,0.000000,0.000000
T0 R686:2995385.841849,IMG_SHARPEN,1,77,77,2995385.841890,2995385.844593,2995385.952762
Q:[R688]
T1 R694:2995385.978302,IMG_REGISTER,1,2,2,2995385.978443,0.000000,0.000000
T0 R688:2995385.912958,IMG_HORIZEDGES,1,20,20,2995385.912996,2995385.952772,2995386.021878
Q:[R689,R690,R691,R692,R693]
T0 R689:2995385.917020,IMG_ROT90CLKW,1,9,9,2995385.952805,2995386.021887,2995386.024042
Q:[R690,R691,R692,R693]
T0 R690:2995385.924343,IMG_VERTEDGES,1,89,89,2995385.952807,2995386.024051,2995386.043355
Q:[R691,R692,R693]
T0 R691:2995385.937829,IMG_BLUR,1,48,48,2995385.952807,2995386.043361,2995386.070843
Q:[R692,R693]
T0 R692:2995385.939538,IMG_SHARPEN,1,84,84,2995385.952808,2995386.070855,2995386.090753
Q:[R693]
image saved
T0 R693:2995385.966521,IMG_RETRIEVE,1,84,84,2995385.978441,2995386.090763,2995386.090763
Q:[]
T0 R695:2995386.131278,IMG_BLUR,1,10,10,2995386.131317,2995386.131353,2995386.173586
Q:[R696]
T1 R698:2995386.239252,IMG_REGISTER,1,2,2,2995386.239318,0.000000,0.000000
T0 R696:2995386.168664,IMG_HORIZEDGES,1,76,76,2995386.172049,2995386.173606,2995386.243607
Q:[R697]
T0 R697:2995386.219659,IMG_BLUR,1,5,5,2995386.219696,2995386.243617,2995386.285640
Q:[]
T1 R699:2995386.352534,IMG_REGISTER,1,4,4,2995386.352575,0.000000,0.000000
T0 R700:2995386.418441,IMG_VERTEDGES,1,39,39,2995386.418478,2995386.418513,2995386.489530
Q:[R701,R702]
T1 R703:2995386.496401,IMG_REGISTER,1,2,2,2995386.496442,0.000000,0.000000
T0 R701:2995386.429531,IMG_VERTEDGES,1,75,75,2995386.459062,2995386.489550,2995386.508372
Q:[R702]
T0 R702:2995386.440901,IMG_ROT90CLKW,1,26,26,2995386.459072,2995386.508380,2995386.510423
Q:[]
T0 R704:2995386.568765,IMG_SHARPEN,1,75,75,2995386.568799,2995386.568832,2995386.588337
Q:[]
T0 R705:2995386.592755,IMG_ROT90CLKW,1,40,40,2995386.592793,2995386.592837,2995386.597231
Q:[]
T1 R708:2995386.601895,IMG_REGISTER,1,4,4,2995386.601953,0.000000,0.000000
T0 R706:2995386.593174,IMG_BLUR,1,46,46,2995386.597283,2995386.597288,2995386.639500
Q:[R707]
T1 R710:2995386.653170,IMG_REGISTER,1,0,0,2995386.653210,0.000000,0.000000
T0 R707:2995386.599756,IMG_VERTEDGES,1,75,75,2995386.601951,2995386.639509,2995386.658934
Q:[R709]
image saved
T0 R709:2995386.640918,IMG_RETRIEVE,1,35,35,2995386.640958,2995386.658941,2995386.658941
Q:[]
T0 R711:2995386.718932,IMG_HORIZEDGES,1,54,54,2995386.718967,2995386.719005,2995386.738049
Q:[]
T1 R712:2995386.797522,IMG_REGISTER,1,1,1,2995386.797556,0.000000,0.000000
T0 R713:2995386.859671,IMG_VERTEDGES,1,11,11,2995386.859706,2995386.859751,2995386.879576
Q:[]
T1 R714:2995386.957297,IMG_REGISTER,1,1,1,2995386.957336,0.000000,0.000000
T0 R715:2995387.028788,IMG_VERTEDGES,1,48,48,2995387.028824,2995387.028868,2995387.065152
Q:[]
T0 R716:2995387.033739,IMG_VERTEDGES,1,104,104,2995387.065201,2995387.065206,2995387.134839
Q:[R717,R718]
T1 R719:2995387.142429,IMG_REGISTER,1,4,4,2995387.142472,0.000000,0.000000
T0 R717:2995387.044123,IMG_BLUR,1,24,24,2995387.065205,2995387.134851,2995387.149048
Q:[R718]
T0 R718:2995387.085878,IMG_SHARPEN,1,31,31,2995387.106047,2995387.149057,2995387.221195
Q:[R720]
T1 R722:2995387.266193,IMG_REGISTER,1,5,5,2995387.266250,0.000000,0.000000
T0 R720:2995387.204003,IMG_VERTEDGES,1,25,25,2995387.204037,2995387.221212,2995387.290217
Q:[R721,R723]
image saved
T0 R721:2995387.229170,IMG_RETRIEVE,1,73,73,2995387.229205,2995387.290230,2995387.290230
Q:[R723]
T0 R723:2995387.284107,IMG_ROT90CLKW,1,74,74,2995387.284142,2995387.290743,2995387.304283
Q:[]
image saved
T0 R724:2995387.311291,IMG_RETRIEVE,1,60,60,2995387.311331,2995387.311368,2995387.311368
Q:[]
T0 R725:2995387.356225,IMG_SHARPEN,1,41,41,2995387.356260,2995387.356296,2995387.416381
Q:[]
image saved
T0 R726:2995387.427360,IMG_RETRIEVE,1,91,91,2995387.427402,2995387.427438,2995387.427438
Q:[]
T0 R727:2995387.450705,IMG_SHARPEN,1,69,69,2995387.450741,2995387.450778,2995387.471383
Q:[]
T0 R728:2995387.475030,IMG_HORIZEDGES,1,80,80,2995387.475068,2995387.475105,2995387.585683
Q:[R729,R730]
T0 R729:2995387.510659,IMG_HORIZEDGES,1,36,36,2995387.516048,2995387.585701,2995387.605525
Q:[R730]
T0 R730:2995387.538547,IMG_HORIZEDGES,1,47,47,2995387.538592,2995387.605533,2995387.712808
Q:[R731,R732,R733]
T1 R735:2995387.758431,IMG_REGISTER,1,1,1,2995387.758472,0.000000,0.000000
T0 R731:2995387.661802,IMG_HORIZEDGES,1,25,25,2995387.661846,2995387.712822,2995387.782071
Q:[R732,R733,R734]
T0 R732:2995387.667802,IMG_HORIZEDGES,1,72,72,2995387.667846,2995387.782079,2995387.886382
Q:[R733,R734,R736,R737]
T0 R733:2995387.686192,IMG_SHARPEN,1,103,103,2995387.686237,2995387.886397,2995387.957260
Q:[R734,R736,R737,R738,R739]
T1 R741:2995387.971458,IMG_REGISTER,1,5,5,2995387.971515,0.000000,0.000000
T0 R734:2995387.713871,IMG_SHARPEN,1,10,10,2995387.713911,2995387.957280,2995388.017325
Q:[R736,R737,R738,R739,R740]
T0 R736:2995387.823132,IMG_ROT90CLKW,1,2,2,2995387.823170,2995388.017336,2995388.024100
Q:[R737,R738,R739,R740]
T0 R737:2995387.867348,IMG_SHARPEN,1,8,8,2995387.867391,2995388.024111,2995388.088570
Q:[R738,R739,R740,R742]
image saved
T0 R738:2995387.913566,IMG_RETRIEVE,1,34,34,2995387.913605,2995388.088585,2995388.088585
Q:[R739,R740,R742]
image saved
T0 R739:2995387.941332,IMG_RETRIEVE,1,92,92,2995387.954047,2995388.089174,2995388.089174
Q:[R740,R742]
T0 R740:2995387.969258,IMG_HORIZEDGES,1,27,27,2995387.969295,2995388.091246,2995388.160888
Q:[R742,R743]
T0 R742:2995388.048498,IMG_ROT90CLKW,1,18,18,2995388.048536,2995388.160900,2995388.163380
Q:[R743]
T0 R743:2995388.157612,IMG_BLUR,1,25,25,2995388.157650,2995388.163391,2995388.214405
Q:[R744]
T0 R744:2995388.179570,IMG_VERTEDGES,1,89,89,2995388.179603,2995388.214419,2995388.233799
Q:[R745]
T0 R745:2995388.218840,IMG_ROT90CLKW,1,46,46,2995388.218875,2995388.233817,2995388.239842
Q:[R746]
T0 R746:2995388.221012,IMG_ROT90CLKW,1,84,84,2995388.233843,2995388.239853,2995388.241932
Q:[]
T0 R747:2995388.265009,IMG_BLUR,1,102,102,2995388.265047,2995388.265080,2995388.279007
Q:[]
T0 R748:2995388.381143,IMG_ROT90CLKW,1,93,93,2995388.381176,2995388.381220,2995388.389396
Q:[]
T0 R749:2995388.403374,IMG_BLUR,1,69,69,2995388.403406,2995388.403450,2995388.417502
Q:[]
T0 R750:2995388.406946,IMG_BLUR,1,41,41,2995388.417553,2995388.417557,2995388.458857
Q:[R751,R752]
T0 R751:2995388.430280,IMG_HORIZEDGES,1,11,11,2995388.458040,2995388.458869,2995388.479649
Q:[R752]
T0 R752:2995388.438660,IMG_VERTEDGES,1,107,107,2995388.458048,2995388.479657,2995388.549484
Q:[R753]
T0 R753:2995388.526646,IMG_VERTEDGES,1,82,82,2995388.526682,2995388.549499,2995388.569150
Q:[]
T0 R754:2995388.577739,IMG_ROT90CLKW,1,93,93,2995388.577776,2995388.577810,2995388.586638
Q:[]
T0 R755:2995388.591900,IMG_HORIZEDGES,1,72,72,2995388.591935,2995388.591980,2995388.698533
Q:[R756]
T0 R756:2995388.640996,IMG_VERTEDGES,1,41,41,2995388.641029,2995388.698552,2995388.754698
Q:[R757,R758,R759]
image saved
T0 R757:2995388.734665,IMG_RETRIEVE,1,69,69,2995388.734705,2995388.754711,2995388.754712
Q:[R758,R759]
T0 R758:2995388.744749,IMG_VERTEDGES,1,89,89,2995388.744788,2995388.755085,2995388.774590
Q:[R759]
image saved
T0 R759:2995388.754434,IMG_RETRIEVE,1,75,75,2995388.754474,2995388.774602,2995388.774602
Q:[]
T0 R760:2995388.786648,IMG_ROT90CLKW,1,32,32,2995388.786685,2995388.786721,2995388.789136
Q:[]
T1 R761:2995388.837191,IMG_REGISTER,1,3,3,2995388.837225,0.000000,0.000000
image saved
T0 R762:2995388.938675,IMG_RETRIEVE,1,29,29,2995388.938709,2995388.938752,2995388.938752
Q:[]
T0 R763:2995389.057936,IMG_VERTEDGES,1,40,40,2995389.057975,2995389.058011,2995389.094863
Q:[]
T0 R764:2995389.083940,IMG_SHARPEN,1,6,6,2995389.094913,2995389.094918,2995389.134012
Q:[R765]
T0 R765:2995389.088662,IMG_VERTEDGES,1,23,23,2995389.094917,2995389.134024,2995389.191048
Q:[R766,R767,R768,R769]
T0 R766:2995389.110518,IMG_HORIZEDGES,1,56,56,2995389.134057,2995389.191060,2995389.227540
Q:[R767,R768,R769,R770]
T0 R767:2995389.112048,IMG_BLUR,1,94,94,2995389.134060,2995389.227554,2995389.241620
Q:[R768,R769,R770,R771]
image saved
T0 R768:2995389.139287,IMG_RETRIEVE,1,22,22,2995389.175049,2995389.241630,2995389.241630
Q:[R769,R770,R771]
T0 R769:2995389.188479,IMG_ROT90CLKW,1,78,78,2995389.188523,2995389.242714,2995389.248873
Q:[R770,R771]
T0 R770:2995389.198075,IMG_ROT90CLKW,1,4,4,2995389.198114,2995389.248881,2995389.256826
Q:[R771]
T0 R771:2995389.225391,IMG_VERTEDGES,1,107,107,2995389.227585,2995389.256832,2995389.325352
Q:[R772]
T0 R772:2995389.285899,IMG_SHARPEN,1,0,0,2995389.285939,2995389.325365,2995389.365237
Q:[R773]
image saved
T0 R773:2995389.328799,IMG_RETRIEVE,1,67,67,2995389.328837,2995389.365250,2995389.365250
Q:[]
image saved
T0 R774:2995389.340150,IMG_RETRIEVE,1,59,59,2995389.365768,2995389.365775,2995389.365775
Q:[]
T0 R775:2995389.434662,IMG_HORIZEDGES,1,5,5,2995389.434698,2995389.434733,2995389.493756
Q:[R776,R777]
image saved
T0 R776:2995389.450305,IMG_RETRIEVE,1,74,74,2995389.475073,2995389.493775,2995389.493775
Q:[R777]
image saved
T0 R777:2995389.485374,IMG_RETRIEVE,1,16,16,2995389.485418,2995389.496331,2995389.496331
Q:[]
T0 R778:2995389.574016,IMG_SHARPEN,1,5,5,2995389.574057,2995389.574089,2995389.634933
Q:[]
T0 R779:2995389.651082,IMG_HORIZEDGES,1,93,93,2995389.651120,2995389.651165,2995389.719630
Q:[R780]
T0 R780:2995389.664469,IMG_VERTEDGES,1,7,7,2995389.664507,2995389.719649,2995389.739968
Q:[R781]
T1 R784:2995389.748126,IMG_REGISTER,1,0,0,2995389.748197,0.000000,0.000000
T0 R781:2995389.739255,IMG_VERTEDGES,1,20,20,2995389.739295,2995389.739980,2995389.808514
Q:[R782,R783,R785]
T0 R782:2995389.742555,IMG_SHARPEN,1,19,19,2995389.742588,2995389.808530,2995389.920724
Q:[R783,R785,R786,R787,R788]
image saved
T0 R783:2995389.748111,IMG_RETRIEVE,1,50,50,2995389.748195,2995389.920736,2995389.920736
Q:[R785,R786,R787,R788]
T0 R785:2995389.777907,IMG_BLUR,1,45,45,2995389.777944,2995389.921076,2995389.935299
Q:[R786,R787,R788]
image saved
T0 R786:2995389.824892,IMG_RETRIEVE,1,97,97,2995389.824927,2995389.935309,2995389.935310
Q:[R787,R788]
T0 R787:2995389.875460,IMG_SHARPEN,1,46,46,2995389.875497,2995389.937321,2995389.994510
Q:[R788]
T0 R788:2995389.894418,IMG_VERTEDGES,1,101,101,2995389.894457,2995389.994522,2995390.031301
Q:[R789]
T0 R789:2995390.018661,IMG_VERTEDGES,1,53,53,2995390.018703,2995390.031315,2995390.087268
Q:[R790]
image saved
T0 R790:2995390.054577,IMG_RETRIEVE,1,43,43,2995390.054613,2995390.087279,2995390.087279
Q:[]
T0 R791:2995390.056422,IMG_ROT90CLKW,1,23,23,2995390.087954,2995390.087961,2995390.094057
Q:[]
T0 R792:2995390.149720,IMG_BLUR,1,27,27,2995390.149756,2995390.149788,2995390.209316
Q:[R793,R794,R795]
image saved
T0 R793:2995390.156160,IMG_RETRIEVE,1,62,62,2995390.190043,2995390.209336,2995390.209336
Q:[R794,R795]
T0 R794:2995390.200409,IMG_VERTEDGES,1,81,81,2995390.200447,2995390.211922,2995390.249083
Q:[R795]
T0 R795:2995390.206169,IMG_BLUR,1,11,11,2995390.206213,2995390.249095,2995390.263124
Q:[]
T0 R796:2995390.276572,IMG_VERTEDGES,1,39,39,2995390.276609,2995390.276645,2995390.345757
Q:[R797]
T0 R797:2995390.298147,IMG_BLUR,1,11,11,2995390.317050,2995390.345774,2995390.359618
Q:[]
T1 R798:2995390.373604,IMG_REGISTER,1,4,4,2995390.373637,0.000000,0.000000
T0 R799:2995390.413671,IMG_HORIZEDGES,1,35,35,2995390.413709,2995390.413764,2995390.433130
Q:[]
T0 R800:2995390.459615,IMG_VERTEDGES,1,20,20,2995390.459649,2995390.459696,2995390.530007
Q:[R801,R802]
T0 R801:2995390.467095,IMG_HORIZEDGES,1,98,98,2995390.500036,2995390.530026,2995390.634599
Q:[R802,R803,R804,R805,R806,R807,R808]
T0 R802:2995390.479662,IMG_VERTEDGES,1,16,16,2995390.500046,2995390.634614,2995390.653830
Q:[R803,R804,R805,R806,R807,R808]
T0 R803:2995390.543490,IMG_SHARPEN,1,6,6,2995390.543526,2995390.653837,2995390.693849
Q:[R804,R805,R806,R807,R808,R809,R810]
T0 R804:2995390.569408,IMG_ROT90CLKW,1,81,81,2995390.584043,2995390.693864,2995390.697837
Q:[R805,R806,R807,R808,R809,R810]
T0 R805:2995390.605947,IMG_VERTEDGES,1,74,74,2995390.605987,2995390.697845,2995390.804274
Q:[R806,R807,R808,R809,R810,R811,R812,R813,R814]
T0 R806:2995390.612170,IMG_HORIZEDGES,1,2,2,2995390.612211,2995390.804288,2995390.862437
Q:[R807,R808,R809,R810,R811,R812,R813,R814]
image saved
T0 R807:2995390.630795,IMG_RETRIEVE,1,72,72,2995390.630832,2995390.862449,2995390.862449
Q:[R808,R809,R810,R811,R812,R813,R814]
image saved
T0 R808:2995390.633939,IMG_RETRIEVE,1,23,23,2995390.633978,2995390.864296,2995390.864297
Q:[R809,R810,R811,R812,R813,R814]
T0 R809:2995390.669816,IMG_HORIZEDGES,1,68,68,2995390.669852,2995390.864881,2995390.884119
Q:[R810,R811,R812,R813,R814]
T0 R810:2995390.671065,IMG_SHARPEN,1,2,2,2995390.671097,2995390.884127,2995390.945229
Q:[R811,R812,R813,R814]
T0 R811:2995390.697886,IMG_ROT90CLKW,1,63,63,2995390.697923,2995390.945239,2995390.947193
Q:[R812,R813,R814]
T1 R815:2995390.963549,IMG_REGISTER,1,1,1,2995390.963599,0.000000,0.000000
T0 R812:2995390.701467,IMG_SHARPEN,1,93,93,2995390.701499,2995390.947200,2995391.017645
Q:[R813,R814]
T0 R813:2995390.751548,IMG_HORIZEDGES,1,33,33,2995390.751586,2995391.017657,2995391.036932
Q:[R814]
image saved
T0 R814:2995390.795608,IMG_RETRIEVE,1,42,42,2995390.795650,2995391.036944,2995391.036944
Q:[]
T1 R816:2995391.086811,IMG_REGISTER,1,1,1,2995391.086849,0.000000,0.000000
T0 R817:2995391.141862,IMG_HORIZEDGES,1,81,81,2995391.141898,2995391.141941,2995391.178475
Q:[]
T0 R818:2995391.228578,IMG_ROT90CLKW,1,106,106,2995391.228612,2995391.228657,2995391.230815
Q:[]
image saved
T0 R819:2995391.237012,IMG_RETRIEVE,1,79,79,2995391.237044,2995391.237078,2995391.237078
Q:[]
T0 R820:2995391.282863,IMG_HORIZEDGES,1,18,18,2995391.282901,2995391.282938,2995391.302063
Q:[]
T0 R821:2995391.300754,IMG_HORIZEDGES,1,4,4,2995391.302113,2995391.302119,2995391.372585
Q:[R822]
T0 R822:2995391.301507,IMG_ROT90CLKW,1,3,3,2995391.302117,2995391.372596,2995391.374634
Q:[]
T0 R823:2995391.388864,IMG_ROT90CLKW,1,22,22,2995391.388900,2995391.388936,2995391.396418
Q:[]
T0 R824:2995391.401027,IMG_ROT90CLKW,1,27,27,2995391.401062,2995391.401098,2995391.408921
Q:[]
T0 R825:2995391.475237,IMG_SHARPEN,1,32,32,2995391.475276,2995391.475331,2995391.497214
Q:[]
T0 R826:2995391.537465,IMG_SHARPEN,1,55,55,2995391.537510,2995391.537543,2995391.608175
Q:[R827,R828]
T0 R827:2995391.582927,IMG_BLUR,1,4,4,2995391.582966,2995391.608194,2995391.659169
Q:[R828,R829]
T0 R828:2995391.585174,IMG_VERTEDGES,1,97,97,2995391.585211,2995391.659189,2995391.763045
Q:[R829,R830,R831,R832]
T1 R834:2995391.768065,IMG_REGISTER,1,3,3,2995391.768103,0.000000,0.000000
T0 R829:2995391.625749,IMG_SHARPEN,1,41,41,2995391.625784,2995391.763058,2995391.823345
Q:[R830,R831,R832,R833]
T0 R830:2995391.627707,IMG_SHARPEN,1,76,76,2995391.659215,2995391.823363,2995391.893499
Q:[R831,R832,R833,R835,R836,R837]
T0 R831:2995391.696194,IMG_SHARPEN,1,48,48,2995391.700048,2995391.893510,2995391.931051
Q:[R832,R833,R835,R836,R837]
T0 R832:2995391.710541,IMG_ROT90CLKW,1,0,0,2995391.710582,2995391.931083,2995391.935045
Q:[R833,R835,R836,R837]
T0 R833:2995391.764956,IMG_BLUR,1,58,58,2995391.764996,2995391.935056,2995391.987908
Q:[R835,R836,R837,R838,R839]
T0 R835:2995391.849273,IMG_BLUR,1,16,16,2995391.849318,2995391.987919,2995392.003328
Q:[R836,R837,R838,R839,R840]
T0 R836:2995391.868205,IMG_HORIZEDGES,1,37,37,2995391.890038,2995392.003342,2995392.060105
Q:[R837,R838,R839,R840,R841]
T0 R837:2995391.881520,IMG_HORIZEDGES,1,35,35,2995391.890047,2995392.060120,2995392.079372
Q:[R838,R839,R840,R841]
T0 R838:2995391.946900,IMG_SHARPEN,1,49,49,2995391.946933,2995392.079383,2995392.099556
Q:[R839,R840,R841]
T0 R839:2995391.950912,IMG_HORIZEDGES,1,108,108,2995391.987043,2995392.099568,2995392.118738
Q:[R840,R841,R842]
T0 R840:2995391.997176,IMG_BLUR,1,93,93,2995391.997210,2995392.118750,2995392.170176
Q:[R841,R842]
T0 R841:2995392.051965,IMG_SHARPEN,1,19,19,2995392.051999,2995392.170187,2995392.283025
Q:[R842,R843,R844]
T0 R842:2995392.112101,IMG_VERTEDGES,1,36,36,2995392.112134,2995392.283038,2995392.303422
Q:[R843,R844,R845]
T0 R843:2995392.204699,IMG_ROT90CLKW,1,15,15,2995392.204732,2995392.303434,2995392.315209
Q:[R844,R845]
T0 R844:2995392.278740,IMG_HORIZEDGES,1,84,84,2995392.278779,2995392.315216,2995392.334843
Q:[R845,R846,R847]
T0 R845:2995392.297464,IMG_HORIZEDGES,1,65,65,2995392.297499,2995392.334855,2995392.354041
Q:[R846,R847,R848]
T0 R846:2995392.322095,IMG_HORIZEDGES,1,36,36,2995392.322133,2995392.354053,2995392.373250
Q:[R847,R848,R849]
T0 R847:2995392.324716,IMG_ROT90CLKW,1,28,28,2995392.324749,2995392.373268,2995392.384960
Q:[R848,R849,R850]
image saved
T0 R848:2995392.341034,IMG_RETRIEVE,1,24,24,2995392.341068,2995392.384976,2995392.384976
Q:[R849,R850]
T0 R849:2995392.357131,IMG_HORIZEDGES,1,50,50,2995392.357165,2995392.385362,2995392.404179
Q:[R850,R851]
T0 R850:2995392.368393,IMG_SHARPEN,1,77,77,2995392.373295,2995392.404190,2995392.513174
Q:[R851,R852,R853,R854,R855,R856,R857]
T0 R851:2995392.378646,IMG_HORIZEDGES,1,1,1,2995392.385366,2995392.513185,2995392.533303
Q:[R852,R853,R854,R855,R856,R857]
T1 R858:2995392.572281,IMG_REGISTER,1,3,3,2995392.572324,0.000000,0.000000
T0 R852:2995392.422614,IMG_SHARPEN,1,39,39,2995392.422656,2995392.533312,2995392.604088
Q:[R853,R854,R855,R856,R857]
image saved
T0 R853:2995392.464154,IMG_RETRIEVE,1,31,31,2995392.464199,2995392.604096,2995392.604096
Q:[R854,R855,R856,R857]
T0 R854:2995392.468849,IMG_SHARPEN,1,72,72,2995392.468893,2995392.605053,2995392.714229
Q:[R855,R856,R857,R859,R860,R861,R862,R863,R864]
T1 R867:2995392.795737,IMG_REGISTER,1,4,4,2995392.795774,0.000000,0.000000
T0 R855:2995392.480501,IMG_SHARPEN,1,28,28,2995392.480544,2995392.714243,2995392.821629
Q:[R856,R857,R859,R860,R861,R862,R863,R864,R865,R866]
image saved
T0 R856:2995392.483845,IMG_RETRIEVE,1,39,39,2995392.483888,2995392.821638,2995392.821638
Q:[R857,R859,R860,R861,R862,R863,R864,R865,R866]
image saved
T0 R857:2995392.499671,IMG_RETRIEVE,1,56,56,2995392.499715,2995392.822638,2995392.822638
Q:[R859,R860,R861,R862,R863,R864,R865,R866]
T0 R859:2995392.653198,IMG_SHARPEN,1,63,63,2995392.653233,2995392.823186,2995392.843035
Q:[R860,R861,R862,R863,R864,R865,R866]
T0 R860:2995392.675165,IMG_BLUR,1,85,85,2995392.695037,2995392.843049,2995392.858066
Q:[R861,R862,R863,R864,R865,R866]
T0 R861:2995392.688529,IMG_VERTEDGES,1,12,12,2995392.695039,2995392.858081,2995392.877621
Q:[R862,R863,R864,R865,R866]
image saved
T0 R862:2995392.692115,IMG_RETRIEVE,1,75,75,2995392.695047,2995392.877634,2995392.877634
Q:[R863,R864,R865,R866]
T0 R863:2995392.697433,IMG_HORIZEDGES,1,88,88,2995392.697471,2995392.877846,2995392.914789
Q:[R864,R865,R866,R868]
T1 R870:2995392.939843,IMG_REGISTER,1,5,5,2995392.939904,0.000000,0.000000
T0 R864:2995392.707977,IMG_HORIZEDGES,1,60,60,2995392.708017,2995392.914805,2995392.983744
Q:[R865,R866,R868,R869,R871]
T1 R874:2995393.037060,IMG_REGISTER,1,2,2,2995393.037097,0.000000,0.000000
T0 R865:2995392.735491,IMG_SHARPEN,1,4,4,2995392.735525,2995392.983761,2995393.055429
Q:[R866,R868,R869,R871,R872,R873]
T0 R866:2995392.783483,IMG_HORIZEDGES,1,108,108,2995392.783522,2995393.055438,2995393.074634
Q:[R868,R869,R871,R872,R873]
T0 R868:2995392.890897,IMG_BLUR,1,102,102,2995392.890945,2995393.074641,2995393.088508
Q:[R869,R871,R872,R873]
T0 R869:2995392.902914,IMG_HORIZEDGES,1,45,45,2995392.914831,2995393.088515,2995393.107331
Q:[R871,R872,R873]
T0 R871:2995392.972627,IMG_VERTEDGES,1,0,0,2995392.972662,2995393.107343,2995393.145499
Q:[R872,R873,R875]
T0 R872:2995392.992709,IMG_HORIZEDGES,1,31,31,2995392.992745,2995393.145516,2995393.214301
Q:[R873,R875,R876,R877,R878]
T1 R879:2995393.214930,IMG_REGISTER,1,0,0,2995393.214964,0.000000,0.000000
T1 R881:2995393.250121,IMG_REGISTER,1,4,4,2995393.250171,0.000000,0.000000
T0 R873:2995393.014694,IMG_VERTEDGES,1,109,109,2995393.033048,2995393.214312,2995393.269698
Q:[R875,R876,R877,R878,R880]
T0 R875:2995393.120090,IMG_ROT90CLKW,1,49,49,2995393.120124,2995393.269706,2995393.271094
Q:[R876,R877,R878,R880]
image saved
T0 R876:2995393.145352,IMG_RETRIEVE,1,52,52,2995393.145542,2995393.271101,2995393.271101
Q:[R877,R878,R880]
T0 R877:2995393.169810,IMG_BLUR,1,74,74,2995393.186050,2995393.271538,2995393.361161
Q:[R878,R880,R882,R883,R884,R885]
T0 R878:2995393.186999,IMG_ROT90CLKW,1,27,27,2995393.187043,2995393.361175,2995393.368645
Q:[R880,R882,R883,R884,R885,R886]
T1 R887:2995393.375425,IMG_REGISTER,1,4,4,2995393.375467,0.000000,0.000000
T0 R880:2995393.243678,IMG_HORIZEDGES,1,111,111,2995393.243714,2995393.368659,2995393.404912
Q:[R882,R883,R884,R885,R886]
T0 R882:2995393.284757,IMG_BLUR,1,74,74,2995393.284794,2995393.404920,2995393.483618
Q:[R883,R884,R885,R886,R888,R889]
T0 R883:2995393.288813,IMG_SHARPEN,1,79,79,2995393.325042,2995393.483630,2995393.555647
Q:[R884,R885,R886,R888,R889,R890]
T0 R884:2995393.331045,IMG_HORIZEDGES,1,94,94,2995393.331084,2995393.555667,2995393.574313
Q:[R885,R886,R888,R889,R890,R891]
image saved
T0 R885:2995393.335086,IMG_RETRIEVE,1,50,50,2995393.335125,2995393.574326,2995393.574326
Q:[R886,R888,R889,R890,R891]
T0 R886:2995393.365341,IMG_VERTEDGES,1,41,41,2995393.365356,2995393.574657,2995393.632501
Q:[R888,R889,R890,R891,R892]
T0 R888:2995393.420083,IMG_VERTEDGES,1,50,50,2995393.420115,2995393.632520,2995393.651245
Q:[R889,R890,R891,R892,R893]
T0 R889:2995393.425750,IMG_BLUR,1,61,61,2995393.461043,2995393.651255,2995393.665508
Q:[R890,R891,R892,R893,R894]
T0 R890:2995393.533780,IMG_ROT90CLKW,1,26,26,2995393.533814,2995393.665519,2995393.668442
Q:[R891,R892,R893,R894]
T0 R891:2995393.549808,IMG_ROT90CLKW,1,40,40,2995393.555694,2995393.668448,2995393.672940
Q:[R892,R893,R894]
T0 R892:2995393.595868,IMG_HORIZEDGES,1,3,3,2995393.595910,2995393.672947,2995393.692897
Q:[R893,R894]
T0 R893:2995393.601863,IMG_BLUR,1,96,96,2995393.632551,2995393.692903,2995393.706819
Q:[R894]
image saved
T0 R894:2995393.651683,IMG_RETRIEVE,1,35,35,2995393.651722,2995393.706827,2995393.706827
Q:[]
T0 R895:2995393.719460,IMG_HORIZEDGES,1,0,0,2995393.719495,2995393.719532,2995393.757928
Q:[]
T0 R896:2995393.827324,IMG_VERTEDGES,1,34,34,2995393.827357,2995393.827392,2995393.863653
Q:[]
T1 R897:2995393.892696,IMG_REGISTER,1,0,0,2995393.892734,0.000000,0.000000
T1 R899:2995393.991007,IMG_REGISTER,1,2,2,2995393.991064,0.000000,0.000000
T0 R898:2995393.969256,IMG_SHARPEN,1,20,20,2995393.969292,2995393.969327,2995394.043024
Q:[]
T1 R902:2995394.333846,IMG_REGISTER,1,2,2,2995394.333901,0.000000,0.000000
T0 R900:2995394.323203,IMG_SHARPEN,1,0,0,2995394.323238,2995394.323274,2995394.363933
Q:[R901]
image saved
T0 R901:2995394.326273,IMG_RETRIEVE,1,59,59,2995394.333899,2995394.363957,2995394.363957
Q:[]
T0 R903:2995394.453596,IMG_BLUR,1,46,46,2995394.453632,2995394.453669,2995394.496116
Q:[R904,R905,R906]
T0 R904:2995394.468270,IMG_VERTEDGES,1,55,55,2995394.494043,2995394.496137,2995394.566022
Q:[R905,R906,R907,R908,R909]
T0 R905:2995394.483399,IMG_BLUR,1,33,33,2995394.494045,2995394.566035,2995394.580052
Q:[R906,R907,R908,R909]
image saved
T0 R906:2995394.490285,IMG_RETRIEVE,1,58,58,2995394.494053,2995394.580060,2995394.580060
Q:[R907,R908,R909]
image saved
T0 R907:2995394.504775,IMG_RETRIEVE,1,91,91,2995394.504811,2995394.580826,2995394.580827
Q:[R908,R909]
T0 R908:2995394.520846,IMG_VERTEDGES,1,62,62,2995394.545084,2995394.582079,2995394.689594
Q:[R909,R910,R911]
image saved
T0 R909:2995394.558760,IMG_RETRIEVE,1,53,53,2995394.558807,2995394.689610,2995394.689610
Q:[R910,R911]
T0 R910:2995394.648067,IMG_HORIZEDGES,1,42,42,2995394.648105,2995394.690678,2995394.760063
Q:[R911,R912]
image saved
T0 R911:2995394.654343,IMG_RETRIEVE,1,27,27,2995394.689045,2995394.760079,2995394.760079
Q:[R912]
T0 R912:2995394.747169,IMG_ROT90CLKW,1,11,11,2995394.747215,2995394.760900,2995394.763077
Q:[R913]
T0 R913:2995394.758211,IMG_HORIZEDGES,1,18,18,2995394.760929,2995394.763086,2995394.782633
Q:[]
T1 R914:2995394.804467,IMG_REGISTER,1,2,2,2995394.804479,0.000000,0.000000
T0 R915:2995394.922899,IMG_ROT90CLKW,1,20,20,2995394.922935,2995394.922973,2995394.930884
Q:[]
T1 R917:2995395.022053,IMG_REGISTER,1,4,4,2995395.022097,0.000000,0.000000
T0 R916:2995394.966128,IMG_SHARPEN,1,10,10,2995394.966168,2995394.966176,2995395.027097
Q:[]
T0 R918:2995395.057992,IMG_VERTEDGES,1,37,37,2995395.058035,2995395.058078,2995395.114624
Q:[R919]
image saved
T0 R919:2995395.089710,IMG_RETRIEVE,1,32,32,2995395.089744,2995395.114646,2995395.114646
Q:[]
T0 R920:2995395.205584,IMG_ROT90CLKW,1,51,51,2995395.205618,2995395.205662,2995395.210261
Q:[]
T0 R921:2995395.217839,IMG_SHARPEN,1,71,71,2995395.217874,2995395.217908,2995395.238019
Q:[]
T0 R922:2995395.218202,IMG_HORIZEDGES,1,81,81,2995395.238070,2995395.238075,2995395.274363
Q:[]
T0 R923:2995395.276738,IMG_HORIZEDGES,1,126,126,2995395.276773,2995395.276807,2995395.312944
Q:[]
T0 R924:2995395.361699,IMG_BLUR,1,58,58,2995395.361735,2995395.361779,2995395.414513
Q:[R925,R926,R927,R928]
T0 R925:2995395.364120,IMG_BLUR,1,77,77,2995395.402037,2995395.414533,2995395.493286
Q:[R926,R927,R928]
T0 R926:2995395.368583,IMG_VERTEDGES,1,23,23,2995395.402039,2995395.493316,2995395.550013
Q:[R927,R928,R929,R930,R931,R932]
T0 R927:2995395.370248,IMG_HORIZEDGES,1,101,101,2995395.402047,2995395.550027,2995395.586208
Q:[R928,R929,R930,R931,R932]
T0 R928:2995395.410300,IMG_BLUR,1,57,57,2995395.410341,2995395.586217,2995395.613712
Q:[R929,R930,R931,R932]
image saved
T0 R929:2995395.501065,IMG_RETRIEVE,1,31,31,2995395.501099,2995395.613724,2995395.613725
Q:[R930,R931,R932]
T0 R930:2995395.509910,IMG_SHARPEN,1,10,10,2995395.542036,2995395.614897,2995395.675988
Q:[R931,R932,R933]
T0 R931:2995395.540027,IMG_ROT90CLKW,1,15,15,2995395.542045,2995395.676004,2995395.687714
Q:[R932,R933]
T0 R932:2995395.543829,IMG_HORIZEDGES,1,32,32,2995395.543868,2995395.687725,2995395.707341
Q:[R933]
T0 R933:2995395.666616,IMG_ROT90CLKW,1,8,8,2995395.666652,2995395.707352,2995395.713454
Q:[]
image saved
T0 R934:2995395.840117,IMG_RETRIEVE,1,15,15,2995395.840152,2995395.840185,2995395.840185
Q:[]
T0 R935:2995395.907205,IMG_ROT90CLKW,1,51,51,2995395.907247,2995395.907282,2995395.911489
Q:[]
image saved
T0 R936:2995395.993071,IMG_RETRIEVE,1,37,37,2995395.993103,2995395.993139,2995395.993140
Q:[]
image saved
T0 R937:2995396.028240,IMG_RETRIEVE,1,26,26,2995396.028275,2995396.028311,2995396.028312
Q:[]
image saved
T0 R938:2995396.040006,IMG_RETRIEVE,1,62,62,2995396.040040,2995396.040075,2995396.040075
Q:[]
T0 R939:2995396.127069,IMG_SHARPEN,1,116,116,2995396.127105,2995396.127140,2995396.164647
Q:[]
T1 R942:2995396.168061,IMG_REGISTER,1,1,1,2995396.168166,0.000000,0.000000
T0 R940:2995396.129454,IMG_HORIZEDGES,1,5,5,2995396.164697,2995396.164701,2995396.223848
Q:[R941]
T0 R941:2995396.152253,IMG_HORIZEDGES,1,54,54,2995396.164700,2995396.223862,2995396.242996
Q:[]
T0 R943:2995396.247447,IMG_SHARPEN,1,53,53,2995396.247481,2995396.247514,2995396.304573
Q:[R944]
T0 R944:2995396.278469,IMG_HORIZEDGES,1,66,66,2995396.288043,2995396.304591,2995396.409868
Q:[R945,R946,R947,R948]
T0 R945:2995396.305032,IMG_VERTEDGES,1,10,10,2995396.305068,2995396.409881,2995396.467597
Q:[R946,R947,R948]
T0 R946:2995396.314374,IMG_ROT90CLKW,1,107,107,2995396.346036,2995396.467608,2995396.475115
Q:[R947,R948]
T0 R947:2995396.332380,IMG_VERTEDGES,1,118,118,2995396.346045,2995396.475126,2995396.581143
Q:[R948,R949,R950,R951,R952,R953,R954,R955]
image saved
T0 R948:2995396.403483,IMG_RETRIEVE,1,38,38,2995396.403522,2995396.581157,2995396.581157
Q:[R949,R950,R951,R952,R953,R954,R955]
T0 R949:2995396.486599,IMG_VERTEDGES,1,114,114,2995396.486632,2995396.583330,2995396.639191
Q:[R950,R951,R952,R953,R954,R955]
T0 R950:2995396.491574,IMG_VERTEDGES,1,122,122,2995396.527036,2995396.639203,2995396.657943
Q:[R951,R952,R953,R954,R955,R956]
image saved
T0 R951:2995396.515635,IMG_RETRIEVE,1,114,114,2995396.527046,2995396.657954,2995396.657954
Q:[R952,R953,R954,R955,R956]
T1 R957:2995396.696606,IMG_REGISTER,1,0,0,2995396.696649,0.000000,0.000000
T0 R952:2995396.530076,IMG_SHARPEN,1,38,38,2995396.530115,2995396.658500,2995396.769309
Q:[R953,R954,R955,R956,R958]
T0 R953:2995396.566192,IMG_ROT90CLKW,1,88,88,2995396.566232,2995396.769325,2995396.773535
Q:[R954,R955,R956,R958]
T0 R954:2995396.576746,IMG_HORIZEDGES,1,92,92,2995396.576784,2995396.773546,2995396.842458
Q:[R955,R956,R958]
T0 R955:2995396.580357,IMG_VERTEDGES,1,82,82,2995396.580396,2995396.842469,2995396.861846
Q:[R956,R958,R959]
T0 R956:2995396.648327,IMG_VERTEDGES,1,8,8,2995396.648378,2995396.861864,2995396.920190
Q:[R958,R959,R960,R961]
T0 R958:2995396.757741,IMG_SHARPEN,1,67,67,2995396.757776,2995396.920201,2995396.939590
Q:[R959,R960,R961,R962]
T0 R959:2995396.851227,IMG_ROT90CLKW,1,38,38,2995396.851261,2995396.939602,2995396.951418
Q:[R960,R961,R962]
T0 R960:2995396.859006,IMG_BLUR,1,10,10,2995396.861890,2995396.951425,2995396.992844
Q:[R961,R962]
T1 R966:2995397.031423,IMG_REGISTER,1,0,0,2995397.031473,0.000000,0.000000
T0 R961:2995396.914101,IMG_VERTEDGES,1,47,47,2995396.914143,2995396.992855,2995397.097538
Q:[R962,R963,R964,R965,R967]
T1 R969:2995397.114230,IMG_REGISTER,1,0,0,2995397.114281,0.000000,0.000000
T0 R962:2995396.927742,IMG_HORIZEDGES,1,24,24,2995396.927776,2995397.097557,2995397.116625
Q:[R963,R964,R965,R967,R968]
T0 R963:2995397.003654,IMG_HORIZEDGES,1,91,91,2995397.003687,2995397.116633,2995397.153054
Q:[R964,R965,R967,R968,R970]
T0 R964:2995397.024726,IMG_BLUR,1,77,77,2995397.031469,2995397.153062,2995397.229584
Q:[R965,R967,R968,R970,R971,R972]
T0 R965:2995397.026208,IMG_ROT90CLKW,1,49,49,2995397.031472,2995397.229598,2995397.231692
Q:[R967,R968,R970,R971,R972]
image saved
T0 R967:2995397.083610,IMG_RETRIEVE,1,128,128,2995397.083647,2995397.231705,2995397.231705
Q:[R968,R970,R971,R972]
image saved
T0 R968:2995397.086526,IMG_RETRIEVE,1,87,87,2995397.097584,2995397.232094,2995397.232094
Q:[R970,R971,R972]
T0 R970:2995397.128073,IMG_VERTEDGES,1,62,62,2995397.128111,2995397.232561,2995397.340613
Q:[R971,R972,R973]
T0 R971:2995397.163646,IMG_BLUR,1,43,43,2995397.163682,2995397.340628,2995397.367952
Q:[R972,R973]
T0 R972:2995397.222870,IMG_SHARPEN,1,85,85,2995397.222902,2995397.367964,2995397.387100
Q:[R973,R974]
image saved
T0 R973:2995397.337324,IMG_RETRIEVE,1,86,86,2995397.337360,2995397.387113,2995397.387113
Q:[R974]
T0 R974:2995397.379835,IMG_HORIZEDGES,1,48,48,2995397.379867,2995397.388891,2995397.425339
Q:[]
T1 R975:2995397.432656,IMG_REGISTER,1,1,1,2995397.432701,0.000000,0.000000
T0 R976:2995397.495401,IMG_HORIZEDGES,1,33,33,2995397.495436,2995397.495469,2995397.515323
Q:[]
T1 R978:2995397.519504,IMG_REGISTER,1,0,0,2995397.519553,0.000000,0.000000
T0 R977:2995397.502862,IMG_BLUR,1,120,120,2995397.515373,2995397.515378,2995397.542388
Q:[]
image saved
T0 R979:2995397.607674,IMG_RETRIEVE,1,88,88,2995397.607709,2995397.607741,2995397.607741
Q:[]
T0 R980:2995397.641475,IMG_HORIZEDGES,1,0,0,2995397.641514,2995397.641549,2995397.680210
Q:[]
T0 R981:2995397.686993,IMG_VERTEDGES,1,72,72,2995397.687027,2995397.687063,2995397.793393
Q:[R982]
T0 R982:2995397.731405,IMG_BLUR,1,101,101,2995397.731450,2995397.793411,2995397.820455
Q:[]
T1 R983:2995397.841266,IMG_REGISTER,1,1,1,2995397.841308,0.000000,0.000000
image saved
T0 R984:2995397.888255,IMG_RETRIEVE,1,79,79,2995397.888292,2995397.888328,2995397.888328
Q:[]
T0 R985:2995397.932515,IMG_VERTEDGES,1,80,80,2995397.932552,2995397.932590,2995398.036088
Q:[R986,R987]
T1 R988:2995398.040209,IMG_REGISTER,1,4,4,2995398.040247,0.000000,0.000000
T0 R986:2995398.027276,IMG_SHARPEN,1,14,14,2995398.027324,2995398.036107,2995398.057494
Q:[R987]
image saved
T0 R987:2995398.027306,IMG_RETRIEVE,1,53,53,2995398.027327,2995398.057503,2995398.057503
Q:[]
T0 R989:2995398.100576,IMG_BLUR,1,63,63,2995398.100612,2995398.100644,2995398.115123
Q:[]
T0 R990:2995398.268695,IMG_VERTEDGES,1,89,89,2995398.268728,2995398.268773,2995398.288657
Q:[]
image saved
T0 R991:2995398.291375,IMG_RETRIEVE,1,90,90,2995398.291407,2995398.291451,2995398.291452
Q:[]
T1 R992:2995398.422414,IMG_REGISTER,1,0,0,2995398.422452,0.000000,0.000000
T0 R993:2995398.486241,IMG_BLUR,1,84,84,2995398.486276,2995398.486308,2995398.501339
Q:[]
T0 R994:2995398.543303,IMG_VERTEDGES,1,124,124,2995398.543338,2995398.543382,2995398.646488
Q:[R995]
image saved
T0 R995:2995398.569015,IMG_RETRIEVE,1,72,72,2995398.584044,2995398.646507,2995398.646507
Q:[]
T0 R996:2995398.715442,IMG_SHARPEN,1,85,85,2995398.715490,2995398.715526,2995398.735468
Q:[R997]
T1 R999:2995398.785281,IMG_REGISTER,1,2,2,2995398.785323,0.000000,0.000000
T0 R997:2995398.728036,IMG_BLUR,1,4,4,2995398.728083,2995398.735486,2995398.788421
Q:[R998]
image saved
T0 R998:2995398.736088,IMG_RETRIEVE,1,102,102,2995398.736126,2995398.788430,2995398.788430
Q:[]
INFO: Worker thread exited.
INFO: Client disconnected.
